[0.343s] Invoking command in '/home/shrirag10/LAB4/src/imu_driver': PYTHONPATH=/home/shrirag10/LAB4/build/imu_driver/prefix_override:/usr/lib/python3/dist-packages/colcon_core/task/python/colcon_distutils_commands:/home/shrirag10/LAB4/install/imu_driver/lib/python3.10/site-packages:${PYTHONPATH} /usr/bin/python3 -W ignore:setup.py install is deprecated setup.py egg_info --egg-base ../../build/imu_driver build --build-base /home/shrirag10/LAB4/build/imu_driver/build install --record /home/shrirag10/LAB4/build/imu_driver/install.log --single-version-externally-managed install_data
[0.476s] running egg_info
[0.477s] creating ../../build/imu_driver/imu_driver.egg-info
[0.477s] writing ../../build/imu_driver/imu_driver.egg-info/PKG-INFO
[0.477s] writing dependency_links to ../../build/imu_driver/imu_driver.egg-info/dependency_links.txt
[0.477s] writing entry points to ../../build/imu_driver/imu_driver.egg-info/entry_points.txt
[0.477s] writing requirements to ../../build/imu_driver/imu_driver.egg-info/requires.txt
[0.477s] writing top-level names to ../../build/imu_driver/imu_driver.egg-info/top_level.txt
[0.477s] writing manifest file '../../build/imu_driver/imu_driver.egg-info/SOURCES.txt'
[0.478s] reading manifest file '../../build/imu_driver/imu_driver.egg-info/SOURCES.txt'
[0.478s] adding license file 'LICENSE'
[0.479s] writing manifest file '../../build/imu_driver/imu_driver.egg-info/SOURCES.txt'
[0.479s] running build
[0.479s] running build_py
[0.479s] creating /home/shrirag10/LAB4/build/imu_driver/build
[0.479s] creating /home/shrirag10/LAB4/build/imu_driver/build/lib
[0.479s] creating /home/shrirag10/LAB4/build/imu_driver/build/lib/imu_driver
[0.479s] copying imu_driver/__init__.py -> /home/shrirag10/LAB4/build/imu_driver/build/lib/imu_driver
[0.479s] copying imu_driver/driver.py -> /home/shrirag10/LAB4/build/imu_driver/build/lib/imu_driver
[0.479s] running install
[0.479s] running install_lib
[0.479s] creating /home/shrirag10/LAB4/install/imu_driver/lib/python3.10/site-packages/imu_driver
[0.479s] copying /home/shrirag10/LAB4/build/imu_driver/build/lib/imu_driver/__init__.py -> /home/shrirag10/LAB4/install/imu_driver/lib/python3.10/site-packages/imu_driver
[0.479s] copying /home/shrirag10/LAB4/build/imu_driver/build/lib/imu_driver/driver.py -> /home/shrirag10/LAB4/install/imu_driver/lib/python3.10/site-packages/imu_driver
[0.480s] byte-compiling /home/shrirag10/LAB4/install/imu_driver/lib/python3.10/site-packages/imu_driver/__init__.py to __init__.cpython-310.pyc
[0.480s] byte-compiling /home/shrirag10/LAB4/install/imu_driver/lib/python3.10/site-packages/imu_driver/driver.py to driver.cpython-310.pyc
[0.481s] running install_data
[0.481s] creating /home/shrirag10/LAB4/install/imu_driver/share/ament_index
[0.481s] creating /home/shrirag10/LAB4/install/imu_driver/share/ament_index/resource_index
[0.481s] creating /home/shrirag10/LAB4/install/imu_driver/share/ament_index/resource_index/packages
[0.481s] copying resource/imu_driver -> /home/shrirag10/LAB4/install/imu_driver/share/ament_index/resource_index/packages
[0.481s] copying package.xml -> /home/shrirag10/LAB4/install/imu_driver/share/imu_driver
[0.481s] copying launch/imu_launch.py -> /home/shrirag10/LAB4/install/imu_driver/share/imu_driver
[0.481s] copying launch/gps_imu_launch.py -> /home/shrirag10/LAB4/install/imu_driver/share/imu_driver
[0.481s] running install_egg_info
[0.482s] Copying ../../build/imu_driver/imu_driver.egg-info to /home/shrirag10/LAB4/install/imu_driver/lib/python3.10/site-packages/imu_driver-0.0.0-py3.10.egg-info
[0.482s] running install_scripts
[0.496s] Installing imu script to /home/shrirag10/LAB4/install/imu_driver/lib/imu_driver
[0.496s] writing list of installed files to '/home/shrirag10/LAB4/build/imu_driver/install.log'
[0.510s] Invoked command in '/home/shrirag10/LAB4/src/imu_driver' returned '0': PYTHONPATH=/home/shrirag10/LAB4/build/imu_driver/prefix_override:/usr/lib/python3/dist-packages/colcon_core/task/python/colcon_distutils_commands:/home/shrirag10/LAB4/install/imu_driver/lib/python3.10/site-packages:${PYTHONPATH} /usr/bin/python3 -W ignore:setup.py install is deprecated setup.py egg_info --egg-base ../../build/imu_driver build --build-base /home/shrirag10/LAB4/build/imu_driver/build install --record /home/shrirag10/LAB4/build/imu_driver/install.log --single-version-externally-managed install_data
