[0.145s] Invoking command in '/home/shrirag10/LAB3/build/imu_msgs': CMAKE_PREFIX_PATH=${CMAKE_PREFIX_PATH}:/home/shrirag10/LAB3/install/imu_driver:/home/shrirag10/LAB3/src/install/imu_driver:/home/shrirag10/LAB3-bear/install/imu_driver:/home/shrirag10/LAB3-bear/install/gps_driver:/opt/ros/humble /usr/bin/cmake /home/shrirag10/LAB3/src/imu_msgs -DCMAKE_INSTALL_PREFIX=/home/shrirag10/LAB3/install/imu_msgs
[0.195s] -- The C compiler identification is GNU 11.4.0
[0.239s] -- The CXX compiler identification is GNU 11.4.0
[0.244s] -- Detecting C compiler ABI info
[0.303s] -- Detecting C compiler ABI info - done
[0.307s] -- Check for working C compiler: /usr/bin/cc - skipped
[0.308s] -- Detecting C compile features
[0.308s] -- Detecting C compile features - done
[0.310s] -- Detecting CXX compiler ABI info
[0.372s] -- Detecting CXX compiler ABI info - done
[0.380s] -- Check for working CXX compiler: /usr/bin/c++ - skipped
[0.380s] -- Detecting CXX compile features
[0.380s] -- Detecting CXX compile features - done
[0.382s] -- Found ament_cmake: 1.3.10 (/opt/ros/humble/share/ament_cmake/cmake)
[0.492s] -- Found Python3: /usr/bin/python3 (found version "3.10.12") found components: Interpreter 
[0.550s] -- Found rosidl_default_generators: 1.2.0 (/opt/ros/humble/share/rosidl_default_generators/cmake)
[0.552s] -- Using all available rosidl_typesupport_c: rosidl_typesupport_fastrtps_c;rosidl_typesupport_introspection_c
[0.555s] -- Found rosidl_adapter: 3.1.5 (/opt/ros/humble/share/rosidl_adapter/cmake)
[0.578s] -- Using all available rosidl_typesupport_cpp: rosidl_typesupport_fastrtps_cpp;rosidl_typesupport_introspection_cpp
[0.598s] -- Found std_msgs: 4.2.4 (/opt/ros/humble/share/std_msgs/cmake)
[0.614s] -- Found sensor_msgs: 4.2.4 (/opt/ros/humble/share/sensor_msgs/cmake)
[0.841s] -- Found ament_cmake_ros: 0.10.0 (/opt/ros/humble/share/ament_cmake_ros/cmake)
[1.057s] -- Using all available rosidl_typesupport_c: rosidl_typesupport_fastrtps_c;rosidl_typesupport_introspection_c
[1.315s] -- Using all available rosidl_typesupport_cpp: rosidl_typesupport_fastrtps_cpp;rosidl_typesupport_introspection_cpp
[1.336s] -- Found PythonInterp: /usr/bin/python3 (found suitable version "3.10.12", minimum required is "3.6") 
[1.336s] -- Found python_cmake_module: 0.10.0 (/opt/ros/humble/share/python_cmake_module/cmake)
[1.356s] -- Found PythonLibs: /usr/lib/x86_64-linux-gnu/libpython3.10.so (found suitable version "3.10.12", minimum required is "3.5") 
[1.356s] -- Using PYTHON_EXECUTABLE: /usr/bin/python3
[1.356s] -- Using PYTHON_INCLUDE_DIRS: /usr/include/python3.10
[1.356s] -- Using PYTHON_LIBRARIES: /usr/lib/x86_64-linux-gnu/libpython3.10.so
[1.379s] -- Found PythonExtra: .so  
[1.431s] -- Found ament_lint_auto: 0.12.11 (/opt/ros/humble/share/ament_lint_auto/cmake)
[1.460s] -- Added test 'cppcheck' to perform static code analysis on C / C++ code
[1.461s] -- Configured cppcheck include dirs: 
[1.461s] -- Configured cppcheck exclude dirs and/or files: 
[1.464s] -- Added test 'flake8' to check Python code syntax and style conventions
[1.469s] -- Added test 'lint_cmake' to check CMake code style
[1.472s] -- Added test 'pep257' to check Python code against some of the docstring style conventions in PEP 257
[1.492s] -- Added test 'uncrustify' to check C / C++ code style
[1.492s] -- Configured uncrustify additional arguments: 
[1.495s] -- Added test 'xmllint' to check XML markup files
[1.496s] -- Configuring done
[1.515s] -- Generating done
[1.517s] -- Build files have been written to: /home/shrirag10/LAB3/build/imu_msgs
[1.522s] Invoked command in '/home/shrirag10/LAB3/build/imu_msgs' returned '0': CMAKE_PREFIX_PATH=${CMAKE_PREFIX_PATH}:/home/shrirag10/LAB3/install/imu_driver:/home/shrirag10/LAB3/src/install/imu_driver:/home/shrirag10/LAB3-bear/install/imu_driver:/home/shrirag10/LAB3-bear/install/gps_driver:/opt/ros/humble /usr/bin/cmake /home/shrirag10/LAB3/src/imu_msgs -DCMAKE_INSTALL_PREFIX=/home/shrirag10/LAB3/install/imu_msgs
[1.524s] Invoking command in '/home/shrirag10/LAB3/build/imu_msgs': CMAKE_PREFIX_PATH=${CMAKE_PREFIX_PATH}:/home/shrirag10/LAB3/install/imu_driver:/home/shrirag10/LAB3/src/install/imu_driver:/home/shrirag10/LAB3-bear/install/imu_driver:/home/shrirag10/LAB3-bear/install/gps_driver:/opt/ros/humble /usr/bin/cmake --build /home/shrirag10/LAB3/build/imu_msgs -- -j16 -l16
[1.559s] [  3%] [34m[1mGenerating C code for ROS interfaces[0m
[1.573s] [  6%] [34m[1mGenerating C++ code for ROS interfaces[0m
[1.578s] [  6%] Built target ament_cmake_python_copy_imu_msgs
[1.720s] running egg_info
[1.721s] creating imu_msgs.egg-info
[1.721s] writing imu_msgs.egg-info/PKG-INFO
[1.721s] writing dependency_links to imu_msgs.egg-info/dependency_links.txt
[1.721s] writing top-level names to imu_msgs.egg-info/top_level.txt
[1.721s] writing manifest file 'imu_msgs.egg-info/SOURCES.txt'
[1.722s] reading manifest file 'imu_msgs.egg-info/SOURCES.txt'
[1.722s] writing manifest file 'imu_msgs.egg-info/SOURCES.txt'
[1.734s] [  6%] Built target imu_msgs__cpp
[1.737s] [  9%] [32mBuilding C object CMakeFiles/imu_msgs__rosidl_generator_c.dir/rosidl_generator_c/imu_msgs/msg/detail/im_umsg__functions.c.o[0m
[1.741s] [ 12%] [34m[1mGenerating C++ introspection for ROS interfaces[0m
[1.741s] [ 16%] [34m[1mGenerating C++ type support for eProsima Fast-RTPS[0m
[1.742s] [ 16%] Built target ament_cmake_python_build_imu_msgs_egg
[1.744s] [ 19%] [34m[1mGenerating C++ type support dispatch for ROS interfaces[0m
[1.770s] [ 22%] [32m[1mLinking C shared library libimu_msgs__rosidl_generator_c.so[0m
[1.805s] [ 22%] Built target imu_msgs__rosidl_generator_c
[1.813s] [ 25%] [34m[1mGenerating C type support for eProsima Fast-RTPS[0m
[1.813s] [ 29%] [34m[1mGenerating C type support dispatch for ROS interfaces[0m
[1.814s] [ 32%] [34m[1mGenerating C introspection for ROS interfaces[0m
[1.889s] [ 35%] [32mBuilding CXX object CMakeFiles/imu_msgs__rosidl_typesupport_cpp.dir/rosidl_typesupport_cpp/imu_msgs/msg/im_umsg__type_support.cpp.o[0m
[1.895s] [ 38%] [32mBuilding CXX object CMakeFiles/imu_msgs__rosidl_typesupport_fastrtps_cpp.dir/rosidl_typesupport_fastrtps_cpp/imu_msgs/msg/detail/dds_fastrtps/im_umsg__type_support.cpp.o[0m
[1.897s] [ 41%] [32mBuilding CXX object CMakeFiles/imu_msgs__rosidl_typesupport_introspection_cpp.dir/rosidl_typesupport_introspection_cpp/imu_msgs/msg/detail/im_umsg__type_support.cpp.o[0m
[1.970s] [ 45%] [32mBuilding C object CMakeFiles/imu_msgs__rosidl_typesupport_introspection_c.dir/rosidl_typesupport_introspection_c/imu_msgs/msg/detail/im_umsg__type_support.c.o[0m
[1.972s] [ 48%] [32mBuilding CXX object CMakeFiles/imu_msgs__rosidl_typesupport_fastrtps_c.dir/rosidl_typesupport_fastrtps_c/imu_msgs/msg/detail/im_umsg__type_support_c.cpp.o[0m
[1.973s] [ 51%] [32mBuilding CXX object CMakeFiles/imu_msgs__rosidl_typesupport_c.dir/rosidl_typesupport_c/imu_msgs/msg/im_umsg__type_support.cpp.o[0m
[1.996s] [ 54%] [32m[1mLinking C shared library libimu_msgs__rosidl_typesupport_introspection_c.so[0m
[1.999s] [ 58%] [32m[1mLinking CXX shared library libimu_msgs__rosidl_typesupport_c.so[0m
[2.029s] [ 58%] Built target imu_msgs__rosidl_typesupport_introspection_c
[2.037s] [ 58%] Built target imu_msgs__rosidl_typesupport_c
[2.049s] [ 61%] [32m[1mLinking CXX shared library libimu_msgs__rosidl_typesupport_cpp.so[0m
[2.087s] [ 61%] Built target imu_msgs__rosidl_typesupport_cpp
[2.147s] [ 64%] [32m[1mLinking CXX shared library libimu_msgs__rosidl_typesupport_introspection_cpp.so[0m
[2.150s] [ 67%] [32m[1mLinking CXX shared library libimu_msgs__rosidl_typesupport_fastrtps_cpp.so[0m
[2.186s] [ 70%] [32m[1mLinking CXX shared library libimu_msgs__rosidl_typesupport_fastrtps_c.so[0m
[2.200s] [ 70%] Built target imu_msgs__rosidl_typesupport_introspection_cpp
[2.210s] [ 70%] Built target imu_msgs__rosidl_typesupport_fastrtps_cpp
[2.247s] [ 70%] Built target imu_msgs__rosidl_typesupport_fastrtps_c
[2.271s] [ 70%] Built target imu_msgs
[2.296s] [ 74%] [34m[1mGenerating Python code for ROS interfaces[0m
[2.491s] [ 74%] Built target imu_msgs__py
[2.505s] [ 77%] [32mBuilding C object CMakeFiles/imu_msgs__rosidl_generator_py.dir/rosidl_generator_py/imu_msgs/msg/_im_umsg_s.c.o[0m
[2.572s] [ 80%] [32m[1mLinking C shared library rosidl_generator_py/imu_msgs/libimu_msgs__rosidl_generator_py.so[0m
[2.610s] [ 80%] Built target imu_msgs__rosidl_generator_py
[2.631s] [ 83%] [32mBuilding C object CMakeFiles/imu_msgs__rosidl_typesupport_c__pyext.dir/rosidl_generator_py/imu_msgs/_imu_msgs_s.ep.rosidl_typesupport_c.c.o[0m
[2.631s] [ 87%] [32mBuilding C object CMakeFiles/imu_msgs__rosidl_typesupport_fastrtps_c__pyext.dir/rosidl_generator_py/imu_msgs/_imu_msgs_s.ep.rosidl_typesupport_fastrtps_c.c.o[0m
[2.636s] [ 90%] [32mBuilding C object CMakeFiles/imu_msgs__rosidl_typesupport_introspection_c__pyext.dir/rosidl_generator_py/imu_msgs/_imu_msgs_s.ep.rosidl_typesupport_introspection_c.c.o[0m
[2.693s] [ 93%] [32m[1mLinking C shared library rosidl_generator_py/imu_msgs/imu_msgs_s__rosidl_typesupport_fastrtps_c.cpython-310-x86_64-linux-gnu.so[0m
[2.695s] [ 96%] [32m[1mLinking C shared library rosidl_generator_py/imu_msgs/imu_msgs_s__rosidl_typesupport_c.cpython-310-x86_64-linux-gnu.so[0m
[2.701s] [100%] [32m[1mLinking C shared library rosidl_generator_py/imu_msgs/imu_msgs_s__rosidl_typesupport_introspection_c.cpython-310-x86_64-linux-gnu.so[0m
[2.725s] [100%] Built target imu_msgs__rosidl_typesupport_fastrtps_c__pyext
[2.725s] [100%] Built target imu_msgs__rosidl_typesupport_c__pyext
[2.732s] [100%] Built target imu_msgs__rosidl_typesupport_introspection_c__pyext
[2.742s] Invoked command in '/home/shrirag10/LAB3/build/imu_msgs' returned '0': CMAKE_PREFIX_PATH=${CMAKE_PREFIX_PATH}:/home/shrirag10/LAB3/install/imu_driver:/home/shrirag10/LAB3/src/install/imu_driver:/home/shrirag10/LAB3-bear/install/imu_driver:/home/shrirag10/LAB3-bear/install/gps_driver:/opt/ros/humble /usr/bin/cmake --build /home/shrirag10/LAB3/build/imu_msgs -- -j16 -l16
[2.815s] Invoking command in '/home/shrirag10/LAB3/build/imu_msgs': CMAKE_PREFIX_PATH=${CMAKE_PREFIX_PATH}:/home/shrirag10/LAB3/install/imu_driver:/home/shrirag10/LAB3/src/install/imu_driver:/home/shrirag10/LAB3-bear/install/imu_driver:/home/shrirag10/LAB3-bear/install/gps_driver:/opt/ros/humble /usr/bin/cmake --install /home/shrirag10/LAB3/build/imu_msgs
[2.821s] -- Install configuration: ""
[2.821s] -- Installing: /home/shrirag10/LAB3/install/imu_msgs/share/ament_index/resource_index/rosidl_interfaces/imu_msgs
[2.821s] -- Installing: /home/shrirag10/LAB3/install/imu_msgs/include/imu_msgs/imu_msgs
[2.821s] -- Installing: /home/shrirag10/LAB3/install/imu_msgs/include/imu_msgs/imu_msgs/msg
[2.821s] -- Installing: /home/shrirag10/LAB3/install/imu_msgs/include/imu_msgs/imu_msgs/msg/detail
[2.822s] -- Installing: /home/shrirag10/LAB3/install/imu_msgs/include/imu_msgs/imu_msgs/msg/detail/im_umsg__type_support.h
[2.822s] -- Installing: /home/shrirag10/LAB3/install/imu_msgs/include/imu_msgs/imu_msgs/msg/detail/im_umsg__struct.h
[2.822s] -- Installing: /home/shrirag10/LAB3/install/imu_msgs/include/imu_msgs/imu_msgs/msg/detail/im_umsg__functions.c
[2.822s] -- Installing: /home/shrirag10/LAB3/install/imu_msgs/include/imu_msgs/imu_msgs/msg/detail/im_umsg__functions.h
[2.822s] -- Installing: /home/shrirag10/LAB3/install/imu_msgs/include/imu_msgs/imu_msgs/msg/rosidl_generator_c__visibility_control.h
[2.822s] -- Installing: /home/shrirag10/LAB3/install/imu_msgs/include/imu_msgs/imu_msgs/msg/im_umsg.h
[2.822s] -- Installing: /home/shrirag10/LAB3/install/imu_msgs/share/imu_msgs/environment/library_path.sh
[2.822s] -- Installing: /home/shrirag10/LAB3/install/imu_msgs/share/imu_msgs/environment/library_path.dsv
[2.822s] -- Installing: /home/shrirag10/LAB3/install/imu_msgs/lib/libimu_msgs__rosidl_generator_c.so
[2.822s] -- Set runtime path of "/home/shrirag10/LAB3/install/imu_msgs/lib/libimu_msgs__rosidl_generator_c.so" to ""
[2.822s] -- Up-to-date: /home/shrirag10/LAB3/install/imu_msgs/include/imu_msgs/imu_msgs
[2.823s] -- Up-to-date: /home/shrirag10/LAB3/install/imu_msgs/include/imu_msgs/imu_msgs/msg
[2.823s] -- Up-to-date: /home/shrirag10/LAB3/install/imu_msgs/include/imu_msgs/imu_msgs/msg/detail
[2.823s] -- Installing: /home/shrirag10/LAB3/install/imu_msgs/include/imu_msgs/imu_msgs/msg/detail/im_umsg__rosidl_typesupport_fastrtps_c.h
[2.823s] -- Installing: /home/shrirag10/LAB3/install/imu_msgs/include/imu_msgs/imu_msgs/msg/rosidl_typesupport_fastrtps_c__visibility_control.h
[2.823s] -- Installing: /home/shrirag10/LAB3/install/imu_msgs/lib/libimu_msgs__rosidl_typesupport_fastrtps_c.so
[2.823s] -- Set runtime path of "/home/shrirag10/LAB3/install/imu_msgs/lib/libimu_msgs__rosidl_typesupport_fastrtps_c.so" to ""
[2.823s] -- Up-to-date: /home/shrirag10/LAB3/install/imu_msgs/include/imu_msgs/imu_msgs
[2.823s] -- Up-to-date: /home/shrirag10/LAB3/install/imu_msgs/include/imu_msgs/imu_msgs/msg
[2.823s] -- Up-to-date: /home/shrirag10/LAB3/install/imu_msgs/include/imu_msgs/imu_msgs/msg/detail
[2.823s] -- Installing: /home/shrirag10/LAB3/install/imu_msgs/include/imu_msgs/imu_msgs/msg/detail/im_umsg__type_support.c
[2.823s] -- Installing: /home/shrirag10/LAB3/install/imu_msgs/include/imu_msgs/imu_msgs/msg/detail/im_umsg__rosidl_typesupport_introspection_c.h
[2.824s] -- Installing: /home/shrirag10/LAB3/install/imu_msgs/include/imu_msgs/imu_msgs/msg/rosidl_typesupport_introspection_c__visibility_control.h
[2.824s] -- Installing: /home/shrirag10/LAB3/install/imu_msgs/lib/libimu_msgs__rosidl_typesupport_introspection_c.so
[2.824s] -- Set runtime path of "/home/shrirag10/LAB3/install/imu_msgs/lib/libimu_msgs__rosidl_typesupport_introspection_c.so" to ""
[2.824s] -- Installing: /home/shrirag10/LAB3/install/imu_msgs/lib/libimu_msgs__rosidl_typesupport_c.so
[2.824s] -- Set runtime path of "/home/shrirag10/LAB3/install/imu_msgs/lib/libimu_msgs__rosidl_typesupport_c.so" to ""
[2.824s] -- Up-to-date: /home/shrirag10/LAB3/install/imu_msgs/include/imu_msgs/imu_msgs
[2.824s] -- Up-to-date: /home/shrirag10/LAB3/install/imu_msgs/include/imu_msgs/imu_msgs/msg
[2.824s] -- Up-to-date: /home/shrirag10/LAB3/install/imu_msgs/include/imu_msgs/imu_msgs/msg/detail
[2.824s] -- Installing: /home/shrirag10/LAB3/install/imu_msgs/include/imu_msgs/imu_msgs/msg/detail/im_umsg__traits.hpp
[2.824s] -- Installing: /home/shrirag10/LAB3/install/imu_msgs/include/imu_msgs/imu_msgs/msg/detail/im_umsg__builder.hpp
[2.824s] -- Installing: /home/shrirag10/LAB3/install/imu_msgs/include/imu_msgs/imu_msgs/msg/detail/im_umsg__struct.hpp
[2.825s] -- Installing: /home/shrirag10/LAB3/install/imu_msgs/include/imu_msgs/imu_msgs/msg/im_umsg.hpp
[2.825s] -- Up-to-date: /home/shrirag10/LAB3/install/imu_msgs/include/imu_msgs/imu_msgs
[2.825s] -- Up-to-date: /home/shrirag10/LAB3/install/imu_msgs/include/imu_msgs/imu_msgs/msg
[2.825s] -- Up-to-date: /home/shrirag10/LAB3/install/imu_msgs/include/imu_msgs/imu_msgs/msg/detail
[2.825s] -- Installing: /home/shrirag10/LAB3/install/imu_msgs/include/imu_msgs/imu_msgs/msg/detail/dds_fastrtps
[2.825s] -- Installing: /home/shrirag10/LAB3/install/imu_msgs/include/imu_msgs/imu_msgs/msg/detail/im_umsg__rosidl_typesupport_fastrtps_cpp.hpp
[2.825s] -- Installing: /home/shrirag10/LAB3/install/imu_msgs/include/imu_msgs/imu_msgs/msg/rosidl_typesupport_fastrtps_cpp__visibility_control.h
[2.825s] -- Installing: /home/shrirag10/LAB3/install/imu_msgs/lib/libimu_msgs__rosidl_typesupport_fastrtps_cpp.so
[2.825s] -- Set runtime path of "/home/shrirag10/LAB3/install/imu_msgs/lib/libimu_msgs__rosidl_typesupport_fastrtps_cpp.so" to ""
[2.825s] -- Up-to-date: /home/shrirag10/LAB3/install/imu_msgs/include/imu_msgs/imu_msgs
[2.825s] -- Up-to-date: /home/shrirag10/LAB3/install/imu_msgs/include/imu_msgs/imu_msgs/msg
[2.826s] -- Up-to-date: /home/shrirag10/LAB3/install/imu_msgs/include/imu_msgs/imu_msgs/msg/detail
[2.826s] -- Installing: /home/shrirag10/LAB3/install/imu_msgs/include/imu_msgs/imu_msgs/msg/detail/im_umsg__type_support.cpp
[2.826s] -- Installing: /home/shrirag10/LAB3/install/imu_msgs/include/imu_msgs/imu_msgs/msg/detail/im_umsg__rosidl_typesupport_introspection_cpp.hpp
[2.826s] -- Installing: /home/shrirag10/LAB3/install/imu_msgs/lib/libimu_msgs__rosidl_typesupport_introspection_cpp.so
[2.826s] -- Set runtime path of "/home/shrirag10/LAB3/install/imu_msgs/lib/libimu_msgs__rosidl_typesupport_introspection_cpp.so" to ""
[2.826s] -- Installing: /home/shrirag10/LAB3/install/imu_msgs/lib/libimu_msgs__rosidl_typesupport_cpp.so
[2.826s] -- Set runtime path of "/home/shrirag10/LAB3/install/imu_msgs/lib/libimu_msgs__rosidl_typesupport_cpp.so" to ""
[2.826s] -- Installing: /home/shrirag10/LAB3/install/imu_msgs/share/imu_msgs/environment/pythonpath.sh
[2.826s] -- Installing: /home/shrirag10/LAB3/install/imu_msgs/share/imu_msgs/environment/pythonpath.dsv
[2.826s] -- Installing: /home/shrirag10/LAB3/install/imu_msgs/local/lib/python3.10/dist-packages/imu_msgs-0.0.0-py3.10.egg-info
[2.826s] -- Installing: /home/shrirag10/LAB3/install/imu_msgs/local/lib/python3.10/dist-packages/imu_msgs-0.0.0-py3.10.egg-info/top_level.txt
[2.826s] -- Installing: /home/shrirag10/LAB3/install/imu_msgs/local/lib/python3.10/dist-packages/imu_msgs-0.0.0-py3.10.egg-info/PKG-INFO
[2.826s] -- Installing: /home/shrirag10/LAB3/install/imu_msgs/local/lib/python3.10/dist-packages/imu_msgs-0.0.0-py3.10.egg-info/SOURCES.txt
[2.826s] -- Installing: /home/shrirag10/LAB3/install/imu_msgs/local/lib/python3.10/dist-packages/imu_msgs-0.0.0-py3.10.egg-info/dependency_links.txt
[2.827s] -- Installing: /home/shrirag10/LAB3/install/imu_msgs/local/lib/python3.10/dist-packages/imu_msgs
[2.827s] -- Installing: /home/shrirag10/LAB3/install/imu_msgs/local/lib/python3.10/dist-packages/imu_msgs/__init__.py
[2.827s] -- Installing: /home/shrirag10/LAB3/install/imu_msgs/local/lib/python3.10/dist-packages/imu_msgs/imu_msgs_s__rosidl_typesupport_c.cpython-310-x86_64-linux-gnu.so
[2.827s] -- Installing: /home/shrirag10/LAB3/install/imu_msgs/local/lib/python3.10/dist-packages/imu_msgs/msg
[2.827s] -- Installing: /home/shrirag10/LAB3/install/imu_msgs/local/lib/python3.10/dist-packages/imu_msgs/msg/__init__.py
[2.827s] -- Installing: /home/shrirag10/LAB3/install/imu_msgs/local/lib/python3.10/dist-packages/imu_msgs/msg/_im_umsg_s.c
[2.827s] -- Installing: /home/shrirag10/LAB3/install/imu_msgs/local/lib/python3.10/dist-packages/imu_msgs/msg/_im_umsg.py
[2.827s] -- Installing: /home/shrirag10/LAB3/install/imu_msgs/local/lib/python3.10/dist-packages/imu_msgs/_imu_msgs_s.ep.rosidl_typesupport_fastrtps_c.c
[2.827s] -- Installing: /home/shrirag10/LAB3/install/imu_msgs/local/lib/python3.10/dist-packages/imu_msgs/libimu_msgs__rosidl_generator_py.so
[2.827s] -- Installing: /home/shrirag10/LAB3/install/imu_msgs/local/lib/python3.10/dist-packages/imu_msgs/_imu_msgs_s.ep.rosidl_typesupport_introspection_c.c
[2.827s] -- Installing: /home/shrirag10/LAB3/install/imu_msgs/local/lib/python3.10/dist-packages/imu_msgs/imu_msgs_s__rosidl_typesupport_fastrtps_c.cpython-310-x86_64-linux-gnu.so
[2.827s] -- Installing: /home/shrirag10/LAB3/install/imu_msgs/local/lib/python3.10/dist-packages/imu_msgs/imu_msgs_s__rosidl_typesupport_introspection_c.cpython-310-x86_64-linux-gnu.so
[2.827s] -- Installing: /home/shrirag10/LAB3/install/imu_msgs/local/lib/python3.10/dist-packages/imu_msgs/_imu_msgs_s.ep.rosidl_typesupport_c.c
[2.850s] Listing '/home/shrirag10/LAB3/install/imu_msgs/local/lib/python3.10/dist-packages/imu_msgs'...
[2.850s] Compiling '/home/shrirag10/LAB3/install/imu_msgs/local/lib/python3.10/dist-packages/imu_msgs/__init__.py'...
[2.850s] Listing '/home/shrirag10/LAB3/install/imu_msgs/local/lib/python3.10/dist-packages/imu_msgs/msg'...
[2.850s] Compiling '/home/shrirag10/LAB3/install/imu_msgs/local/lib/python3.10/dist-packages/imu_msgs/msg/__init__.py'...
[2.850s] Compiling '/home/shrirag10/LAB3/install/imu_msgs/local/lib/python3.10/dist-packages/imu_msgs/msg/_im_umsg.py'...
[2.852s] -- Installing: /home/shrirag10/LAB3/install/imu_msgs/local/lib/python3.10/dist-packages/imu_msgs/imu_msgs_s__rosidl_typesupport_fastrtps_c.cpython-310-x86_64-linux-gnu.so
[2.853s] -- Set runtime path of "/home/shrirag10/LAB3/install/imu_msgs/local/lib/python3.10/dist-packages/imu_msgs/imu_msgs_s__rosidl_typesupport_fastrtps_c.cpython-310-x86_64-linux-gnu.so" to ""
[2.853s] -- Installing: /home/shrirag10/LAB3/install/imu_msgs/local/lib/python3.10/dist-packages/imu_msgs/imu_msgs_s__rosidl_typesupport_introspection_c.cpython-310-x86_64-linux-gnu.so
[2.853s] -- Set runtime path of "/home/shrirag10/LAB3/install/imu_msgs/local/lib/python3.10/dist-packages/imu_msgs/imu_msgs_s__rosidl_typesupport_introspection_c.cpython-310-x86_64-linux-gnu.so" to ""
[2.853s] -- Installing: /home/shrirag10/LAB3/install/imu_msgs/local/lib/python3.10/dist-packages/imu_msgs/imu_msgs_s__rosidl_typesupport_c.cpython-310-x86_64-linux-gnu.so
[2.853s] -- Set runtime path of "/home/shrirag10/LAB3/install/imu_msgs/local/lib/python3.10/dist-packages/imu_msgs/imu_msgs_s__rosidl_typesupport_c.cpython-310-x86_64-linux-gnu.so" to ""
[2.853s] -- Installing: /home/shrirag10/LAB3/install/imu_msgs/lib/libimu_msgs__rosidl_generator_py.so
[2.853s] -- Set runtime path of "/home/shrirag10/LAB3/install/imu_msgs/lib/libimu_msgs__rosidl_generator_py.so" to ""
[2.853s] -- Installing: /home/shrirag10/LAB3/install/imu_msgs/share/imu_msgs/msg/IMUmsg.idl
[2.853s] -- Installing: /home/shrirag10/LAB3/install/imu_msgs/share/imu_msgs/msg/IMUmsg.msg
[2.853s] -- Installing: /home/shrirag10/LAB3/install/imu_msgs/share/ament_index/resource_index/package_run_dependencies/imu_msgs
[2.853s] -- Installing: /home/shrirag10/LAB3/install/imu_msgs/share/ament_index/resource_index/parent_prefix_path/imu_msgs
[2.853s] -- Installing: /home/shrirag10/LAB3/install/imu_msgs/share/imu_msgs/environment/ament_prefix_path.sh
[2.853s] -- Installing: /home/shrirag10/LAB3/install/imu_msgs/share/imu_msgs/environment/ament_prefix_path.dsv
[2.853s] -- Installing: /home/shrirag10/LAB3/install/imu_msgs/share/imu_msgs/environment/path.sh
[2.853s] -- Installing: /home/shrirag10/LAB3/install/imu_msgs/share/imu_msgs/environment/path.dsv
[2.853s] -- Installing: /home/shrirag10/LAB3/install/imu_msgs/share/imu_msgs/local_setup.bash
[2.854s] -- Installing: /home/shrirag10/LAB3/install/imu_msgs/share/imu_msgs/local_setup.sh
[2.854s] -- Installing: /home/shrirag10/LAB3/install/imu_msgs/share/imu_msgs/local_setup.zsh
[2.854s] -- Installing: /home/shrirag10/LAB3/install/imu_msgs/share/imu_msgs/local_setup.dsv
[2.854s] -- Installing: /home/shrirag10/LAB3/install/imu_msgs/share/imu_msgs/package.dsv
[2.854s] -- Installing: /home/shrirag10/LAB3/install/imu_msgs/share/ament_index/resource_index/packages/imu_msgs
[2.854s] -- Installing: /home/shrirag10/LAB3/install/imu_msgs/share/imu_msgs/cmake/export_imu_msgs__rosidl_generator_cExport.cmake
[2.854s] -- Installing: /home/shrirag10/LAB3/install/imu_msgs/share/imu_msgs/cmake/export_imu_msgs__rosidl_generator_cExport-noconfig.cmake
[2.854s] -- Installing: /home/shrirag10/LAB3/install/imu_msgs/share/imu_msgs/cmake/export_imu_msgs__rosidl_typesupport_fastrtps_cExport.cmake
[2.854s] -- Installing: /home/shrirag10/LAB3/install/imu_msgs/share/imu_msgs/cmake/export_imu_msgs__rosidl_typesupport_fastrtps_cExport-noconfig.cmake
[2.854s] -- Installing: /home/shrirag10/LAB3/install/imu_msgs/share/imu_msgs/cmake/imu_msgs__rosidl_typesupport_introspection_cExport.cmake
[2.854s] -- Installing: /home/shrirag10/LAB3/install/imu_msgs/share/imu_msgs/cmake/imu_msgs__rosidl_typesupport_introspection_cExport-noconfig.cmake
[2.854s] -- Installing: /home/shrirag10/LAB3/install/imu_msgs/share/imu_msgs/cmake/imu_msgs__rosidl_typesupport_cExport.cmake
[2.854s] -- Installing: /home/shrirag10/LAB3/install/imu_msgs/share/imu_msgs/cmake/imu_msgs__rosidl_typesupport_cExport-noconfig.cmake
[2.854s] -- Installing: /home/shrirag10/LAB3/install/imu_msgs/share/imu_msgs/cmake/export_imu_msgs__rosidl_generator_cppExport.cmake
[2.854s] -- Installing: /home/shrirag10/LAB3/install/imu_msgs/share/imu_msgs/cmake/export_imu_msgs__rosidl_typesupport_fastrtps_cppExport.cmake
[2.854s] -- Installing: /home/shrirag10/LAB3/install/imu_msgs/share/imu_msgs/cmake/export_imu_msgs__rosidl_typesupport_fastrtps_cppExport-noconfig.cmake
[2.854s] -- Installing: /home/shrirag10/LAB3/install/imu_msgs/share/imu_msgs/cmake/imu_msgs__rosidl_typesupport_introspection_cppExport.cmake
[2.855s] -- Installing: /home/shrirag10/LAB3/install/imu_msgs/share/imu_msgs/cmake/imu_msgs__rosidl_typesupport_introspection_cppExport-noconfig.cmake
[2.855s] -- Installing: /home/shrirag10/LAB3/install/imu_msgs/share/imu_msgs/cmake/imu_msgs__rosidl_typesupport_cppExport.cmake
[2.855s] -- Installing: /home/shrirag10/LAB3/install/imu_msgs/share/imu_msgs/cmake/imu_msgs__rosidl_typesupport_cppExport-noconfig.cmake
[2.855s] -- Installing: /home/shrirag10/LAB3/install/imu_msgs/share/imu_msgs/cmake/export_imu_msgs__rosidl_generator_pyExport.cmake
[2.855s] -- Installing: /home/shrirag10/LAB3/install/imu_msgs/share/imu_msgs/cmake/export_imu_msgs__rosidl_generator_pyExport-noconfig.cmake
[2.855s] -- Installing: /home/shrirag10/LAB3/install/imu_msgs/share/imu_msgs/cmake/rosidl_cmake-extras.cmake
[2.855s] -- Installing: /home/shrirag10/LAB3/install/imu_msgs/share/imu_msgs/cmake/ament_cmake_export_dependencies-extras.cmake
[2.855s] -- Installing: /home/shrirag10/LAB3/install/imu_msgs/share/imu_msgs/cmake/ament_cmake_export_include_directories-extras.cmake
[2.855s] -- Installing: /home/shrirag10/LAB3/install/imu_msgs/share/imu_msgs/cmake/ament_cmake_export_libraries-extras.cmake
[2.855s] -- Installing: /home/shrirag10/LAB3/install/imu_msgs/share/imu_msgs/cmake/ament_cmake_export_targets-extras.cmake
[2.855s] -- Installing: /home/shrirag10/LAB3/install/imu_msgs/share/imu_msgs/cmake/rosidl_cmake_export_typesupport_targets-extras.cmake
[2.855s] -- Installing: /home/shrirag10/LAB3/install/imu_msgs/share/imu_msgs/cmake/rosidl_cmake_export_typesupport_libraries-extras.cmake
[2.855s] -- Installing: /home/shrirag10/LAB3/install/imu_msgs/share/imu_msgs/cmake/imu_msgsConfig.cmake
[2.855s] -- Installing: /home/shrirag10/LAB3/install/imu_msgs/share/imu_msgs/cmake/imu_msgsConfig-version.cmake
[2.855s] -- Installing: /home/shrirag10/LAB3/install/imu_msgs/share/imu_msgs/package.xml
[2.857s] Invoked command in '/home/shrirag10/LAB3/build/imu_msgs' returned '0': CMAKE_PREFIX_PATH=${CMAKE_PREFIX_PATH}:/home/shrirag10/LAB3/install/imu_driver:/home/shrirag10/LAB3/src/install/imu_driver:/home/shrirag10/LAB3-bear/install/imu_driver:/home/shrirag10/LAB3-bear/install/gps_driver:/opt/ros/humble /usr/bin/cmake --install /home/shrirag10/LAB3/build/imu_msgs
