[0.006s] Invoking command in '/home/shrirag10/LAB3/src/imu_msgs/build/imu_msgs': CMAKE_PREFIX_PATH=${CMAKE_PREFIX_PATH}:/home/shrirag10/LAB3-bear/install/imu_driver:/home/shrirag10/LAB3-bear/install/gps_driver:/opt/ros/humble /usr/bin/cmake /home/shrirag10/LAB3/src/imu_msgs -DCMAKE_INSTALL_PREFIX=/home/shrirag10/LAB3/src/imu_msgs/install/imu_msgs
[0.065s] -- The C compiler identification is GNU 11.4.0
[0.122s] -- The CXX compiler identification is GNU 11.4.0
[0.127s] -- Detecting C compiler ABI info
[0.192s] -- Detecting C compiler ABI info - done
[0.201s] -- Check for working C compiler: /usr/bin/cc - skipped
[0.201s] -- Detecting C compile features
[0.202s] -- Detecting C compile features - done
[0.205s] -- Detecting CXX compiler ABI info
[0.291s] -- Detecting CXX compiler ABI info - done
[0.298s] -- Check for working CXX compiler: /usr/bin/c++ - skipped
[0.298s] -- Detecting CXX compile features
[0.298s] -- Detecting CXX compile features - done
[0.299s] -- Found ament_cmake: 1.3.10 (/opt/ros/humble/share/ament_cmake/cmake)
[0.434s] -- Found Python3: /usr/bin/python3 (found version "3.10.12") found components: Interpreter 
[0.489s] -- Found rosidl_default_generators: 1.2.0 (/opt/ros/humble/share/rosidl_default_generators/cmake)
[0.491s] -- Using all available rosidl_typesupport_c: rosidl_typesupport_fastrtps_c;rosidl_typesupport_introspection_c
[0.495s] -- Found rosidl_adapter: 3.1.5 (/opt/ros/humble/share/rosidl_adapter/cmake)
[0.517s] -- Using all available rosidl_typesupport_cpp: rosidl_typesupport_fastrtps_cpp;rosidl_typesupport_introspection_cpp
[0.536s] -- Found std_msgs: 4.2.4 (/opt/ros/humble/share/std_msgs/cmake)
[0.552s] -- Found sensor_msgs: 4.2.4 (/opt/ros/humble/share/sensor_msgs/cmake)
[0.767s] -- Found ament_cmake_ros: 0.10.0 (/opt/ros/humble/share/ament_cmake_ros/cmake)
[0.964s] -- Using all available rosidl_typesupport_c: rosidl_typesupport_fastrtps_c;rosidl_typesupport_introspection_c
[1.214s] -- Using all available rosidl_typesupport_cpp: rosidl_typesupport_fastrtps_cpp;rosidl_typesupport_introspection_cpp
[1.228s] -- Found PythonInterp: /usr/bin/python3 (found suitable version "3.10.12", minimum required is "3.6") 
[1.229s] -- Found python_cmake_module: 0.10.0 (/opt/ros/humble/share/python_cmake_module/cmake)
[1.247s] -- Found PythonLibs: /usr/lib/x86_64-linux-gnu/libpython3.10.so (found suitable version "3.10.12", minimum required is "3.5") 
[1.247s] -- Using PYTHON_EXECUTABLE: /usr/bin/python3
[1.247s] -- Using PYTHON_INCLUDE_DIRS: /usr/include/python3.10
[1.247s] -- Using PYTHON_LIBRARIES: /usr/lib/x86_64-linux-gnu/libpython3.10.so
[1.270s] -- Found PythonExtra: .so  
[1.319s] -- Found ament_lint_auto: 0.12.11 (/opt/ros/humble/share/ament_lint_auto/cmake)
[1.338s] -- Added test 'cppcheck' to perform static code analysis on C / C++ code
[1.341s] -- Configured cppcheck include dirs: $<BUILD_INTERFACE:/home/shrirag10/LAB3/src/imu_msgs/build/imu_msgs/rosidl_generator_c>;$<BUILD_INTERFACE:/home/shrirag10/LAB3/src/imu_msgs/build/imu_msgs/rosidl_typesupport_fastrtps_c>;$<BUILD_INTERFACE:/home/shrirag10/LAB3/src/imu_msgs/build/imu_msgs/rosidl_typesupport_introspection_c>;$<BUILD_INTERFACE:/home/shrirag10/LAB3/src/imu_msgs/build/imu_msgs/rosidl_generator_cpp>;$<BUILD_INTERFACE:/home/shrirag10/LAB3/src/imu_msgs/build/imu_msgs/rosidl_typesupport_fastrtps_cpp>;$<BUILD_INTERFACE:/home/shrirag10/LAB3/src/imu_msgs/build/imu_msgs/rosidl_typesupport_introspection_cpp>;/home/shrirag10/LAB3/src/imu_msgs/build/imu_msgs/rosidl_generator_c;/home/shrirag10/LAB3/src/imu_msgs/build/imu_msgs/rosidl_generator_py
[1.341s] -- Configured cppcheck exclude dirs and/or files: 
[1.343s] -- Added test 'flake8' to check Python code syntax and style conventions
[1.346s] -- Added test 'lint_cmake' to check CMake code style
[1.348s] -- Added test 'pep257' to check Python code against some of the docstring style conventions in PEP 257
[1.359s] -- Added test 'uncrustify' to check C / C++ code style
[1.359s] -- Configured uncrustify additional arguments: 
[1.360s] -- Added test 'xmllint' to check XML markup files
[1.362s] -- Configuring done
[1.382s] -- Generating done
[1.383s] -- Build files have been written to: /home/shrirag10/LAB3/src/imu_msgs/build/imu_msgs
[1.389s] Invoked command in '/home/shrirag10/LAB3/src/imu_msgs/build/imu_msgs' returned '0': CMAKE_PREFIX_PATH=${CMAKE_PREFIX_PATH}:/home/shrirag10/LAB3-bear/install/imu_driver:/home/shrirag10/LAB3-bear/install/gps_driver:/opt/ros/humble /usr/bin/cmake /home/shrirag10/LAB3/src/imu_msgs -DCMAKE_INSTALL_PREFIX=/home/shrirag10/LAB3/src/imu_msgs/install/imu_msgs
[1.390s] Invoking command in '/home/shrirag10/LAB3/src/imu_msgs/build/imu_msgs': CMAKE_PREFIX_PATH=${CMAKE_PREFIX_PATH}:/home/shrirag10/LAB3-bear/install/imu_driver:/home/shrirag10/LAB3-bear/install/gps_driver:/opt/ros/humble /usr/bin/cmake --build /home/shrirag10/LAB3/src/imu_msgs/build/imu_msgs -- -j16 -l16
[1.427s] [  3%] [34m[1mGenerating C code for ROS interfaces[0m
[1.438s] [  6%] [34m[1mGenerating C++ code for ROS interfaces[0m
[1.443s] [  6%] Built target ament_cmake_python_copy_imu_msgs
[1.579s] running egg_info
[1.579s] creating imu_msgs.egg-info
[1.579s] writing imu_msgs.egg-info/PKG-INFO
[1.579s] writing dependency_links to imu_msgs.egg-info/dependency_links.txt
[1.579s] writing top-level names to imu_msgs.egg-info/top_level.txt
[1.579s] writing manifest file 'imu_msgs.egg-info/SOURCES.txt'
[1.581s] reading manifest file 'imu_msgs.egg-info/SOURCES.txt'
[1.581s] writing manifest file 'imu_msgs.egg-info/SOURCES.txt'
[1.591s] [  6%] Built target imu_msgs__cpp
[1.591s] [  9%] [32mBuilding C object CMakeFiles/imu_msgs__rosidl_generator_c.dir/rosidl_generator_c/imu_msgs/msg/detail/im_umsg__functions.c.o[0m
[1.597s] [ 12%] [34m[1mGenerating C++ type support for eProsima Fast-RTPS[0m
[1.597s] [ 16%] [34m[1mGenerating C++ type support dispatch for ROS interfaces[0m
[1.597s] [ 16%] Built target ament_cmake_python_build_imu_msgs_egg
[1.598s] [ 19%] [34m[1mGenerating C++ introspection for ROS interfaces[0m
[1.630s] [ 22%] [32m[1mLinking C shared library libimu_msgs__rosidl_generator_c.so[0m
[1.661s] [ 22%] Built target imu_msgs__rosidl_generator_c
[1.668s] [ 25%] [34m[1mGenerating C type support dispatch for ROS interfaces[0m
[1.668s] [ 29%] [34m[1mGenerating C type support for eProsima Fast-RTPS[0m
[1.671s] [ 32%] [34m[1mGenerating C introspection for ROS interfaces[0m
[1.740s] [ 35%] [32mBuilding CXX object CMakeFiles/imu_msgs__rosidl_typesupport_cpp.dir/rosidl_typesupport_cpp/imu_msgs/msg/im_umsg__type_support.cpp.o[0m
[1.749s] [ 38%] [32mBuilding CXX object CMakeFiles/imu_msgs__rosidl_typesupport_introspection_cpp.dir/rosidl_typesupport_introspection_cpp/imu_msgs/msg/detail/im_umsg__type_support.cpp.o[0m
[1.754s] [ 41%] [32mBuilding CXX object CMakeFiles/imu_msgs__rosidl_typesupport_fastrtps_cpp.dir/rosidl_typesupport_fastrtps_cpp/imu_msgs/msg/detail/dds_fastrtps/im_umsg__type_support.cpp.o[0m
[1.808s] [ 45%] [32mBuilding CXX object CMakeFiles/imu_msgs__rosidl_typesupport_c.dir/rosidl_typesupport_c/imu_msgs/msg/im_umsg__type_support.cpp.o[0m
[1.826s] [ 48%] [32mBuilding CXX object CMakeFiles/imu_msgs__rosidl_typesupport_fastrtps_c.dir/rosidl_typesupport_fastrtps_c/imu_msgs/msg/detail/im_umsg__type_support_c.cpp.o[0m
[1.832s] [ 51%] [32mBuilding C object CMakeFiles/imu_msgs__rosidl_typesupport_introspection_c.dir/rosidl_typesupport_introspection_c/imu_msgs/msg/detail/im_umsg__type_support.c.o[0m
[1.837s] [ 54%] [32m[1mLinking CXX shared library libimu_msgs__rosidl_typesupport_c.so[0m
[1.857s] [ 58%] [32m[1mLinking C shared library libimu_msgs__rosidl_typesupport_introspection_c.so[0m
[1.865s] [ 58%] Built target imu_msgs__rosidl_typesupport_c
[1.879s] [ 58%] Built target imu_msgs__rosidl_typesupport_introspection_c
[1.898s] [ 61%] [32m[1mLinking CXX shared library libimu_msgs__rosidl_typesupport_cpp.so[0m
[1.929s] [ 61%] Built target imu_msgs__rosidl_typesupport_cpp
[1.989s] [ 64%] [32m[1mLinking CXX shared library libimu_msgs__rosidl_typesupport_fastrtps_cpp.so[0m
[1.996s] [ 67%] [32m[1mLinking CXX shared library libimu_msgs__rosidl_typesupport_introspection_cpp.so[0m
[2.036s] [ 70%] [32m[1mLinking CXX shared library libimu_msgs__rosidl_typesupport_fastrtps_c.so[0m
[2.043s] [ 70%] Built target imu_msgs__rosidl_typesupport_fastrtps_cpp
[2.046s] [ 70%] Built target imu_msgs__rosidl_typesupport_introspection_cpp
[2.088s] [ 70%] Built target imu_msgs__rosidl_typesupport_fastrtps_c
[2.107s] [ 70%] Built target imu_msgs
[2.132s] [ 74%] [34m[1mGenerating Python code for ROS interfaces[0m
[2.326s] [ 74%] Built target imu_msgs__py
[2.346s] [ 77%] [32mBuilding C object CMakeFiles/imu_msgs__rosidl_generator_py.dir/rosidl_generator_py/imu_msgs/msg/_im_umsg_s.c.o[0m
[2.423s] [ 80%] [32m[1mLinking C shared library rosidl_generator_py/imu_msgs/libimu_msgs__rosidl_generator_py.so[0m
[2.476s] [ 80%] Built target imu_msgs__rosidl_generator_py
[2.498s] [ 83%] [32mBuilding C object CMakeFiles/imu_msgs__rosidl_typesupport_introspection_c__pyext.dir/rosidl_generator_py/imu_msgs/_imu_msgs_s.ep.rosidl_typesupport_introspection_c.c.o[0m
[2.500s] [ 87%] [32mBuilding C object CMakeFiles/imu_msgs__rosidl_typesupport_fastrtps_c__pyext.dir/rosidl_generator_py/imu_msgs/_imu_msgs_s.ep.rosidl_typesupport_fastrtps_c.c.o[0m
[2.501s] [ 90%] [32mBuilding C object CMakeFiles/imu_msgs__rosidl_typesupport_c__pyext.dir/rosidl_generator_py/imu_msgs/_imu_msgs_s.ep.rosidl_typesupport_c.c.o[0m
[2.569s] [ 93%] [32m[1mLinking C shared library rosidl_generator_py/imu_msgs/imu_msgs_s__rosidl_typesupport_c.cpython-310-x86_64-linux-gnu.so[0m
[2.570s] [ 96%] [32m[1mLinking C shared library rosidl_generator_py/imu_msgs/imu_msgs_s__rosidl_typesupport_introspection_c.cpython-310-x86_64-linux-gnu.so[0m
[2.571s] [100%] [32m[1mLinking C shared library rosidl_generator_py/imu_msgs/imu_msgs_s__rosidl_typesupport_fastrtps_c.cpython-310-x86_64-linux-gnu.so[0m
[2.599s] [100%] Built target imu_msgs__rosidl_typesupport_c__pyext
[2.599s] [100%] Built target imu_msgs__rosidl_typesupport_introspection_c__pyext
[2.605s] [100%] Built target imu_msgs__rosidl_typesupport_fastrtps_c__pyext
[2.614s] Invoked command in '/home/shrirag10/LAB3/src/imu_msgs/build/imu_msgs' returned '0': CMAKE_PREFIX_PATH=${CMAKE_PREFIX_PATH}:/home/shrirag10/LAB3-bear/install/imu_driver:/home/shrirag10/LAB3-bear/install/gps_driver:/opt/ros/humble /usr/bin/cmake --build /home/shrirag10/LAB3/src/imu_msgs/build/imu_msgs -- -j16 -l16
[2.682s] Invoking command in '/home/shrirag10/LAB3/src/imu_msgs/build/imu_msgs': CMAKE_PREFIX_PATH=${CMAKE_PREFIX_PATH}:/home/shrirag10/LAB3-bear/install/imu_driver:/home/shrirag10/LAB3-bear/install/gps_driver:/opt/ros/humble /usr/bin/cmake --install /home/shrirag10/LAB3/src/imu_msgs/build/imu_msgs
[2.689s] -- Install configuration: ""
[2.689s] -- Installing: /home/shrirag10/LAB3/src/imu_msgs/install/imu_msgs/share/ament_index/resource_index/rosidl_interfaces/imu_msgs
[2.689s] -- Installing: /home/shrirag10/LAB3/src/imu_msgs/install/imu_msgs/include/imu_msgs/imu_msgs
[2.689s] -- Installing: /home/shrirag10/LAB3/src/imu_msgs/install/imu_msgs/include/imu_msgs/imu_msgs/msg
[2.689s] -- Installing: /home/shrirag10/LAB3/src/imu_msgs/install/imu_msgs/include/imu_msgs/imu_msgs/msg/detail
[2.689s] -- Installing: /home/shrirag10/LAB3/src/imu_msgs/install/imu_msgs/include/imu_msgs/imu_msgs/msg/detail/im_umsg__type_support.h
[2.689s] -- Installing: /home/shrirag10/LAB3/src/imu_msgs/install/imu_msgs/include/imu_msgs/imu_msgs/msg/detail/im_umsg__struct.h
[2.689s] -- Installing: /home/shrirag10/LAB3/src/imu_msgs/install/imu_msgs/include/imu_msgs/imu_msgs/msg/detail/im_umsg__functions.c
[2.689s] -- Installing: /home/shrirag10/LAB3/src/imu_msgs/install/imu_msgs/include/imu_msgs/imu_msgs/msg/detail/im_umsg__functions.h
[2.689s] -- Installing: /home/shrirag10/LAB3/src/imu_msgs/install/imu_msgs/include/imu_msgs/imu_msgs/msg/rosidl_generator_c__visibility_control.h
[2.689s] -- Installing: /home/shrirag10/LAB3/src/imu_msgs/install/imu_msgs/include/imu_msgs/imu_msgs/msg/im_umsg.h
[2.689s] -- Installing: /home/shrirag10/LAB3/src/imu_msgs/install/imu_msgs/share/imu_msgs/environment/library_path.sh
[2.689s] -- Installing: /home/shrirag10/LAB3/src/imu_msgs/install/imu_msgs/share/imu_msgs/environment/library_path.dsv
[2.689s] -- Installing: /home/shrirag10/LAB3/src/imu_msgs/install/imu_msgs/lib/libimu_msgs__rosidl_generator_c.so
[2.689s] -- Set runtime path of "/home/shrirag10/LAB3/src/imu_msgs/install/imu_msgs/lib/libimu_msgs__rosidl_generator_c.so" to ""
[2.689s] -- Up-to-date: /home/shrirag10/LAB3/src/imu_msgs/install/imu_msgs/include/imu_msgs/imu_msgs
[2.690s] -- Up-to-date: /home/shrirag10/LAB3/src/imu_msgs/install/imu_msgs/include/imu_msgs/imu_msgs/msg
[2.690s] -- Up-to-date: /home/shrirag10/LAB3/src/imu_msgs/install/imu_msgs/include/imu_msgs/imu_msgs/msg/detail
[2.690s] -- Installing: /home/shrirag10/LAB3/src/imu_msgs/install/imu_msgs/include/imu_msgs/imu_msgs/msg/detail/im_umsg__rosidl_typesupport_fastrtps_c.h
[2.690s] -- Installing: /home/shrirag10/LAB3/src/imu_msgs/install/imu_msgs/include/imu_msgs/imu_msgs/msg/rosidl_typesupport_fastrtps_c__visibility_control.h
[2.690s] -- Installing: /home/shrirag10/LAB3/src/imu_msgs/install/imu_msgs/lib/libimu_msgs__rosidl_typesupport_fastrtps_c.so
[2.690s] -- Set runtime path of "/home/shrirag10/LAB3/src/imu_msgs/install/imu_msgs/lib/libimu_msgs__rosidl_typesupport_fastrtps_c.so" to ""
[2.690s] -- Up-to-date: /home/shrirag10/LAB3/src/imu_msgs/install/imu_msgs/include/imu_msgs/imu_msgs
[2.690s] -- Up-to-date: /home/shrirag10/LAB3/src/imu_msgs/install/imu_msgs/include/imu_msgs/imu_msgs/msg
[2.690s] -- Up-to-date: /home/shrirag10/LAB3/src/imu_msgs/install/imu_msgs/include/imu_msgs/imu_msgs/msg/detail
[2.690s] -- Installing: /home/shrirag10/LAB3/src/imu_msgs/install/imu_msgs/include/imu_msgs/imu_msgs/msg/detail/im_umsg__type_support.c
[2.690s] -- Installing: /home/shrirag10/LAB3/src/imu_msgs/install/imu_msgs/include/imu_msgs/imu_msgs/msg/detail/im_umsg__rosidl_typesupport_introspection_c.h
[2.690s] -- Installing: /home/shrirag10/LAB3/src/imu_msgs/install/imu_msgs/include/imu_msgs/imu_msgs/msg/rosidl_typesupport_introspection_c__visibility_control.h
[2.690s] -- Installing: /home/shrirag10/LAB3/src/imu_msgs/install/imu_msgs/lib/libimu_msgs__rosidl_typesupport_introspection_c.so
[2.690s] -- Set runtime path of "/home/shrirag10/LAB3/src/imu_msgs/install/imu_msgs/lib/libimu_msgs__rosidl_typesupport_introspection_c.so" to ""
[2.690s] -- Installing: /home/shrirag10/LAB3/src/imu_msgs/install/imu_msgs/lib/libimu_msgs__rosidl_typesupport_c.so
[2.690s] -- Set runtime path of "/home/shrirag10/LAB3/src/imu_msgs/install/imu_msgs/lib/libimu_msgs__rosidl_typesupport_c.so" to ""
[2.690s] -- Up-to-date: /home/shrirag10/LAB3/src/imu_msgs/install/imu_msgs/include/imu_msgs/imu_msgs
[2.690s] -- Up-to-date: /home/shrirag10/LAB3/src/imu_msgs/install/imu_msgs/include/imu_msgs/imu_msgs/msg
[2.690s] -- Up-to-date: /home/shrirag10/LAB3/src/imu_msgs/install/imu_msgs/include/imu_msgs/imu_msgs/msg/detail
[2.690s] -- Installing: /home/shrirag10/LAB3/src/imu_msgs/install/imu_msgs/include/imu_msgs/imu_msgs/msg/detail/im_umsg__traits.hpp
[2.690s] -- Installing: /home/shrirag10/LAB3/src/imu_msgs/install/imu_msgs/include/imu_msgs/imu_msgs/msg/detail/im_umsg__builder.hpp
[2.690s] -- Installing: /home/shrirag10/LAB3/src/imu_msgs/install/imu_msgs/include/imu_msgs/imu_msgs/msg/detail/im_umsg__struct.hpp
[2.691s] -- Installing: /home/shrirag10/LAB3/src/imu_msgs/install/imu_msgs/include/imu_msgs/imu_msgs/msg/im_umsg.hpp
[2.691s] -- Up-to-date: /home/shrirag10/LAB3/src/imu_msgs/install/imu_msgs/include/imu_msgs/imu_msgs
[2.691s] -- Up-to-date: /home/shrirag10/LAB3/src/imu_msgs/install/imu_msgs/include/imu_msgs/imu_msgs/msg
[2.691s] -- Up-to-date: /home/shrirag10/LAB3/src/imu_msgs/install/imu_msgs/include/imu_msgs/imu_msgs/msg/detail
[2.691s] -- Installing: /home/shrirag10/LAB3/src/imu_msgs/install/imu_msgs/include/imu_msgs/imu_msgs/msg/detail/dds_fastrtps
[2.691s] -- Installing: /home/shrirag10/LAB3/src/imu_msgs/install/imu_msgs/include/imu_msgs/imu_msgs/msg/detail/im_umsg__rosidl_typesupport_fastrtps_cpp.hpp
[2.691s] -- Installing: /home/shrirag10/LAB3/src/imu_msgs/install/imu_msgs/include/imu_msgs/imu_msgs/msg/rosidl_typesupport_fastrtps_cpp__visibility_control.h
[2.691s] -- Installing: /home/shrirag10/LAB3/src/imu_msgs/install/imu_msgs/lib/libimu_msgs__rosidl_typesupport_fastrtps_cpp.so
[2.691s] -- Set runtime path of "/home/shrirag10/LAB3/src/imu_msgs/install/imu_msgs/lib/libimu_msgs__rosidl_typesupport_fastrtps_cpp.so" to ""
[2.691s] -- Up-to-date: /home/shrirag10/LAB3/src/imu_msgs/install/imu_msgs/include/imu_msgs/imu_msgs
[2.691s] -- Up-to-date: /home/shrirag10/LAB3/src/imu_msgs/install/imu_msgs/include/imu_msgs/imu_msgs/msg
[2.691s] -- Up-to-date: /home/shrirag10/LAB3/src/imu_msgs/install/imu_msgs/include/imu_msgs/imu_msgs/msg/detail
[2.691s] -- Installing: /home/shrirag10/LAB3/src/imu_msgs/install/imu_msgs/include/imu_msgs/imu_msgs/msg/detail/im_umsg__type_support.cpp
[2.691s] -- Installing: /home/shrirag10/LAB3/src/imu_msgs/install/imu_msgs/include/imu_msgs/imu_msgs/msg/detail/im_umsg__rosidl_typesupport_introspection_cpp.hpp
[2.691s] -- Installing: /home/shrirag10/LAB3/src/imu_msgs/install/imu_msgs/lib/libimu_msgs__rosidl_typesupport_introspection_cpp.so
[2.691s] -- Set runtime path of "/home/shrirag10/LAB3/src/imu_msgs/install/imu_msgs/lib/libimu_msgs__rosidl_typesupport_introspection_cpp.so" to ""
[2.691s] -- Installing: /home/shrirag10/LAB3/src/imu_msgs/install/imu_msgs/lib/libimu_msgs__rosidl_typesupport_cpp.so
[2.691s] -- Set runtime path of "/home/shrirag10/LAB3/src/imu_msgs/install/imu_msgs/lib/libimu_msgs__rosidl_typesupport_cpp.so" to ""
[2.691s] -- Installing: /home/shrirag10/LAB3/src/imu_msgs/install/imu_msgs/share/imu_msgs/environment/pythonpath.sh
[2.691s] -- Installing: /home/shrirag10/LAB3/src/imu_msgs/install/imu_msgs/share/imu_msgs/environment/pythonpath.dsv
[2.691s] -- Installing: /home/shrirag10/LAB3/src/imu_msgs/install/imu_msgs/local/lib/python3.10/dist-packages/imu_msgs-0.0.0-py3.10.egg-info
[2.691s] -- Installing: /home/shrirag10/LAB3/src/imu_msgs/install/imu_msgs/local/lib/python3.10/dist-packages/imu_msgs-0.0.0-py3.10.egg-info/top_level.txt
[2.692s] -- Installing: /home/shrirag10/LAB3/src/imu_msgs/install/imu_msgs/local/lib/python3.10/dist-packages/imu_msgs-0.0.0-py3.10.egg-info/PKG-INFO
[2.692s] -- Installing: /home/shrirag10/LAB3/src/imu_msgs/install/imu_msgs/local/lib/python3.10/dist-packages/imu_msgs-0.0.0-py3.10.egg-info/SOURCES.txt
[2.692s] -- Installing: /home/shrirag10/LAB3/src/imu_msgs/install/imu_msgs/local/lib/python3.10/dist-packages/imu_msgs-0.0.0-py3.10.egg-info/dependency_links.txt
[2.692s] -- Installing: /home/shrirag10/LAB3/src/imu_msgs/install/imu_msgs/local/lib/python3.10/dist-packages/imu_msgs
[2.692s] -- Installing: /home/shrirag10/LAB3/src/imu_msgs/install/imu_msgs/local/lib/python3.10/dist-packages/imu_msgs/__init__.py
[2.692s] -- Installing: /home/shrirag10/LAB3/src/imu_msgs/install/imu_msgs/local/lib/python3.10/dist-packages/imu_msgs/imu_msgs_s__rosidl_typesupport_c.cpython-310-x86_64-linux-gnu.so
[2.692s] -- Installing: /home/shrirag10/LAB3/src/imu_msgs/install/imu_msgs/local/lib/python3.10/dist-packages/imu_msgs/msg
[2.692s] -- Installing: /home/shrirag10/LAB3/src/imu_msgs/install/imu_msgs/local/lib/python3.10/dist-packages/imu_msgs/msg/__init__.py
[2.692s] -- Installing: /home/shrirag10/LAB3/src/imu_msgs/install/imu_msgs/local/lib/python3.10/dist-packages/imu_msgs/msg/_im_umsg_s.c
[2.692s] -- Installing: /home/shrirag10/LAB3/src/imu_msgs/install/imu_msgs/local/lib/python3.10/dist-packages/imu_msgs/msg/_im_umsg.py
[2.692s] -- Installing: /home/shrirag10/LAB3/src/imu_msgs/install/imu_msgs/local/lib/python3.10/dist-packages/imu_msgs/_imu_msgs_s.ep.rosidl_typesupport_fastrtps_c.c
[2.692s] -- Installing: /home/shrirag10/LAB3/src/imu_msgs/install/imu_msgs/local/lib/python3.10/dist-packages/imu_msgs/libimu_msgs__rosidl_generator_py.so
[2.692s] -- Installing: /home/shrirag10/LAB3/src/imu_msgs/install/imu_msgs/local/lib/python3.10/dist-packages/imu_msgs/_imu_msgs_s.ep.rosidl_typesupport_introspection_c.c
[2.692s] -- Installing: /home/shrirag10/LAB3/src/imu_msgs/install/imu_msgs/local/lib/python3.10/dist-packages/imu_msgs/imu_msgs_s__rosidl_typesupport_fastrtps_c.cpython-310-x86_64-linux-gnu.so
[2.692s] -- Installing: /home/shrirag10/LAB3/src/imu_msgs/install/imu_msgs/local/lib/python3.10/dist-packages/imu_msgs/imu_msgs_s__rosidl_typesupport_introspection_c.cpython-310-x86_64-linux-gnu.so
[2.692s] -- Installing: /home/shrirag10/LAB3/src/imu_msgs/install/imu_msgs/local/lib/python3.10/dist-packages/imu_msgs/_imu_msgs_s.ep.rosidl_typesupport_c.c
[2.716s] Listing '/home/shrirag10/LAB3/src/imu_msgs/install/imu_msgs/local/lib/python3.10/dist-packages/imu_msgs'...
[2.716s] Compiling '/home/shrirag10/LAB3/src/imu_msgs/install/imu_msgs/local/lib/python3.10/dist-packages/imu_msgs/__init__.py'...
[2.716s] Listing '/home/shrirag10/LAB3/src/imu_msgs/install/imu_msgs/local/lib/python3.10/dist-packages/imu_msgs/msg'...
[2.716s] Compiling '/home/shrirag10/LAB3/src/imu_msgs/install/imu_msgs/local/lib/python3.10/dist-packages/imu_msgs/msg/__init__.py'...
[2.716s] Compiling '/home/shrirag10/LAB3/src/imu_msgs/install/imu_msgs/local/lib/python3.10/dist-packages/imu_msgs/msg/_im_umsg.py'...
[2.718s] -- Installing: /home/shrirag10/LAB3/src/imu_msgs/install/imu_msgs/local/lib/python3.10/dist-packages/imu_msgs/imu_msgs_s__rosidl_typesupport_fastrtps_c.cpython-310-x86_64-linux-gnu.so
[2.719s] -- Set runtime path of "/home/shrirag10/LAB3/src/imu_msgs/install/imu_msgs/local/lib/python3.10/dist-packages/imu_msgs/imu_msgs_s__rosidl_typesupport_fastrtps_c.cpython-310-x86_64-linux-gnu.so" to ""
[2.719s] -- Installing: /home/shrirag10/LAB3/src/imu_msgs/install/imu_msgs/local/lib/python3.10/dist-packages/imu_msgs/imu_msgs_s__rosidl_typesupport_introspection_c.cpython-310-x86_64-linux-gnu.so
[2.719s] -- Set runtime path of "/home/shrirag10/LAB3/src/imu_msgs/install/imu_msgs/local/lib/python3.10/dist-packages/imu_msgs/imu_msgs_s__rosidl_typesupport_introspection_c.cpython-310-x86_64-linux-gnu.so" to ""
[2.719s] -- Installing: /home/shrirag10/LAB3/src/imu_msgs/install/imu_msgs/local/lib/python3.10/dist-packages/imu_msgs/imu_msgs_s__rosidl_typesupport_c.cpython-310-x86_64-linux-gnu.so
[2.719s] -- Set runtime path of "/home/shrirag10/LAB3/src/imu_msgs/install/imu_msgs/local/lib/python3.10/dist-packages/imu_msgs/imu_msgs_s__rosidl_typesupport_c.cpython-310-x86_64-linux-gnu.so" to ""
[2.719s] -- Installing: /home/shrirag10/LAB3/src/imu_msgs/install/imu_msgs/lib/libimu_msgs__rosidl_generator_py.so
[2.719s] -- Set runtime path of "/home/shrirag10/LAB3/src/imu_msgs/install/imu_msgs/lib/libimu_msgs__rosidl_generator_py.so" to ""
[2.719s] -- Installing: /home/shrirag10/LAB3/src/imu_msgs/install/imu_msgs/share/imu_msgs/msg/IMUmsg.idl
[2.719s] -- Installing: /home/shrirag10/LAB3/src/imu_msgs/install/imu_msgs/share/imu_msgs/msg/IMUmsg.msg
[2.719s] -- Installing: /home/shrirag10/LAB3/src/imu_msgs/install/imu_msgs/share/ament_index/resource_index/package_run_dependencies/imu_msgs
[2.719s] -- Installing: /home/shrirag10/LAB3/src/imu_msgs/install/imu_msgs/share/ament_index/resource_index/parent_prefix_path/imu_msgs
[2.719s] -- Installing: /home/shrirag10/LAB3/src/imu_msgs/install/imu_msgs/share/imu_msgs/environment/ament_prefix_path.sh
[2.719s] -- Installing: /home/shrirag10/LAB3/src/imu_msgs/install/imu_msgs/share/imu_msgs/environment/ament_prefix_path.dsv
[2.720s] -- Installing: /home/shrirag10/LAB3/src/imu_msgs/install/imu_msgs/share/imu_msgs/environment/path.sh
[2.720s] -- Installing: /home/shrirag10/LAB3/src/imu_msgs/install/imu_msgs/share/imu_msgs/environment/path.dsv
[2.720s] -- Installing: /home/shrirag10/LAB3/src/imu_msgs/install/imu_msgs/share/imu_msgs/local_setup.bash
[2.720s] -- Installing: /home/shrirag10/LAB3/src/imu_msgs/install/imu_msgs/share/imu_msgs/local_setup.sh
[2.720s] -- Installing: /home/shrirag10/LAB3/src/imu_msgs/install/imu_msgs/share/imu_msgs/local_setup.zsh
[2.720s] -- Installing: /home/shrirag10/LAB3/src/imu_msgs/install/imu_msgs/share/imu_msgs/local_setup.dsv
[2.720s] -- Installing: /home/shrirag10/LAB3/src/imu_msgs/install/imu_msgs/share/imu_msgs/package.dsv
[2.720s] -- Installing: /home/shrirag10/LAB3/src/imu_msgs/install/imu_msgs/share/ament_index/resource_index/packages/imu_msgs
[2.720s] -- Installing: /home/shrirag10/LAB3/src/imu_msgs/install/imu_msgs/share/imu_msgs/cmake/export_imu_msgs__rosidl_generator_cExport.cmake
[2.720s] -- Installing: /home/shrirag10/LAB3/src/imu_msgs/install/imu_msgs/share/imu_msgs/cmake/export_imu_msgs__rosidl_generator_cExport-noconfig.cmake
[2.720s] -- Installing: /home/shrirag10/LAB3/src/imu_msgs/install/imu_msgs/share/imu_msgs/cmake/export_imu_msgs__rosidl_typesupport_fastrtps_cExport.cmake
[2.720s] -- Installing: /home/shrirag10/LAB3/src/imu_msgs/install/imu_msgs/share/imu_msgs/cmake/export_imu_msgs__rosidl_typesupport_fastrtps_cExport-noconfig.cmake
[2.720s] -- Installing: /home/shrirag10/LAB3/src/imu_msgs/install/imu_msgs/share/imu_msgs/cmake/imu_msgs__rosidl_typesupport_introspection_cExport.cmake
[2.720s] -- Installing: /home/shrirag10/LAB3/src/imu_msgs/install/imu_msgs/share/imu_msgs/cmake/imu_msgs__rosidl_typesupport_introspection_cExport-noconfig.cmake
[2.720s] -- Installing: /home/shrirag10/LAB3/src/imu_msgs/install/imu_msgs/share/imu_msgs/cmake/imu_msgs__rosidl_typesupport_cExport.cmake
[2.720s] -- Installing: /home/shrirag10/LAB3/src/imu_msgs/install/imu_msgs/share/imu_msgs/cmake/imu_msgs__rosidl_typesupport_cExport-noconfig.cmake
[2.720s] -- Installing: /home/shrirag10/LAB3/src/imu_msgs/install/imu_msgs/share/imu_msgs/cmake/export_imu_msgs__rosidl_generator_cppExport.cmake
[2.720s] -- Installing: /home/shrirag10/LAB3/src/imu_msgs/install/imu_msgs/share/imu_msgs/cmake/export_imu_msgs__rosidl_typesupport_fastrtps_cppExport.cmake
[2.720s] -- Installing: /home/shrirag10/LAB3/src/imu_msgs/install/imu_msgs/share/imu_msgs/cmake/export_imu_msgs__rosidl_typesupport_fastrtps_cppExport-noconfig.cmake
[2.720s] -- Installing: /home/shrirag10/LAB3/src/imu_msgs/install/imu_msgs/share/imu_msgs/cmake/imu_msgs__rosidl_typesupport_introspection_cppExport.cmake
[2.721s] -- Installing: /home/shrirag10/LAB3/src/imu_msgs/install/imu_msgs/share/imu_msgs/cmake/imu_msgs__rosidl_typesupport_introspection_cppExport-noconfig.cmake
[2.721s] -- Installing: /home/shrirag10/LAB3/src/imu_msgs/install/imu_msgs/share/imu_msgs/cmake/imu_msgs__rosidl_typesupport_cppExport.cmake
[2.721s] -- Installing: /home/shrirag10/LAB3/src/imu_msgs/install/imu_msgs/share/imu_msgs/cmake/imu_msgs__rosidl_typesupport_cppExport-noconfig.cmake
[2.721s] -- Installing: /home/shrirag10/LAB3/src/imu_msgs/install/imu_msgs/share/imu_msgs/cmake/export_imu_msgs__rosidl_generator_pyExport.cmake
[2.721s] -- Installing: /home/shrirag10/LAB3/src/imu_msgs/install/imu_msgs/share/imu_msgs/cmake/export_imu_msgs__rosidl_generator_pyExport-noconfig.cmake
[2.721s] -- Installing: /home/shrirag10/LAB3/src/imu_msgs/install/imu_msgs/share/imu_msgs/cmake/rosidl_cmake-extras.cmake
[2.721s] -- Installing: /home/shrirag10/LAB3/src/imu_msgs/install/imu_msgs/share/imu_msgs/cmake/ament_cmake_export_dependencies-extras.cmake
[2.721s] -- Installing: /home/shrirag10/LAB3/src/imu_msgs/install/imu_msgs/share/imu_msgs/cmake/ament_cmake_export_include_directories-extras.cmake
[2.721s] -- Installing: /home/shrirag10/LAB3/src/imu_msgs/install/imu_msgs/share/imu_msgs/cmake/ament_cmake_export_libraries-extras.cmake
[2.721s] -- Installing: /home/shrirag10/LAB3/src/imu_msgs/install/imu_msgs/share/imu_msgs/cmake/ament_cmake_export_targets-extras.cmake
[2.721s] -- Installing: /home/shrirag10/LAB3/src/imu_msgs/install/imu_msgs/share/imu_msgs/cmake/rosidl_cmake_export_typesupport_targets-extras.cmake
[2.721s] -- Installing: /home/shrirag10/LAB3/src/imu_msgs/install/imu_msgs/share/imu_msgs/cmake/rosidl_cmake_export_typesupport_libraries-extras.cmake
[2.721s] -- Installing: /home/shrirag10/LAB3/src/imu_msgs/install/imu_msgs/share/imu_msgs/cmake/imu_msgsConfig.cmake
[2.721s] -- Installing: /home/shrirag10/LAB3/src/imu_msgs/install/imu_msgs/share/imu_msgs/cmake/imu_msgsConfig-version.cmake
[2.721s] -- Installing: /home/shrirag10/LAB3/src/imu_msgs/install/imu_msgs/share/imu_msgs/package.xml
[2.723s] Invoked command in '/home/shrirag10/LAB3/src/imu_msgs/build/imu_msgs' returned '0': CMAKE_PREFIX_PATH=${CMAKE_PREFIX_PATH}:/home/shrirag10/LAB3-bear/install/imu_driver:/home/shrirag10/LAB3-bear/install/gps_driver:/opt/ros/humble /usr/bin/cmake --install /home/shrirag10/LAB3/src/imu_msgs/build/imu_msgs
