[0.012s] Invoking command in '/home/shrirag10/LAB4/src/build/gps_msgs': CMAKE_PREFIX_PATH=/opt/ros/humble /usr/bin/cmake /home/shrirag10/LAB4/src/gps_msgs -DCMAKE_INSTALL_PREFIX=/home/shrirag10/LAB4/src/install/gps_msgs
[0.160s] -- The C compiler identification is GNU 11.4.0
[0.188s] -- The CXX compiler identification is GNU 11.4.0
[0.195s] -- Detecting C compiler ABI info
[0.249s] -- Detecting C compiler ABI info - done
[0.254s] -- Check for working C compiler: /usr/bin/cc - skipped
[0.254s] -- Detecting C compile features
[0.254s] -- Detecting C compile features - done
[0.256s] -- Detecting CXX compiler ABI info
[0.320s] -- Detecting CXX compiler ABI info - done
[0.326s] -- Check for working CXX compiler: /usr/bin/c++ - skipped
[0.327s] -- Detecting CXX compile features
[0.327s] -- Detecting CXX compile features - done
[0.331s] -- Found ament_cmake: 1.3.10 (/opt/ros/humble/share/ament_cmake/cmake)
[0.443s] -- Found Python3: /usr/bin/python3 (found version "3.10.12") found components: Interpreter 
[0.503s] -- Found rosidl_default_generators: 1.2.0 (/opt/ros/humble/share/rosidl_default_generators/cmake)
[0.506s] -- Using all available rosidl_typesupport_c: rosidl_typesupport_fastrtps_c;rosidl_typesupport_introspection_c
[0.510s] -- Found rosidl_adapter: 3.1.5 (/opt/ros/humble/share/rosidl_adapter/cmake)
[0.542s] -- Using all available rosidl_typesupport_cpp: rosidl_typesupport_fastrtps_cpp;rosidl_typesupport_introspection_cpp
[0.566s] -- Found std_msgs: 4.2.4 (/opt/ros/humble/share/std_msgs/cmake)
[0.760s] -- Found ament_cmake_ros: 0.10.0 (/opt/ros/humble/share/ament_cmake_ros/cmake)
[0.906s] -- Using all available rosidl_typesupport_c: rosidl_typesupport_fastrtps_c;rosidl_typesupport_introspection_c
[1.100s] -- Using all available rosidl_typesupport_cpp: rosidl_typesupport_fastrtps_cpp;rosidl_typesupport_introspection_cpp
[1.118s] -- Found PythonInterp: /usr/bin/python3 (found suitable version "3.10.12", minimum required is "3.6") 
[1.119s] -- Found python_cmake_module: 0.10.0 (/opt/ros/humble/share/python_cmake_module/cmake)
[1.139s] -- Found PythonLibs: /usr/lib/x86_64-linux-gnu/libpython3.10.so (found suitable version "3.10.12", minimum required is "3.5") 
[1.139s] -- Using PYTHON_EXECUTABLE: /usr/bin/python3
[1.139s] -- Using PYTHON_INCLUDE_DIRS: /usr/include/python3.10
[1.139s] -- Using PYTHON_LIBRARIES: /usr/lib/x86_64-linux-gnu/libpython3.10.so
[1.153s] -- Found PythonExtra: .so  
[1.194s] -- Configuring done
[1.210s] -- Generating done
[1.211s] -- Build files have been written to: /home/shrirag10/LAB4/src/build/gps_msgs
[1.215s] Invoked command in '/home/shrirag10/LAB4/src/build/gps_msgs' returned '0': CMAKE_PREFIX_PATH=/opt/ros/humble /usr/bin/cmake /home/shrirag10/LAB4/src/gps_msgs -DCMAKE_INSTALL_PREFIX=/home/shrirag10/LAB4/src/install/gps_msgs
[1.217s] Invoking command in '/home/shrirag10/LAB4/src/build/gps_msgs': CMAKE_PREFIX_PATH=/opt/ros/humble /usr/bin/cmake --build /home/shrirag10/LAB4/src/build/gps_msgs -- -j16 -l16
[1.249s] [  3%] [34m[1mGenerating C code for ROS interfaces[0m
[1.257s] [  6%] [34m[1mGenerating C++ code for ROS interfaces[0m
[1.260s] [  6%] Built target ament_cmake_python_copy_gps_msgs
[1.399s] running egg_info
[1.400s] creating gps_msgs.egg-info
[1.400s] writing gps_msgs.egg-info/PKG-INFO
[1.400s] writing dependency_links to gps_msgs.egg-info/dependency_links.txt
[1.400s] writing top-level names to gps_msgs.egg-info/top_level.txt
[1.400s] writing manifest file 'gps_msgs.egg-info/SOURCES.txt'
[1.401s] reading manifest file 'gps_msgs.egg-info/SOURCES.txt'
[1.401s] writing manifest file 'gps_msgs.egg-info/SOURCES.txt'
[1.416s] [  6%] Built target gps_msgs__cpp
[1.420s] [  6%] Built target ament_cmake_python_build_gps_msgs_egg
[1.421s] [  9%] [32mBuilding C object CMakeFiles/gps_msgs__rosidl_generator_c.dir/rosidl_generator_c/gps_msgs/msg/detail/gp_smsg__functions.c.o[0m
[1.423s] [ 12%] [34m[1mGenerating C++ type support for eProsima Fast-RTPS[0m
[1.423s] [ 16%] [34m[1mGenerating C++ type support dispatch for ROS interfaces[0m
[1.424s] [ 19%] [34m[1mGenerating C++ introspection for ROS interfaces[0m
[1.474s] [ 22%] [32m[1mLinking C shared library libgps_msgs__rosidl_generator_c.so[0m
[1.512s] [ 22%] Built target gps_msgs__rosidl_generator_c
[1.518s] [ 25%] [34m[1mGenerating C type support dispatch for ROS interfaces[0m
[1.522s] [ 32%] [34m[1mGenerating C type support for eProsima Fast-RTPS[0m
[1.522s] [ 32%] [34m[1mGenerating C introspection for ROS interfaces[0m
[1.564s] [ 35%] [32mBuilding CXX object CMakeFiles/gps_msgs__rosidl_typesupport_cpp.dir/rosidl_typesupport_cpp/gps_msgs/msg/gp_smsg__type_support.cpp.o[0m
[1.575s] [ 38%] [32mBuilding CXX object CMakeFiles/gps_msgs__rosidl_typesupport_introspection_cpp.dir/rosidl_typesupport_introspection_cpp/gps_msgs/msg/detail/gp_smsg__type_support.cpp.o[0m
[1.619s] [ 41%] [32mBuilding CXX object CMakeFiles/gps_msgs__rosidl_typesupport_fastrtps_cpp.dir/rosidl_typesupport_fastrtps_cpp/gps_msgs/msg/detail/dds_fastrtps/gp_smsg__type_support.cpp.o[0m
[1.669s] [ 45%] [32mBuilding CXX object CMakeFiles/gps_msgs__rosidl_typesupport_c.dir/rosidl_typesupport_c/gps_msgs/msg/gp_smsg__type_support.cpp.o[0m
[1.682s] [ 48%] [32mBuilding C object CMakeFiles/gps_msgs__rosidl_typesupport_introspection_c.dir/rosidl_typesupport_introspection_c/gps_msgs/msg/detail/gp_smsg__type_support.c.o[0m
[1.689s] [ 51%] [32m[1mLinking CXX shared library libgps_msgs__rosidl_typesupport_c.so[0m
[1.700s] [ 54%] [32mBuilding CXX object CMakeFiles/gps_msgs__rosidl_typesupport_fastrtps_c.dir/rosidl_typesupport_fastrtps_c/gps_msgs/msg/detail/gp_smsg__type_support_c.cpp.o[0m
[1.711s] [ 58%] [32m[1mLinking C shared library libgps_msgs__rosidl_typesupport_introspection_c.so[0m
[1.718s] [ 58%] Built target gps_msgs__rosidl_typesupport_c
[1.736s] [ 58%] Built target gps_msgs__rosidl_typesupport_introspection_c
[1.782s] [ 61%] [32m[1mLinking CXX shared library libgps_msgs__rosidl_typesupport_cpp.so[0m
[1.817s] [ 61%] Built target gps_msgs__rosidl_typesupport_cpp
[1.891s] [ 64%] [32m[1mLinking CXX shared library libgps_msgs__rosidl_typesupport_introspection_cpp.so[0m
[1.934s] [ 64%] Built target gps_msgs__rosidl_typesupport_introspection_cpp
[1.984s] [ 67%] [32m[1mLinking CXX shared library libgps_msgs__rosidl_typesupport_fastrtps_cpp.so[0m
[1.986s] [ 70%] [32m[1mLinking CXX shared library libgps_msgs__rosidl_typesupport_fastrtps_c.so[0m
[2.037s] [ 70%] Built target gps_msgs__rosidl_typesupport_fastrtps_cpp
[2.042s] [ 70%] Built target gps_msgs__rosidl_typesupport_fastrtps_c
[2.060s] [ 70%] Built target gps_msgs
[2.072s] [ 74%] [34m[1mGenerating Python code for ROS interfaces[0m
[2.271s] [ 74%] Built target gps_msgs__py
[2.289s] [ 77%] [32mBuilding C object CMakeFiles/gps_msgs__rosidl_generator_py.dir/rosidl_generator_py/gps_msgs/msg/_gp_smsg_s.c.o[0m
[2.383s] [ 80%] [32m[1mLinking C shared library rosidl_generator_py/gps_msgs/libgps_msgs__rosidl_generator_py.so[0m
[2.414s] [ 80%] Built target gps_msgs__rosidl_generator_py
[2.428s] [ 83%] [32mBuilding C object CMakeFiles/gps_msgs__rosidl_typesupport_introspection_c__pyext.dir/rosidl_generator_py/gps_msgs/_gps_msgs_s.ep.rosidl_typesupport_introspection_c.c.o[0m
[2.429s] [ 87%] [32mBuilding C object CMakeFiles/gps_msgs__rosidl_typesupport_c__pyext.dir/rosidl_generator_py/gps_msgs/_gps_msgs_s.ep.rosidl_typesupport_c.c.o[0m
[2.430s] [ 90%] [32mBuilding C object CMakeFiles/gps_msgs__rosidl_typesupport_fastrtps_c__pyext.dir/rosidl_generator_py/gps_msgs/_gps_msgs_s.ep.rosidl_typesupport_fastrtps_c.c.o[0m
[2.486s] [ 93%] [32m[1mLinking C shared library rosidl_generator_py/gps_msgs/gps_msgs_s__rosidl_typesupport_introspection_c.cpython-310-x86_64-linux-gnu.so[0m
[2.486s] [ 96%] [32m[1mLinking C shared library rosidl_generator_py/gps_msgs/gps_msgs_s__rosidl_typesupport_fastrtps_c.cpython-310-x86_64-linux-gnu.so[0m
[2.489s] [100%] [32m[1mLinking C shared library rosidl_generator_py/gps_msgs/gps_msgs_s__rosidl_typesupport_c.cpython-310-x86_64-linux-gnu.so[0m
[2.510s] [100%] Built target gps_msgs__rosidl_typesupport_introspection_c__pyext
[2.510s] [100%] Built target gps_msgs__rosidl_typesupport_fastrtps_c__pyext
[2.523s] [100%] Built target gps_msgs__rosidl_typesupport_c__pyext
[2.533s] Invoked command in '/home/shrirag10/LAB4/src/build/gps_msgs' returned '0': CMAKE_PREFIX_PATH=/opt/ros/humble /usr/bin/cmake --build /home/shrirag10/LAB4/src/build/gps_msgs -- -j16 -l16
[2.592s] Invoking command in '/home/shrirag10/LAB4/src/build/gps_msgs': CMAKE_PREFIX_PATH=/opt/ros/humble /usr/bin/cmake --install /home/shrirag10/LAB4/src/build/gps_msgs
[2.603s] -- Install configuration: ""
[2.603s] -- Installing: /home/shrirag10/LAB4/src/install/gps_msgs/share/ament_index/resource_index/rosidl_interfaces/gps_msgs
[2.603s] -- Installing: /home/shrirag10/LAB4/src/install/gps_msgs/include/gps_msgs/gps_msgs
[2.603s] -- Installing: /home/shrirag10/LAB4/src/install/gps_msgs/include/gps_msgs/gps_msgs/msg
[2.603s] -- Installing: /home/shrirag10/LAB4/src/install/gps_msgs/include/gps_msgs/gps_msgs/msg/detail
[2.603s] -- Installing: /home/shrirag10/LAB4/src/install/gps_msgs/include/gps_msgs/gps_msgs/msg/detail/gp_smsg__struct.h
[2.603s] -- Installing: /home/shrirag10/LAB4/src/install/gps_msgs/include/gps_msgs/gps_msgs/msg/detail/gp_smsg__functions.h
[2.603s] -- Installing: /home/shrirag10/LAB4/src/install/gps_msgs/include/gps_msgs/gps_msgs/msg/detail/gp_smsg__functions.c
[2.604s] -- Installing: /home/shrirag10/LAB4/src/install/gps_msgs/include/gps_msgs/gps_msgs/msg/detail/gp_smsg__type_support.h
[2.604s] -- Installing: /home/shrirag10/LAB4/src/install/gps_msgs/include/gps_msgs/gps_msgs/msg/gp_smsg.h
[2.604s] -- Installing: /home/shrirag10/LAB4/src/install/gps_msgs/include/gps_msgs/gps_msgs/msg/rosidl_generator_c__visibility_control.h
[2.604s] -- Installing: /home/shrirag10/LAB4/src/install/gps_msgs/share/gps_msgs/environment/library_path.sh
[2.604s] -- Installing: /home/shrirag10/LAB4/src/install/gps_msgs/share/gps_msgs/environment/library_path.dsv
[2.604s] -- Installing: /home/shrirag10/LAB4/src/install/gps_msgs/lib/libgps_msgs__rosidl_generator_c.so
[2.604s] -- Set runtime path of "/home/shrirag10/LAB4/src/install/gps_msgs/lib/libgps_msgs__rosidl_generator_c.so" to ""
[2.605s] -- Up-to-date: /home/shrirag10/LAB4/src/install/gps_msgs/include/gps_msgs/gps_msgs
[2.605s] -- Up-to-date: /home/shrirag10/LAB4/src/install/gps_msgs/include/gps_msgs/gps_msgs/msg
[2.605s] -- Up-to-date: /home/shrirag10/LAB4/src/install/gps_msgs/include/gps_msgs/gps_msgs/msg/detail
[2.605s] -- Installing: /home/shrirag10/LAB4/src/install/gps_msgs/include/gps_msgs/gps_msgs/msg/detail/gp_smsg__rosidl_typesupport_fastrtps_c.h
[2.605s] -- Installing: /home/shrirag10/LAB4/src/install/gps_msgs/include/gps_msgs/gps_msgs/msg/rosidl_typesupport_fastrtps_c__visibility_control.h
[2.605s] -- Installing: /home/shrirag10/LAB4/src/install/gps_msgs/lib/libgps_msgs__rosidl_typesupport_fastrtps_c.so
[2.605s] -- Set runtime path of "/home/shrirag10/LAB4/src/install/gps_msgs/lib/libgps_msgs__rosidl_typesupport_fastrtps_c.so" to ""
[2.605s] -- Up-to-date: /home/shrirag10/LAB4/src/install/gps_msgs/include/gps_msgs/gps_msgs
[2.606s] -- Up-to-date: /home/shrirag10/LAB4/src/install/gps_msgs/include/gps_msgs/gps_msgs/msg
[2.606s] -- Up-to-date: /home/shrirag10/LAB4/src/install/gps_msgs/include/gps_msgs/gps_msgs/msg/detail
[2.606s] -- Installing: /home/shrirag10/LAB4/src/install/gps_msgs/include/gps_msgs/gps_msgs/msg/detail/gp_smsg__type_support.c
[2.606s] -- Installing: /home/shrirag10/LAB4/src/install/gps_msgs/include/gps_msgs/gps_msgs/msg/detail/gp_smsg__rosidl_typesupport_introspection_c.h
[2.606s] -- Installing: /home/shrirag10/LAB4/src/install/gps_msgs/include/gps_msgs/gps_msgs/msg/rosidl_typesupport_introspection_c__visibility_control.h
[2.606s] -- Installing: /home/shrirag10/LAB4/src/install/gps_msgs/lib/libgps_msgs__rosidl_typesupport_introspection_c.so
[2.606s] -- Set runtime path of "/home/shrirag10/LAB4/src/install/gps_msgs/lib/libgps_msgs__rosidl_typesupport_introspection_c.so" to ""
[2.606s] -- Installing: /home/shrirag10/LAB4/src/install/gps_msgs/lib/libgps_msgs__rosidl_typesupport_c.so
[2.606s] -- Set runtime path of "/home/shrirag10/LAB4/src/install/gps_msgs/lib/libgps_msgs__rosidl_typesupport_c.so" to ""
[2.607s] -- Up-to-date: /home/shrirag10/LAB4/src/install/gps_msgs/include/gps_msgs/gps_msgs
[2.607s] -- Up-to-date: /home/shrirag10/LAB4/src/install/gps_msgs/include/gps_msgs/gps_msgs/msg
[2.607s] -- Up-to-date: /home/shrirag10/LAB4/src/install/gps_msgs/include/gps_msgs/gps_msgs/msg/detail
[2.607s] -- Installing: /home/shrirag10/LAB4/src/install/gps_msgs/include/gps_msgs/gps_msgs/msg/detail/gp_smsg__traits.hpp
[2.607s] -- Installing: /home/shrirag10/LAB4/src/install/gps_msgs/include/gps_msgs/gps_msgs/msg/detail/gp_smsg__struct.hpp
[2.607s] -- Installing: /home/shrirag10/LAB4/src/install/gps_msgs/include/gps_msgs/gps_msgs/msg/detail/gp_smsg__builder.hpp
[2.608s] -- Installing: /home/shrirag10/LAB4/src/install/gps_msgs/include/gps_msgs/gps_msgs/msg/gp_smsg.hpp
[2.608s] -- Up-to-date: /home/shrirag10/LAB4/src/install/gps_msgs/include/gps_msgs/gps_msgs
[2.608s] -- Up-to-date: /home/shrirag10/LAB4/src/install/gps_msgs/include/gps_msgs/gps_msgs/msg
[2.608s] -- Up-to-date: /home/shrirag10/LAB4/src/install/gps_msgs/include/gps_msgs/gps_msgs/msg/detail
[2.608s] -- Installing: /home/shrirag10/LAB4/src/install/gps_msgs/include/gps_msgs/gps_msgs/msg/detail/dds_fastrtps
[2.608s] -- Installing: /home/shrirag10/LAB4/src/install/gps_msgs/include/gps_msgs/gps_msgs/msg/detail/gp_smsg__rosidl_typesupport_fastrtps_cpp.hpp
[2.608s] -- Installing: /home/shrirag10/LAB4/src/install/gps_msgs/include/gps_msgs/gps_msgs/msg/rosidl_typesupport_fastrtps_cpp__visibility_control.h
[2.608s] -- Installing: /home/shrirag10/LAB4/src/install/gps_msgs/lib/libgps_msgs__rosidl_typesupport_fastrtps_cpp.so
[2.608s] -- Set runtime path of "/home/shrirag10/LAB4/src/install/gps_msgs/lib/libgps_msgs__rosidl_typesupport_fastrtps_cpp.so" to ""
[2.609s] -- Up-to-date: /home/shrirag10/LAB4/src/install/gps_msgs/include/gps_msgs/gps_msgs
[2.609s] -- Up-to-date: /home/shrirag10/LAB4/src/install/gps_msgs/include/gps_msgs/gps_msgs/msg
[2.609s] -- Up-to-date: /home/shrirag10/LAB4/src/install/gps_msgs/include/gps_msgs/gps_msgs/msg/detail
[2.609s] -- Installing: /home/shrirag10/LAB4/src/install/gps_msgs/include/gps_msgs/gps_msgs/msg/detail/gp_smsg__type_support.cpp
[2.609s] -- Installing: /home/shrirag10/LAB4/src/install/gps_msgs/include/gps_msgs/gps_msgs/msg/detail/gp_smsg__rosidl_typesupport_introspection_cpp.hpp
[2.609s] -- Installing: /home/shrirag10/LAB4/src/install/gps_msgs/lib/libgps_msgs__rosidl_typesupport_introspection_cpp.so
[2.609s] -- Set runtime path of "/home/shrirag10/LAB4/src/install/gps_msgs/lib/libgps_msgs__rosidl_typesupport_introspection_cpp.so" to ""
[2.609s] -- Installing: /home/shrirag10/LAB4/src/install/gps_msgs/lib/libgps_msgs__rosidl_typesupport_cpp.so
[2.609s] -- Set runtime path of "/home/shrirag10/LAB4/src/install/gps_msgs/lib/libgps_msgs__rosidl_typesupport_cpp.so" to ""
[2.610s] -- Installing: /home/shrirag10/LAB4/src/install/gps_msgs/share/gps_msgs/environment/pythonpath.sh
[2.610s] -- Installing: /home/shrirag10/LAB4/src/install/gps_msgs/share/gps_msgs/environment/pythonpath.dsv
[2.610s] -- Installing: /home/shrirag10/LAB4/src/install/gps_msgs/local/lib/python3.10/dist-packages/gps_msgs-0.0.1-py3.10.egg-info
[2.610s] -- Installing: /home/shrirag10/LAB4/src/install/gps_msgs/local/lib/python3.10/dist-packages/gps_msgs-0.0.1-py3.10.egg-info/top_level.txt
[2.610s] -- Installing: /home/shrirag10/LAB4/src/install/gps_msgs/local/lib/python3.10/dist-packages/gps_msgs-0.0.1-py3.10.egg-info/PKG-INFO
[2.610s] -- Installing: /home/shrirag10/LAB4/src/install/gps_msgs/local/lib/python3.10/dist-packages/gps_msgs-0.0.1-py3.10.egg-info/SOURCES.txt
[2.610s] -- Installing: /home/shrirag10/LAB4/src/install/gps_msgs/local/lib/python3.10/dist-packages/gps_msgs-0.0.1-py3.10.egg-info/dependency_links.txt
[2.610s] -- Installing: /home/shrirag10/LAB4/src/install/gps_msgs/local/lib/python3.10/dist-packages/gps_msgs
[2.610s] -- Installing: /home/shrirag10/LAB4/src/install/gps_msgs/local/lib/python3.10/dist-packages/gps_msgs/gps_msgs_s__rosidl_typesupport_c.cpython-310-x86_64-linux-gnu.so
[2.610s] -- Installing: /home/shrirag10/LAB4/src/install/gps_msgs/local/lib/python3.10/dist-packages/gps_msgs/_gps_msgs_s.ep.rosidl_typesupport_introspection_c.c
[2.610s] -- Installing: /home/shrirag10/LAB4/src/install/gps_msgs/local/lib/python3.10/dist-packages/gps_msgs/__init__.py
[2.610s] -- Installing: /home/shrirag10/LAB4/src/install/gps_msgs/local/lib/python3.10/dist-packages/gps_msgs/msg
[2.611s] -- Installing: /home/shrirag10/LAB4/src/install/gps_msgs/local/lib/python3.10/dist-packages/gps_msgs/msg/__init__.py
[2.611s] -- Installing: /home/shrirag10/LAB4/src/install/gps_msgs/local/lib/python3.10/dist-packages/gps_msgs/msg/_gp_smsg_s.c
[2.611s] -- Installing: /home/shrirag10/LAB4/src/install/gps_msgs/local/lib/python3.10/dist-packages/gps_msgs/msg/_gp_smsg.py
[2.611s] -- Installing: /home/shrirag10/LAB4/src/install/gps_msgs/local/lib/python3.10/dist-packages/gps_msgs/_gps_msgs_s.ep.rosidl_typesupport_fastrtps_c.c
[2.611s] -- Installing: /home/shrirag10/LAB4/src/install/gps_msgs/local/lib/python3.10/dist-packages/gps_msgs/libgps_msgs__rosidl_generator_py.so
[2.611s] -- Installing: /home/shrirag10/LAB4/src/install/gps_msgs/local/lib/python3.10/dist-packages/gps_msgs/_gps_msgs_s.ep.rosidl_typesupport_c.c
[2.611s] -- Installing: /home/shrirag10/LAB4/src/install/gps_msgs/local/lib/python3.10/dist-packages/gps_msgs/gps_msgs_s__rosidl_typesupport_fastrtps_c.cpython-310-x86_64-linux-gnu.so
[2.611s] -- Installing: /home/shrirag10/LAB4/src/install/gps_msgs/local/lib/python3.10/dist-packages/gps_msgs/gps_msgs_s__rosidl_typesupport_introspection_c.cpython-310-x86_64-linux-gnu.so
[2.634s] Listing '/home/shrirag10/LAB4/src/install/gps_msgs/local/lib/python3.10/dist-packages/gps_msgs'...
[2.635s] Compiling '/home/shrirag10/LAB4/src/install/gps_msgs/local/lib/python3.10/dist-packages/gps_msgs/__init__.py'...
[2.635s] Listing '/home/shrirag10/LAB4/src/install/gps_msgs/local/lib/python3.10/dist-packages/gps_msgs/msg'...
[2.635s] Compiling '/home/shrirag10/LAB4/src/install/gps_msgs/local/lib/python3.10/dist-packages/gps_msgs/msg/__init__.py'...
[2.635s] Compiling '/home/shrirag10/LAB4/src/install/gps_msgs/local/lib/python3.10/dist-packages/gps_msgs/msg/_gp_smsg.py'...
[2.637s] -- Installing: /home/shrirag10/LAB4/src/install/gps_msgs/local/lib/python3.10/dist-packages/gps_msgs/gps_msgs_s__rosidl_typesupport_fastrtps_c.cpython-310-x86_64-linux-gnu.so
[2.638s] -- Set runtime path of "/home/shrirag10/LAB4/src/install/gps_msgs/local/lib/python3.10/dist-packages/gps_msgs/gps_msgs_s__rosidl_typesupport_fastrtps_c.cpython-310-x86_64-linux-gnu.so" to ""
[2.638s] -- Installing: /home/shrirag10/LAB4/src/install/gps_msgs/local/lib/python3.10/dist-packages/gps_msgs/gps_msgs_s__rosidl_typesupport_introspection_c.cpython-310-x86_64-linux-gnu.so
[2.638s] -- Set runtime path of "/home/shrirag10/LAB4/src/install/gps_msgs/local/lib/python3.10/dist-packages/gps_msgs/gps_msgs_s__rosidl_typesupport_introspection_c.cpython-310-x86_64-linux-gnu.so" to ""
[2.638s] -- Installing: /home/shrirag10/LAB4/src/install/gps_msgs/local/lib/python3.10/dist-packages/gps_msgs/gps_msgs_s__rosidl_typesupport_c.cpython-310-x86_64-linux-gnu.so
[2.638s] -- Set runtime path of "/home/shrirag10/LAB4/src/install/gps_msgs/local/lib/python3.10/dist-packages/gps_msgs/gps_msgs_s__rosidl_typesupport_c.cpython-310-x86_64-linux-gnu.so" to ""
[2.638s] -- Installing: /home/shrirag10/LAB4/src/install/gps_msgs/lib/libgps_msgs__rosidl_generator_py.so
[2.638s] -- Set runtime path of "/home/shrirag10/LAB4/src/install/gps_msgs/lib/libgps_msgs__rosidl_generator_py.so" to ""
[2.638s] -- Installing: /home/shrirag10/LAB4/src/install/gps_msgs/share/gps_msgs/msg/GPSmsg.idl
[2.639s] -- Installing: /home/shrirag10/LAB4/src/install/gps_msgs/share/gps_msgs/msg/GPSmsg.msg
[2.639s] -- Installing: /home/shrirag10/LAB4/src/install/gps_msgs/share/ament_index/resource_index/package_run_dependencies/gps_msgs
[2.639s] -- Installing: /home/shrirag10/LAB4/src/install/gps_msgs/share/ament_index/resource_index/parent_prefix_path/gps_msgs
[2.639s] -- Installing: /home/shrirag10/LAB4/src/install/gps_msgs/share/gps_msgs/environment/ament_prefix_path.sh
[2.639s] -- Installing: /home/shrirag10/LAB4/src/install/gps_msgs/share/gps_msgs/environment/ament_prefix_path.dsv
[2.639s] -- Installing: /home/shrirag10/LAB4/src/install/gps_msgs/share/gps_msgs/environment/path.sh
[2.639s] -- Installing: /home/shrirag10/LAB4/src/install/gps_msgs/share/gps_msgs/environment/path.dsv
[2.639s] -- Installing: /home/shrirag10/LAB4/src/install/gps_msgs/share/gps_msgs/local_setup.bash
[2.639s] -- Installing: /home/shrirag10/LAB4/src/install/gps_msgs/share/gps_msgs/local_setup.sh
[2.639s] -- Installing: /home/shrirag10/LAB4/src/install/gps_msgs/share/gps_msgs/local_setup.zsh
[2.639s] -- Installing: /home/shrirag10/LAB4/src/install/gps_msgs/share/gps_msgs/local_setup.dsv
[2.639s] -- Installing: /home/shrirag10/LAB4/src/install/gps_msgs/share/gps_msgs/package.dsv
[2.639s] -- Installing: /home/shrirag10/LAB4/src/install/gps_msgs/share/ament_index/resource_index/packages/gps_msgs
[2.639s] -- Installing: /home/shrirag10/LAB4/src/install/gps_msgs/share/gps_msgs/cmake/export_gps_msgs__rosidl_generator_cExport.cmake
[2.639s] -- Installing: /home/shrirag10/LAB4/src/install/gps_msgs/share/gps_msgs/cmake/export_gps_msgs__rosidl_generator_cExport-noconfig.cmake
[2.639s] -- Installing: /home/shrirag10/LAB4/src/install/gps_msgs/share/gps_msgs/cmake/export_gps_msgs__rosidl_typesupport_fastrtps_cExport.cmake
[2.639s] -- Installing: /home/shrirag10/LAB4/src/install/gps_msgs/share/gps_msgs/cmake/export_gps_msgs__rosidl_typesupport_fastrtps_cExport-noconfig.cmake
[2.639s] -- Installing: /home/shrirag10/LAB4/src/install/gps_msgs/share/gps_msgs/cmake/gps_msgs__rosidl_typesupport_introspection_cExport.cmake
[2.639s] -- Installing: /home/shrirag10/LAB4/src/install/gps_msgs/share/gps_msgs/cmake/gps_msgs__rosidl_typesupport_introspection_cExport-noconfig.cmake
[2.639s] -- Installing: /home/shrirag10/LAB4/src/install/gps_msgs/share/gps_msgs/cmake/gps_msgs__rosidl_typesupport_cExport.cmake
[2.639s] -- Installing: /home/shrirag10/LAB4/src/install/gps_msgs/share/gps_msgs/cmake/gps_msgs__rosidl_typesupport_cExport-noconfig.cmake
[2.640s] -- Installing: /home/shrirag10/LAB4/src/install/gps_msgs/share/gps_msgs/cmake/export_gps_msgs__rosidl_generator_cppExport.cmake
[2.640s] -- Installing: /home/shrirag10/LAB4/src/install/gps_msgs/share/gps_msgs/cmake/export_gps_msgs__rosidl_typesupport_fastrtps_cppExport.cmake
[2.640s] -- Installing: /home/shrirag10/LAB4/src/install/gps_msgs/share/gps_msgs/cmake/export_gps_msgs__rosidl_typesupport_fastrtps_cppExport-noconfig.cmake
[2.640s] -- Installing: /home/shrirag10/LAB4/src/install/gps_msgs/share/gps_msgs/cmake/gps_msgs__rosidl_typesupport_introspection_cppExport.cmake
[2.640s] -- Installing: /home/shrirag10/LAB4/src/install/gps_msgs/share/gps_msgs/cmake/gps_msgs__rosidl_typesupport_introspection_cppExport-noconfig.cmake
[2.640s] -- Installing: /home/shrirag10/LAB4/src/install/gps_msgs/share/gps_msgs/cmake/gps_msgs__rosidl_typesupport_cppExport.cmake
[2.640s] -- Installing: /home/shrirag10/LAB4/src/install/gps_msgs/share/gps_msgs/cmake/gps_msgs__rosidl_typesupport_cppExport-noconfig.cmake
[2.640s] -- Installing: /home/shrirag10/LAB4/src/install/gps_msgs/share/gps_msgs/cmake/export_gps_msgs__rosidl_generator_pyExport.cmake
[2.640s] -- Installing: /home/shrirag10/LAB4/src/install/gps_msgs/share/gps_msgs/cmake/export_gps_msgs__rosidl_generator_pyExport-noconfig.cmake
[2.640s] -- Installing: /home/shrirag10/LAB4/src/install/gps_msgs/share/gps_msgs/cmake/rosidl_cmake-extras.cmake
[2.640s] -- Installing: /home/shrirag10/LAB4/src/install/gps_msgs/share/gps_msgs/cmake/ament_cmake_export_dependencies-extras.cmake
[2.640s] -- Installing: /home/shrirag10/LAB4/src/install/gps_msgs/share/gps_msgs/cmake/ament_cmake_export_include_directories-extras.cmake
[2.640s] -- Installing: /home/shrirag10/LAB4/src/install/gps_msgs/share/gps_msgs/cmake/ament_cmake_export_libraries-extras.cmake
[2.640s] -- Installing: /home/shrirag10/LAB4/src/install/gps_msgs/share/gps_msgs/cmake/ament_cmake_export_targets-extras.cmake
[2.640s] -- Installing: /home/shrirag10/LAB4/src/install/gps_msgs/share/gps_msgs/cmake/rosidl_cmake_export_typesupport_targets-extras.cmake
[2.641s] -- Installing: /home/shrirag10/LAB4/src/install/gps_msgs/share/gps_msgs/cmake/rosidl_cmake_export_typesupport_libraries-extras.cmake
[2.641s] -- Installing: /home/shrirag10/LAB4/src/install/gps_msgs/share/gps_msgs/cmake/gps_msgsConfig.cmake
[2.641s] -- Installing: /home/shrirag10/LAB4/src/install/gps_msgs/share/gps_msgs/cmake/gps_msgsConfig-version.cmake
[2.641s] -- Installing: /home/shrirag10/LAB4/src/install/gps_msgs/share/gps_msgs/package.xml
[2.641s] -- Installing: /home/shrirag10/LAB4/src/install/gps_msgs/share/gps_msgs/msg/msg
[2.641s] -- Installing: /home/shrirag10/LAB4/src/install/gps_msgs/share/gps_msgs/msg/msg/GPSmsg.msg
[2.642s] Invoked command in '/home/shrirag10/LAB4/src/build/gps_msgs' returned '0': CMAKE_PREFIX_PATH=/opt/ros/humble /usr/bin/cmake --install /home/shrirag10/LAB4/src/build/gps_msgs
