[0.191s] DEBUG:colcon:Command line arguments: ['/usr/bin/colcon', 'build']
[0.191s] DEBUG:colcon:Parsed command line arguments: Namespace(log_base=None, log_level=None, verb_name='build', build_base='build', install_base='install', merge_install=False, symlink_install=False, test_result_base=None, continue_on_error=False, executor='parallel', parallel_workers=16, event_handlers=None, ignore_user_meta=False, metas=['./colcon.meta'], base_paths=['.'], packages_ignore=None, packages_ignore_regex=None, paths=None, packages_up_to=None, packages_up_to_regex=None, packages_above=None, packages_above_and_dependencies=None, packages_above_depth=None, packages_select_by_dep=None, packages_skip_by_dep=None, packages_skip_up_to=None, packages_select_build_failed=False, packages_skip_build_finished=False, packages_select_test_failures=False, packages_skip_test_passed=False, packages_select=None, packages_skip=None, packages_select_regex=None, packages_skip_regex=None, packages_start=None, packages_end=None, allow_overriding=[], cmake_args=None, cmake_target=None, cmake_target_skip_unavailable=False, cmake_clean_cache=False, cmake_clean_first=False, cmake_force_configure=False, ament_cmake_args=None, catkin_cmake_args=None, catkin_skip_building_tests=False, verb_parser=<colcon_defaults.argument_parser.defaults.DefaultArgumentsDecorator object at 0x79e4e4b83eb0>, verb_extension=<colcon_core.verb.build.BuildVerb object at 0x79e4e4b83070>, main=<bound method BuildVerb.main of <colcon_core.verb.build.BuildVerb object at 0x79e4e4b83070>>)
[0.335s] Level 1:colcon.colcon_core.package_discovery:discover_packages(colcon_meta) check parameters
[0.336s] Level 1:colcon.colcon_core.package_discovery:discover_packages(recursive) check parameters
[0.336s] Level 1:colcon.colcon_core.package_discovery:discover_packages(ignore) check parameters
[0.336s] Level 1:colcon.colcon_core.package_discovery:discover_packages(path) check parameters
[0.336s] Level 1:colcon.colcon_core.package_discovery:discover_packages(colcon_meta) discover
[0.336s] Level 1:colcon.colcon_core.package_discovery:discover_packages(recursive) discover
[0.336s] INFO:colcon.colcon_core.package_discovery:Crawling recursively for packages in '/home/shrirag10/LAB4/src'
[0.336s] Level 1:colcon.colcon_core.package_identification:_identify(.) by extensions ['ignore', 'ignore_ament_install']
[0.336s] Level 1:colcon.colcon_core.package_identification:_identify(.) by extension 'ignore'
[0.336s] Level 1:colcon.colcon_core.package_identification:_identify(.) by extension 'ignore_ament_install'
[0.336s] Level 1:colcon.colcon_core.package_identification:_identify(.) by extensions ['colcon_pkg']
[0.336s] Level 1:colcon.colcon_core.package_identification:_identify(.) by extension 'colcon_pkg'
[0.336s] Level 1:colcon.colcon_core.package_identification:_identify(.) by extensions ['colcon_meta']
[0.336s] Level 1:colcon.colcon_core.package_identification:_identify(.) by extension 'colcon_meta'
[0.336s] Level 1:colcon.colcon_core.package_identification:_identify(.) by extensions ['ros']
[0.336s] Level 1:colcon.colcon_core.package_identification:_identify(.) by extension 'ros'
[0.350s] Level 1:colcon.colcon_core.package_identification:_identify(.) by extensions ['cmake', 'python']
[0.350s] Level 1:colcon.colcon_core.package_identification:_identify(.) by extension 'cmake'
[0.350s] Level 1:colcon.colcon_core.package_identification:_identify(.) by extension 'python'
[0.350s] Level 1:colcon.colcon_core.package_identification:_identify(.) by extensions ['python_setup_py']
[0.350s] Level 1:colcon.colcon_core.package_identification:_identify(.) by extension 'python_setup_py'
[0.350s] Level 1:colcon.colcon_core.package_identification:_identify(build) by extensions ['ignore', 'ignore_ament_install']
[0.350s] Level 1:colcon.colcon_core.package_identification:_identify(build) by extension 'ignore'
[0.350s] Level 1:colcon.colcon_core.package_identification:_identify(build) ignored
[0.350s] Level 1:colcon.colcon_core.package_identification:_identify(gps_driver) by extensions ['ignore', 'ignore_ament_install']
[0.350s] Level 1:colcon.colcon_core.package_identification:_identify(gps_driver) by extension 'ignore'
[0.350s] Level 1:colcon.colcon_core.package_identification:_identify(gps_driver) by extension 'ignore_ament_install'
[0.350s] Level 1:colcon.colcon_core.package_identification:_identify(gps_driver) by extensions ['colcon_pkg']
[0.350s] Level 1:colcon.colcon_core.package_identification:_identify(gps_driver) by extension 'colcon_pkg'
[0.350s] Level 1:colcon.colcon_core.package_identification:_identify(gps_driver) by extensions ['colcon_meta']
[0.350s] Level 1:colcon.colcon_core.package_identification:_identify(gps_driver) by extension 'colcon_meta'
[0.350s] Level 1:colcon.colcon_core.package_identification:_identify(gps_driver) by extensions ['ros']
[0.350s] Level 1:colcon.colcon_core.package_identification:_identify(gps_driver) by extension 'ros'
[0.352s] DEBUG:colcon.colcon_core.package_identification:Package 'gps_driver' with type 'ros.ament_python' and name 'gps_driver'
[0.352s] Level 1:colcon.colcon_core.package_identification:_identify(gps_msgs) by extensions ['ignore', 'ignore_ament_install']
[0.352s] Level 1:colcon.colcon_core.package_identification:_identify(gps_msgs) by extension 'ignore'
[0.352s] Level 1:colcon.colcon_core.package_identification:_identify(gps_msgs) by extension 'ignore_ament_install'
[0.352s] Level 1:colcon.colcon_core.package_identification:_identify(gps_msgs) by extensions ['colcon_pkg']
[0.352s] Level 1:colcon.colcon_core.package_identification:_identify(gps_msgs) by extension 'colcon_pkg'
[0.352s] Level 1:colcon.colcon_core.package_identification:_identify(gps_msgs) by extensions ['colcon_meta']
[0.353s] Level 1:colcon.colcon_core.package_identification:_identify(gps_msgs) by extension 'colcon_meta'
[0.353s] Level 1:colcon.colcon_core.package_identification:_identify(gps_msgs) by extensions ['ros']
[0.353s] Level 1:colcon.colcon_core.package_identification:_identify(gps_msgs) by extension 'ros'
[0.353s] DEBUG:colcon.colcon_core.package_identification:Package 'gps_msgs' with type 'ros.ament_cmake' and name 'gps_msgs'
[0.353s] Level 1:colcon.colcon_core.package_identification:_identify(imu_driver) by extensions ['ignore', 'ignore_ament_install']
[0.353s] Level 1:colcon.colcon_core.package_identification:_identify(imu_driver) by extension 'ignore'
[0.353s] Level 1:colcon.colcon_core.package_identification:_identify(imu_driver) by extension 'ignore_ament_install'
[0.353s] Level 1:colcon.colcon_core.package_identification:_identify(imu_driver) by extensions ['colcon_pkg']
[0.353s] Level 1:colcon.colcon_core.package_identification:_identify(imu_driver) by extension 'colcon_pkg'
[0.353s] Level 1:colcon.colcon_core.package_identification:_identify(imu_driver) by extensions ['colcon_meta']
[0.353s] Level 1:colcon.colcon_core.package_identification:_identify(imu_driver) by extension 'colcon_meta'
[0.353s] Level 1:colcon.colcon_core.package_identification:_identify(imu_driver) by extensions ['ros']
[0.353s] Level 1:colcon.colcon_core.package_identification:_identify(imu_driver) by extension 'ros'
[0.354s] DEBUG:colcon.colcon_core.package_identification:Package 'imu_driver' with type 'ros.ament_python' and name 'imu_driver'
[0.354s] Level 1:colcon.colcon_core.package_identification:_identify(imu_msgs) by extensions ['ignore', 'ignore_ament_install']
[0.354s] Level 1:colcon.colcon_core.package_identification:_identify(imu_msgs) by extension 'ignore'
[0.354s] Level 1:colcon.colcon_core.package_identification:_identify(imu_msgs) by extension 'ignore_ament_install'
[0.354s] Level 1:colcon.colcon_core.package_identification:_identify(imu_msgs) by extensions ['colcon_pkg']
[0.354s] Level 1:colcon.colcon_core.package_identification:_identify(imu_msgs) by extension 'colcon_pkg'
[0.354s] Level 1:colcon.colcon_core.package_identification:_identify(imu_msgs) by extensions ['colcon_meta']
[0.354s] Level 1:colcon.colcon_core.package_identification:_identify(imu_msgs) by extension 'colcon_meta'
[0.354s] Level 1:colcon.colcon_core.package_identification:_identify(imu_msgs) by extensions ['ros']
[0.354s] Level 1:colcon.colcon_core.package_identification:_identify(imu_msgs) by extension 'ros'
[0.355s] DEBUG:colcon.colcon_core.package_identification:Package 'imu_msgs' with type 'ros.ament_cmake' and name 'imu_msgs'
[0.355s] Level 1:colcon.colcon_core.package_identification:_identify(install) by extensions ['ignore', 'ignore_ament_install']
[0.355s] Level 1:colcon.colcon_core.package_identification:_identify(install) by extension 'ignore'
[0.355s] Level 1:colcon.colcon_core.package_identification:_identify(install) ignored
[0.355s] Level 1:colcon.colcon_core.package_identification:_identify(log) by extensions ['ignore', 'ignore_ament_install']
[0.355s] Level 1:colcon.colcon_core.package_identification:_identify(log) by extension 'ignore'
[0.355s] Level 1:colcon.colcon_core.package_identification:_identify(log) ignored
[0.355s] Level 1:colcon.colcon_core.package_discovery:discover_packages(recursive) using defaults
[0.355s] Level 1:colcon.colcon_core.package_discovery:discover_packages(ignore) discover
[0.355s] Level 1:colcon.colcon_core.package_discovery:discover_packages(ignore) using defaults
[0.355s] Level 1:colcon.colcon_core.package_discovery:discover_packages(path) discover
[0.355s] Level 1:colcon.colcon_core.package_discovery:discover_packages(path) using defaults
[0.375s] Level 1:colcon.colcon_core.package_discovery:discover_packages(prefix_path) check parameters
[0.375s] Level 1:colcon.colcon_core.package_discovery:discover_packages(prefix_path) discover
[0.377s] DEBUG:colcon.colcon_installed_package_information.package_discovery:Found 272 installed packages in /opt/ros/humble
[0.378s] Level 1:colcon.colcon_core.package_discovery:discover_packages(prefix_path) using defaults
[0.405s] Level 5:colcon.colcon_core.verb:set package 'gps_msgs' build argument 'cmake_args' from command line to 'None'
[0.405s] Level 5:colcon.colcon_core.verb:set package 'gps_msgs' build argument 'cmake_target' from command line to 'None'
[0.405s] Level 5:colcon.colcon_core.verb:set package 'gps_msgs' build argument 'cmake_target_skip_unavailable' from command line to 'False'
[0.405s] Level 5:colcon.colcon_core.verb:set package 'gps_msgs' build argument 'cmake_clean_cache' from command line to 'False'
[0.405s] Level 5:colcon.colcon_core.verb:set package 'gps_msgs' build argument 'cmake_clean_first' from command line to 'False'
[0.405s] Level 5:colcon.colcon_core.verb:set package 'gps_msgs' build argument 'cmake_force_configure' from command line to 'False'
[0.405s] Level 5:colcon.colcon_core.verb:set package 'gps_msgs' build argument 'ament_cmake_args' from command line to 'None'
[0.405s] Level 5:colcon.colcon_core.verb:set package 'gps_msgs' build argument 'catkin_cmake_args' from command line to 'None'
[0.405s] Level 5:colcon.colcon_core.verb:set package 'gps_msgs' build argument 'catkin_skip_building_tests' from command line to 'False'
[0.405s] DEBUG:colcon.colcon_core.verb:Building package 'gps_msgs' with the following arguments: {'ament_cmake_args': None, 'build_base': '/home/shrirag10/LAB4/src/build/gps_msgs', 'catkin_cmake_args': None, 'catkin_skip_building_tests': False, 'cmake_args': None, 'cmake_clean_cache': False, 'cmake_clean_first': False, 'cmake_force_configure': False, 'cmake_target': None, 'cmake_target_skip_unavailable': False, 'install_base': '/home/shrirag10/LAB4/src/install/gps_msgs', 'merge_install': False, 'path': '/home/shrirag10/LAB4/src/gps_msgs', 'symlink_install': False, 'test_result_base': None}
[0.405s] Level 5:colcon.colcon_core.verb:set package 'imu_driver' build argument 'cmake_args' from command line to 'None'
[0.405s] Level 5:colcon.colcon_core.verb:set package 'imu_driver' build argument 'cmake_target' from command line to 'None'
[0.405s] Level 5:colcon.colcon_core.verb:set package 'imu_driver' build argument 'cmake_target_skip_unavailable' from command line to 'False'
[0.405s] Level 5:colcon.colcon_core.verb:set package 'imu_driver' build argument 'cmake_clean_cache' from command line to 'False'
[0.405s] Level 5:colcon.colcon_core.verb:set package 'imu_driver' build argument 'cmake_clean_first' from command line to 'False'
[0.405s] Level 5:colcon.colcon_core.verb:set package 'imu_driver' build argument 'cmake_force_configure' from command line to 'False'
[0.405s] Level 5:colcon.colcon_core.verb:set package 'imu_driver' build argument 'ament_cmake_args' from command line to 'None'
[0.405s] Level 5:colcon.colcon_core.verb:set package 'imu_driver' build argument 'catkin_cmake_args' from command line to 'None'
[0.405s] Level 5:colcon.colcon_core.verb:set package 'imu_driver' build argument 'catkin_skip_building_tests' from command line to 'False'
[0.405s] DEBUG:colcon.colcon_core.verb:Building package 'imu_driver' with the following arguments: {'ament_cmake_args': None, 'build_base': '/home/shrirag10/LAB4/src/build/imu_driver', 'catkin_cmake_args': None, 'catkin_skip_building_tests': False, 'cmake_args': None, 'cmake_clean_cache': False, 'cmake_clean_first': False, 'cmake_force_configure': False, 'cmake_target': None, 'cmake_target_skip_unavailable': False, 'install_base': '/home/shrirag10/LAB4/src/install/imu_driver', 'merge_install': False, 'path': '/home/shrirag10/LAB4/src/imu_driver', 'symlink_install': False, 'test_result_base': None}
[0.406s] Level 5:colcon.colcon_core.verb:set package 'imu_msgs' build argument 'cmake_args' from command line to 'None'
[0.406s] Level 5:colcon.colcon_core.verb:set package 'imu_msgs' build argument 'cmake_target' from command line to 'None'
[0.406s] Level 5:colcon.colcon_core.verb:set package 'imu_msgs' build argument 'cmake_target_skip_unavailable' from command line to 'False'
[0.406s] Level 5:colcon.colcon_core.verb:set package 'imu_msgs' build argument 'cmake_clean_cache' from command line to 'False'
[0.406s] Level 5:colcon.colcon_core.verb:set package 'imu_msgs' build argument 'cmake_clean_first' from command line to 'False'
[0.406s] Level 5:colcon.colcon_core.verb:set package 'imu_msgs' build argument 'cmake_force_configure' from command line to 'False'
[0.406s] Level 5:colcon.colcon_core.verb:set package 'imu_msgs' build argument 'ament_cmake_args' from command line to 'None'
[0.406s] Level 5:colcon.colcon_core.verb:set package 'imu_msgs' build argument 'catkin_cmake_args' from command line to 'None'
[0.406s] Level 5:colcon.colcon_core.verb:set package 'imu_msgs' build argument 'catkin_skip_building_tests' from command line to 'False'
[0.406s] DEBUG:colcon.colcon_core.verb:Building package 'imu_msgs' with the following arguments: {'ament_cmake_args': None, 'build_base': '/home/shrirag10/LAB4/src/build/imu_msgs', 'catkin_cmake_args': None, 'catkin_skip_building_tests': False, 'cmake_args': None, 'cmake_clean_cache': False, 'cmake_clean_first': False, 'cmake_force_configure': False, 'cmake_target': None, 'cmake_target_skip_unavailable': False, 'install_base': '/home/shrirag10/LAB4/src/install/imu_msgs', 'merge_install': False, 'path': '/home/shrirag10/LAB4/src/imu_msgs', 'symlink_install': False, 'test_result_base': None}
[0.406s] Level 5:colcon.colcon_core.verb:set package 'gps_driver' build argument 'cmake_args' from command line to 'None'
[0.406s] Level 5:colcon.colcon_core.verb:set package 'gps_driver' build argument 'cmake_target' from command line to 'None'
[0.406s] Level 5:colcon.colcon_core.verb:set package 'gps_driver' build argument 'cmake_target_skip_unavailable' from command line to 'False'
[0.406s] Level 5:colcon.colcon_core.verb:set package 'gps_driver' build argument 'cmake_clean_cache' from command line to 'False'
[0.406s] Level 5:colcon.colcon_core.verb:set package 'gps_driver' build argument 'cmake_clean_first' from command line to 'False'
[0.406s] Level 5:colcon.colcon_core.verb:set package 'gps_driver' build argument 'cmake_force_configure' from command line to 'False'
[0.406s] Level 5:colcon.colcon_core.verb:set package 'gps_driver' build argument 'ament_cmake_args' from command line to 'None'
[0.406s] Level 5:colcon.colcon_core.verb:set package 'gps_driver' build argument 'catkin_cmake_args' from command line to 'None'
[0.406s] Level 5:colcon.colcon_core.verb:set package 'gps_driver' build argument 'catkin_skip_building_tests' from command line to 'False'
[0.406s] DEBUG:colcon.colcon_core.verb:Building package 'gps_driver' with the following arguments: {'ament_cmake_args': None, 'build_base': '/home/shrirag10/LAB4/src/build/gps_driver', 'catkin_cmake_args': None, 'catkin_skip_building_tests': False, 'cmake_args': None, 'cmake_clean_cache': False, 'cmake_clean_first': False, 'cmake_force_configure': False, 'cmake_target': None, 'cmake_target_skip_unavailable': False, 'install_base': '/home/shrirag10/LAB4/src/install/gps_driver', 'merge_install': False, 'path': '/home/shrirag10/LAB4/src/gps_driver', 'symlink_install': False, 'test_result_base': None}
[0.406s] INFO:colcon.colcon_core.executor:Executing jobs using 'parallel' executor
[0.407s] DEBUG:colcon.colcon_parallel_executor.executor.parallel:run_until_complete
[0.407s] INFO:colcon.colcon_ros.task.ament_cmake.build:Building ROS package in '/home/shrirag10/LAB4/src/gps_msgs' with build type 'ament_cmake'
[0.407s] INFO:colcon.colcon_cmake.task.cmake.build:Building CMake package in '/home/shrirag10/LAB4/src/gps_msgs'
[0.411s] INFO:colcon.colcon_core.plugin_system:Skipping extension 'colcon_core.shell.bat': Not used on non-Windows systems
[0.411s] INFO:colcon.colcon_core.shell:Skip shell extension 'powershell' for command environment: Not usable outside of PowerShell
[0.411s] DEBUG:colcon.colcon_core.shell:Skip shell extension 'dsv' for command environment
[0.413s] INFO:colcon.colcon_ros.task.ament_python.build:Building ROS package in '/home/shrirag10/LAB4/src/imu_driver' with build type 'ament_python'
[0.413s] Level 1:colcon.colcon_core.shell:create_environment_hook('imu_driver', 'ament_prefix_path')
[0.413s] INFO:colcon.colcon_core.shell:Creating environment hook '/home/shrirag10/LAB4/src/install/imu_driver/share/imu_driver/hook/ament_prefix_path.ps1'
[0.414s] INFO:colcon.colcon_core.shell:Creating environment descriptor '/home/shrirag10/LAB4/src/install/imu_driver/share/imu_driver/hook/ament_prefix_path.dsv'
[0.414s] INFO:colcon.colcon_core.shell:Creating environment hook '/home/shrirag10/LAB4/src/install/imu_driver/share/imu_driver/hook/ament_prefix_path.sh'
[0.415s] INFO:colcon.colcon_core.shell:Skip shell extension 'powershell' for command environment: Not usable outside of PowerShell
[0.415s] DEBUG:colcon.colcon_core.shell:Skip shell extension 'dsv' for command environment
[0.416s] INFO:colcon.colcon_ros.task.ament_cmake.build:Building ROS package in '/home/shrirag10/LAB4/src/imu_msgs' with build type 'ament_cmake'
[0.416s] INFO:colcon.colcon_cmake.task.cmake.build:Building CMake package in '/home/shrirag10/LAB4/src/imu_msgs'
[0.416s] INFO:colcon.colcon_core.shell:Skip shell extension 'powershell' for command environment: Not usable outside of PowerShell
[0.416s] DEBUG:colcon.colcon_core.shell:Skip shell extension 'dsv' for command environment
[0.419s] DEBUG:colcon.colcon_core.event_handler.log_command:Invoking command in '/home/shrirag10/LAB4/src/build/gps_msgs': CMAKE_PREFIX_PATH=/opt/ros/humble /usr/bin/cmake /home/shrirag10/LAB4/src/gps_msgs -DCMAKE_INSTALL_PREFIX=/home/shrirag10/LAB4/src/install/gps_msgs
[0.564s] INFO:colcon.colcon_core.task.python.build:Building Python package in '/home/shrirag10/LAB4/src/imu_driver'
[0.564s] INFO:colcon.colcon_core.shell:Skip shell extension 'powershell' for command environment: Not usable outside of PowerShell
[0.564s] DEBUG:colcon.colcon_core.shell:Skip shell extension 'dsv' for command environment
[0.569s] DEBUG:colcon.colcon_core.event_handler.log_command:Invoking command in '/home/shrirag10/LAB4/src/build/imu_msgs': CMAKE_PREFIX_PATH=/opt/ros/humble /usr/bin/cmake /home/shrirag10/LAB4/src/imu_msgs -DCMAKE_INSTALL_PREFIX=/home/shrirag10/LAB4/src/install/imu_msgs
[0.778s] DEBUG:colcon.colcon_core.event_handler.log_command:Invoking command in '/home/shrirag10/LAB4/src/imu_driver': PYTHONPATH=/home/shrirag10/LAB4/src/build/imu_driver/prefix_override:/usr/lib/python3/dist-packages/colcon_core/task/python/colcon_distutils_commands:/home/shrirag10/LAB4/src/install/imu_driver/lib/python3.10/site-packages:${PYTHONPATH} /usr/bin/python3 -W ignore:setup.py install is deprecated setup.py egg_info --egg-base ../build/imu_driver build --build-base /home/shrirag10/LAB4/src/build/imu_driver/build install --record /home/shrirag10/LAB4/src/build/imu_driver/install.log --single-version-externally-managed install_data
[0.942s] DEBUG:colcon.colcon_core.event_handler.log_command:Invoked command in '/home/shrirag10/LAB4/src/imu_driver' returned '0': PYTHONPATH=/home/shrirag10/LAB4/src/build/imu_driver/prefix_override:/usr/lib/python3/dist-packages/colcon_core/task/python/colcon_distutils_commands:/home/shrirag10/LAB4/src/install/imu_driver/lib/python3.10/site-packages:${PYTHONPATH} /usr/bin/python3 -W ignore:setup.py install is deprecated setup.py egg_info --egg-base ../build/imu_driver build --build-base /home/shrirag10/LAB4/src/build/imu_driver/build install --record /home/shrirag10/LAB4/src/build/imu_driver/install.log --single-version-externally-managed install_data
[0.946s] Level 1:colcon.colcon_core.environment:checking '/home/shrirag10/LAB4/src/install/imu_driver' for CMake module files
[0.946s] Level 1:colcon.colcon_core.environment:checking '/home/shrirag10/LAB4/src/install/imu_driver' for CMake config files
[0.946s] Level 1:colcon.colcon_core.environment:checking '/home/shrirag10/LAB4/src/install/imu_driver/lib'
[0.946s] Level 1:colcon.colcon_core.environment:checking '/home/shrirag10/LAB4/src/install/imu_driver/bin'
[0.946s] Level 1:colcon.colcon_core.environment:checking '/home/shrirag10/LAB4/src/install/imu_driver/lib/pkgconfig/imu_driver.pc'
[0.946s] Level 1:colcon.colcon_core.environment:checking '/home/shrirag10/LAB4/src/install/imu_driver/lib/python3.10/site-packages'
[0.946s] Level 1:colcon.colcon_core.shell:create_environment_hook('imu_driver', 'pythonpath')
[0.947s] INFO:colcon.colcon_core.shell:Creating environment hook '/home/shrirag10/LAB4/src/install/imu_driver/share/imu_driver/hook/pythonpath.ps1'
[0.947s] INFO:colcon.colcon_core.shell:Creating environment descriptor '/home/shrirag10/LAB4/src/install/imu_driver/share/imu_driver/hook/pythonpath.dsv'
[0.947s] INFO:colcon.colcon_core.shell:Creating environment hook '/home/shrirag10/LAB4/src/install/imu_driver/share/imu_driver/hook/pythonpath.sh'
[0.947s] Level 1:colcon.colcon_core.environment:checking '/home/shrirag10/LAB4/src/install/imu_driver/bin'
[0.947s] Level 1:colcon.colcon_core.environment:create_environment_scripts_only(imu_driver)
[0.948s] INFO:colcon.colcon_core.shell:Creating package script '/home/shrirag10/LAB4/src/install/imu_driver/share/imu_driver/package.ps1'
[0.948s] INFO:colcon.colcon_core.shell:Creating package descriptor '/home/shrirag10/LAB4/src/install/imu_driver/share/imu_driver/package.dsv'
[0.949s] INFO:colcon.colcon_core.shell:Creating package script '/home/shrirag10/LAB4/src/install/imu_driver/share/imu_driver/package.sh'
[0.949s] INFO:colcon.colcon_core.shell:Creating package script '/home/shrirag10/LAB4/src/install/imu_driver/share/imu_driver/package.bash'
[0.950s] INFO:colcon.colcon_core.shell:Creating package script '/home/shrirag10/LAB4/src/install/imu_driver/share/imu_driver/package.zsh'
[0.950s] Level 1:colcon.colcon_core.environment:create_file_with_runtime_dependencies(/home/shrirag10/LAB4/src/install/imu_driver/share/colcon-core/packages/imu_driver)
[1.623s] DEBUG:colcon.colcon_core.event_handler.log_command:Invoked command in '/home/shrirag10/LAB4/src/build/gps_msgs' returned '0': CMAKE_PREFIX_PATH=/opt/ros/humble /usr/bin/cmake /home/shrirag10/LAB4/src/gps_msgs -DCMAKE_INSTALL_PREFIX=/home/shrirag10/LAB4/src/install/gps_msgs
[1.624s] DEBUG:colcon.colcon_core.event_handler.log_command:Invoking command in '/home/shrirag10/LAB4/src/build/gps_msgs': CMAKE_PREFIX_PATH=/opt/ros/humble /usr/bin/cmake --build /home/shrirag10/LAB4/src/build/gps_msgs -- -j16 -l16
[1.829s] DEBUG:colcon.colcon_core.event_handler.log_command:Invoked command in '/home/shrirag10/LAB4/src/build/imu_msgs' returned '0': CMAKE_PREFIX_PATH=/opt/ros/humble /usr/bin/cmake /home/shrirag10/LAB4/src/imu_msgs -DCMAKE_INSTALL_PREFIX=/home/shrirag10/LAB4/src/install/imu_msgs
[1.830s] DEBUG:colcon.colcon_core.event_handler.log_command:Invoking command in '/home/shrirag10/LAB4/src/build/imu_msgs': CMAKE_PREFIX_PATH=/opt/ros/humble /usr/bin/cmake --build /home/shrirag10/LAB4/src/build/imu_msgs -- -j16 -l16
[2.940s] DEBUG:colcon.colcon_core.event_handler.log_command:Invoked command in '/home/shrirag10/LAB4/src/build/gps_msgs' returned '0': CMAKE_PREFIX_PATH=/opt/ros/humble /usr/bin/cmake --build /home/shrirag10/LAB4/src/build/gps_msgs -- -j16 -l16
[3.000s] DEBUG:colcon.colcon_core.event_handler.log_command:Invoking command in '/home/shrirag10/LAB4/src/build/gps_msgs': CMAKE_PREFIX_PATH=/opt/ros/humble /usr/bin/cmake --install /home/shrirag10/LAB4/src/build/gps_msgs
[3.049s] Level 1:colcon.colcon_core.environment:create_environment_scripts_only(gps_msgs)
[3.050s] DEBUG:colcon.colcon_core.event_handler.log_command:Invoked command in '/home/shrirag10/LAB4/src/build/gps_msgs' returned '0': CMAKE_PREFIX_PATH=/opt/ros/humble /usr/bin/cmake --install /home/shrirag10/LAB4/src/build/gps_msgs
[3.050s] Level 1:colcon.colcon_core.environment:checking '/home/shrirag10/LAB4/src/install/gps_msgs' for CMake module files
[3.050s] Level 1:colcon.colcon_core.environment:checking '/home/shrirag10/LAB4/src/install/gps_msgs' for CMake config files
[3.050s] Level 1:colcon.colcon_core.shell:create_environment_hook('gps_msgs', 'cmake_prefix_path')
[3.050s] INFO:colcon.colcon_core.shell:Creating environment hook '/home/shrirag10/LAB4/src/install/gps_msgs/share/gps_msgs/hook/cmake_prefix_path.ps1'
[3.051s] INFO:colcon.colcon_core.shell:Creating environment descriptor '/home/shrirag10/LAB4/src/install/gps_msgs/share/gps_msgs/hook/cmake_prefix_path.dsv'
[3.051s] INFO:colcon.colcon_core.shell:Creating environment hook '/home/shrirag10/LAB4/src/install/gps_msgs/share/gps_msgs/hook/cmake_prefix_path.sh'
[3.051s] Level 1:colcon.colcon_core.environment:checking '/home/shrirag10/LAB4/src/install/gps_msgs/lib'
[3.051s] Level 1:colcon.colcon_core.shell:create_environment_hook('gps_msgs', 'ld_library_path_lib')
[3.051s] INFO:colcon.colcon_core.shell:Creating environment hook '/home/shrirag10/LAB4/src/install/gps_msgs/share/gps_msgs/hook/ld_library_path_lib.ps1'
[3.052s] INFO:colcon.colcon_core.shell:Creating environment descriptor '/home/shrirag10/LAB4/src/install/gps_msgs/share/gps_msgs/hook/ld_library_path_lib.dsv'
[3.052s] INFO:colcon.colcon_core.shell:Creating environment hook '/home/shrirag10/LAB4/src/install/gps_msgs/share/gps_msgs/hook/ld_library_path_lib.sh'
[3.052s] Level 1:colcon.colcon_core.environment:checking '/home/shrirag10/LAB4/src/install/gps_msgs/bin'
[3.052s] Level 1:colcon.colcon_core.environment:checking '/home/shrirag10/LAB4/src/install/gps_msgs/lib/pkgconfig/gps_msgs.pc'
[3.052s] Level 1:colcon.colcon_core.environment:checking '/home/shrirag10/LAB4/src/install/gps_msgs/lib/python3.10/site-packages'
[3.052s] Level 1:colcon.colcon_core.environment:checking '/home/shrirag10/LAB4/src/install/gps_msgs/bin'
[3.053s] INFO:colcon.colcon_core.shell:Creating package script '/home/shrirag10/LAB4/src/install/gps_msgs/share/gps_msgs/package.ps1'
[3.053s] INFO:colcon.colcon_core.shell:Creating package descriptor '/home/shrirag10/LAB4/src/install/gps_msgs/share/gps_msgs/package.dsv'
[3.053s] INFO:colcon.colcon_core.shell:Creating package script '/home/shrirag10/LAB4/src/install/gps_msgs/share/gps_msgs/package.sh'
[3.053s] INFO:colcon.colcon_core.shell:Creating package script '/home/shrirag10/LAB4/src/install/gps_msgs/share/gps_msgs/package.bash'
[3.054s] INFO:colcon.colcon_core.shell:Creating package script '/home/shrirag10/LAB4/src/install/gps_msgs/share/gps_msgs/package.zsh'
[3.054s] Level 1:colcon.colcon_core.environment:create_file_with_runtime_dependencies(/home/shrirag10/LAB4/src/install/gps_msgs/share/colcon-core/packages/gps_msgs)
[3.100s] Level 1:colcon.colcon_core.environment:create_environment_scripts_only(gps_msgs)
[3.100s] Level 1:colcon.colcon_core.environment:checking '/home/shrirag10/LAB4/src/install/gps_msgs' for CMake module files
[3.101s] Level 1:colcon.colcon_core.environment:checking '/home/shrirag10/LAB4/src/install/gps_msgs' for CMake config files
[3.102s] Level 1:colcon.colcon_core.shell:create_environment_hook('gps_msgs', 'cmake_prefix_path')
[3.102s] INFO:colcon.colcon_core.shell:Creating environment hook '/home/shrirag10/LAB4/src/install/gps_msgs/share/gps_msgs/hook/cmake_prefix_path.ps1'
[3.102s] INFO:colcon.colcon_core.shell:Creating environment descriptor '/home/shrirag10/LAB4/src/install/gps_msgs/share/gps_msgs/hook/cmake_prefix_path.dsv'
[3.103s] INFO:colcon.colcon_core.shell:Creating environment hook '/home/shrirag10/LAB4/src/install/gps_msgs/share/gps_msgs/hook/cmake_prefix_path.sh'
[3.103s] Level 1:colcon.colcon_core.environment:checking '/home/shrirag10/LAB4/src/install/gps_msgs/lib'
[3.103s] Level 1:colcon.colcon_core.shell:create_environment_hook('gps_msgs', 'ld_library_path_lib')
[3.103s] INFO:colcon.colcon_core.shell:Creating environment hook '/home/shrirag10/LAB4/src/install/gps_msgs/share/gps_msgs/hook/ld_library_path_lib.ps1'
[3.104s] INFO:colcon.colcon_core.shell:Creating environment descriptor '/home/shrirag10/LAB4/src/install/gps_msgs/share/gps_msgs/hook/ld_library_path_lib.dsv'
[3.104s] INFO:colcon.colcon_core.shell:Creating environment hook '/home/shrirag10/LAB4/src/install/gps_msgs/share/gps_msgs/hook/ld_library_path_lib.sh'
[3.104s] Level 1:colcon.colcon_core.environment:checking '/home/shrirag10/LAB4/src/install/gps_msgs/bin'
[3.104s] Level 1:colcon.colcon_core.environment:checking '/home/shrirag10/LAB4/src/install/gps_msgs/lib/pkgconfig/gps_msgs.pc'
[3.105s] Level 1:colcon.colcon_core.environment:checking '/home/shrirag10/LAB4/src/install/gps_msgs/lib/python3.10/site-packages'
[3.105s] Level 1:colcon.colcon_core.environment:checking '/home/shrirag10/LAB4/src/install/gps_msgs/bin'
[3.105s] INFO:colcon.colcon_core.shell:Creating package script '/home/shrirag10/LAB4/src/install/gps_msgs/share/gps_msgs/package.ps1'
[3.105s] INFO:colcon.colcon_core.shell:Creating package descriptor '/home/shrirag10/LAB4/src/install/gps_msgs/share/gps_msgs/package.dsv'
[3.106s] INFO:colcon.colcon_core.shell:Creating package script '/home/shrirag10/LAB4/src/install/gps_msgs/share/gps_msgs/package.sh'
[3.106s] INFO:colcon.colcon_core.shell:Creating package script '/home/shrirag10/LAB4/src/install/gps_msgs/share/gps_msgs/package.bash'
[3.106s] INFO:colcon.colcon_core.shell:Creating package script '/home/shrirag10/LAB4/src/install/gps_msgs/share/gps_msgs/package.zsh'
[3.106s] Level 1:colcon.colcon_core.environment:create_file_with_runtime_dependencies(/home/shrirag10/LAB4/src/install/gps_msgs/share/colcon-core/packages/gps_msgs)
[3.106s] INFO:colcon.colcon_ros.task.ament_python.build:Building ROS package in '/home/shrirag10/LAB4/src/gps_driver' with build type 'ament_python'
[3.106s] Level 1:colcon.colcon_core.shell:create_environment_hook('gps_driver', 'ament_prefix_path')
[3.107s] INFO:colcon.colcon_core.shell:Creating environment hook '/home/shrirag10/LAB4/src/install/gps_driver/share/gps_driver/hook/ament_prefix_path.ps1'
[3.107s] INFO:colcon.colcon_core.shell:Creating environment descriptor '/home/shrirag10/LAB4/src/install/gps_driver/share/gps_driver/hook/ament_prefix_path.dsv'
[3.107s] INFO:colcon.colcon_core.shell:Creating environment hook '/home/shrirag10/LAB4/src/install/gps_driver/share/gps_driver/hook/ament_prefix_path.sh'
[3.108s] INFO:colcon.colcon_core.shell:Skip shell extension 'powershell' for command environment: Not usable outside of PowerShell
[3.108s] DEBUG:colcon.colcon_core.shell:Skip shell extension 'dsv' for command environment
[3.251s] INFO:colcon.colcon_core.task.python.build:Building Python package in '/home/shrirag10/LAB4/src/gps_driver'
[3.251s] INFO:colcon.colcon_core.shell:Skip shell extension 'powershell' for command environment: Not usable outside of PowerShell
[3.251s] DEBUG:colcon.colcon_core.shell:Skip shell extension 'dsv' for command environment
[3.254s] DEBUG:colcon.colcon_core.event_handler.log_command:Invoked command in '/home/shrirag10/LAB4/src/build/imu_msgs' returned '0': CMAKE_PREFIX_PATH=/opt/ros/humble /usr/bin/cmake --build /home/shrirag10/LAB4/src/build/imu_msgs -- -j16 -l16
[3.301s] DEBUG:colcon.colcon_core.event_handler.log_command:Invoking command in '/home/shrirag10/LAB4/src/build/imu_msgs': CMAKE_PREFIX_PATH=/opt/ros/humble /usr/bin/cmake --install /home/shrirag10/LAB4/src/build/imu_msgs
[3.337s] Level 1:colcon.colcon_core.environment:create_environment_scripts_only(imu_msgs)
[3.337s] Level 1:colcon.colcon_core.environment:checking '/home/shrirag10/LAB4/src/install/imu_msgs' for CMake module files
[3.338s] DEBUG:colcon.colcon_core.event_handler.log_command:Invoked command in '/home/shrirag10/LAB4/src/build/imu_msgs' returned '0': CMAKE_PREFIX_PATH=/opt/ros/humble /usr/bin/cmake --install /home/shrirag10/LAB4/src/build/imu_msgs
[3.338s] Level 1:colcon.colcon_core.environment:checking '/home/shrirag10/LAB4/src/install/imu_msgs' for CMake config files
[3.338s] Level 1:colcon.colcon_core.shell:create_environment_hook('imu_msgs', 'cmake_prefix_path')
[3.338s] INFO:colcon.colcon_core.shell:Creating environment hook '/home/shrirag10/LAB4/src/install/imu_msgs/share/imu_msgs/hook/cmake_prefix_path.ps1'
[3.339s] INFO:colcon.colcon_core.shell:Creating environment descriptor '/home/shrirag10/LAB4/src/install/imu_msgs/share/imu_msgs/hook/cmake_prefix_path.dsv'
[3.339s] INFO:colcon.colcon_core.shell:Creating environment hook '/home/shrirag10/LAB4/src/install/imu_msgs/share/imu_msgs/hook/cmake_prefix_path.sh'
[3.339s] Level 1:colcon.colcon_core.environment:checking '/home/shrirag10/LAB4/src/install/imu_msgs/lib'
[3.339s] Level 1:colcon.colcon_core.shell:create_environment_hook('imu_msgs', 'ld_library_path_lib')
[3.339s] INFO:colcon.colcon_core.shell:Creating environment hook '/home/shrirag10/LAB4/src/install/imu_msgs/share/imu_msgs/hook/ld_library_path_lib.ps1'
[3.339s] INFO:colcon.colcon_core.shell:Creating environment descriptor '/home/shrirag10/LAB4/src/install/imu_msgs/share/imu_msgs/hook/ld_library_path_lib.dsv'
[3.340s] INFO:colcon.colcon_core.shell:Creating environment hook '/home/shrirag10/LAB4/src/install/imu_msgs/share/imu_msgs/hook/ld_library_path_lib.sh'
[3.340s] Level 1:colcon.colcon_core.environment:checking '/home/shrirag10/LAB4/src/install/imu_msgs/bin'
[3.340s] Level 1:colcon.colcon_core.environment:checking '/home/shrirag10/LAB4/src/install/imu_msgs/lib/pkgconfig/imu_msgs.pc'
[3.340s] Level 1:colcon.colcon_core.environment:checking '/home/shrirag10/LAB4/src/install/imu_msgs/lib/python3.10/site-packages'
[3.340s] Level 1:colcon.colcon_core.environment:checking '/home/shrirag10/LAB4/src/install/imu_msgs/bin'
[3.340s] INFO:colcon.colcon_core.shell:Creating package script '/home/shrirag10/LAB4/src/install/imu_msgs/share/imu_msgs/package.ps1'
[3.340s] INFO:colcon.colcon_core.shell:Creating package descriptor '/home/shrirag10/LAB4/src/install/imu_msgs/share/imu_msgs/package.dsv'
[3.341s] INFO:colcon.colcon_core.shell:Creating package script '/home/shrirag10/LAB4/src/install/imu_msgs/share/imu_msgs/package.sh'
[3.341s] INFO:colcon.colcon_core.shell:Creating package script '/home/shrirag10/LAB4/src/install/imu_msgs/share/imu_msgs/package.bash'
[3.341s] INFO:colcon.colcon_core.shell:Creating package script '/home/shrirag10/LAB4/src/install/imu_msgs/share/imu_msgs/package.zsh'
[3.341s] Level 1:colcon.colcon_core.environment:create_file_with_runtime_dependencies(/home/shrirag10/LAB4/src/install/imu_msgs/share/colcon-core/packages/imu_msgs)
[3.389s] Level 1:colcon.colcon_core.environment:create_environment_scripts_only(imu_msgs)
[3.389s] Level 1:colcon.colcon_core.environment:checking '/home/shrirag10/LAB4/src/install/imu_msgs' for CMake module files
[3.389s] Level 1:colcon.colcon_core.environment:checking '/home/shrirag10/LAB4/src/install/imu_msgs' for CMake config files
[3.389s] Level 1:colcon.colcon_core.shell:create_environment_hook('imu_msgs', 'cmake_prefix_path')
[3.390s] INFO:colcon.colcon_core.shell:Creating environment hook '/home/shrirag10/LAB4/src/install/imu_msgs/share/imu_msgs/hook/cmake_prefix_path.ps1'
[3.390s] INFO:colcon.colcon_core.shell:Creating environment descriptor '/home/shrirag10/LAB4/src/install/imu_msgs/share/imu_msgs/hook/cmake_prefix_path.dsv'
[3.390s] INFO:colcon.colcon_core.shell:Creating environment hook '/home/shrirag10/LAB4/src/install/imu_msgs/share/imu_msgs/hook/cmake_prefix_path.sh'
[3.390s] Level 1:colcon.colcon_core.environment:checking '/home/shrirag10/LAB4/src/install/imu_msgs/lib'
[3.390s] Level 1:colcon.colcon_core.shell:create_environment_hook('imu_msgs', 'ld_library_path_lib')
[3.390s] INFO:colcon.colcon_core.shell:Creating environment hook '/home/shrirag10/LAB4/src/install/imu_msgs/share/imu_msgs/hook/ld_library_path_lib.ps1'
[3.391s] INFO:colcon.colcon_core.shell:Creating environment descriptor '/home/shrirag10/LAB4/src/install/imu_msgs/share/imu_msgs/hook/ld_library_path_lib.dsv'
[3.391s] INFO:colcon.colcon_core.shell:Creating environment hook '/home/shrirag10/LAB4/src/install/imu_msgs/share/imu_msgs/hook/ld_library_path_lib.sh'
[3.391s] Level 1:colcon.colcon_core.environment:checking '/home/shrirag10/LAB4/src/install/imu_msgs/bin'
[3.391s] Level 1:colcon.colcon_core.environment:checking '/home/shrirag10/LAB4/src/install/imu_msgs/lib/pkgconfig/imu_msgs.pc'
[3.391s] Level 1:colcon.colcon_core.environment:checking '/home/shrirag10/LAB4/src/install/imu_msgs/lib/python3.10/site-packages'
[3.391s] Level 1:colcon.colcon_core.environment:checking '/home/shrirag10/LAB4/src/install/imu_msgs/bin'
[3.392s] INFO:colcon.colcon_core.shell:Creating package script '/home/shrirag10/LAB4/src/install/imu_msgs/share/imu_msgs/package.ps1'
[3.392s] INFO:colcon.colcon_core.shell:Creating package descriptor '/home/shrirag10/LAB4/src/install/imu_msgs/share/imu_msgs/package.dsv'
[3.392s] INFO:colcon.colcon_core.shell:Creating package script '/home/shrirag10/LAB4/src/install/imu_msgs/share/imu_msgs/package.sh'
[3.392s] INFO:colcon.colcon_core.shell:Creating package script '/home/shrirag10/LAB4/src/install/imu_msgs/share/imu_msgs/package.bash'
[3.393s] INFO:colcon.colcon_core.shell:Creating package script '/home/shrirag10/LAB4/src/install/imu_msgs/share/imu_msgs/package.zsh'
[3.393s] Level 1:colcon.colcon_core.environment:create_file_with_runtime_dependencies(/home/shrirag10/LAB4/src/install/imu_msgs/share/colcon-core/packages/imu_msgs)
[3.449s] DEBUG:colcon.colcon_core.event_handler.log_command:Invoking command in '/home/shrirag10/LAB4/src/gps_driver': AMENT_PREFIX_PATH=/home/shrirag10/LAB4/src/install/gps_msgs:${AMENT_PREFIX_PATH} CMAKE_PREFIX_PATH=/home/shrirag10/LAB4/src/install/gps_msgs LD_LIBRARY_PATH=/home/shrirag10/LAB4/src/install/gps_msgs/lib:${LD_LIBRARY_PATH} PYTHONPATH=/home/shrirag10/LAB4/src/build/gps_driver/prefix_override:/usr/lib/python3/dist-packages/colcon_core/task/python/colcon_distutils_commands:/home/shrirag10/LAB4/src/install/gps_driver/lib/python3.10/site-packages:/home/shrirag10/LAB4/src/install/gps_msgs/local/lib/python3.10/dist-packages:${PYTHONPATH} /usr/bin/python3 -W ignore:setup.py install is deprecated setup.py egg_info --egg-base ../build/gps_driver build --build-base /home/shrirag10/LAB4/src/build/gps_driver/build install --record /home/shrirag10/LAB4/src/build/gps_driver/install.log --single-version-externally-managed install_data
[3.623s] Level 1:colcon.colcon_core.environment:checking '/home/shrirag10/LAB4/src/install/gps_driver' for CMake module files
[3.623s] DEBUG:colcon.colcon_core.event_handler.log_command:Invoked command in '/home/shrirag10/LAB4/src/gps_driver' returned '0': AMENT_PREFIX_PATH=/home/shrirag10/LAB4/src/install/gps_msgs:${AMENT_PREFIX_PATH} CMAKE_PREFIX_PATH=/home/shrirag10/LAB4/src/install/gps_msgs LD_LIBRARY_PATH=/home/shrirag10/LAB4/src/install/gps_msgs/lib:${LD_LIBRARY_PATH} PYTHONPATH=/home/shrirag10/LAB4/src/build/gps_driver/prefix_override:/usr/lib/python3/dist-packages/colcon_core/task/python/colcon_distutils_commands:/home/shrirag10/LAB4/src/install/gps_driver/lib/python3.10/site-packages:/home/shrirag10/LAB4/src/install/gps_msgs/local/lib/python3.10/dist-packages:${PYTHONPATH} /usr/bin/python3 -W ignore:setup.py install is deprecated setup.py egg_info --egg-base ../build/gps_driver build --build-base /home/shrirag10/LAB4/src/build/gps_driver/build install --record /home/shrirag10/LAB4/src/build/gps_driver/install.log --single-version-externally-managed install_data
[3.623s] Level 1:colcon.colcon_core.environment:checking '/home/shrirag10/LAB4/src/install/gps_driver' for CMake config files
[3.624s] Level 1:colcon.colcon_core.environment:checking '/home/shrirag10/LAB4/src/install/gps_driver/lib'
[3.624s] Level 1:colcon.colcon_core.environment:checking '/home/shrirag10/LAB4/src/install/gps_driver/bin'
[3.624s] Level 1:colcon.colcon_core.environment:checking '/home/shrirag10/LAB4/src/install/gps_driver/lib/pkgconfig/gps_driver.pc'
[3.624s] Level 1:colcon.colcon_core.environment:checking '/home/shrirag10/LAB4/src/install/gps_driver/lib/python3.10/site-packages'
[3.624s] Level 1:colcon.colcon_core.shell:create_environment_hook('gps_driver', 'pythonpath')
[3.624s] INFO:colcon.colcon_core.shell:Creating environment hook '/home/shrirag10/LAB4/src/install/gps_driver/share/gps_driver/hook/pythonpath.ps1'
[3.624s] INFO:colcon.colcon_core.shell:Creating environment descriptor '/home/shrirag10/LAB4/src/install/gps_driver/share/gps_driver/hook/pythonpath.dsv'
[3.624s] INFO:colcon.colcon_core.shell:Creating environment hook '/home/shrirag10/LAB4/src/install/gps_driver/share/gps_driver/hook/pythonpath.sh'
[3.625s] Level 1:colcon.colcon_core.environment:checking '/home/shrirag10/LAB4/src/install/gps_driver/bin'
[3.625s] Level 1:colcon.colcon_core.environment:create_environment_scripts_only(gps_driver)
[3.625s] INFO:colcon.colcon_core.shell:Creating package script '/home/shrirag10/LAB4/src/install/gps_driver/share/gps_driver/package.ps1'
[3.625s] INFO:colcon.colcon_core.shell:Creating package descriptor '/home/shrirag10/LAB4/src/install/gps_driver/share/gps_driver/package.dsv'
[3.626s] INFO:colcon.colcon_core.shell:Creating package script '/home/shrirag10/LAB4/src/install/gps_driver/share/gps_driver/package.sh'
[3.626s] INFO:colcon.colcon_core.shell:Creating package script '/home/shrirag10/LAB4/src/install/gps_driver/share/gps_driver/package.bash'
[3.626s] INFO:colcon.colcon_core.shell:Creating package script '/home/shrirag10/LAB4/src/install/gps_driver/share/gps_driver/package.zsh'
[3.626s] Level 1:colcon.colcon_core.environment:create_file_with_runtime_dependencies(/home/shrirag10/LAB4/src/install/gps_driver/share/colcon-core/packages/gps_driver)
[3.626s] DEBUG:colcon.colcon_parallel_executor.executor.parallel:closing loop
[3.626s] DEBUG:colcon.colcon_parallel_executor.executor.parallel:loop closed
[3.626s] DEBUG:colcon.colcon_parallel_executor.executor.parallel:run_until_complete finished with '0'
[3.626s] DEBUG:colcon.colcon_core.event_reactor:joining thread
[3.631s] INFO:colcon.colcon_core.plugin_system:Skipping extension 'colcon_notification.desktop_notification.terminal_notifier': Not used on non-Darwin systems
[3.631s] INFO:colcon.colcon_core.plugin_system:Skipping extension 'colcon_notification.desktop_notification.win32': Not used on non-Windows systems
[3.631s] INFO:colcon.colcon_notification.desktop_notification:Sending desktop notification using 'notify2'
[3.641s] DEBUG:colcon.colcon_core.event_reactor:joined thread
[3.641s] INFO:colcon.colcon_core.shell:Creating prefix script '/home/shrirag10/LAB4/src/install/local_setup.ps1'
[3.642s] INFO:colcon.colcon_core.shell:Creating prefix util module '/home/shrirag10/LAB4/src/install/_local_setup_util_ps1.py'
[3.643s] INFO:colcon.colcon_core.shell:Creating prefix chain script '/home/shrirag10/LAB4/src/install/setup.ps1'
[3.643s] INFO:colcon.colcon_core.shell:Creating prefix script '/home/shrirag10/LAB4/src/install/local_setup.sh'
[3.644s] INFO:colcon.colcon_core.shell:Creating prefix util module '/home/shrirag10/LAB4/src/install/_local_setup_util_sh.py'
[3.644s] INFO:colcon.colcon_core.shell:Creating prefix chain script '/home/shrirag10/LAB4/src/install/setup.sh'
[3.645s] INFO:colcon.colcon_core.shell:Creating prefix script '/home/shrirag10/LAB4/src/install/local_setup.bash'
[3.645s] INFO:colcon.colcon_core.shell:Creating prefix chain script '/home/shrirag10/LAB4/src/install/setup.bash'
[3.645s] INFO:colcon.colcon_core.shell:Creating prefix script '/home/shrirag10/LAB4/src/install/local_setup.zsh'
[3.646s] INFO:colcon.colcon_core.shell:Creating prefix chain script '/home/shrirag10/LAB4/src/install/setup.zsh'
