[0.007s] Invoking command in '/home/shrirag10/LAB3/src/imu_msgs/build/imu_msgs': CMAKE_PREFIX_PATH=${CMAKE_PREFIX_PATH}:/home/shrirag10/LAB3-bear/install/imu_driver:/home/shrirag10/LAB3-bear/install/gps_driver:/opt/ros/humble /usr/bin/cmake --build /home/shrirag10/LAB3/src/imu_msgs/build/imu_msgs -- -j16 -l16
[0.055s] [35m[1mConsolidate compiler generated dependencies of target imu_msgs__rosidl_generator_c[0m
[0.066s] [  3%] Built target imu_msgs__cpp
[0.070s] [ 12%] Built target imu_msgs__rosidl_generator_c
[0.083s] [ 12%] Built target ament_cmake_python_copy_imu_msgs
[0.088s] [35m[1mConsolidate compiler generated dependencies of target imu_msgs__rosidl_typesupport_fastrtps_cpp[0m
[0.088s] [35m[1mConsolidate compiler generated dependencies of target imu_msgs__rosidl_typesupport_introspection_cpp[0m
[0.089s] [35m[1mConsolidate compiler generated dependencies of target imu_msgs__rosidl_typesupport_cpp[0m
[0.096s] [35m[1mConsolidate compiler generated dependencies of target imu_msgs__rosidl_typesupport_fastrtps_c[0m
[0.097s] [35m[1mConsolidate compiler generated dependencies of target imu_msgs__rosidl_typesupport_introspection_c[0m
[0.107s] [35m[1mConsolidate compiler generated dependencies of target imu_msgs__rosidl_typesupport_c[0m
[0.118s] [ 22%] Built target imu_msgs__rosidl_typesupport_fastrtps_cpp
[0.120s] [ 32%] Built target imu_msgs__rosidl_typesupport_cpp
[0.123s] [ 41%] Built target imu_msgs__rosidl_typesupport_introspection_cpp
[0.125s] [ 51%] Built target imu_msgs__rosidl_typesupport_fastrtps_c
[0.125s] [ 61%] Built target imu_msgs__rosidl_typesupport_introspection_c
[0.127s] [ 70%] Built target imu_msgs__rosidl_typesupport_c
[0.148s] [ 70%] Built target imu_msgs
[0.164s] [ 74%] Built target imu_msgs__py
[0.173s] [35m[1mConsolidate compiler generated dependencies of target imu_msgs__rosidl_generator_py[0m
[0.183s] [ 80%] Built target imu_msgs__rosidl_generator_py
[0.190s] [35m[1mConsolidate compiler generated dependencies of target imu_msgs__rosidl_typesupport_c__pyext[0m
[0.191s] [35m[1mConsolidate compiler generated dependencies of target imu_msgs__rosidl_typesupport_fastrtps_c__pyext[0m
[0.191s] [35m[1mConsolidate compiler generated dependencies of target imu_msgs__rosidl_typesupport_introspection_c__pyext[0m
[0.199s] [ 87%] Built target imu_msgs__rosidl_typesupport_introspection_c__pyext
[0.200s] [ 93%] Built target imu_msgs__rosidl_typesupport_c__pyext
[0.200s] [100%] Built target imu_msgs__rosidl_typesupport_fastrtps_c__pyext
[0.257s] running egg_info
[0.257s] writing imu_msgs.egg-info/PKG-INFO
[0.257s] writing dependency_links to imu_msgs.egg-info/dependency_links.txt
[0.258s] writing top-level names to imu_msgs.egg-info/top_level.txt
[0.259s] reading manifest file 'imu_msgs.egg-info/SOURCES.txt'
[0.259s] writing manifest file 'imu_msgs.egg-info/SOURCES.txt'
[0.275s] [100%] Built target ament_cmake_python_build_imu_msgs_egg
[0.286s] Invoked command in '/home/shrirag10/LAB3/src/imu_msgs/build/imu_msgs' returned '0': CMAKE_PREFIX_PATH=${CMAKE_PREFIX_PATH}:/home/shrirag10/LAB3-bear/install/imu_driver:/home/shrirag10/LAB3-bear/install/gps_driver:/opt/ros/humble /usr/bin/cmake --build /home/shrirag10/LAB3/src/imu_msgs/build/imu_msgs -- -j16 -l16
[0.349s] Invoking command in '/home/shrirag10/LAB3/src/imu_msgs/build/imu_msgs': CMAKE_PREFIX_PATH=${CMAKE_PREFIX_PATH}:/home/shrirag10/LAB3-bear/install/imu_driver:/home/shrirag10/LAB3-bear/install/gps_driver:/opt/ros/humble /usr/bin/cmake --install /home/shrirag10/LAB3/src/imu_msgs/build/imu_msgs
[0.355s] -- Install configuration: ""
[0.355s] -- Up-to-date: /home/shrirag10/LAB3/src/imu_msgs/install/imu_msgs/share/ament_index/resource_index/rosidl_interfaces/imu_msgs
[0.355s] -- Up-to-date: /home/shrirag10/LAB3/src/imu_msgs/install/imu_msgs/include/imu_msgs/imu_msgs
[0.355s] -- Up-to-date: /home/shrirag10/LAB3/src/imu_msgs/install/imu_msgs/include/imu_msgs/imu_msgs/msg
[0.355s] -- Up-to-date: /home/shrirag10/LAB3/src/imu_msgs/install/imu_msgs/include/imu_msgs/imu_msgs/msg/detail
[0.355s] -- Up-to-date: /home/shrirag10/LAB3/src/imu_msgs/install/imu_msgs/include/imu_msgs/imu_msgs/msg/detail/im_umsg__type_support.h
[0.355s] -- Up-to-date: /home/shrirag10/LAB3/src/imu_msgs/install/imu_msgs/include/imu_msgs/imu_msgs/msg/detail/im_umsg__struct.h
[0.355s] -- Up-to-date: /home/shrirag10/LAB3/src/imu_msgs/install/imu_msgs/include/imu_msgs/imu_msgs/msg/detail/im_umsg__functions.c
[0.355s] -- Up-to-date: /home/shrirag10/LAB3/src/imu_msgs/install/imu_msgs/include/imu_msgs/imu_msgs/msg/detail/im_umsg__functions.h
[0.355s] -- Up-to-date: /home/shrirag10/LAB3/src/imu_msgs/install/imu_msgs/include/imu_msgs/imu_msgs/msg/rosidl_generator_c__visibility_control.h
[0.355s] -- Up-to-date: /home/shrirag10/LAB3/src/imu_msgs/install/imu_msgs/include/imu_msgs/imu_msgs/msg/im_umsg.h
[0.356s] -- Up-to-date: /home/shrirag10/LAB3/src/imu_msgs/install/imu_msgs/share/imu_msgs/environment/library_path.sh
[0.356s] -- Up-to-date: /home/shrirag10/LAB3/src/imu_msgs/install/imu_msgs/share/imu_msgs/environment/library_path.dsv
[0.356s] -- Up-to-date: /home/shrirag10/LAB3/src/imu_msgs/install/imu_msgs/lib/libimu_msgs__rosidl_generator_c.so
[0.356s] -- Up-to-date: /home/shrirag10/LAB3/src/imu_msgs/install/imu_msgs/include/imu_msgs/imu_msgs
[0.356s] -- Up-to-date: /home/shrirag10/LAB3/src/imu_msgs/install/imu_msgs/include/imu_msgs/imu_msgs/msg
[0.356s] -- Up-to-date: /home/shrirag10/LAB3/src/imu_msgs/install/imu_msgs/include/imu_msgs/imu_msgs/msg/detail
[0.356s] -- Up-to-date: /home/shrirag10/LAB3/src/imu_msgs/install/imu_msgs/include/imu_msgs/imu_msgs/msg/detail/im_umsg__rosidl_typesupport_fastrtps_c.h
[0.356s] -- Up-to-date: /home/shrirag10/LAB3/src/imu_msgs/install/imu_msgs/include/imu_msgs/imu_msgs/msg/rosidl_typesupport_fastrtps_c__visibility_control.h
[0.356s] -- Up-to-date: /home/shrirag10/LAB3/src/imu_msgs/install/imu_msgs/lib/libimu_msgs__rosidl_typesupport_fastrtps_c.so
[0.356s] -- Up-to-date: /home/shrirag10/LAB3/src/imu_msgs/install/imu_msgs/include/imu_msgs/imu_msgs
[0.356s] -- Up-to-date: /home/shrirag10/LAB3/src/imu_msgs/install/imu_msgs/include/imu_msgs/imu_msgs/msg
[0.356s] -- Up-to-date: /home/shrirag10/LAB3/src/imu_msgs/install/imu_msgs/include/imu_msgs/imu_msgs/msg/detail
[0.356s] -- Up-to-date: /home/shrirag10/LAB3/src/imu_msgs/install/imu_msgs/include/imu_msgs/imu_msgs/msg/detail/im_umsg__type_support.c
[0.356s] -- Up-to-date: /home/shrirag10/LAB3/src/imu_msgs/install/imu_msgs/include/imu_msgs/imu_msgs/msg/detail/im_umsg__rosidl_typesupport_introspection_c.h
[0.356s] -- Up-to-date: /home/shrirag10/LAB3/src/imu_msgs/install/imu_msgs/include/imu_msgs/imu_msgs/msg/rosidl_typesupport_introspection_c__visibility_control.h
[0.356s] -- Up-to-date: /home/shrirag10/LAB3/src/imu_msgs/install/imu_msgs/lib/libimu_msgs__rosidl_typesupport_introspection_c.so
[0.356s] -- Up-to-date: /home/shrirag10/LAB3/src/imu_msgs/install/imu_msgs/lib/libimu_msgs__rosidl_typesupport_c.so
[0.357s] -- Up-to-date: /home/shrirag10/LAB3/src/imu_msgs/install/imu_msgs/include/imu_msgs/imu_msgs
[0.357s] -- Up-to-date: /home/shrirag10/LAB3/src/imu_msgs/install/imu_msgs/include/imu_msgs/imu_msgs/msg
[0.357s] -- Up-to-date: /home/shrirag10/LAB3/src/imu_msgs/install/imu_msgs/include/imu_msgs/imu_msgs/msg/detail
[0.357s] -- Up-to-date: /home/shrirag10/LAB3/src/imu_msgs/install/imu_msgs/include/imu_msgs/imu_msgs/msg/detail/im_umsg__traits.hpp
[0.357s] -- Up-to-date: /home/shrirag10/LAB3/src/imu_msgs/install/imu_msgs/include/imu_msgs/imu_msgs/msg/detail/im_umsg__builder.hpp
[0.357s] -- Up-to-date: /home/shrirag10/LAB3/src/imu_msgs/install/imu_msgs/include/imu_msgs/imu_msgs/msg/detail/im_umsg__struct.hpp
[0.357s] -- Up-to-date: /home/shrirag10/LAB3/src/imu_msgs/install/imu_msgs/include/imu_msgs/imu_msgs/msg/im_umsg.hpp
[0.357s] -- Up-to-date: /home/shrirag10/LAB3/src/imu_msgs/install/imu_msgs/include/imu_msgs/imu_msgs
[0.357s] -- Up-to-date: /home/shrirag10/LAB3/src/imu_msgs/install/imu_msgs/include/imu_msgs/imu_msgs/msg
[0.357s] -- Up-to-date: /home/shrirag10/LAB3/src/imu_msgs/install/imu_msgs/include/imu_msgs/imu_msgs/msg/detail
[0.357s] -- Up-to-date: /home/shrirag10/LAB3/src/imu_msgs/install/imu_msgs/include/imu_msgs/imu_msgs/msg/detail/dds_fastrtps
[0.357s] -- Up-to-date: /home/shrirag10/LAB3/src/imu_msgs/install/imu_msgs/include/imu_msgs/imu_msgs/msg/detail/im_umsg__rosidl_typesupport_fastrtps_cpp.hpp
[0.357s] -- Up-to-date: /home/shrirag10/LAB3/src/imu_msgs/install/imu_msgs/include/imu_msgs/imu_msgs/msg/rosidl_typesupport_fastrtps_cpp__visibility_control.h
[0.358s] -- Up-to-date: /home/shrirag10/LAB3/src/imu_msgs/install/imu_msgs/lib/libimu_msgs__rosidl_typesupport_fastrtps_cpp.so
[0.358s] -- Up-to-date: /home/shrirag10/LAB3/src/imu_msgs/install/imu_msgs/include/imu_msgs/imu_msgs
[0.358s] -- Up-to-date: /home/shrirag10/LAB3/src/imu_msgs/install/imu_msgs/include/imu_msgs/imu_msgs/msg
[0.358s] -- Up-to-date: /home/shrirag10/LAB3/src/imu_msgs/install/imu_msgs/include/imu_msgs/imu_msgs/msg/detail
[0.358s] -- Up-to-date: /home/shrirag10/LAB3/src/imu_msgs/install/imu_msgs/include/imu_msgs/imu_msgs/msg/detail/im_umsg__type_support.cpp
[0.358s] -- Up-to-date: /home/shrirag10/LAB3/src/imu_msgs/install/imu_msgs/include/imu_msgs/imu_msgs/msg/detail/im_umsg__rosidl_typesupport_introspection_cpp.hpp
[0.358s] -- Up-to-date: /home/shrirag10/LAB3/src/imu_msgs/install/imu_msgs/lib/libimu_msgs__rosidl_typesupport_introspection_cpp.so
[0.358s] -- Up-to-date: /home/shrirag10/LAB3/src/imu_msgs/install/imu_msgs/lib/libimu_msgs__rosidl_typesupport_cpp.so
[0.358s] -- Up-to-date: /home/shrirag10/LAB3/src/imu_msgs/install/imu_msgs/share/imu_msgs/environment/pythonpath.sh
[0.358s] -- Up-to-date: /home/shrirag10/LAB3/src/imu_msgs/install/imu_msgs/share/imu_msgs/environment/pythonpath.dsv
[0.358s] -- Up-to-date: /home/shrirag10/LAB3/src/imu_msgs/install/imu_msgs/local/lib/python3.10/dist-packages/imu_msgs-0.0.0-py3.10.egg-info
[0.359s] -- Installing: /home/shrirag10/LAB3/src/imu_msgs/install/imu_msgs/local/lib/python3.10/dist-packages/imu_msgs-0.0.0-py3.10.egg-info/top_level.txt
[0.359s] -- Installing: /home/shrirag10/LAB3/src/imu_msgs/install/imu_msgs/local/lib/python3.10/dist-packages/imu_msgs-0.0.0-py3.10.egg-info/PKG-INFO
[0.359s] -- Installing: /home/shrirag10/LAB3/src/imu_msgs/install/imu_msgs/local/lib/python3.10/dist-packages/imu_msgs-0.0.0-py3.10.egg-info/SOURCES.txt
[0.359s] -- Installing: /home/shrirag10/LAB3/src/imu_msgs/install/imu_msgs/local/lib/python3.10/dist-packages/imu_msgs-0.0.0-py3.10.egg-info/dependency_links.txt
[0.359s] -- Up-to-date: /home/shrirag10/LAB3/src/imu_msgs/install/imu_msgs/local/lib/python3.10/dist-packages/imu_msgs
[0.359s] -- Up-to-date: /home/shrirag10/LAB3/src/imu_msgs/install/imu_msgs/local/lib/python3.10/dist-packages/imu_msgs/__init__.py
[0.359s] -- Up-to-date: /home/shrirag10/LAB3/src/imu_msgs/install/imu_msgs/local/lib/python3.10/dist-packages/imu_msgs/imu_msgs_s__rosidl_typesupport_c.cpython-310-x86_64-linux-gnu.so
[0.359s] -- Up-to-date: /home/shrirag10/LAB3/src/imu_msgs/install/imu_msgs/local/lib/python3.10/dist-packages/imu_msgs/msg
[0.359s] -- Up-to-date: /home/shrirag10/LAB3/src/imu_msgs/install/imu_msgs/local/lib/python3.10/dist-packages/imu_msgs/msg/__init__.py
[0.359s] -- Up-to-date: /home/shrirag10/LAB3/src/imu_msgs/install/imu_msgs/local/lib/python3.10/dist-packages/imu_msgs/msg/_im_umsg_s.c
[0.359s] -- Up-to-date: /home/shrirag10/LAB3/src/imu_msgs/install/imu_msgs/local/lib/python3.10/dist-packages/imu_msgs/msg/_im_umsg.py
[0.359s] -- Up-to-date: /home/shrirag10/LAB3/src/imu_msgs/install/imu_msgs/local/lib/python3.10/dist-packages/imu_msgs/_imu_msgs_s.ep.rosidl_typesupport_fastrtps_c.c
[0.359s] -- Up-to-date: /home/shrirag10/LAB3/src/imu_msgs/install/imu_msgs/local/lib/python3.10/dist-packages/imu_msgs/libimu_msgs__rosidl_generator_py.so
[0.359s] -- Up-to-date: /home/shrirag10/LAB3/src/imu_msgs/install/imu_msgs/local/lib/python3.10/dist-packages/imu_msgs/_imu_msgs_s.ep.rosidl_typesupport_introspection_c.c
[0.359s] -- Up-to-date: /home/shrirag10/LAB3/src/imu_msgs/install/imu_msgs/local/lib/python3.10/dist-packages/imu_msgs/imu_msgs_s__rosidl_typesupport_fastrtps_c.cpython-310-x86_64-linux-gnu.so
[0.359s] -- Up-to-date: /home/shrirag10/LAB3/src/imu_msgs/install/imu_msgs/local/lib/python3.10/dist-packages/imu_msgs/imu_msgs_s__rosidl_typesupport_introspection_c.cpython-310-x86_64-linux-gnu.so
[0.359s] -- Up-to-date: /home/shrirag10/LAB3/src/imu_msgs/install/imu_msgs/local/lib/python3.10/dist-packages/imu_msgs/_imu_msgs_s.ep.rosidl_typesupport_c.c
[0.391s] Listing '/home/shrirag10/LAB3/src/imu_msgs/install/imu_msgs/local/lib/python3.10/dist-packages/imu_msgs'...
[0.391s] Listing '/home/shrirag10/LAB3/src/imu_msgs/install/imu_msgs/local/lib/python3.10/dist-packages/imu_msgs/msg'...
[0.393s] -- Up-to-date: /home/shrirag10/LAB3/src/imu_msgs/install/imu_msgs/local/lib/python3.10/dist-packages/imu_msgs/imu_msgs_s__rosidl_typesupport_fastrtps_c.cpython-310-x86_64-linux-gnu.so
[0.393s] -- Up-to-date: /home/shrirag10/LAB3/src/imu_msgs/install/imu_msgs/local/lib/python3.10/dist-packages/imu_msgs/imu_msgs_s__rosidl_typesupport_introspection_c.cpython-310-x86_64-linux-gnu.so
[0.393s] -- Up-to-date: /home/shrirag10/LAB3/src/imu_msgs/install/imu_msgs/local/lib/python3.10/dist-packages/imu_msgs/imu_msgs_s__rosidl_typesupport_c.cpython-310-x86_64-linux-gnu.so
[0.394s] -- Up-to-date: /home/shrirag10/LAB3/src/imu_msgs/install/imu_msgs/lib/libimu_msgs__rosidl_generator_py.so
[0.394s] -- Up-to-date: /home/shrirag10/LAB3/src/imu_msgs/install/imu_msgs/share/imu_msgs/msg/IMUmsg.idl
[0.394s] -- Up-to-date: /home/shrirag10/LAB3/src/imu_msgs/install/imu_msgs/share/imu_msgs/msg/IMUmsg.msg
[0.394s] -- Up-to-date: /home/shrirag10/LAB3/src/imu_msgs/install/imu_msgs/share/ament_index/resource_index/package_run_dependencies/imu_msgs
[0.394s] -- Up-to-date: /home/shrirag10/LAB3/src/imu_msgs/install/imu_msgs/share/ament_index/resource_index/parent_prefix_path/imu_msgs
[0.394s] -- Up-to-date: /home/shrirag10/LAB3/src/imu_msgs/install/imu_msgs/share/imu_msgs/environment/ament_prefix_path.sh
[0.394s] -- Up-to-date: /home/shrirag10/LAB3/src/imu_msgs/install/imu_msgs/share/imu_msgs/environment/ament_prefix_path.dsv
[0.394s] -- Up-to-date: /home/shrirag10/LAB3/src/imu_msgs/install/imu_msgs/share/imu_msgs/environment/path.sh
[0.394s] -- Up-to-date: /home/shrirag10/LAB3/src/imu_msgs/install/imu_msgs/share/imu_msgs/environment/path.dsv
[0.394s] -- Up-to-date: /home/shrirag10/LAB3/src/imu_msgs/install/imu_msgs/share/imu_msgs/local_setup.bash
[0.394s] -- Up-to-date: /home/shrirag10/LAB3/src/imu_msgs/install/imu_msgs/share/imu_msgs/local_setup.sh
[0.394s] -- Up-to-date: /home/shrirag10/LAB3/src/imu_msgs/install/imu_msgs/share/imu_msgs/local_setup.zsh
[0.394s] -- Up-to-date: /home/shrirag10/LAB3/src/imu_msgs/install/imu_msgs/share/imu_msgs/local_setup.dsv
[0.394s] -- Installing: /home/shrirag10/LAB3/src/imu_msgs/install/imu_msgs/share/imu_msgs/package.dsv
[0.394s] -- Up-to-date: /home/shrirag10/LAB3/src/imu_msgs/install/imu_msgs/share/ament_index/resource_index/packages/imu_msgs
[0.394s] -- Up-to-date: /home/shrirag10/LAB3/src/imu_msgs/install/imu_msgs/share/imu_msgs/cmake/export_imu_msgs__rosidl_generator_cExport.cmake
[0.394s] -- Up-to-date: /home/shrirag10/LAB3/src/imu_msgs/install/imu_msgs/share/imu_msgs/cmake/export_imu_msgs__rosidl_generator_cExport-noconfig.cmake
[0.394s] -- Up-to-date: /home/shrirag10/LAB3/src/imu_msgs/install/imu_msgs/share/imu_msgs/cmake/export_imu_msgs__rosidl_typesupport_fastrtps_cExport.cmake
[0.394s] -- Up-to-date: /home/shrirag10/LAB3/src/imu_msgs/install/imu_msgs/share/imu_msgs/cmake/export_imu_msgs__rosidl_typesupport_fastrtps_cExport-noconfig.cmake
[0.395s] -- Up-to-date: /home/shrirag10/LAB3/src/imu_msgs/install/imu_msgs/share/imu_msgs/cmake/imu_msgs__rosidl_typesupport_introspection_cExport.cmake
[0.395s] -- Up-to-date: /home/shrirag10/LAB3/src/imu_msgs/install/imu_msgs/share/imu_msgs/cmake/imu_msgs__rosidl_typesupport_introspection_cExport-noconfig.cmake
[0.395s] -- Up-to-date: /home/shrirag10/LAB3/src/imu_msgs/install/imu_msgs/share/imu_msgs/cmake/imu_msgs__rosidl_typesupport_cExport.cmake
[0.395s] -- Up-to-date: /home/shrirag10/LAB3/src/imu_msgs/install/imu_msgs/share/imu_msgs/cmake/imu_msgs__rosidl_typesupport_cExport-noconfig.cmake
[0.395s] -- Up-to-date: /home/shrirag10/LAB3/src/imu_msgs/install/imu_msgs/share/imu_msgs/cmake/export_imu_msgs__rosidl_generator_cppExport.cmake
[0.395s] -- Up-to-date: /home/shrirag10/LAB3/src/imu_msgs/install/imu_msgs/share/imu_msgs/cmake/export_imu_msgs__rosidl_typesupport_fastrtps_cppExport.cmake
[0.395s] -- Up-to-date: /home/shrirag10/LAB3/src/imu_msgs/install/imu_msgs/share/imu_msgs/cmake/export_imu_msgs__rosidl_typesupport_fastrtps_cppExport-noconfig.cmake
[0.395s] -- Up-to-date: /home/shrirag10/LAB3/src/imu_msgs/install/imu_msgs/share/imu_msgs/cmake/imu_msgs__rosidl_typesupport_introspection_cppExport.cmake
[0.395s] -- Up-to-date: /home/shrirag10/LAB3/src/imu_msgs/install/imu_msgs/share/imu_msgs/cmake/imu_msgs__rosidl_typesupport_introspection_cppExport-noconfig.cmake
[0.395s] -- Up-to-date: /home/shrirag10/LAB3/src/imu_msgs/install/imu_msgs/share/imu_msgs/cmake/imu_msgs__rosidl_typesupport_cppExport.cmake
[0.395s] -- Up-to-date: /home/shrirag10/LAB3/src/imu_msgs/install/imu_msgs/share/imu_msgs/cmake/imu_msgs__rosidl_typesupport_cppExport-noconfig.cmake
[0.395s] -- Up-to-date: /home/shrirag10/LAB3/src/imu_msgs/install/imu_msgs/share/imu_msgs/cmake/export_imu_msgs__rosidl_generator_pyExport.cmake
[0.395s] -- Up-to-date: /home/shrirag10/LAB3/src/imu_msgs/install/imu_msgs/share/imu_msgs/cmake/export_imu_msgs__rosidl_generator_pyExport-noconfig.cmake
[0.395s] -- Up-to-date: /home/shrirag10/LAB3/src/imu_msgs/install/imu_msgs/share/imu_msgs/cmake/rosidl_cmake-extras.cmake
[0.395s] -- Up-to-date: /home/shrirag10/LAB3/src/imu_msgs/install/imu_msgs/share/imu_msgs/cmake/ament_cmake_export_dependencies-extras.cmake
[0.395s] -- Up-to-date: /home/shrirag10/LAB3/src/imu_msgs/install/imu_msgs/share/imu_msgs/cmake/ament_cmake_export_include_directories-extras.cmake
[0.395s] -- Up-to-date: /home/shrirag10/LAB3/src/imu_msgs/install/imu_msgs/share/imu_msgs/cmake/ament_cmake_export_libraries-extras.cmake
[0.395s] -- Up-to-date: /home/shrirag10/LAB3/src/imu_msgs/install/imu_msgs/share/imu_msgs/cmake/ament_cmake_export_targets-extras.cmake
[0.395s] -- Up-to-date: /home/shrirag10/LAB3/src/imu_msgs/install/imu_msgs/share/imu_msgs/cmake/rosidl_cmake_export_typesupport_targets-extras.cmake
[0.395s] -- Up-to-date: /home/shrirag10/LAB3/src/imu_msgs/install/imu_msgs/share/imu_msgs/cmake/rosidl_cmake_export_typesupport_libraries-extras.cmake
[0.395s] -- Up-to-date: /home/shrirag10/LAB3/src/imu_msgs/install/imu_msgs/share/imu_msgs/cmake/imu_msgsConfig.cmake
[0.395s] -- Up-to-date: /home/shrirag10/LAB3/src/imu_msgs/install/imu_msgs/share/imu_msgs/cmake/imu_msgsConfig-version.cmake
[0.395s] -- Up-to-date: /home/shrirag10/LAB3/src/imu_msgs/install/imu_msgs/share/imu_msgs/package.xml
[0.396s] Invoked command in '/home/shrirag10/LAB3/src/imu_msgs/build/imu_msgs' returned '0': CMAKE_PREFIX_PATH=${CMAKE_PREFIX_PATH}:/home/shrirag10/LAB3-bear/install/imu_driver:/home/shrirag10/LAB3-bear/install/gps_driver:/opt/ros/humble /usr/bin/cmake --install /home/shrirag10/LAB3/src/imu_msgs/build/imu_msgs
