[0.153s] Invoking command in '/home/shrirag10/LAB3/build/imu_msgs': CMAKE_PREFIX_PATH=/opt/ros/humble /usr/bin/cmake --build /home/shrirag10/LAB3/build/imu_msgs -- -j16 -l16
[0.222s] [  3%] Built target imu_msgs__cpp
[0.228s] [  3%] Built target ament_cmake_python_copy_imu_msgs
[0.235s] [ 12%] Built target imu_msgs__rosidl_generator_c
[0.242s] [ 41%] Built target imu_msgs__rosidl_typesupport_fastrtps_cpp
[0.242s] [ 41%] Built target imu_msgs__rosidl_typesupport_introspection_cpp
[0.242s] [ 41%] Built target imu_msgs__rosidl_typesupport_cpp
[0.253s] [ 51%] Built target imu_msgs__rosidl_typesupport_c
[0.254s] [ 61%] Built target imu_msgs__rosidl_typesupport_fastrtps_c
[0.256s] [ 70%] Built target imu_msgs__rosidl_typesupport_introspection_c
[0.274s] [ 70%] Built target imu_msgs
[0.291s] [ 74%] Built target imu_msgs__py
[0.313s] [ 80%] Built target imu_msgs__rosidl_generator_py
[0.329s] [ 87%] Built target imu_msgs__rosidl_typesupport_introspection_c__pyext
[0.331s] [ 93%] Built target imu_msgs__rosidl_typesupport_c__pyext
[0.332s] [100%] Built target imu_msgs__rosidl_typesupport_fastrtps_c__pyext
[0.364s] running egg_info
[0.364s] writing imu_msgs.egg-info/PKG-INFO
[0.364s] writing dependency_links to imu_msgs.egg-info/dependency_links.txt
[0.365s] writing top-level names to imu_msgs.egg-info/top_level.txt
[0.366s] reading manifest file 'imu_msgs.egg-info/SOURCES.txt'
[0.366s] writing manifest file 'imu_msgs.egg-info/SOURCES.txt'
[0.382s] [100%] Built target ament_cmake_python_build_imu_msgs_egg
[0.389s] Invoked command in '/home/shrirag10/LAB3/build/imu_msgs' returned '0': CMAKE_PREFIX_PATH=/opt/ros/humble /usr/bin/cmake --build /home/shrirag10/LAB3/build/imu_msgs -- -j16 -l16
[0.442s] Invoking command in '/home/shrirag10/LAB3/build/imu_msgs': CMAKE_PREFIX_PATH=/opt/ros/humble /usr/bin/cmake --install /home/shrirag10/LAB3/build/imu_msgs
[0.448s] -- Install configuration: ""
[0.449s] -- Up-to-date: /home/shrirag10/LAB3/install/imu_msgs/share/ament_index/resource_index/rosidl_interfaces/imu_msgs
[0.449s] -- Up-to-date: /home/shrirag10/LAB3/install/imu_msgs/include/imu_msgs/imu_msgs
[0.449s] -- Up-to-date: /home/shrirag10/LAB3/install/imu_msgs/include/imu_msgs/imu_msgs/msg
[0.449s] -- Up-to-date: /home/shrirag10/LAB3/install/imu_msgs/include/imu_msgs/imu_msgs/msg/detail
[0.450s] -- Up-to-date: /home/shrirag10/LAB3/install/imu_msgs/include/imu_msgs/imu_msgs/msg/detail/im_umsg__type_support.h
[0.450s] -- Up-to-date: /home/shrirag10/LAB3/install/imu_msgs/include/imu_msgs/imu_msgs/msg/detail/im_umsg__struct.h
[0.450s] -- Up-to-date: /home/shrirag10/LAB3/install/imu_msgs/include/imu_msgs/imu_msgs/msg/detail/im_umsg__functions.c
[0.450s] -- Up-to-date: /home/shrirag10/LAB3/install/imu_msgs/include/imu_msgs/imu_msgs/msg/detail/im_umsg__functions.h
[0.450s] -- Up-to-date: /home/shrirag10/LAB3/install/imu_msgs/include/imu_msgs/imu_msgs/msg/rosidl_generator_c__visibility_control.h
[0.450s] -- Up-to-date: /home/shrirag10/LAB3/install/imu_msgs/include/imu_msgs/imu_msgs/msg/im_umsg.h
[0.450s] -- Up-to-date: /home/shrirag10/LAB3/install/imu_msgs/share/imu_msgs/environment/library_path.sh
[0.450s] -- Up-to-date: /home/shrirag10/LAB3/install/imu_msgs/share/imu_msgs/environment/library_path.dsv
[0.450s] -- Up-to-date: /home/shrirag10/LAB3/install/imu_msgs/lib/libimu_msgs__rosidl_generator_c.so
[0.450s] -- Up-to-date: /home/shrirag10/LAB3/install/imu_msgs/include/imu_msgs/imu_msgs
[0.450s] -- Up-to-date: /home/shrirag10/LAB3/install/imu_msgs/include/imu_msgs/imu_msgs/msg
[0.450s] -- Up-to-date: /home/shrirag10/LAB3/install/imu_msgs/include/imu_msgs/imu_msgs/msg/detail
[0.450s] -- Up-to-date: /home/shrirag10/LAB3/install/imu_msgs/include/imu_msgs/imu_msgs/msg/detail/im_umsg__rosidl_typesupport_fastrtps_c.h
[0.450s] -- Up-to-date: /home/shrirag10/LAB3/install/imu_msgs/include/imu_msgs/imu_msgs/msg/rosidl_typesupport_fastrtps_c__visibility_control.h
[0.451s] -- Up-to-date: /home/shrirag10/LAB3/install/imu_msgs/lib/libimu_msgs__rosidl_typesupport_fastrtps_c.so
[0.451s] -- Up-to-date: /home/shrirag10/LAB3/install/imu_msgs/include/imu_msgs/imu_msgs
[0.451s] -- Up-to-date: /home/shrirag10/LAB3/install/imu_msgs/include/imu_msgs/imu_msgs/msg
[0.451s] -- Up-to-date: /home/shrirag10/LAB3/install/imu_msgs/include/imu_msgs/imu_msgs/msg/detail
[0.451s] -- Up-to-date: /home/shrirag10/LAB3/install/imu_msgs/include/imu_msgs/imu_msgs/msg/detail/im_umsg__type_support.c
[0.451s] -- Up-to-date: /home/shrirag10/LAB3/install/imu_msgs/include/imu_msgs/imu_msgs/msg/detail/im_umsg__rosidl_typesupport_introspection_c.h
[0.451s] -- Up-to-date: /home/shrirag10/LAB3/install/imu_msgs/include/imu_msgs/imu_msgs/msg/rosidl_typesupport_introspection_c__visibility_control.h
[0.451s] -- Up-to-date: /home/shrirag10/LAB3/install/imu_msgs/lib/libimu_msgs__rosidl_typesupport_introspection_c.so
[0.451s] -- Up-to-date: /home/shrirag10/LAB3/install/imu_msgs/lib/libimu_msgs__rosidl_typesupport_c.so
[0.451s] -- Up-to-date: /home/shrirag10/LAB3/install/imu_msgs/include/imu_msgs/imu_msgs
[0.451s] -- Up-to-date: /home/shrirag10/LAB3/install/imu_msgs/include/imu_msgs/imu_msgs/msg
[0.451s] -- Up-to-date: /home/shrirag10/LAB3/install/imu_msgs/include/imu_msgs/imu_msgs/msg/detail
[0.451s] -- Up-to-date: /home/shrirag10/LAB3/install/imu_msgs/include/imu_msgs/imu_msgs/msg/detail/im_umsg__traits.hpp
[0.451s] -- Up-to-date: /home/shrirag10/LAB3/install/imu_msgs/include/imu_msgs/imu_msgs/msg/detail/im_umsg__builder.hpp
[0.452s] -- Up-to-date: /home/shrirag10/LAB3/install/imu_msgs/include/imu_msgs/imu_msgs/msg/detail/im_umsg__struct.hpp
[0.452s] -- Up-to-date: /home/shrirag10/LAB3/install/imu_msgs/include/imu_msgs/imu_msgs/msg/im_umsg.hpp
[0.452s] -- Up-to-date: /home/shrirag10/LAB3/install/imu_msgs/include/imu_msgs/imu_msgs
[0.452s] -- Up-to-date: /home/shrirag10/LAB3/install/imu_msgs/include/imu_msgs/imu_msgs/msg
[0.452s] -- Up-to-date: /home/shrirag10/LAB3/install/imu_msgs/include/imu_msgs/imu_msgs/msg/detail
[0.452s] -- Up-to-date: /home/shrirag10/LAB3/install/imu_msgs/include/imu_msgs/imu_msgs/msg/detail/dds_fastrtps
[0.452s] -- Up-to-date: /home/shrirag10/LAB3/install/imu_msgs/include/imu_msgs/imu_msgs/msg/detail/im_umsg__rosidl_typesupport_fastrtps_cpp.hpp
[0.452s] -- Up-to-date: /home/shrirag10/LAB3/install/imu_msgs/include/imu_msgs/imu_msgs/msg/rosidl_typesupport_fastrtps_cpp__visibility_control.h
[0.452s] -- Up-to-date: /home/shrirag10/LAB3/install/imu_msgs/lib/libimu_msgs__rosidl_typesupport_fastrtps_cpp.so
[0.452s] -- Up-to-date: /home/shrirag10/LAB3/install/imu_msgs/include/imu_msgs/imu_msgs
[0.452s] -- Up-to-date: /home/shrirag10/LAB3/install/imu_msgs/include/imu_msgs/imu_msgs/msg
[0.452s] -- Up-to-date: /home/shrirag10/LAB3/install/imu_msgs/include/imu_msgs/imu_msgs/msg/detail
[0.452s] -- Up-to-date: /home/shrirag10/LAB3/install/imu_msgs/include/imu_msgs/imu_msgs/msg/detail/im_umsg__type_support.cpp
[0.452s] -- Up-to-date: /home/shrirag10/LAB3/install/imu_msgs/include/imu_msgs/imu_msgs/msg/detail/im_umsg__rosidl_typesupport_introspection_cpp.hpp
[0.452s] -- Up-to-date: /home/shrirag10/LAB3/install/imu_msgs/lib/libimu_msgs__rosidl_typesupport_introspection_cpp.so
[0.453s] -- Up-to-date: /home/shrirag10/LAB3/install/imu_msgs/lib/libimu_msgs__rosidl_typesupport_cpp.so
[0.453s] -- Up-to-date: /home/shrirag10/LAB3/install/imu_msgs/share/imu_msgs/environment/pythonpath.sh
[0.453s] -- Up-to-date: /home/shrirag10/LAB3/install/imu_msgs/share/imu_msgs/environment/pythonpath.dsv
[0.453s] -- Up-to-date: /home/shrirag10/LAB3/install/imu_msgs/local/lib/python3.10/dist-packages/imu_msgs-0.0.0-py3.10.egg-info
[0.453s] -- Installing: /home/shrirag10/LAB3/install/imu_msgs/local/lib/python3.10/dist-packages/imu_msgs-0.0.0-py3.10.egg-info/top_level.txt
[0.453s] -- Installing: /home/shrirag10/LAB3/install/imu_msgs/local/lib/python3.10/dist-packages/imu_msgs-0.0.0-py3.10.egg-info/PKG-INFO
[0.453s] -- Installing: /home/shrirag10/LAB3/install/imu_msgs/local/lib/python3.10/dist-packages/imu_msgs-0.0.0-py3.10.egg-info/SOURCES.txt
[0.453s] -- Installing: /home/shrirag10/LAB3/install/imu_msgs/local/lib/python3.10/dist-packages/imu_msgs-0.0.0-py3.10.egg-info/dependency_links.txt
[0.453s] -- Up-to-date: /home/shrirag10/LAB3/install/imu_msgs/local/lib/python3.10/dist-packages/imu_msgs
[0.453s] -- Up-to-date: /home/shrirag10/LAB3/install/imu_msgs/local/lib/python3.10/dist-packages/imu_msgs/__init__.py
[0.453s] -- Up-to-date: /home/shrirag10/LAB3/install/imu_msgs/local/lib/python3.10/dist-packages/imu_msgs/imu_msgs_s__rosidl_typesupport_c.cpython-310-x86_64-linux-gnu.so
[0.453s] -- Up-to-date: /home/shrirag10/LAB3/install/imu_msgs/local/lib/python3.10/dist-packages/imu_msgs/msg
[0.453s] -- Up-to-date: /home/shrirag10/LAB3/install/imu_msgs/local/lib/python3.10/dist-packages/imu_msgs/msg/__init__.py
[0.453s] -- Up-to-date: /home/shrirag10/LAB3/install/imu_msgs/local/lib/python3.10/dist-packages/imu_msgs/msg/_im_umsg_s.c
[0.454s] -- Up-to-date: /home/shrirag10/LAB3/install/imu_msgs/local/lib/python3.10/dist-packages/imu_msgs/msg/_im_umsg.py
[0.454s] -- Up-to-date: /home/shrirag10/LAB3/install/imu_msgs/local/lib/python3.10/dist-packages/imu_msgs/_imu_msgs_s.ep.rosidl_typesupport_fastrtps_c.c
[0.454s] -- Up-to-date: /home/shrirag10/LAB3/install/imu_msgs/local/lib/python3.10/dist-packages/imu_msgs/libimu_msgs__rosidl_generator_py.so
[0.454s] -- Up-to-date: /home/shrirag10/LAB3/install/imu_msgs/local/lib/python3.10/dist-packages/imu_msgs/_imu_msgs_s.ep.rosidl_typesupport_introspection_c.c
[0.454s] -- Up-to-date: /home/shrirag10/LAB3/install/imu_msgs/local/lib/python3.10/dist-packages/imu_msgs/imu_msgs_s__rosidl_typesupport_fastrtps_c.cpython-310-x86_64-linux-gnu.so
[0.454s] -- Up-to-date: /home/shrirag10/LAB3/install/imu_msgs/local/lib/python3.10/dist-packages/imu_msgs/imu_msgs_s__rosidl_typesupport_introspection_c.cpython-310-x86_64-linux-gnu.so
[0.454s] -- Up-to-date: /home/shrirag10/LAB3/install/imu_msgs/local/lib/python3.10/dist-packages/imu_msgs/_imu_msgs_s.ep.rosidl_typesupport_c.c
[0.475s] Listing '/home/shrirag10/LAB3/install/imu_msgs/local/lib/python3.10/dist-packages/imu_msgs'...
[0.475s] Listing '/home/shrirag10/LAB3/install/imu_msgs/local/lib/python3.10/dist-packages/imu_msgs/msg'...
[0.478s] -- Up-to-date: /home/shrirag10/LAB3/install/imu_msgs/local/lib/python3.10/dist-packages/imu_msgs/imu_msgs_s__rosidl_typesupport_fastrtps_c.cpython-310-x86_64-linux-gnu.so
[0.478s] -- Up-to-date: /home/shrirag10/LAB3/install/imu_msgs/local/lib/python3.10/dist-packages/imu_msgs/imu_msgs_s__rosidl_typesupport_introspection_c.cpython-310-x86_64-linux-gnu.so
[0.478s] -- Up-to-date: /home/shrirag10/LAB3/install/imu_msgs/local/lib/python3.10/dist-packages/imu_msgs/imu_msgs_s__rosidl_typesupport_c.cpython-310-x86_64-linux-gnu.so
[0.478s] -- Up-to-date: /home/shrirag10/LAB3/install/imu_msgs/lib/libimu_msgs__rosidl_generator_py.so
[0.479s] -- Up-to-date: /home/shrirag10/LAB3/install/imu_msgs/share/imu_msgs/msg/IMUmsg.idl
[0.479s] -- Up-to-date: /home/shrirag10/LAB3/install/imu_msgs/share/imu_msgs/msg/IMUmsg.msg
[0.479s] -- Up-to-date: /home/shrirag10/LAB3/install/imu_msgs/share/ament_index/resource_index/package_run_dependencies/imu_msgs
[0.479s] -- Up-to-date: /home/shrirag10/LAB3/install/imu_msgs/share/ament_index/resource_index/parent_prefix_path/imu_msgs
[0.479s] -- Up-to-date: /home/shrirag10/LAB3/install/imu_msgs/share/imu_msgs/environment/ament_prefix_path.sh
[0.479s] -- Up-to-date: /home/shrirag10/LAB3/install/imu_msgs/share/imu_msgs/environment/ament_prefix_path.dsv
[0.479s] -- Up-to-date: /home/shrirag10/LAB3/install/imu_msgs/share/imu_msgs/environment/path.sh
[0.479s] -- Up-to-date: /home/shrirag10/LAB3/install/imu_msgs/share/imu_msgs/environment/path.dsv
[0.479s] -- Up-to-date: /home/shrirag10/LAB3/install/imu_msgs/share/imu_msgs/local_setup.bash
[0.479s] -- Up-to-date: /home/shrirag10/LAB3/install/imu_msgs/share/imu_msgs/local_setup.sh
[0.479s] -- Up-to-date: /home/shrirag10/LAB3/install/imu_msgs/share/imu_msgs/local_setup.zsh
[0.479s] -- Up-to-date: /home/shrirag10/LAB3/install/imu_msgs/share/imu_msgs/local_setup.dsv
[0.479s] -- Installing: /home/shrirag10/LAB3/install/imu_msgs/share/imu_msgs/package.dsv
[0.479s] -- Up-to-date: /home/shrirag10/LAB3/install/imu_msgs/share/ament_index/resource_index/packages/imu_msgs
[0.480s] -- Up-to-date: /home/shrirag10/LAB3/install/imu_msgs/share/imu_msgs/cmake/export_imu_msgs__rosidl_generator_cExport.cmake
[0.480s] -- Up-to-date: /home/shrirag10/LAB3/install/imu_msgs/share/imu_msgs/cmake/export_imu_msgs__rosidl_generator_cExport-noconfig.cmake
[0.480s] -- Up-to-date: /home/shrirag10/LAB3/install/imu_msgs/share/imu_msgs/cmake/export_imu_msgs__rosidl_typesupport_fastrtps_cExport.cmake
[0.480s] -- Up-to-date: /home/shrirag10/LAB3/install/imu_msgs/share/imu_msgs/cmake/export_imu_msgs__rosidl_typesupport_fastrtps_cExport-noconfig.cmake
[0.480s] -- Up-to-date: /home/shrirag10/LAB3/install/imu_msgs/share/imu_msgs/cmake/imu_msgs__rosidl_typesupport_introspection_cExport.cmake
[0.480s] -- Up-to-date: /home/shrirag10/LAB3/install/imu_msgs/share/imu_msgs/cmake/imu_msgs__rosidl_typesupport_introspection_cExport-noconfig.cmake
[0.480s] -- Up-to-date: /home/shrirag10/LAB3/install/imu_msgs/share/imu_msgs/cmake/imu_msgs__rosidl_typesupport_cExport.cmake
[0.480s] -- Up-to-date: /home/shrirag10/LAB3/install/imu_msgs/share/imu_msgs/cmake/imu_msgs__rosidl_typesupport_cExport-noconfig.cmake
[0.481s] -- Up-to-date: /home/shrirag10/LAB3/install/imu_msgs/share/imu_msgs/cmake/export_imu_msgs__rosidl_generator_cppExport.cmake
[0.481s] -- Up-to-date: /home/shrirag10/LAB3/install/imu_msgs/share/imu_msgs/cmake/export_imu_msgs__rosidl_typesupport_fastrtps_cppExport.cmake
[0.481s] -- Up-to-date: /home/shrirag10/LAB3/install/imu_msgs/share/imu_msgs/cmake/export_imu_msgs__rosidl_typesupport_fastrtps_cppExport-noconfig.cmake
[0.481s] -- Up-to-date: /home/shrirag10/LAB3/install/imu_msgs/share/imu_msgs/cmake/imu_msgs__rosidl_typesupport_introspection_cppExport.cmake
[0.481s] -- Up-to-date: /home/shrirag10/LAB3/install/imu_msgs/share/imu_msgs/cmake/imu_msgs__rosidl_typesupport_introspection_cppExport-noconfig.cmake
[0.481s] -- Up-to-date: /home/shrirag10/LAB3/install/imu_msgs/share/imu_msgs/cmake/imu_msgs__rosidl_typesupport_cppExport.cmake
[0.481s] -- Up-to-date: /home/shrirag10/LAB3/install/imu_msgs/share/imu_msgs/cmake/imu_msgs__rosidl_typesupport_cppExport-noconfig.cmake
[0.481s] -- Up-to-date: /home/shrirag10/LAB3/install/imu_msgs/share/imu_msgs/cmake/export_imu_msgs__rosidl_generator_pyExport.cmake
[0.481s] -- Up-to-date: /home/shrirag10/LAB3/install/imu_msgs/share/imu_msgs/cmake/export_imu_msgs__rosidl_generator_pyExport-noconfig.cmake
[0.481s] -- Up-to-date: /home/shrirag10/LAB3/install/imu_msgs/share/imu_msgs/cmake/rosidl_cmake-extras.cmake
[0.481s] -- Up-to-date: /home/shrirag10/LAB3/install/imu_msgs/share/imu_msgs/cmake/ament_cmake_export_dependencies-extras.cmake
[0.482s] -- Up-to-date: /home/shrirag10/LAB3/install/imu_msgs/share/imu_msgs/cmake/ament_cmake_export_include_directories-extras.cmake
[0.482s] -- Up-to-date: /home/shrirag10/LAB3/install/imu_msgs/share/imu_msgs/cmake/ament_cmake_export_libraries-extras.cmake
[0.482s] -- Up-to-date: /home/shrirag10/LAB3/install/imu_msgs/share/imu_msgs/cmake/ament_cmake_export_targets-extras.cmake
[0.482s] -- Up-to-date: /home/shrirag10/LAB3/install/imu_msgs/share/imu_msgs/cmake/rosidl_cmake_export_typesupport_targets-extras.cmake
[0.482s] -- Up-to-date: /home/shrirag10/LAB3/install/imu_msgs/share/imu_msgs/cmake/rosidl_cmake_export_typesupport_libraries-extras.cmake
[0.482s] -- Up-to-date: /home/shrirag10/LAB3/install/imu_msgs/share/imu_msgs/cmake/imu_msgsConfig.cmake
[0.482s] -- Up-to-date: /home/shrirag10/LAB3/install/imu_msgs/share/imu_msgs/cmake/imu_msgsConfig-version.cmake
[0.482s] -- Up-to-date: /home/shrirag10/LAB3/install/imu_msgs/share/imu_msgs/package.xml
[0.483s] Invoked command in '/home/shrirag10/LAB3/build/imu_msgs' returned '0': CMAKE_PREFIX_PATH=/opt/ros/humble /usr/bin/cmake --install /home/shrirag10/LAB3/build/imu_msgs
