[0.342s] Invoking command in '/home/shrirag10/LAB4/src/gps_driver': AMENT_PREFIX_PATH=/home/shrirag10/LAB4/src/install/gps_msgs:${AMENT_PREFIX_PATH} CMAKE_PREFIX_PATH=/home/shrirag10/LAB4/src/install/gps_msgs LD_LIBRARY_PATH=/home/shrirag10/LAB4/src/install/gps_msgs/lib:${LD_LIBRARY_PATH} PYTHONPATH=/home/shrirag10/LAB4/src/build/gps_driver/prefix_override:/usr/lib/python3/dist-packages/colcon_core/task/python/colcon_distutils_commands:/home/shrirag10/LAB4/src/install/gps_driver/lib/python3.10/site-packages:/home/shrirag10/LAB4/src/install/gps_msgs/local/lib/python3.10/dist-packages:${PYTHONPATH} /usr/bin/python3 -W ignore:setup.py install is deprecated setup.py egg_info --egg-base ../build/gps_driver build --build-base /home/shrirag10/LAB4/src/build/gps_driver/build install --record /home/shrirag10/LAB4/src/build/gps_driver/install.log --single-version-externally-managed install_data
[0.482s] running egg_info
[0.482s] creating ../build/gps_driver/gps_driver.egg-info
[0.482s] writing ../build/gps_driver/gps_driver.egg-info/PKG-INFO
[0.482s] writing dependency_links to ../build/gps_driver/gps_driver.egg-info/dependency_links.txt
[0.482s] writing entry points to ../build/gps_driver/gps_driver.egg-info/entry_points.txt
[0.482s] writing requirements to ../build/gps_driver/gps_driver.egg-info/requires.txt
[0.482s] writing top-level names to ../build/gps_driver/gps_driver.egg-info/top_level.txt
[0.482s] writing manifest file '../build/gps_driver/gps_driver.egg-info/SOURCES.txt'
[0.483s] reading manifest file '../build/gps_driver/gps_driver.egg-info/SOURCES.txt'
[0.484s] writing manifest file '../build/gps_driver/gps_driver.egg-info/SOURCES.txt'
[0.484s] running build
[0.484s] running build_py
[0.484s] creating /home/shrirag10/LAB4/src/build/gps_driver/build
[0.484s] creating /home/shrirag10/LAB4/src/build/gps_driver/build/lib
[0.484s] creating /home/shrirag10/LAB4/src/build/gps_driver/build/lib/gps_driver
[0.484s] copying gps_driver/__init__.py -> /home/shrirag10/LAB4/src/build/gps_driver/build/lib/gps_driver
[0.484s] copying gps_driver/driver.py -> /home/shrirag10/LAB4/src/build/gps_driver/build/lib/gps_driver
[0.486s] running install
[0.487s] running install_lib
[0.487s] creating /home/shrirag10/LAB4/src/install/gps_driver/lib/python3.10/site-packages/gps_driver
[0.487s] copying /home/shrirag10/LAB4/src/build/gps_driver/build/lib/gps_driver/__init__.py -> /home/shrirag10/LAB4/src/install/gps_driver/lib/python3.10/site-packages/gps_driver
[0.487s] copying /home/shrirag10/LAB4/src/build/gps_driver/build/lib/gps_driver/driver.py -> /home/shrirag10/LAB4/src/install/gps_driver/lib/python3.10/site-packages/gps_driver
[0.487s] byte-compiling /home/shrirag10/LAB4/src/install/gps_driver/lib/python3.10/site-packages/gps_driver/__init__.py to __init__.cpython-310.pyc
[0.487s] byte-compiling /home/shrirag10/LAB4/src/install/gps_driver/lib/python3.10/site-packages/gps_driver/driver.py to driver.cpython-310.pyc
[0.488s] running install_data
[0.488s] creating /home/shrirag10/LAB4/src/install/gps_driver/share/ament_index
[0.488s] creating /home/shrirag10/LAB4/src/install/gps_driver/share/ament_index/resource_index
[0.488s] creating /home/shrirag10/LAB4/src/install/gps_driver/share/ament_index/resource_index/packages
[0.488s] copying resource/gps_driver -> /home/shrirag10/LAB4/src/install/gps_driver/share/ament_index/resource_index/packages
[0.488s] copying package.xml -> /home/shrirag10/LAB4/src/install/gps_driver/share/gps_driver
[0.488s] creating /home/shrirag10/LAB4/src/install/gps_driver/share/gps_driver/launch
[0.489s] copying launch/gps_launch.py -> /home/shrirag10/LAB4/src/install/gps_driver/share/gps_driver/launch
[0.489s] running install_egg_info
[0.490s] Copying ../build/gps_driver/gps_driver.egg-info to /home/shrirag10/LAB4/src/install/gps_driver/lib/python3.10/site-packages/gps_driver-0.0.1-py3.10.egg-info
[0.490s] running install_scripts
[0.503s] Installing driver script to /home/shrirag10/LAB4/src/install/gps_driver/lib/gps_driver
[0.503s] writing list of installed files to '/home/shrirag10/LAB4/src/build/gps_driver/install.log'
[0.516s] Invoked command in '/home/shrirag10/LAB4/src/gps_driver' returned '0': AMENT_PREFIX_PATH=/home/shrirag10/LAB4/src/install/gps_msgs:${AMENT_PREFIX_PATH} CMAKE_PREFIX_PATH=/home/shrirag10/LAB4/src/install/gps_msgs LD_LIBRARY_PATH=/home/shrirag10/LAB4/src/install/gps_msgs/lib:${LD_LIBRARY_PATH} PYTHONPATH=/home/shrirag10/LAB4/src/build/gps_driver/prefix_override:/usr/lib/python3/dist-packages/colcon_core/task/python/colcon_distutils_commands:/home/shrirag10/LAB4/src/install/gps_driver/lib/python3.10/site-packages:/home/shrirag10/LAB4/src/install/gps_msgs/local/lib/python3.10/dist-packages:${PYTHONPATH} /usr/bin/python3 -W ignore:setup.py install is deprecated setup.py egg_info --egg-base ../build/gps_driver build --build-base /home/shrirag10/LAB4/src/build/gps_driver/build install --record /home/shrirag10/LAB4/src/build/gps_driver/install.log --single-version-externally-managed install_data
