running egg_info
writing ../../build/imu_driver/imu_driver.egg-info/PKG-INFO
writing dependency_links to ../../build/imu_driver/imu_driver.egg-info/dependency_links.txt
writing entry points to ../../build/imu_driver/imu_driver.egg-info/entry_points.txt
writing requirements to ../../build/imu_driver/imu_driver.egg-info/requires.txt
writing top-level names to ../../build/imu_driver/imu_driver.egg-info/top_level.txt
reading manifest file '../../build/imu_driver/imu_driver.egg-info/SOURCES.txt'
adding license file 'LICENSE'
writing manifest file '../../build/imu_driver/imu_driver.egg-info/SOURCES.txt'
running build
running build_py
copying imu_driver/driver.py -> /home/shrirag10/LAB3/build/imu_driver/build/lib/imu_driver
running install
running install_lib
copying /home/shrirag10/LAB3/build/imu_driver/build/lib/imu_driver/driver.py -> /home/shrirag10/LAB3/install/imu_driver/lib/python3.10/site-packages/imu_driver
byte-compiling /home/shrirag10/LAB3/install/imu_driver/lib/python3.10/site-packages/imu_driver/driver.py to driver.cpython-310.pyc
running install_data
running install_egg_info
removing '/home/shrirag10/LAB3/install/imu_driver/lib/python3.10/site-packages/imu_driver-0.0.0-py3.10.egg-info' (and everything under it)
Copying ../../build/imu_driver/imu_driver.egg-info to /home/shrirag10/LAB3/install/imu_driver/lib/python3.10/site-packages/imu_driver-0.0.0-py3.10.egg-info
running install_scripts
Installing imu script to /home/shrirag10/LAB3/install/imu_driver/lib/imu_driver
writing list of installed files to '/home/shrirag10/LAB3/build/imu_driver/install.log'
