[0.060s] DEBUG:colcon:Command line arguments: ['/usr/bin/colcon', 'build']
[0.060s] DEBUG:colcon:Parsed command line arguments: Namespace(log_base=None, log_level=None, verb_name='build', build_base='build', install_base='install', merge_install=False, symlink_install=False, test_result_base=None, continue_on_error=False, executor='parallel', parallel_workers=16, event_handlers=None, ignore_user_meta=False, metas=['./colcon.meta'], base_paths=['.'], packages_ignore=None, packages_ignore_regex=None, paths=None, packages_up_to=None, packages_up_to_regex=None, packages_above=None, packages_above_and_dependencies=None, packages_above_depth=None, packages_select_by_dep=None, packages_skip_by_dep=None, packages_skip_up_to=None, packages_select_build_failed=False, packages_skip_build_finished=False, packages_select_test_failures=False, packages_skip_test_passed=False, packages_select=None, packages_skip=None, packages_select_regex=None, packages_skip_regex=None, packages_start=None, packages_end=None, allow_overriding=[], cmake_args=None, cmake_target=None, cmake_target_skip_unavailable=False, cmake_clean_cache=False, cmake_clean_first=False, cmake_force_configure=False, ament_cmake_args=None, catkin_cmake_args=None, catkin_skip_building_tests=False, verb_parser=<colcon_defaults.argument_parser.defaults.DefaultArgumentsDecorator object at 0x7987c0b4cfd0>, verb_extension=<colcon_core.verb.build.BuildVerb object at 0x7987c0b4c190>, main=<bound method BuildVerb.main of <colcon_core.verb.build.BuildVerb object at 0x7987c0b4c190>>)
[0.148s] Level 1:colcon.colcon_core.package_discovery:discover_packages(colcon_meta) check parameters
[0.148s] Level 1:colcon.colcon_core.package_discovery:discover_packages(recursive) check parameters
[0.148s] Level 1:colcon.colcon_core.package_discovery:discover_packages(ignore) check parameters
[0.148s] Level 1:colcon.colcon_core.package_discovery:discover_packages(path) check parameters
[0.148s] Level 1:colcon.colcon_core.package_discovery:discover_packages(colcon_meta) discover
[0.148s] Level 1:colcon.colcon_core.package_discovery:discover_packages(recursive) discover
[0.148s] INFO:colcon.colcon_core.package_discovery:Crawling recursively for packages in '/home/shrirag10/LAB3/src/imu_msgs'
[0.148s] Level 1:colcon.colcon_core.package_identification:_identify(.) by extensions ['ignore', 'ignore_ament_install']
[0.148s] Level 1:colcon.colcon_core.package_identification:_identify(.) by extension 'ignore'
[0.148s] Level 1:colcon.colcon_core.package_identification:_identify(.) by extension 'ignore_ament_install'
[0.148s] Level 1:colcon.colcon_core.package_identification:_identify(.) by extensions ['colcon_pkg']
[0.148s] Level 1:colcon.colcon_core.package_identification:_identify(.) by extension 'colcon_pkg'
[0.148s] Level 1:colcon.colcon_core.package_identification:_identify(.) by extensions ['colcon_meta']
[0.148s] Level 1:colcon.colcon_core.package_identification:_identify(.) by extension 'colcon_meta'
[0.148s] Level 1:colcon.colcon_core.package_identification:_identify(.) by extensions ['ros']
[0.148s] Level 1:colcon.colcon_core.package_identification:_identify(.) by extension 'ros'
[0.157s] DEBUG:colcon.colcon_core.package_identification:Package '.' with type 'ros.ament_cmake' and name 'imu_msgs'
[0.157s] Level 1:colcon.colcon_core.package_discovery:discover_packages(recursive) using defaults
[0.157s] Level 1:colcon.colcon_core.package_discovery:discover_packages(ignore) discover
[0.157s] Level 1:colcon.colcon_core.package_discovery:discover_packages(ignore) using defaults
[0.157s] Level 1:colcon.colcon_core.package_discovery:discover_packages(path) discover
[0.157s] Level 1:colcon.colcon_core.package_discovery:discover_packages(path) using defaults
[0.169s] Level 1:colcon.colcon_core.package_discovery:discover_packages(prefix_path) check parameters
[0.169s] Level 1:colcon.colcon_core.package_discovery:discover_packages(prefix_path) discover
[0.170s] WARNING:colcon.colcon_core.prefix_path.colcon:The path '/home/shrirag10/LAB3-bear/install' in the environment variable COLCON_PREFIX_PATH doesn't exist
[0.170s] WARNING:colcon.colcon_ros.prefix_path.ament:The path '/home/shrirag10/LAB3-bear/install/imu_msgs' in the environment variable AMENT_PREFIX_PATH doesn't exist
[0.170s] WARNING:colcon.colcon_ros.prefix_path.ament:The path '/home/shrirag10/LAB3-bear/install/imu_driver' in the environment variable AMENT_PREFIX_PATH doesn't exist
[0.170s] WARNING:colcon.colcon_ros.prefix_path.ament:The path '/home/shrirag10/LAB3-bear/install/imu_interfaces' in the environment variable AMENT_PREFIX_PATH doesn't exist
[0.170s] WARNING:colcon.colcon_ros.prefix_path.ament:The path '/home/shrirag10/LAB3-bear/install/gps_driver' in the environment variable AMENT_PREFIX_PATH doesn't exist
[0.170s] WARNING:colcon.colcon_ros.prefix_path.ament:The path '/home/shrirag10/LAB3-bear/install/gps_interfaces' in the environment variable AMENT_PREFIX_PATH doesn't exist
[0.170s] WARNING:colcon.colcon_ros.prefix_path.catkin:The path '/home/shrirag10/LAB3-bear/install/imu_msgs' in the environment variable CMAKE_PREFIX_PATH doesn't exist
[0.170s] WARNING:colcon.colcon_ros.prefix_path.catkin:The path '/home/shrirag10/LAB3-bear/install/imu_interfaces' in the environment variable CMAKE_PREFIX_PATH doesn't exist
[0.170s] WARNING:colcon.colcon_ros.prefix_path.catkin:The path '/home/shrirag10/LAB3-bear/install/gps_interfaces' in the environment variable CMAKE_PREFIX_PATH doesn't exist
[0.171s] DEBUG:colcon.colcon_installed_package_information.package_discovery:Found 271 installed packages in /opt/ros/humble
[0.171s] Level 1:colcon.colcon_core.package_discovery:discover_packages(prefix_path) using defaults
[0.197s] Level 5:colcon.colcon_core.verb:set package 'imu_msgs' build argument 'cmake_args' from command line to 'None'
[0.197s] Level 5:colcon.colcon_core.verb:set package 'imu_msgs' build argument 'cmake_target' from command line to 'None'
[0.197s] Level 5:colcon.colcon_core.verb:set package 'imu_msgs' build argument 'cmake_target_skip_unavailable' from command line to 'False'
[0.197s] Level 5:colcon.colcon_core.verb:set package 'imu_msgs' build argument 'cmake_clean_cache' from command line to 'False'
[0.197s] Level 5:colcon.colcon_core.verb:set package 'imu_msgs' build argument 'cmake_clean_first' from command line to 'False'
[0.197s] Level 5:colcon.colcon_core.verb:set package 'imu_msgs' build argument 'cmake_force_configure' from command line to 'False'
[0.197s] Level 5:colcon.colcon_core.verb:set package 'imu_msgs' build argument 'ament_cmake_args' from command line to 'None'
[0.197s] Level 5:colcon.colcon_core.verb:set package 'imu_msgs' build argument 'catkin_cmake_args' from command line to 'None'
[0.197s] Level 5:colcon.colcon_core.verb:set package 'imu_msgs' build argument 'catkin_skip_building_tests' from command line to 'False'
[0.197s] DEBUG:colcon.colcon_core.verb:Building package 'imu_msgs' with the following arguments: {'ament_cmake_args': None, 'build_base': '/home/shrirag10/LAB3/src/imu_msgs/build/imu_msgs', 'catkin_cmake_args': None, 'catkin_skip_building_tests': False, 'cmake_args': None, 'cmake_clean_cache': False, 'cmake_clean_first': False, 'cmake_force_configure': False, 'cmake_target': None, 'cmake_target_skip_unavailable': False, 'install_base': '/home/shrirag10/LAB3/src/imu_msgs/install/imu_msgs', 'merge_install': False, 'path': '/home/shrirag10/LAB3/src/imu_msgs', 'symlink_install': False, 'test_result_base': None}
[0.197s] INFO:colcon.colcon_core.executor:Executing jobs using 'parallel' executor
[0.198s] DEBUG:colcon.colcon_parallel_executor.executor.parallel:run_until_complete
[0.198s] INFO:colcon.colcon_ros.task.ament_cmake.build:Building ROS package in '/home/shrirag10/LAB3/src/imu_msgs' with build type 'ament_cmake'
[0.198s] INFO:colcon.colcon_cmake.task.cmake.build:Building CMake package in '/home/shrirag10/LAB3/src/imu_msgs'
[0.199s] INFO:colcon.colcon_core.plugin_system:Skipping extension 'colcon_core.shell.bat': Not used on non-Windows systems
[0.199s] INFO:colcon.colcon_core.shell:Skip shell extension 'powershell' for command environment: Not usable outside of PowerShell
[0.199s] DEBUG:colcon.colcon_core.shell:Skip shell extension 'dsv' for command environment
[0.205s] DEBUG:colcon.colcon_core.event_handler.log_command:Invoking command in '/home/shrirag10/LAB3/src/imu_msgs/build/imu_msgs': CMAKE_PREFIX_PATH=${CMAKE_PREFIX_PATH}:/home/shrirag10/LAB3-bear/install/imu_driver:/home/shrirag10/LAB3-bear/install/gps_driver:/opt/ros/humble /usr/bin/cmake /home/shrirag10/LAB3/src/imu_msgs -DCMAKE_INSTALL_PREFIX=/home/shrirag10/LAB3/src/imu_msgs/install/imu_msgs
[1.587s] DEBUG:colcon.colcon_core.event_handler.log_command:Invoked command in '/home/shrirag10/LAB3/src/imu_msgs/build/imu_msgs' returned '0': CMAKE_PREFIX_PATH=${CMAKE_PREFIX_PATH}:/home/shrirag10/LAB3-bear/install/imu_driver:/home/shrirag10/LAB3-bear/install/gps_driver:/opt/ros/humble /usr/bin/cmake /home/shrirag10/LAB3/src/imu_msgs -DCMAKE_INSTALL_PREFIX=/home/shrirag10/LAB3/src/imu_msgs/install/imu_msgs
[1.589s] DEBUG:colcon.colcon_core.event_handler.log_command:Invoking command in '/home/shrirag10/LAB3/src/imu_msgs/build/imu_msgs': CMAKE_PREFIX_PATH=${CMAKE_PREFIX_PATH}:/home/shrirag10/LAB3-bear/install/imu_driver:/home/shrirag10/LAB3-bear/install/gps_driver:/opt/ros/humble /usr/bin/cmake --build /home/shrirag10/LAB3/src/imu_msgs/build/imu_msgs -- -j16 -l16
[2.812s] DEBUG:colcon.colcon_core.event_handler.log_command:Invoked command in '/home/shrirag10/LAB3/src/imu_msgs/build/imu_msgs' returned '0': CMAKE_PREFIX_PATH=${CMAKE_PREFIX_PATH}:/home/shrirag10/LAB3-bear/install/imu_driver:/home/shrirag10/LAB3-bear/install/gps_driver:/opt/ros/humble /usr/bin/cmake --build /home/shrirag10/LAB3/src/imu_msgs/build/imu_msgs -- -j16 -l16
[2.881s] DEBUG:colcon.colcon_core.event_handler.log_command:Invoking command in '/home/shrirag10/LAB3/src/imu_msgs/build/imu_msgs': CMAKE_PREFIX_PATH=${CMAKE_PREFIX_PATH}:/home/shrirag10/LAB3-bear/install/imu_driver:/home/shrirag10/LAB3-bear/install/gps_driver:/opt/ros/humble /usr/bin/cmake --install /home/shrirag10/LAB3/src/imu_msgs/build/imu_msgs
[2.921s] Level 1:colcon.colcon_core.environment:create_environment_scripts_only(imu_msgs)
[2.921s] DEBUG:colcon.colcon_core.event_handler.log_command:Invoked command in '/home/shrirag10/LAB3/src/imu_msgs/build/imu_msgs' returned '0': CMAKE_PREFIX_PATH=${CMAKE_PREFIX_PATH}:/home/shrirag10/LAB3-bear/install/imu_driver:/home/shrirag10/LAB3-bear/install/gps_driver:/opt/ros/humble /usr/bin/cmake --install /home/shrirag10/LAB3/src/imu_msgs/build/imu_msgs
[2.922s] Level 1:colcon.colcon_core.environment:checking '/home/shrirag10/LAB3/src/imu_msgs/install/imu_msgs' for CMake module files
[2.923s] Level 1:colcon.colcon_core.environment:checking '/home/shrirag10/LAB3/src/imu_msgs/install/imu_msgs' for CMake config files
[2.923s] Level 1:colcon.colcon_core.shell:create_environment_hook('imu_msgs', 'cmake_prefix_path')
[2.923s] INFO:colcon.colcon_core.shell:Creating environment hook '/home/shrirag10/LAB3/src/imu_msgs/install/imu_msgs/share/imu_msgs/hook/cmake_prefix_path.ps1'
[2.923s] INFO:colcon.colcon_core.shell:Creating environment descriptor '/home/shrirag10/LAB3/src/imu_msgs/install/imu_msgs/share/imu_msgs/hook/cmake_prefix_path.dsv'
[2.924s] INFO:colcon.colcon_core.shell:Creating environment hook '/home/shrirag10/LAB3/src/imu_msgs/install/imu_msgs/share/imu_msgs/hook/cmake_prefix_path.sh'
[2.924s] Level 1:colcon.colcon_core.environment:checking '/home/shrirag10/LAB3/src/imu_msgs/install/imu_msgs/lib'
[2.925s] Level 1:colcon.colcon_core.shell:create_environment_hook('imu_msgs', 'ld_library_path_lib')
[2.925s] INFO:colcon.colcon_core.shell:Creating environment hook '/home/shrirag10/LAB3/src/imu_msgs/install/imu_msgs/share/imu_msgs/hook/ld_library_path_lib.ps1'
[2.925s] INFO:colcon.colcon_core.shell:Creating environment descriptor '/home/shrirag10/LAB3/src/imu_msgs/install/imu_msgs/share/imu_msgs/hook/ld_library_path_lib.dsv'
[2.925s] INFO:colcon.colcon_core.shell:Creating environment hook '/home/shrirag10/LAB3/src/imu_msgs/install/imu_msgs/share/imu_msgs/hook/ld_library_path_lib.sh'
[2.925s] Level 1:colcon.colcon_core.environment:checking '/home/shrirag10/LAB3/src/imu_msgs/install/imu_msgs/bin'
[2.925s] Level 1:colcon.colcon_core.environment:checking '/home/shrirag10/LAB3/src/imu_msgs/install/imu_msgs/lib/pkgconfig/imu_msgs.pc'
[2.925s] Level 1:colcon.colcon_core.environment:checking '/home/shrirag10/LAB3/src/imu_msgs/install/imu_msgs/lib/python3.10/site-packages'
[2.926s] Level 1:colcon.colcon_core.environment:checking '/home/shrirag10/LAB3/src/imu_msgs/install/imu_msgs/bin'
[2.926s] INFO:colcon.colcon_core.shell:Creating package script '/home/shrirag10/LAB3/src/imu_msgs/install/imu_msgs/share/imu_msgs/package.ps1'
[2.926s] INFO:colcon.colcon_core.shell:Creating package descriptor '/home/shrirag10/LAB3/src/imu_msgs/install/imu_msgs/share/imu_msgs/package.dsv'
[2.926s] INFO:colcon.colcon_core.shell:Creating package script '/home/shrirag10/LAB3/src/imu_msgs/install/imu_msgs/share/imu_msgs/package.sh'
[2.927s] INFO:colcon.colcon_core.shell:Creating package script '/home/shrirag10/LAB3/src/imu_msgs/install/imu_msgs/share/imu_msgs/package.bash'
[2.927s] INFO:colcon.colcon_core.shell:Creating package script '/home/shrirag10/LAB3/src/imu_msgs/install/imu_msgs/share/imu_msgs/package.zsh'
[2.928s] Level 1:colcon.colcon_core.environment:create_file_with_runtime_dependencies(/home/shrirag10/LAB3/src/imu_msgs/install/imu_msgs/share/colcon-core/packages/imu_msgs)
[2.987s] Level 1:colcon.colcon_core.environment:create_environment_scripts_only(imu_msgs)
[2.987s] Level 1:colcon.colcon_core.environment:checking '/home/shrirag10/LAB3/src/imu_msgs/install/imu_msgs' for CMake module files
[2.988s] Level 1:colcon.colcon_core.environment:checking '/home/shrirag10/LAB3/src/imu_msgs/install/imu_msgs' for CMake config files
[2.988s] Level 1:colcon.colcon_core.shell:create_environment_hook('imu_msgs', 'cmake_prefix_path')
[2.988s] INFO:colcon.colcon_core.shell:Creating environment hook '/home/shrirag10/LAB3/src/imu_msgs/install/imu_msgs/share/imu_msgs/hook/cmake_prefix_path.ps1'
[2.988s] INFO:colcon.colcon_core.shell:Creating environment descriptor '/home/shrirag10/LAB3/src/imu_msgs/install/imu_msgs/share/imu_msgs/hook/cmake_prefix_path.dsv'
[2.989s] INFO:colcon.colcon_core.shell:Creating environment hook '/home/shrirag10/LAB3/src/imu_msgs/install/imu_msgs/share/imu_msgs/hook/cmake_prefix_path.sh'
[2.989s] Level 1:colcon.colcon_core.environment:checking '/home/shrirag10/LAB3/src/imu_msgs/install/imu_msgs/lib'
[2.989s] Level 1:colcon.colcon_core.shell:create_environment_hook('imu_msgs', 'ld_library_path_lib')
[2.989s] INFO:colcon.colcon_core.shell:Creating environment hook '/home/shrirag10/LAB3/src/imu_msgs/install/imu_msgs/share/imu_msgs/hook/ld_library_path_lib.ps1'
[2.989s] INFO:colcon.colcon_core.shell:Creating environment descriptor '/home/shrirag10/LAB3/src/imu_msgs/install/imu_msgs/share/imu_msgs/hook/ld_library_path_lib.dsv'
[2.990s] INFO:colcon.colcon_core.shell:Creating environment hook '/home/shrirag10/LAB3/src/imu_msgs/install/imu_msgs/share/imu_msgs/hook/ld_library_path_lib.sh'
[2.990s] Level 1:colcon.colcon_core.environment:checking '/home/shrirag10/LAB3/src/imu_msgs/install/imu_msgs/bin'
[2.990s] Level 1:colcon.colcon_core.environment:checking '/home/shrirag10/LAB3/src/imu_msgs/install/imu_msgs/lib/pkgconfig/imu_msgs.pc'
[2.990s] Level 1:colcon.colcon_core.environment:checking '/home/shrirag10/LAB3/src/imu_msgs/install/imu_msgs/lib/python3.10/site-packages'
[2.990s] Level 1:colcon.colcon_core.environment:checking '/home/shrirag10/LAB3/src/imu_msgs/install/imu_msgs/bin'
[2.990s] INFO:colcon.colcon_core.shell:Creating package script '/home/shrirag10/LAB3/src/imu_msgs/install/imu_msgs/share/imu_msgs/package.ps1'
[2.991s] INFO:colcon.colcon_core.shell:Creating package descriptor '/home/shrirag10/LAB3/src/imu_msgs/install/imu_msgs/share/imu_msgs/package.dsv'
[2.991s] INFO:colcon.colcon_core.shell:Creating package script '/home/shrirag10/LAB3/src/imu_msgs/install/imu_msgs/share/imu_msgs/package.sh'
[2.991s] INFO:colcon.colcon_core.shell:Creating package script '/home/shrirag10/LAB3/src/imu_msgs/install/imu_msgs/share/imu_msgs/package.bash'
[2.991s] INFO:colcon.colcon_core.shell:Creating package script '/home/shrirag10/LAB3/src/imu_msgs/install/imu_msgs/share/imu_msgs/package.zsh'
[2.991s] Level 1:colcon.colcon_core.environment:create_file_with_runtime_dependencies(/home/shrirag10/LAB3/src/imu_msgs/install/imu_msgs/share/colcon-core/packages/imu_msgs)
[2.992s] DEBUG:colcon.colcon_parallel_executor.executor.parallel:closing loop
[2.992s] DEBUG:colcon.colcon_parallel_executor.executor.parallel:loop closed
[2.992s] DEBUG:colcon.colcon_parallel_executor.executor.parallel:run_until_complete finished with '0'
[2.992s] DEBUG:colcon.colcon_core.event_reactor:joining thread
[2.995s] INFO:colcon.colcon_core.plugin_system:Skipping extension 'colcon_notification.desktop_notification.terminal_notifier': Not used on non-Darwin systems
[2.995s] INFO:colcon.colcon_core.plugin_system:Skipping extension 'colcon_notification.desktop_notification.win32': Not used on non-Windows systems
[2.995s] INFO:colcon.colcon_notification.desktop_notification:Sending desktop notification using 'notify2'
[3.004s] DEBUG:colcon.colcon_core.event_reactor:joined thread
[3.004s] INFO:colcon.colcon_core.shell:Creating prefix script '/home/shrirag10/LAB3/src/imu_msgs/install/local_setup.ps1'
[3.005s] INFO:colcon.colcon_core.shell:Creating prefix util module '/home/shrirag10/LAB3/src/imu_msgs/install/_local_setup_util_ps1.py'
[3.007s] INFO:colcon.colcon_core.shell:Creating prefix chain script '/home/shrirag10/LAB3/src/imu_msgs/install/setup.ps1'
[3.008s] INFO:colcon.colcon_core.shell:Creating prefix script '/home/shrirag10/LAB3/src/imu_msgs/install/local_setup.sh'
[3.009s] INFO:colcon.colcon_core.shell:Creating prefix util module '/home/shrirag10/LAB3/src/imu_msgs/install/_local_setup_util_sh.py'
[3.009s] INFO:colcon.colcon_core.shell:Creating prefix chain script '/home/shrirag10/LAB3/src/imu_msgs/install/setup.sh'
[3.010s] INFO:colcon.colcon_core.shell:Creating prefix script '/home/shrirag10/LAB3/src/imu_msgs/install/local_setup.bash'
[3.011s] INFO:colcon.colcon_core.shell:Creating prefix chain script '/home/shrirag10/LAB3/src/imu_msgs/install/setup.bash'
[3.012s] INFO:colcon.colcon_core.shell:Creating prefix script '/home/shrirag10/LAB3/src/imu_msgs/install/local_setup.zsh'
[3.013s] INFO:colcon.colcon_core.shell:Creating prefix chain script '/home/shrirag10/LAB3/src/imu_msgs/install/setup.zsh'
