[0.365s] Invoking command in '/home/shrirag10/LAB4/src/imu_driver': PYTHONPATH=/home/shrirag10/LAB4/src/build/imu_driver/prefix_override:/usr/lib/python3/dist-packages/colcon_core/task/python/colcon_distutils_commands:/home/shrirag10/LAB4/src/install/imu_driver/lib/python3.10/site-packages:${PYTHONPATH} /usr/bin/python3 -W ignore:setup.py install is deprecated setup.py egg_info --egg-base ../build/imu_driver build --build-base /home/shrirag10/LAB4/src/build/imu_driver/build install --record /home/shrirag10/LAB4/src/build/imu_driver/install.log --single-version-externally-managed install_data
[0.496s] running egg_info
[0.496s] creating ../build/imu_driver/imu_driver.egg-info
[0.496s] writing ../build/imu_driver/imu_driver.egg-info/PKG-INFO
[0.496s] writing dependency_links to ../build/imu_driver/imu_driver.egg-info/dependency_links.txt
[0.496s] writing entry points to ../build/imu_driver/imu_driver.egg-info/entry_points.txt
[0.496s] writing requirements to ../build/imu_driver/imu_driver.egg-info/requires.txt
[0.496s] writing top-level names to ../build/imu_driver/imu_driver.egg-info/top_level.txt
[0.496s] writing manifest file '../build/imu_driver/imu_driver.egg-info/SOURCES.txt'
[0.497s] reading manifest file '../build/imu_driver/imu_driver.egg-info/SOURCES.txt'
[0.497s] adding license file 'LICENSE'
[0.498s] writing manifest file '../build/imu_driver/imu_driver.egg-info/SOURCES.txt'
[0.498s] running build
[0.498s] running build_py
[0.498s] creating /home/shrirag10/LAB4/src/build/imu_driver/build
[0.498s] creating /home/shrirag10/LAB4/src/build/imu_driver/build/lib
[0.498s] creating /home/shrirag10/LAB4/src/build/imu_driver/build/lib/imu_driver
[0.498s] copying imu_driver/__init__.py -> /home/shrirag10/LAB4/src/build/imu_driver/build/lib/imu_driver
[0.498s] copying imu_driver/driver.py -> /home/shrirag10/LAB4/src/build/imu_driver/build/lib/imu_driver
[0.499s] running install
[0.499s] running install_lib
[0.499s] creating /home/shrirag10/LAB4/src/install/imu_driver/lib/python3.10/site-packages/imu_driver
[0.499s] copying /home/shrirag10/LAB4/src/build/imu_driver/build/lib/imu_driver/__init__.py -> /home/shrirag10/LAB4/src/install/imu_driver/lib/python3.10/site-packages/imu_driver
[0.499s] copying /home/shrirag10/LAB4/src/build/imu_driver/build/lib/imu_driver/driver.py -> /home/shrirag10/LAB4/src/install/imu_driver/lib/python3.10/site-packages/imu_driver
[0.499s] byte-compiling /home/shrirag10/LAB4/src/install/imu_driver/lib/python3.10/site-packages/imu_driver/__init__.py to __init__.cpython-310.pyc
[0.499s] byte-compiling /home/shrirag10/LAB4/src/install/imu_driver/lib/python3.10/site-packages/imu_driver/driver.py to driver.cpython-310.pyc
[0.500s] running install_data
[0.500s] creating /home/shrirag10/LAB4/src/install/imu_driver/share/ament_index
[0.500s] creating /home/shrirag10/LAB4/src/install/imu_driver/share/ament_index/resource_index
[0.500s] creating /home/shrirag10/LAB4/src/install/imu_driver/share/ament_index/resource_index/packages
[0.500s] copying resource/imu_driver -> /home/shrirag10/LAB4/src/install/imu_driver/share/ament_index/resource_index/packages
[0.500s] copying package.xml -> /home/shrirag10/LAB4/src/install/imu_driver/share/imu_driver
[0.501s] copying launch/imu_launch.py -> /home/shrirag10/LAB4/src/install/imu_driver/share/imu_driver
[0.501s] copying launch/gps_imu_launch.py -> /home/shrirag10/LAB4/src/install/imu_driver/share/imu_driver
[0.501s] running install_egg_info
[0.502s] Copying ../build/imu_driver/imu_driver.egg-info to /home/shrirag10/LAB4/src/install/imu_driver/lib/python3.10/site-packages/imu_driver-0.0.0-py3.10.egg-info
[0.502s] running install_scripts
[0.515s] Installing imu script to /home/shrirag10/LAB4/src/install/imu_driver/lib/imu_driver
[0.515s] writing list of installed files to '/home/shrirag10/LAB4/src/build/imu_driver/install.log'
[0.529s] Invoked command in '/home/shrirag10/LAB4/src/imu_driver' returned '0': PYTHONPATH=/home/shrirag10/LAB4/src/build/imu_driver/prefix_override:/usr/lib/python3/dist-packages/colcon_core/task/python/colcon_distutils_commands:/home/shrirag10/LAB4/src/install/imu_driver/lib/python3.10/site-packages:${PYTHONPATH} /usr/bin/python3 -W ignore:setup.py install is deprecated setup.py egg_info --egg-base ../build/imu_driver build --build-base /home/shrirag10/LAB4/src/build/imu_driver/build install --record /home/shrirag10/LAB4/src/build/imu_driver/install.log --single-version-externally-managed install_data
