[0.152s] Invoking command in '/home/shrirag10/LAB4/build/imu_msgs': CMAKE_PREFIX_PATH=/opt/ros/humble /usr/bin/cmake /home/shrirag10/LAB4/src/imu_msgs -DCMAKE_INSTALL_PREFIX=/home/shrirag10/LAB4/install/imu_msgs
[0.194s] -- The C compiler identification is GNU 11.4.0
[0.234s] -- The CXX compiler identification is GNU 11.4.0
[0.239s] -- Detecting C compiler ABI info
[0.292s] -- Detecting C compiler ABI info - done
[0.297s] -- Check for working C compiler: /usr/bin/cc - skipped
[0.297s] -- Detecting C compile features
[0.297s] -- Detecting C compile features - done
[0.299s] -- Detecting CXX compiler ABI info
[0.358s] -- Detecting CXX compiler ABI info - done
[0.365s] -- Check for working CXX compiler: /usr/bin/c++ - skipped
[0.365s] -- Detecting CXX compile features
[0.365s] -- Detecting CXX compile features - done
[0.367s] -- Found ament_cmake: 1.3.10 (/opt/ros/humble/share/ament_cmake/cmake)
[0.474s] -- Found Python3: /usr/bin/python3 (found version "3.10.12") found components: Interpreter 
[0.532s] -- Found rosidl_default_generators: 1.2.0 (/opt/ros/humble/share/rosidl_default_generators/cmake)
[0.535s] -- Using all available rosidl_typesupport_c: rosidl_typesupport_fastrtps_c;rosidl_typesupport_introspection_c
[0.538s] -- Found rosidl_adapter: 3.1.5 (/opt/ros/humble/share/rosidl_adapter/cmake)
[0.561s] -- Using all available rosidl_typesupport_cpp: rosidl_typesupport_fastrtps_cpp;rosidl_typesupport_introspection_cpp
[0.580s] -- Found std_msgs: 4.2.4 (/opt/ros/humble/share/std_msgs/cmake)
[0.595s] -- Found sensor_msgs: 4.2.4 (/opt/ros/humble/share/sensor_msgs/cmake)
[0.813s] -- Found ament_cmake_ros: 0.10.0 (/opt/ros/humble/share/ament_cmake_ros/cmake)
[1.001s] -- Using all available rosidl_typesupport_c: rosidl_typesupport_fastrtps_c;rosidl_typesupport_introspection_c
[1.260s] -- Using all available rosidl_typesupport_cpp: rosidl_typesupport_fastrtps_cpp;rosidl_typesupport_introspection_cpp
[1.275s] -- Found PythonInterp: /usr/bin/python3 (found suitable version "3.10.12", minimum required is "3.6") 
[1.275s] -- Found python_cmake_module: 0.10.0 (/opt/ros/humble/share/python_cmake_module/cmake)
[1.293s] -- Found PythonLibs: /usr/lib/x86_64-linux-gnu/libpython3.10.so (found suitable version "3.10.12", minimum required is "3.5") 
[1.293s] -- Using PYTHON_EXECUTABLE: /usr/bin/python3
[1.293s] -- Using PYTHON_INCLUDE_DIRS: /usr/include/python3.10
[1.293s] -- Using PYTHON_LIBRARIES: /usr/lib/x86_64-linux-gnu/libpython3.10.so
[1.314s] -- Found PythonExtra: .so  
[1.361s] -- Found ament_lint_auto: 0.12.11 (/opt/ros/humble/share/ament_lint_auto/cmake)
[1.389s] -- Added test 'cppcheck' to perform static code analysis on C / C++ code
[1.390s] -- Configured cppcheck include dirs: 
[1.390s] -- Configured cppcheck exclude dirs and/or files: 
[1.393s] -- Added test 'flake8' to check Python code syntax and style conventions
[1.398s] -- Added test 'lint_cmake' to check CMake code style
[1.401s] -- Added test 'pep257' to check Python code against some of the docstring style conventions in PEP 257
[1.423s] -- Added test 'uncrustify' to check C / C++ code style
[1.423s] -- Configured uncrustify additional arguments: 
[1.426s] -- Added test 'xmllint' to check XML markup files
[1.427s] -- Configuring done
[1.447s] -- Generating done
[1.448s] -- Build files have been written to: /home/shrirag10/LAB4/build/imu_msgs
[1.454s] Invoked command in '/home/shrirag10/LAB4/build/imu_msgs' returned '0': CMAKE_PREFIX_PATH=/opt/ros/humble /usr/bin/cmake /home/shrirag10/LAB4/src/imu_msgs -DCMAKE_INSTALL_PREFIX=/home/shrirag10/LAB4/install/imu_msgs
[1.456s] Invoking command in '/home/shrirag10/LAB4/build/imu_msgs': CMAKE_PREFIX_PATH=/opt/ros/humble /usr/bin/cmake --build /home/shrirag10/LAB4/build/imu_msgs -- -j16 -l16
[1.485s] [  3%] [34m[1mGenerating C code for ROS interfaces[0m
[1.491s] [  3%] Built target ament_cmake_python_copy_imu_msgs
[1.495s] [  6%] [34m[1mGenerating C++ code for ROS interfaces[0m
[1.632s] running egg_info
[1.633s] creating imu_msgs.egg-info
[1.633s] writing imu_msgs.egg-info/PKG-INFO
[1.633s] writing dependency_links to imu_msgs.egg-info/dependency_links.txt
[1.633s] writing top-level names to imu_msgs.egg-info/top_level.txt
[1.633s] writing manifest file 'imu_msgs.egg-info/SOURCES.txt'
[1.634s] reading manifest file 'imu_msgs.egg-info/SOURCES.txt'
[1.635s] writing manifest file 'imu_msgs.egg-info/SOURCES.txt'
[1.656s] [  6%] Built target ament_cmake_python_build_imu_msgs_egg
[1.664s] [  6%] Built target imu_msgs__cpp
[1.670s] [  9%] [34m[1mGenerating C++ type support dispatch for ROS interfaces[0m
[1.671s] [ 12%] [34m[1mGenerating C++ introspection for ROS interfaces[0m
[1.672s] [ 16%] [34m[1mGenerating C++ type support for eProsima Fast-RTPS[0m
[1.678s] [ 19%] [32mBuilding C object CMakeFiles/imu_msgs__rosidl_generator_c.dir/rosidl_generator_c/imu_msgs/msg/detail/im_umsg__functions.c.o[0m
[1.718s] [ 22%] [32m[1mLinking C shared library libimu_msgs__rosidl_generator_c.so[0m
[1.749s] [ 22%] Built target imu_msgs__rosidl_generator_c
[1.755s] [ 29%] [34m[1mGenerating C introspection for ROS interfaces[0m
[1.755s] [ 29%] [34m[1mGenerating C type support dispatch for ROS interfaces[0m
[1.758s] [ 32%] [34m[1mGenerating C type support for eProsima Fast-RTPS[0m
[1.813s] [ 35%] [32mBuilding CXX object CMakeFiles/imu_msgs__rosidl_typesupport_cpp.dir/rosidl_typesupport_cpp/imu_msgs/msg/im_umsg__type_support.cpp.o[0m
[1.823s] [ 38%] [32mBuilding CXX object CMakeFiles/imu_msgs__rosidl_typesupport_fastrtps_cpp.dir/rosidl_typesupport_fastrtps_cpp/imu_msgs/msg/detail/dds_fastrtps/im_umsg__type_support.cpp.o[0m
[1.835s] [ 41%] [32mBuilding CXX object CMakeFiles/imu_msgs__rosidl_typesupport_introspection_cpp.dir/rosidl_typesupport_introspection_cpp/imu_msgs/msg/detail/im_umsg__type_support.cpp.o[0m
[1.894s] [ 45%] [32mBuilding CXX object CMakeFiles/imu_msgs__rosidl_typesupport_c.dir/rosidl_typesupport_c/imu_msgs/msg/im_umsg__type_support.cpp.o[0m
[1.904s] [ 48%] [32mBuilding C object CMakeFiles/imu_msgs__rosidl_typesupport_introspection_c.dir/rosidl_typesupport_introspection_c/imu_msgs/msg/detail/im_umsg__type_support.c.o[0m
[1.915s] [ 51%] [32m[1mLinking CXX shared library libimu_msgs__rosidl_typesupport_c.so[0m
[1.919s] [ 54%] [32mBuilding CXX object CMakeFiles/imu_msgs__rosidl_typesupport_fastrtps_c.dir/rosidl_typesupport_fastrtps_c/imu_msgs/msg/detail/im_umsg__type_support_c.cpp.o[0m
[1.926s] [ 58%] [32m[1mLinking C shared library libimu_msgs__rosidl_typesupport_introspection_c.so[0m
[1.944s] [ 58%] Built target imu_msgs__rosidl_typesupport_c
[1.951s] [ 58%] Built target imu_msgs__rosidl_typesupport_introspection_c
[2.041s] [ 61%] [32m[1mLinking CXX shared library libimu_msgs__rosidl_typesupport_cpp.so[0m
[2.062s] [ 64%] [32m[1mLinking CXX shared library libimu_msgs__rosidl_typesupport_fastrtps_cpp.so[0m
[2.069s] [ 67%] [32m[1mLinking CXX shared library libimu_msgs__rosidl_typesupport_introspection_cpp.so[0m
[2.083s] [ 67%] Built target imu_msgs__rosidl_typesupport_cpp
[2.115s] [ 67%] Built target imu_msgs__rosidl_typesupport_introspection_cpp
[2.115s] [ 67%] Built target imu_msgs__rosidl_typesupport_fastrtps_cpp
[2.119s] [ 70%] [32m[1mLinking CXX shared library libimu_msgs__rosidl_typesupport_fastrtps_c.so[0m
[2.168s] [ 70%] Built target imu_msgs__rosidl_typesupport_fastrtps_c
[2.184s] [ 70%] Built target imu_msgs
[2.202s] [ 74%] [34m[1mGenerating Python code for ROS interfaces[0m
[2.382s] [ 74%] Built target imu_msgs__py
[2.398s] [ 77%] [32mBuilding C object CMakeFiles/imu_msgs__rosidl_generator_py.dir/rosidl_generator_py/imu_msgs/msg/_im_umsg_s.c.o[0m
[2.468s] [ 80%] [32m[1mLinking C shared library rosidl_generator_py/imu_msgs/libimu_msgs__rosidl_generator_py.so[0m
[2.499s] [ 80%] Built target imu_msgs__rosidl_generator_py
[2.513s] [ 87%] [32mBuilding C object CMakeFiles/imu_msgs__rosidl_typesupport_fastrtps_c__pyext.dir/rosidl_generator_py/imu_msgs/_imu_msgs_s.ep.rosidl_typesupport_fastrtps_c.c.o[0m
[2.513s] [ 87%] [32mBuilding C object CMakeFiles/imu_msgs__rosidl_typesupport_introspection_c__pyext.dir/rosidl_generator_py/imu_msgs/_imu_msgs_s.ep.rosidl_typesupport_introspection_c.c.o[0m
[2.515s] [ 90%] [32mBuilding C object CMakeFiles/imu_msgs__rosidl_typesupport_c__pyext.dir/rosidl_generator_py/imu_msgs/_imu_msgs_s.ep.rosidl_typesupport_c.c.o[0m
[2.574s] [ 93%] [32m[1mLinking C shared library rosidl_generator_py/imu_msgs/imu_msgs_s__rosidl_typesupport_fastrtps_c.cpython-310-x86_64-linux-gnu.so[0m
[2.575s] [ 96%] [32m[1mLinking C shared library rosidl_generator_py/imu_msgs/imu_msgs_s__rosidl_typesupport_introspection_c.cpython-310-x86_64-linux-gnu.so[0m
[2.577s] [100%] [32m[1mLinking C shared library rosidl_generator_py/imu_msgs/imu_msgs_s__rosidl_typesupport_c.cpython-310-x86_64-linux-gnu.so[0m
[2.603s] [100%] Built target imu_msgs__rosidl_typesupport_fastrtps_c__pyext
[2.603s] [100%] Built target imu_msgs__rosidl_typesupport_introspection_c__pyext
[2.603s] [100%] Built target imu_msgs__rosidl_typesupport_c__pyext
[2.614s] Invoked command in '/home/shrirag10/LAB4/build/imu_msgs' returned '0': CMAKE_PREFIX_PATH=/opt/ros/humble /usr/bin/cmake --build /home/shrirag10/LAB4/build/imu_msgs -- -j16 -l16
[2.660s] Invoking command in '/home/shrirag10/LAB4/build/imu_msgs': CMAKE_PREFIX_PATH=/opt/ros/humble /usr/bin/cmake --install /home/shrirag10/LAB4/build/imu_msgs
[2.665s] -- Install configuration: ""
[2.665s] -- Installing: /home/shrirag10/LAB4/install/imu_msgs/share/ament_index/resource_index/rosidl_interfaces/imu_msgs
[2.665s] -- Installing: /home/shrirag10/LAB4/install/imu_msgs/include/imu_msgs/imu_msgs
[2.666s] -- Installing: /home/shrirag10/LAB4/install/imu_msgs/include/imu_msgs/imu_msgs/msg
[2.666s] -- Installing: /home/shrirag10/LAB4/install/imu_msgs/include/imu_msgs/imu_msgs/msg/detail
[2.666s] -- Installing: /home/shrirag10/LAB4/install/imu_msgs/include/imu_msgs/imu_msgs/msg/detail/im_umsg__type_support.h
[2.666s] -- Installing: /home/shrirag10/LAB4/install/imu_msgs/include/imu_msgs/imu_msgs/msg/detail/im_umsg__struct.h
[2.666s] -- Installing: /home/shrirag10/LAB4/install/imu_msgs/include/imu_msgs/imu_msgs/msg/detail/im_umsg__functions.c
[2.666s] -- Installing: /home/shrirag10/LAB4/install/imu_msgs/include/imu_msgs/imu_msgs/msg/detail/im_umsg__functions.h
[2.666s] -- Installing: /home/shrirag10/LAB4/install/imu_msgs/include/imu_msgs/imu_msgs/msg/rosidl_generator_c__visibility_control.h
[2.666s] -- Installing: /home/shrirag10/LAB4/install/imu_msgs/include/imu_msgs/imu_msgs/msg/im_umsg.h
[2.666s] -- Installing: /home/shrirag10/LAB4/install/imu_msgs/share/imu_msgs/environment/library_path.sh
[2.666s] -- Installing: /home/shrirag10/LAB4/install/imu_msgs/share/imu_msgs/environment/library_path.dsv
[2.666s] -- Installing: /home/shrirag10/LAB4/install/imu_msgs/lib/libimu_msgs__rosidl_generator_c.so
[2.666s] -- Set runtime path of "/home/shrirag10/LAB4/install/imu_msgs/lib/libimu_msgs__rosidl_generator_c.so" to ""
[2.666s] -- Up-to-date: /home/shrirag10/LAB4/install/imu_msgs/include/imu_msgs/imu_msgs
[2.666s] -- Up-to-date: /home/shrirag10/LAB4/install/imu_msgs/include/imu_msgs/imu_msgs/msg
[2.666s] -- Up-to-date: /home/shrirag10/LAB4/install/imu_msgs/include/imu_msgs/imu_msgs/msg/detail
[2.666s] -- Installing: /home/shrirag10/LAB4/install/imu_msgs/include/imu_msgs/imu_msgs/msg/detail/im_umsg__rosidl_typesupport_fastrtps_c.h
[2.666s] -- Installing: /home/shrirag10/LAB4/install/imu_msgs/include/imu_msgs/imu_msgs/msg/rosidl_typesupport_fastrtps_c__visibility_control.h
[2.666s] -- Installing: /home/shrirag10/LAB4/install/imu_msgs/lib/libimu_msgs__rosidl_typesupport_fastrtps_c.so
[2.666s] -- Set runtime path of "/home/shrirag10/LAB4/install/imu_msgs/lib/libimu_msgs__rosidl_typesupport_fastrtps_c.so" to ""
[2.666s] -- Up-to-date: /home/shrirag10/LAB4/install/imu_msgs/include/imu_msgs/imu_msgs
[2.666s] -- Up-to-date: /home/shrirag10/LAB4/install/imu_msgs/include/imu_msgs/imu_msgs/msg
[2.666s] -- Up-to-date: /home/shrirag10/LAB4/install/imu_msgs/include/imu_msgs/imu_msgs/msg/detail
[2.666s] -- Installing: /home/shrirag10/LAB4/install/imu_msgs/include/imu_msgs/imu_msgs/msg/detail/im_umsg__type_support.c
[2.666s] -- Installing: /home/shrirag10/LAB4/install/imu_msgs/include/imu_msgs/imu_msgs/msg/detail/im_umsg__rosidl_typesupport_introspection_c.h
[2.666s] -- Installing: /home/shrirag10/LAB4/install/imu_msgs/include/imu_msgs/imu_msgs/msg/rosidl_typesupport_introspection_c__visibility_control.h
[2.666s] -- Installing: /home/shrirag10/LAB4/install/imu_msgs/lib/libimu_msgs__rosidl_typesupport_introspection_c.so
[2.667s] -- Set runtime path of "/home/shrirag10/LAB4/install/imu_msgs/lib/libimu_msgs__rosidl_typesupport_introspection_c.so" to ""
[2.667s] -- Installing: /home/shrirag10/LAB4/install/imu_msgs/lib/libimu_msgs__rosidl_typesupport_c.so
[2.667s] -- Set runtime path of "/home/shrirag10/LAB4/install/imu_msgs/lib/libimu_msgs__rosidl_typesupport_c.so" to ""
[2.667s] -- Up-to-date: /home/shrirag10/LAB4/install/imu_msgs/include/imu_msgs/imu_msgs
[2.667s] -- Up-to-date: /home/shrirag10/LAB4/install/imu_msgs/include/imu_msgs/imu_msgs/msg
[2.667s] -- Up-to-date: /home/shrirag10/LAB4/install/imu_msgs/include/imu_msgs/imu_msgs/msg/detail
[2.667s] -- Installing: /home/shrirag10/LAB4/install/imu_msgs/include/imu_msgs/imu_msgs/msg/detail/im_umsg__traits.hpp
[2.667s] -- Installing: /home/shrirag10/LAB4/install/imu_msgs/include/imu_msgs/imu_msgs/msg/detail/im_umsg__builder.hpp
[2.667s] -- Installing: /home/shrirag10/LAB4/install/imu_msgs/include/imu_msgs/imu_msgs/msg/detail/im_umsg__struct.hpp
[2.667s] -- Installing: /home/shrirag10/LAB4/install/imu_msgs/include/imu_msgs/imu_msgs/msg/im_umsg.hpp
[2.667s] -- Up-to-date: /home/shrirag10/LAB4/install/imu_msgs/include/imu_msgs/imu_msgs
[2.667s] -- Up-to-date: /home/shrirag10/LAB4/install/imu_msgs/include/imu_msgs/imu_msgs/msg
[2.667s] -- Up-to-date: /home/shrirag10/LAB4/install/imu_msgs/include/imu_msgs/imu_msgs/msg/detail
[2.667s] -- Installing: /home/shrirag10/LAB4/install/imu_msgs/include/imu_msgs/imu_msgs/msg/detail/dds_fastrtps
[2.667s] -- Installing: /home/shrirag10/LAB4/install/imu_msgs/include/imu_msgs/imu_msgs/msg/detail/im_umsg__rosidl_typesupport_fastrtps_cpp.hpp
[2.667s] -- Installing: /home/shrirag10/LAB4/install/imu_msgs/include/imu_msgs/imu_msgs/msg/rosidl_typesupport_fastrtps_cpp__visibility_control.h
[2.667s] -- Installing: /home/shrirag10/LAB4/install/imu_msgs/lib/libimu_msgs__rosidl_typesupport_fastrtps_cpp.so
[2.667s] -- Set runtime path of "/home/shrirag10/LAB4/install/imu_msgs/lib/libimu_msgs__rosidl_typesupport_fastrtps_cpp.so" to ""
[2.667s] -- Up-to-date: /home/shrirag10/LAB4/install/imu_msgs/include/imu_msgs/imu_msgs
[2.667s] -- Up-to-date: /home/shrirag10/LAB4/install/imu_msgs/include/imu_msgs/imu_msgs/msg
[2.667s] -- Up-to-date: /home/shrirag10/LAB4/install/imu_msgs/include/imu_msgs/imu_msgs/msg/detail
[2.667s] -- Installing: /home/shrirag10/LAB4/install/imu_msgs/include/imu_msgs/imu_msgs/msg/detail/im_umsg__type_support.cpp
[2.667s] -- Installing: /home/shrirag10/LAB4/install/imu_msgs/include/imu_msgs/imu_msgs/msg/detail/im_umsg__rosidl_typesupport_introspection_cpp.hpp
[2.667s] -- Installing: /home/shrirag10/LAB4/install/imu_msgs/lib/libimu_msgs__rosidl_typesupport_introspection_cpp.so
[2.667s] -- Set runtime path of "/home/shrirag10/LAB4/install/imu_msgs/lib/libimu_msgs__rosidl_typesupport_introspection_cpp.so" to ""
[2.667s] -- Installing: /home/shrirag10/LAB4/install/imu_msgs/lib/libimu_msgs__rosidl_typesupport_cpp.so
[2.668s] -- Set runtime path of "/home/shrirag10/LAB4/install/imu_msgs/lib/libimu_msgs__rosidl_typesupport_cpp.so" to ""
[2.668s] -- Installing: /home/shrirag10/LAB4/install/imu_msgs/share/imu_msgs/environment/pythonpath.sh
[2.668s] -- Installing: /home/shrirag10/LAB4/install/imu_msgs/share/imu_msgs/environment/pythonpath.dsv
[2.668s] -- Installing: /home/shrirag10/LAB4/install/imu_msgs/local/lib/python3.10/dist-packages/imu_msgs-0.0.0-py3.10.egg-info
[2.668s] -- Installing: /home/shrirag10/LAB4/install/imu_msgs/local/lib/python3.10/dist-packages/imu_msgs-0.0.0-py3.10.egg-info/top_level.txt
[2.668s] -- Installing: /home/shrirag10/LAB4/install/imu_msgs/local/lib/python3.10/dist-packages/imu_msgs-0.0.0-py3.10.egg-info/PKG-INFO
[2.668s] -- Installing: /home/shrirag10/LAB4/install/imu_msgs/local/lib/python3.10/dist-packages/imu_msgs-0.0.0-py3.10.egg-info/SOURCES.txt
[2.668s] -- Installing: /home/shrirag10/LAB4/install/imu_msgs/local/lib/python3.10/dist-packages/imu_msgs-0.0.0-py3.10.egg-info/dependency_links.txt
[2.668s] -- Installing: /home/shrirag10/LAB4/install/imu_msgs/local/lib/python3.10/dist-packages/imu_msgs
[2.668s] -- Installing: /home/shrirag10/LAB4/install/imu_msgs/local/lib/python3.10/dist-packages/imu_msgs/__init__.py
[2.668s] -- Installing: /home/shrirag10/LAB4/install/imu_msgs/local/lib/python3.10/dist-packages/imu_msgs/imu_msgs_s__rosidl_typesupport_c.cpython-310-x86_64-linux-gnu.so
[2.668s] -- Installing: /home/shrirag10/LAB4/install/imu_msgs/local/lib/python3.10/dist-packages/imu_msgs/msg
[2.668s] -- Installing: /home/shrirag10/LAB4/install/imu_msgs/local/lib/python3.10/dist-packages/imu_msgs/msg/__init__.py
[2.668s] -- Installing: /home/shrirag10/LAB4/install/imu_msgs/local/lib/python3.10/dist-packages/imu_msgs/msg/_im_umsg_s.c
[2.668s] -- Installing: /home/shrirag10/LAB4/install/imu_msgs/local/lib/python3.10/dist-packages/imu_msgs/msg/_im_umsg.py
[2.668s] -- Installing: /home/shrirag10/LAB4/install/imu_msgs/local/lib/python3.10/dist-packages/imu_msgs/_imu_msgs_s.ep.rosidl_typesupport_fastrtps_c.c
[2.668s] -- Installing: /home/shrirag10/LAB4/install/imu_msgs/local/lib/python3.10/dist-packages/imu_msgs/libimu_msgs__rosidl_generator_py.so
[2.668s] -- Installing: /home/shrirag10/LAB4/install/imu_msgs/local/lib/python3.10/dist-packages/imu_msgs/_imu_msgs_s.ep.rosidl_typesupport_introspection_c.c
[2.668s] -- Installing: /home/shrirag10/LAB4/install/imu_msgs/local/lib/python3.10/dist-packages/imu_msgs/imu_msgs_s__rosidl_typesupport_fastrtps_c.cpython-310-x86_64-linux-gnu.so
[2.668s] -- Installing: /home/shrirag10/LAB4/install/imu_msgs/local/lib/python3.10/dist-packages/imu_msgs/imu_msgs_s__rosidl_typesupport_introspection_c.cpython-310-x86_64-linux-gnu.so
[2.668s] -- Installing: /home/shrirag10/LAB4/install/imu_msgs/local/lib/python3.10/dist-packages/imu_msgs/_imu_msgs_s.ep.rosidl_typesupport_c.c
[2.690s] Listing '/home/shrirag10/LAB4/install/imu_msgs/local/lib/python3.10/dist-packages/imu_msgs'...
[2.690s] Compiling '/home/shrirag10/LAB4/install/imu_msgs/local/lib/python3.10/dist-packages/imu_msgs/__init__.py'...
[2.690s] Listing '/home/shrirag10/LAB4/install/imu_msgs/local/lib/python3.10/dist-packages/imu_msgs/msg'...
[2.690s] Compiling '/home/shrirag10/LAB4/install/imu_msgs/local/lib/python3.10/dist-packages/imu_msgs/msg/__init__.py'...
[2.690s] Compiling '/home/shrirag10/LAB4/install/imu_msgs/local/lib/python3.10/dist-packages/imu_msgs/msg/_im_umsg.py'...
[2.693s] -- Installing: /home/shrirag10/LAB4/install/imu_msgs/local/lib/python3.10/dist-packages/imu_msgs/imu_msgs_s__rosidl_typesupport_fastrtps_c.cpython-310-x86_64-linux-gnu.so
[2.693s] -- Set runtime path of "/home/shrirag10/LAB4/install/imu_msgs/local/lib/python3.10/dist-packages/imu_msgs/imu_msgs_s__rosidl_typesupport_fastrtps_c.cpython-310-x86_64-linux-gnu.so" to ""
[2.693s] -- Installing: /home/shrirag10/LAB4/install/imu_msgs/local/lib/python3.10/dist-packages/imu_msgs/imu_msgs_s__rosidl_typesupport_introspection_c.cpython-310-x86_64-linux-gnu.so
[2.693s] -- Set runtime path of "/home/shrirag10/LAB4/install/imu_msgs/local/lib/python3.10/dist-packages/imu_msgs/imu_msgs_s__rosidl_typesupport_introspection_c.cpython-310-x86_64-linux-gnu.so" to ""
[2.693s] -- Installing: /home/shrirag10/LAB4/install/imu_msgs/local/lib/python3.10/dist-packages/imu_msgs/imu_msgs_s__rosidl_typesupport_c.cpython-310-x86_64-linux-gnu.so
[2.693s] -- Set runtime path of "/home/shrirag10/LAB4/install/imu_msgs/local/lib/python3.10/dist-packages/imu_msgs/imu_msgs_s__rosidl_typesupport_c.cpython-310-x86_64-linux-gnu.so" to ""
[2.693s] -- Installing: /home/shrirag10/LAB4/install/imu_msgs/lib/libimu_msgs__rosidl_generator_py.so
[2.693s] -- Set runtime path of "/home/shrirag10/LAB4/install/imu_msgs/lib/libimu_msgs__rosidl_generator_py.so" to ""
[2.693s] -- Installing: /home/shrirag10/LAB4/install/imu_msgs/share/imu_msgs/msg/IMUmsg.idl
[2.693s] -- Installing: /home/shrirag10/LAB4/install/imu_msgs/share/imu_msgs/msg/IMUmsg.msg
[2.693s] -- Installing: /home/shrirag10/LAB4/install/imu_msgs/share/ament_index/resource_index/package_run_dependencies/imu_msgs
[2.693s] -- Installing: /home/shrirag10/LAB4/install/imu_msgs/share/ament_index/resource_index/parent_prefix_path/imu_msgs
[2.694s] -- Installing: /home/shrirag10/LAB4/install/imu_msgs/share/imu_msgs/environment/ament_prefix_path.sh
[2.694s] -- Installing: /home/shrirag10/LAB4/install/imu_msgs/share/imu_msgs/environment/ament_prefix_path.dsv
[2.694s] -- Installing: /home/shrirag10/LAB4/install/imu_msgs/share/imu_msgs/environment/path.sh
[2.694s] -- Installing: /home/shrirag10/LAB4/install/imu_msgs/share/imu_msgs/environment/path.dsv
[2.694s] -- Installing: /home/shrirag10/LAB4/install/imu_msgs/share/imu_msgs/local_setup.bash
[2.694s] -- Installing: /home/shrirag10/LAB4/install/imu_msgs/share/imu_msgs/local_setup.sh
[2.694s] -- Installing: /home/shrirag10/LAB4/install/imu_msgs/share/imu_msgs/local_setup.zsh
[2.694s] -- Installing: /home/shrirag10/LAB4/install/imu_msgs/share/imu_msgs/local_setup.dsv
[2.694s] -- Installing: /home/shrirag10/LAB4/install/imu_msgs/share/imu_msgs/package.dsv
[2.694s] -- Installing: /home/shrirag10/LAB4/install/imu_msgs/share/ament_index/resource_index/packages/imu_msgs
[2.694s] -- Installing: /home/shrirag10/LAB4/install/imu_msgs/share/imu_msgs/cmake/export_imu_msgs__rosidl_generator_cExport.cmake
[2.694s] -- Installing: /home/shrirag10/LAB4/install/imu_msgs/share/imu_msgs/cmake/export_imu_msgs__rosidl_generator_cExport-noconfig.cmake
[2.694s] -- Installing: /home/shrirag10/LAB4/install/imu_msgs/share/imu_msgs/cmake/export_imu_msgs__rosidl_typesupport_fastrtps_cExport.cmake
[2.694s] -- Installing: /home/shrirag10/LAB4/install/imu_msgs/share/imu_msgs/cmake/export_imu_msgs__rosidl_typesupport_fastrtps_cExport-noconfig.cmake
[2.694s] -- Installing: /home/shrirag10/LAB4/install/imu_msgs/share/imu_msgs/cmake/imu_msgs__rosidl_typesupport_introspection_cExport.cmake
[2.694s] -- Installing: /home/shrirag10/LAB4/install/imu_msgs/share/imu_msgs/cmake/imu_msgs__rosidl_typesupport_introspection_cExport-noconfig.cmake
[2.694s] -- Installing: /home/shrirag10/LAB4/install/imu_msgs/share/imu_msgs/cmake/imu_msgs__rosidl_typesupport_cExport.cmake
[2.694s] -- Installing: /home/shrirag10/LAB4/install/imu_msgs/share/imu_msgs/cmake/imu_msgs__rosidl_typesupport_cExport-noconfig.cmake
[2.694s] -- Installing: /home/shrirag10/LAB4/install/imu_msgs/share/imu_msgs/cmake/export_imu_msgs__rosidl_generator_cppExport.cmake
[2.694s] -- Installing: /home/shrirag10/LAB4/install/imu_msgs/share/imu_msgs/cmake/export_imu_msgs__rosidl_typesupport_fastrtps_cppExport.cmake
[2.695s] -- Installing: /home/shrirag10/LAB4/install/imu_msgs/share/imu_msgs/cmake/export_imu_msgs__rosidl_typesupport_fastrtps_cppExport-noconfig.cmake
[2.695s] -- Installing: /home/shrirag10/LAB4/install/imu_msgs/share/imu_msgs/cmake/imu_msgs__rosidl_typesupport_introspection_cppExport.cmake
[2.695s] -- Installing: /home/shrirag10/LAB4/install/imu_msgs/share/imu_msgs/cmake/imu_msgs__rosidl_typesupport_introspection_cppExport-noconfig.cmake
[2.695s] -- Installing: /home/shrirag10/LAB4/install/imu_msgs/share/imu_msgs/cmake/imu_msgs__rosidl_typesupport_cppExport.cmake
[2.695s] -- Installing: /home/shrirag10/LAB4/install/imu_msgs/share/imu_msgs/cmake/imu_msgs__rosidl_typesupport_cppExport-noconfig.cmake
[2.695s] -- Installing: /home/shrirag10/LAB4/install/imu_msgs/share/imu_msgs/cmake/export_imu_msgs__rosidl_generator_pyExport.cmake
[2.695s] -- Installing: /home/shrirag10/LAB4/install/imu_msgs/share/imu_msgs/cmake/export_imu_msgs__rosidl_generator_pyExport-noconfig.cmake
[2.695s] -- Installing: /home/shrirag10/LAB4/install/imu_msgs/share/imu_msgs/cmake/rosidl_cmake-extras.cmake
[2.695s] -- Installing: /home/shrirag10/LAB4/install/imu_msgs/share/imu_msgs/cmake/ament_cmake_export_dependencies-extras.cmake
[2.695s] -- Installing: /home/shrirag10/LAB4/install/imu_msgs/share/imu_msgs/cmake/ament_cmake_export_include_directories-extras.cmake
[2.695s] -- Installing: /home/shrirag10/LAB4/install/imu_msgs/share/imu_msgs/cmake/ament_cmake_export_libraries-extras.cmake
[2.695s] -- Installing: /home/shrirag10/LAB4/install/imu_msgs/share/imu_msgs/cmake/ament_cmake_export_targets-extras.cmake
[2.695s] -- Installing: /home/shrirag10/LAB4/install/imu_msgs/share/imu_msgs/cmake/rosidl_cmake_export_typesupport_targets-extras.cmake
[2.695s] -- Installing: /home/shrirag10/LAB4/install/imu_msgs/share/imu_msgs/cmake/rosidl_cmake_export_typesupport_libraries-extras.cmake
[2.695s] -- Installing: /home/shrirag10/LAB4/install/imu_msgs/share/imu_msgs/cmake/imu_msgsConfig.cmake
[2.695s] -- Installing: /home/shrirag10/LAB4/install/imu_msgs/share/imu_msgs/cmake/imu_msgsConfig-version.cmake
[2.695s] -- Installing: /home/shrirag10/LAB4/install/imu_msgs/share/imu_msgs/package.xml
[2.697s] Invoked command in '/home/shrirag10/LAB4/build/imu_msgs' returned '0': CMAKE_PREFIX_PATH=/opt/ros/humble /usr/bin/cmake --install /home/shrirag10/LAB4/build/imu_msgs
