[0.167s] DEBUG:colcon:Command line arguments: ['/usr/bin/colcon', 'build']
[0.167s] DEBUG:colcon:Parsed command line arguments: Namespace(log_base=None, log_level=None, verb_name='build', build_base='build', install_base='install', merge_install=False, symlink_install=False, test_result_base=None, continue_on_error=False, executor='parallel', parallel_workers=16, event_handlers=None, ignore_user_meta=False, metas=['./colcon.meta'], base_paths=['.'], packages_ignore=None, packages_ignore_regex=None, paths=None, packages_up_to=None, packages_up_to_regex=None, packages_above=None, packages_above_and_dependencies=None, packages_above_depth=None, packages_select_by_dep=None, packages_skip_by_dep=None, packages_skip_up_to=None, packages_select_build_failed=False, packages_skip_build_finished=False, packages_select_test_failures=False, packages_skip_test_passed=False, packages_select=None, packages_skip=None, packages_select_regex=None, packages_skip_regex=None, packages_start=None, packages_end=None, allow_overriding=[], cmake_args=None, cmake_target=None, cmake_target_skip_unavailable=False, cmake_clean_cache=False, cmake_clean_first=False, cmake_force_configure=False, ament_cmake_args=None, catkin_cmake_args=None, catkin_skip_building_tests=False, verb_parser=<colcon_defaults.argument_parser.defaults.DefaultArgumentsDecorator object at 0x728c69ee4040>, verb_extension=<colcon_core.verb.build.BuildVerb object at 0x728c69ea71c0>, main=<bound method BuildVerb.main of <colcon_core.verb.build.BuildVerb object at 0x728c69ea71c0>>)
[0.332s] Level 1:colcon.colcon_core.package_discovery:discover_packages(colcon_meta) check parameters
[0.332s] Level 1:colcon.colcon_core.package_discovery:discover_packages(recursive) check parameters
[0.332s] Level 1:colcon.colcon_core.package_discovery:discover_packages(ignore) check parameters
[0.332s] Level 1:colcon.colcon_core.package_discovery:discover_packages(path) check parameters
[0.332s] Level 1:colcon.colcon_core.package_discovery:discover_packages(colcon_meta) discover
[0.332s] Level 1:colcon.colcon_core.package_discovery:discover_packages(recursive) discover
[0.332s] INFO:colcon.colcon_core.package_discovery:Crawling recursively for packages in '/home/shrirag10/LAB3'
[0.332s] Level 1:colcon.colcon_core.package_identification:_identify(.) by extensions ['ignore', 'ignore_ament_install']
[0.332s] Level 1:colcon.colcon_core.package_identification:_identify(.) by extension 'ignore'
[0.332s] Level 1:colcon.colcon_core.package_identification:_identify(.) by extension 'ignore_ament_install'
[0.332s] Level 1:colcon.colcon_core.package_identification:_identify(.) by extensions ['colcon_pkg']
[0.332s] Level 1:colcon.colcon_core.package_identification:_identify(.) by extension 'colcon_pkg'
[0.332s] Level 1:colcon.colcon_core.package_identification:_identify(.) by extensions ['colcon_meta']
[0.332s] Level 1:colcon.colcon_core.package_identification:_identify(.) by extension 'colcon_meta'
[0.332s] Level 1:colcon.colcon_core.package_identification:_identify(.) by extensions ['ros']
[0.332s] Level 1:colcon.colcon_core.package_identification:_identify(.) by extension 'ros'
[0.341s] Level 1:colcon.colcon_core.package_identification:_identify(.) by extensions ['cmake', 'python']
[0.341s] Level 1:colcon.colcon_core.package_identification:_identify(.) by extension 'cmake'
[0.341s] Level 1:colcon.colcon_core.package_identification:_identify(.) by extension 'python'
[0.341s] Level 1:colcon.colcon_core.package_identification:_identify(.) by extensions ['python_setup_py']
[0.341s] Level 1:colcon.colcon_core.package_identification:_identify(.) by extension 'python_setup_py'
[0.341s] Level 1:colcon.colcon_core.package_identification:_identify(analysis) by extensions ['ignore', 'ignore_ament_install']
[0.341s] Level 1:colcon.colcon_core.package_identification:_identify(analysis) by extension 'ignore'
[0.341s] Level 1:colcon.colcon_core.package_identification:_identify(analysis) by extension 'ignore_ament_install'
[0.341s] Level 1:colcon.colcon_core.package_identification:_identify(analysis) by extensions ['colcon_pkg']
[0.341s] Level 1:colcon.colcon_core.package_identification:_identify(analysis) by extension 'colcon_pkg'
[0.341s] Level 1:colcon.colcon_core.package_identification:_identify(analysis) by extensions ['colcon_meta']
[0.341s] Level 1:colcon.colcon_core.package_identification:_identify(analysis) by extension 'colcon_meta'
[0.341s] Level 1:colcon.colcon_core.package_identification:_identify(analysis) by extensions ['ros']
[0.341s] Level 1:colcon.colcon_core.package_identification:_identify(analysis) by extension 'ros'
[0.342s] Level 1:colcon.colcon_core.package_identification:_identify(analysis) by extensions ['cmake', 'python']
[0.342s] Level 1:colcon.colcon_core.package_identification:_identify(analysis) by extension 'cmake'
[0.342s] Level 1:colcon.colcon_core.package_identification:_identify(analysis) by extension 'python'
[0.342s] Level 1:colcon.colcon_core.package_identification:_identify(analysis) by extensions ['python_setup_py']
[0.342s] Level 1:colcon.colcon_core.package_identification:_identify(analysis) by extension 'python_setup_py'
[0.342s] Level 1:colcon.colcon_core.package_identification:_identify(build) by extensions ['ignore', 'ignore_ament_install']
[0.342s] Level 1:colcon.colcon_core.package_identification:_identify(build) by extension 'ignore'
[0.342s] Level 1:colcon.colcon_core.package_identification:_identify(build) ignored
[0.342s] Level 1:colcon.colcon_core.package_identification:_identify(data) by extensions ['ignore', 'ignore_ament_install']
[0.342s] Level 1:colcon.colcon_core.package_identification:_identify(data) by extension 'ignore'
[0.342s] Level 1:colcon.colcon_core.package_identification:_identify(data) by extension 'ignore_ament_install'
[0.342s] Level 1:colcon.colcon_core.package_identification:_identify(data) by extensions ['colcon_pkg']
[0.342s] Level 1:colcon.colcon_core.package_identification:_identify(data) by extension 'colcon_pkg'
[0.342s] Level 1:colcon.colcon_core.package_identification:_identify(data) by extensions ['colcon_meta']
[0.342s] Level 1:colcon.colcon_core.package_identification:_identify(data) by extension 'colcon_meta'
[0.342s] Level 1:colcon.colcon_core.package_identification:_identify(data) by extensions ['ros']
[0.342s] Level 1:colcon.colcon_core.package_identification:_identify(data) by extension 'ros'
[0.342s] Level 1:colcon.colcon_core.package_identification:_identify(data) by extensions ['cmake', 'python']
[0.342s] Level 1:colcon.colcon_core.package_identification:_identify(data) by extension 'cmake'
[0.342s] Level 1:colcon.colcon_core.package_identification:_identify(data) by extension 'python'
[0.342s] Level 1:colcon.colcon_core.package_identification:_identify(data) by extensions ['python_setup_py']
[0.342s] Level 1:colcon.colcon_core.package_identification:_identify(data) by extension 'python_setup_py'
[0.342s] Level 1:colcon.colcon_core.package_identification:_identify(data/emulator.bag) by extensions ['ignore', 'ignore_ament_install']
[0.342s] Level 1:colcon.colcon_core.package_identification:_identify(data/emulator.bag) by extension 'ignore'
[0.342s] Level 1:colcon.colcon_core.package_identification:_identify(data/emulator.bag) by extension 'ignore_ament_install'
[0.342s] Level 1:colcon.colcon_core.package_identification:_identify(data/emulator.bag) by extensions ['colcon_pkg']
[0.342s] Level 1:colcon.colcon_core.package_identification:_identify(data/emulator.bag) by extension 'colcon_pkg'
[0.342s] Level 1:colcon.colcon_core.package_identification:_identify(data/emulator.bag) by extensions ['colcon_meta']
[0.342s] Level 1:colcon.colcon_core.package_identification:_identify(data/emulator.bag) by extension 'colcon_meta'
[0.342s] Level 1:colcon.colcon_core.package_identification:_identify(data/emulator.bag) by extensions ['ros']
[0.342s] Level 1:colcon.colcon_core.package_identification:_identify(data/emulator.bag) by extension 'ros'
[0.342s] Level 1:colcon.colcon_core.package_identification:_identify(data/emulator.bag) by extensions ['cmake', 'python']
[0.342s] Level 1:colcon.colcon_core.package_identification:_identify(data/emulator.bag) by extension 'cmake'
[0.342s] Level 1:colcon.colcon_core.package_identification:_identify(data/emulator.bag) by extension 'python'
[0.342s] Level 1:colcon.colcon_core.package_identification:_identify(data/emulator.bag) by extensions ['python_setup_py']
[0.342s] Level 1:colcon.colcon_core.package_identification:_identify(data/emulator.bag) by extension 'python_setup_py'
[0.342s] Level 1:colcon.colcon_core.package_identification:_identify(data/fivehour1data.bag) by extensions ['ignore', 'ignore_ament_install']
[0.342s] Level 1:colcon.colcon_core.package_identification:_identify(data/fivehour1data.bag) by extension 'ignore'
[0.343s] Level 1:colcon.colcon_core.package_identification:_identify(data/fivehour1data.bag) by extension 'ignore_ament_install'
[0.343s] Level 1:colcon.colcon_core.package_identification:_identify(data/fivehour1data.bag) by extensions ['colcon_pkg']
[0.343s] Level 1:colcon.colcon_core.package_identification:_identify(data/fivehour1data.bag) by extension 'colcon_pkg'
[0.343s] Level 1:colcon.colcon_core.package_identification:_identify(data/fivehour1data.bag) by extensions ['colcon_meta']
[0.343s] Level 1:colcon.colcon_core.package_identification:_identify(data/fivehour1data.bag) by extension 'colcon_meta'
[0.343s] Level 1:colcon.colcon_core.package_identification:_identify(data/fivehour1data.bag) by extensions ['ros']
[0.343s] Level 1:colcon.colcon_core.package_identification:_identify(data/fivehour1data.bag) by extension 'ros'
[0.343s] Level 1:colcon.colcon_core.package_identification:_identify(data/fivehour1data.bag) by extensions ['cmake', 'python']
[0.343s] Level 1:colcon.colcon_core.package_identification:_identify(data/fivehour1data.bag) by extension 'cmake'
[0.343s] Level 1:colcon.colcon_core.package_identification:_identify(data/fivehour1data.bag) by extension 'python'
[0.343s] Level 1:colcon.colcon_core.package_identification:_identify(data/fivehour1data.bag) by extensions ['python_setup_py']
[0.343s] Level 1:colcon.colcon_core.package_identification:_identify(data/fivehour1data.bag) by extension 'python_setup_py'
[0.343s] Level 1:colcon.colcon_core.package_identification:_identify(data/fivehourdata.bag) by extensions ['ignore', 'ignore_ament_install']
[0.343s] Level 1:colcon.colcon_core.package_identification:_identify(data/fivehourdata.bag) by extension 'ignore'
[0.343s] Level 1:colcon.colcon_core.package_identification:_identify(data/fivehourdata.bag) by extension 'ignore_ament_install'
[0.343s] Level 1:colcon.colcon_core.package_identification:_identify(data/fivehourdata.bag) by extensions ['colcon_pkg']
[0.343s] Level 1:colcon.colcon_core.package_identification:_identify(data/fivehourdata.bag) by extension 'colcon_pkg'
[0.343s] Level 1:colcon.colcon_core.package_identification:_identify(data/fivehourdata.bag) by extensions ['colcon_meta']
[0.343s] Level 1:colcon.colcon_core.package_identification:_identify(data/fivehourdata.bag) by extension 'colcon_meta'
[0.343s] Level 1:colcon.colcon_core.package_identification:_identify(data/fivehourdata.bag) by extensions ['ros']
[0.343s] Level 1:colcon.colcon_core.package_identification:_identify(data/fivehourdata.bag) by extension 'ros'
[0.343s] Level 1:colcon.colcon_core.package_identification:_identify(data/fivehourdata.bag) by extensions ['cmake', 'python']
[0.343s] Level 1:colcon.colcon_core.package_identification:_identify(data/fivehourdata.bag) by extension 'cmake'
[0.343s] Level 1:colcon.colcon_core.package_identification:_identify(data/fivehourdata.bag) by extension 'python'
[0.343s] Level 1:colcon.colcon_core.package_identification:_identify(data/fivehourdata.bag) by extensions ['python_setup_py']
[0.343s] Level 1:colcon.colcon_core.package_identification:_identify(data/fivehourdata.bag) by extension 'python_setup_py'
[0.343s] Level 1:colcon.colcon_core.package_identification:_identify(data/stationarydata.bag) by extensions ['ignore', 'ignore_ament_install']
[0.343s] Level 1:colcon.colcon_core.package_identification:_identify(data/stationarydata.bag) by extension 'ignore'
[0.343s] Level 1:colcon.colcon_core.package_identification:_identify(data/stationarydata.bag) by extension 'ignore_ament_install'
[0.343s] Level 1:colcon.colcon_core.package_identification:_identify(data/stationarydata.bag) by extensions ['colcon_pkg']
[0.343s] Level 1:colcon.colcon_core.package_identification:_identify(data/stationarydata.bag) by extension 'colcon_pkg'
[0.343s] Level 1:colcon.colcon_core.package_identification:_identify(data/stationarydata.bag) by extensions ['colcon_meta']
[0.343s] Level 1:colcon.colcon_core.package_identification:_identify(data/stationarydata.bag) by extension 'colcon_meta'
[0.343s] Level 1:colcon.colcon_core.package_identification:_identify(data/stationarydata.bag) by extensions ['ros']
[0.343s] Level 1:colcon.colcon_core.package_identification:_identify(data/stationarydata.bag) by extension 'ros'
[0.343s] Level 1:colcon.colcon_core.package_identification:_identify(data/stationarydata.bag) by extensions ['cmake', 'python']
[0.343s] Level 1:colcon.colcon_core.package_identification:_identify(data/stationarydata.bag) by extension 'cmake'
[0.343s] Level 1:colcon.colcon_core.package_identification:_identify(data/stationarydata.bag) by extension 'python'
[0.343s] Level 1:colcon.colcon_core.package_identification:_identify(data/stationarydata.bag) by extensions ['python_setup_py']
[0.343s] Level 1:colcon.colcon_core.package_identification:_identify(data/stationarydata.bag) by extension 'python_setup_py'
[0.343s] Level 1:colcon.colcon_core.package_identification:_identify(install) by extensions ['ignore', 'ignore_ament_install']
[0.343s] Level 1:colcon.colcon_core.package_identification:_identify(install) by extension 'ignore'
[0.344s] Level 1:colcon.colcon_core.package_identification:_identify(install) ignored
[0.344s] Level 1:colcon.colcon_core.package_identification:_identify(log) by extensions ['ignore', 'ignore_ament_install']
[0.344s] Level 1:colcon.colcon_core.package_identification:_identify(log) by extension 'ignore'
[0.344s] Level 1:colcon.colcon_core.package_identification:_identify(log) ignored
[0.344s] Level 1:colcon.colcon_core.package_identification:_identify(src) by extensions ['ignore', 'ignore_ament_install']
[0.344s] Level 1:colcon.colcon_core.package_identification:_identify(src) by extension 'ignore'
[0.344s] Level 1:colcon.colcon_core.package_identification:_identify(src) by extension 'ignore_ament_install'
[0.344s] Level 1:colcon.colcon_core.package_identification:_identify(src) by extensions ['colcon_pkg']
[0.344s] Level 1:colcon.colcon_core.package_identification:_identify(src) by extension 'colcon_pkg'
[0.344s] Level 1:colcon.colcon_core.package_identification:_identify(src) by extensions ['colcon_meta']
[0.344s] Level 1:colcon.colcon_core.package_identification:_identify(src) by extension 'colcon_meta'
[0.344s] Level 1:colcon.colcon_core.package_identification:_identify(src) by extensions ['ros']
[0.344s] Level 1:colcon.colcon_core.package_identification:_identify(src) by extension 'ros'
[0.344s] Level 1:colcon.colcon_core.package_identification:_identify(src) by extensions ['cmake', 'python']
[0.344s] Level 1:colcon.colcon_core.package_identification:_identify(src) by extension 'cmake'
[0.344s] Level 1:colcon.colcon_core.package_identification:_identify(src) by extension 'python'
[0.344s] Level 1:colcon.colcon_core.package_identification:_identify(src) by extensions ['python_setup_py']
[0.344s] Level 1:colcon.colcon_core.package_identification:_identify(src) by extension 'python_setup_py'
[0.344s] Level 1:colcon.colcon_core.package_identification:_identify(src/imu_driver) by extensions ['ignore', 'ignore_ament_install']
[0.344s] Level 1:colcon.colcon_core.package_identification:_identify(src/imu_driver) by extension 'ignore'
[0.344s] Level 1:colcon.colcon_core.package_identification:_identify(src/imu_driver) by extension 'ignore_ament_install'
[0.344s] Level 1:colcon.colcon_core.package_identification:_identify(src/imu_driver) by extensions ['colcon_pkg']
[0.344s] Level 1:colcon.colcon_core.package_identification:_identify(src/imu_driver) by extension 'colcon_pkg'
[0.344s] Level 1:colcon.colcon_core.package_identification:_identify(src/imu_driver) by extensions ['colcon_meta']
[0.344s] Level 1:colcon.colcon_core.package_identification:_identify(src/imu_driver) by extension 'colcon_meta'
[0.344s] Level 1:colcon.colcon_core.package_identification:_identify(src/imu_driver) by extensions ['ros']
[0.344s] Level 1:colcon.colcon_core.package_identification:_identify(src/imu_driver) by extension 'ros'
[0.346s] DEBUG:colcon.colcon_core.package_identification:Package 'src/imu_driver' with type 'ros.ament_python' and name 'imu_driver'
[0.346s] Level 1:colcon.colcon_core.package_identification:_identify(src/imu_msgs) by extensions ['ignore', 'ignore_ament_install']
[0.346s] Level 1:colcon.colcon_core.package_identification:_identify(src/imu_msgs) by extension 'ignore'
[0.346s] Level 1:colcon.colcon_core.package_identification:_identify(src/imu_msgs) by extension 'ignore_ament_install'
[0.346s] Level 1:colcon.colcon_core.package_identification:_identify(src/imu_msgs) by extensions ['colcon_pkg']
[0.346s] Level 1:colcon.colcon_core.package_identification:_identify(src/imu_msgs) by extension 'colcon_pkg'
[0.346s] Level 1:colcon.colcon_core.package_identification:_identify(src/imu_msgs) by extensions ['colcon_meta']
[0.346s] Level 1:colcon.colcon_core.package_identification:_identify(src/imu_msgs) by extension 'colcon_meta'
[0.346s] Level 1:colcon.colcon_core.package_identification:_identify(src/imu_msgs) by extensions ['ros']
[0.346s] Level 1:colcon.colcon_core.package_identification:_identify(src/imu_msgs) by extension 'ros'
[0.347s] DEBUG:colcon.colcon_core.package_identification:Package 'src/imu_msgs' with type 'ros.ament_cmake' and name 'imu_msgs'
[0.347s] Level 1:colcon.colcon_core.package_discovery:discover_packages(recursive) using defaults
[0.347s] Level 1:colcon.colcon_core.package_discovery:discover_packages(ignore) discover
[0.347s] Level 1:colcon.colcon_core.package_discovery:discover_packages(ignore) using defaults
[0.347s] Level 1:colcon.colcon_core.package_discovery:discover_packages(path) discover
[0.347s] Level 1:colcon.colcon_core.package_discovery:discover_packages(path) using defaults
[0.367s] Level 1:colcon.colcon_core.package_discovery:discover_packages(prefix_path) check parameters
[0.367s] Level 1:colcon.colcon_core.package_discovery:discover_packages(prefix_path) discover
[0.369s] DEBUG:colcon.colcon_installed_package_information.package_discovery:Found 271 installed packages in /opt/ros/humble
[0.370s] Level 1:colcon.colcon_core.package_discovery:discover_packages(prefix_path) using defaults
[0.396s] Level 5:colcon.colcon_core.verb:set package 'imu_driver' build argument 'cmake_args' from command line to 'None'
[0.396s] Level 5:colcon.colcon_core.verb:set package 'imu_driver' build argument 'cmake_target' from command line to 'None'
[0.396s] Level 5:colcon.colcon_core.verb:set package 'imu_driver' build argument 'cmake_target_skip_unavailable' from command line to 'False'
[0.396s] Level 5:colcon.colcon_core.verb:set package 'imu_driver' build argument 'cmake_clean_cache' from command line to 'False'
[0.396s] Level 5:colcon.colcon_core.verb:set package 'imu_driver' build argument 'cmake_clean_first' from command line to 'False'
[0.396s] Level 5:colcon.colcon_core.verb:set package 'imu_driver' build argument 'cmake_force_configure' from command line to 'False'
[0.396s] Level 5:colcon.colcon_core.verb:set package 'imu_driver' build argument 'ament_cmake_args' from command line to 'None'
[0.396s] Level 5:colcon.colcon_core.verb:set package 'imu_driver' build argument 'catkin_cmake_args' from command line to 'None'
[0.396s] Level 5:colcon.colcon_core.verb:set package 'imu_driver' build argument 'catkin_skip_building_tests' from command line to 'False'
[0.396s] DEBUG:colcon.colcon_core.verb:Building package 'imu_driver' with the following arguments: {'ament_cmake_args': None, 'build_base': '/home/shrirag10/LAB3/build/imu_driver', 'catkin_cmake_args': None, 'catkin_skip_building_tests': False, 'cmake_args': None, 'cmake_clean_cache': False, 'cmake_clean_first': False, 'cmake_force_configure': False, 'cmake_target': None, 'cmake_target_skip_unavailable': False, 'install_base': '/home/shrirag10/LAB3/install/imu_driver', 'merge_install': False, 'path': '/home/shrirag10/LAB3/src/imu_driver', 'symlink_install': False, 'test_result_base': None}
[0.397s] Level 5:colcon.colcon_core.verb:set package 'imu_msgs' build argument 'cmake_args' from command line to 'None'
[0.397s] Level 5:colcon.colcon_core.verb:set package 'imu_msgs' build argument 'cmake_target' from command line to 'None'
[0.397s] Level 5:colcon.colcon_core.verb:set package 'imu_msgs' build argument 'cmake_target_skip_unavailable' from command line to 'False'
[0.397s] Level 5:colcon.colcon_core.verb:set package 'imu_msgs' build argument 'cmake_clean_cache' from command line to 'False'
[0.397s] Level 5:colcon.colcon_core.verb:set package 'imu_msgs' build argument 'cmake_clean_first' from command line to 'False'
[0.397s] Level 5:colcon.colcon_core.verb:set package 'imu_msgs' build argument 'cmake_force_configure' from command line to 'False'
[0.397s] Level 5:colcon.colcon_core.verb:set package 'imu_msgs' build argument 'ament_cmake_args' from command line to 'None'
[0.397s] Level 5:colcon.colcon_core.verb:set package 'imu_msgs' build argument 'catkin_cmake_args' from command line to 'None'
[0.397s] Level 5:colcon.colcon_core.verb:set package 'imu_msgs' build argument 'catkin_skip_building_tests' from command line to 'False'
[0.397s] DEBUG:colcon.colcon_core.verb:Building package 'imu_msgs' with the following arguments: {'ament_cmake_args': None, 'build_base': '/home/shrirag10/LAB3/build/imu_msgs', 'catkin_cmake_args': None, 'catkin_skip_building_tests': False, 'cmake_args': None, 'cmake_clean_cache': False, 'cmake_clean_first': False, 'cmake_force_configure': False, 'cmake_target': None, 'cmake_target_skip_unavailable': False, 'install_base': '/home/shrirag10/LAB3/install/imu_msgs', 'merge_install': False, 'path': '/home/shrirag10/LAB3/src/imu_msgs', 'symlink_install': False, 'test_result_base': None}
[0.397s] INFO:colcon.colcon_core.executor:Executing jobs using 'parallel' executor
[0.398s] DEBUG:colcon.colcon_parallel_executor.executor.parallel:run_until_complete
[0.398s] INFO:colcon.colcon_ros.task.ament_python.build:Building ROS package in '/home/shrirag10/LAB3/src/imu_driver' with build type 'ament_python'
[0.398s] Level 1:colcon.colcon_core.shell:create_environment_hook('imu_driver', 'ament_prefix_path')
[0.400s] INFO:colcon.colcon_core.plugin_system:Skipping extension 'colcon_core.shell.bat': Not used on non-Windows systems
[0.400s] INFO:colcon.colcon_core.shell:Creating environment hook '/home/shrirag10/LAB3/install/imu_driver/share/imu_driver/hook/ament_prefix_path.ps1'
[0.401s] INFO:colcon.colcon_core.shell:Creating environment descriptor '/home/shrirag10/LAB3/install/imu_driver/share/imu_driver/hook/ament_prefix_path.dsv'
[0.402s] INFO:colcon.colcon_core.shell:Creating environment hook '/home/shrirag10/LAB3/install/imu_driver/share/imu_driver/hook/ament_prefix_path.sh'
[0.403s] INFO:colcon.colcon_core.shell:Skip shell extension 'powershell' for command environment: Not usable outside of PowerShell
[0.403s] DEBUG:colcon.colcon_core.shell:Skip shell extension 'dsv' for command environment
[0.404s] INFO:colcon.colcon_ros.task.ament_cmake.build:Building ROS package in '/home/shrirag10/LAB3/src/imu_msgs' with build type 'ament_cmake'
[0.405s] INFO:colcon.colcon_cmake.task.cmake.build:Building CMake package in '/home/shrirag10/LAB3/src/imu_msgs'
[0.405s] INFO:colcon.colcon_core.shell:Skip shell extension 'powershell' for command environment: Not usable outside of PowerShell
[0.405s] DEBUG:colcon.colcon_core.shell:Skip shell extension 'dsv' for command environment
[0.550s] INFO:colcon.colcon_core.task.python.build:Building Python package in '/home/shrirag10/LAB3/src/imu_driver'
[0.551s] INFO:colcon.colcon_core.shell:Skip shell extension 'powershell' for command environment: Not usable outside of PowerShell
[0.551s] DEBUG:colcon.colcon_core.shell:Skip shell extension 'dsv' for command environment
[0.558s] DEBUG:colcon.colcon_core.event_handler.log_command:Invoking command in '/home/shrirag10/LAB3/build/imu_msgs': CMAKE_PREFIX_PATH=/opt/ros/humble /usr/bin/cmake --build /home/shrirag10/LAB3/build/imu_msgs -- -j16 -l16
[0.776s] DEBUG:colcon.colcon_core.event_handler.log_command:Invoking command in '/home/shrirag10/LAB3/src/imu_driver': PYTHONPATH=/home/shrirag10/LAB3/build/imu_driver/prefix_override:/usr/lib/python3/dist-packages/colcon_core/task/python/colcon_distutils_commands:/home/shrirag10/LAB3/install/imu_driver/lib/python3.10/site-packages:${PYTHONPATH} /usr/bin/python3 -W ignore:setup.py install is deprecated setup.py egg_info --egg-base ../../build/imu_driver build --build-base /home/shrirag10/LAB3/build/imu_driver/build install --record /home/shrirag10/LAB3/build/imu_driver/install.log --single-version-externally-managed install_data
[0.805s] DEBUG:colcon.colcon_core.event_handler.log_command:Invoked command in '/home/shrirag10/LAB3/build/imu_msgs' returned '0': CMAKE_PREFIX_PATH=/opt/ros/humble /usr/bin/cmake --build /home/shrirag10/LAB3/build/imu_msgs -- -j16 -l16
[0.858s] DEBUG:colcon.colcon_core.event_handler.log_command:Invoking command in '/home/shrirag10/LAB3/build/imu_msgs': CMAKE_PREFIX_PATH=/opt/ros/humble /usr/bin/cmake --install /home/shrirag10/LAB3/build/imu_msgs
[0.900s] Level 1:colcon.colcon_core.environment:create_environment_scripts_only(imu_msgs)
[0.900s] DEBUG:colcon.colcon_core.event_handler.log_command:Invoked command in '/home/shrirag10/LAB3/build/imu_msgs' returned '0': CMAKE_PREFIX_PATH=/opt/ros/humble /usr/bin/cmake --install /home/shrirag10/LAB3/build/imu_msgs
[0.903s] Level 1:colcon.colcon_core.environment:checking '/home/shrirag10/LAB3/install/imu_msgs' for CMake module files
[0.903s] Level 1:colcon.colcon_core.environment:checking '/home/shrirag10/LAB3/install/imu_msgs' for CMake config files
[0.904s] Level 1:colcon.colcon_core.shell:create_environment_hook('imu_msgs', 'cmake_prefix_path')
[0.904s] INFO:colcon.colcon_core.shell:Creating environment hook '/home/shrirag10/LAB3/install/imu_msgs/share/imu_msgs/hook/cmake_prefix_path.ps1'
[0.904s] INFO:colcon.colcon_core.shell:Creating environment descriptor '/home/shrirag10/LAB3/install/imu_msgs/share/imu_msgs/hook/cmake_prefix_path.dsv'
[0.904s] INFO:colcon.colcon_core.shell:Creating environment hook '/home/shrirag10/LAB3/install/imu_msgs/share/imu_msgs/hook/cmake_prefix_path.sh'
[0.905s] Level 1:colcon.colcon_core.environment:checking '/home/shrirag10/LAB3/install/imu_msgs/lib'
[0.905s] Level 1:colcon.colcon_core.shell:create_environment_hook('imu_msgs', 'ld_library_path_lib')
[0.905s] INFO:colcon.colcon_core.shell:Creating environment hook '/home/shrirag10/LAB3/install/imu_msgs/share/imu_msgs/hook/ld_library_path_lib.ps1'
[0.905s] INFO:colcon.colcon_core.shell:Creating environment descriptor '/home/shrirag10/LAB3/install/imu_msgs/share/imu_msgs/hook/ld_library_path_lib.dsv'
[0.905s] INFO:colcon.colcon_core.shell:Creating environment hook '/home/shrirag10/LAB3/install/imu_msgs/share/imu_msgs/hook/ld_library_path_lib.sh'
[0.906s] Level 1:colcon.colcon_core.environment:checking '/home/shrirag10/LAB3/install/imu_msgs/bin'
[0.906s] Level 1:colcon.colcon_core.environment:checking '/home/shrirag10/LAB3/install/imu_msgs/lib/pkgconfig/imu_msgs.pc'
[0.906s] Level 1:colcon.colcon_core.environment:checking '/home/shrirag10/LAB3/install/imu_msgs/lib/python3.10/site-packages'
[0.906s] Level 1:colcon.colcon_core.environment:checking '/home/shrirag10/LAB3/install/imu_msgs/bin'
[0.906s] INFO:colcon.colcon_core.shell:Creating package script '/home/shrirag10/LAB3/install/imu_msgs/share/imu_msgs/package.ps1'
[0.907s] INFO:colcon.colcon_core.shell:Creating package descriptor '/home/shrirag10/LAB3/install/imu_msgs/share/imu_msgs/package.dsv'
[0.907s] INFO:colcon.colcon_core.shell:Creating package script '/home/shrirag10/LAB3/install/imu_msgs/share/imu_msgs/package.sh'
[0.908s] INFO:colcon.colcon_core.shell:Creating package script '/home/shrirag10/LAB3/install/imu_msgs/share/imu_msgs/package.bash'
[0.908s] INFO:colcon.colcon_core.shell:Creating package script '/home/shrirag10/LAB3/install/imu_msgs/share/imu_msgs/package.zsh'
[0.909s] Level 1:colcon.colcon_core.environment:create_file_with_runtime_dependencies(/home/shrirag10/LAB3/install/imu_msgs/share/colcon-core/packages/imu_msgs)
[0.942s] Level 1:colcon.colcon_core.environment:checking '/home/shrirag10/LAB3/install/imu_driver' for CMake module files
[0.942s] DEBUG:colcon.colcon_core.event_handler.log_command:Invoked command in '/home/shrirag10/LAB3/src/imu_driver' returned '0': PYTHONPATH=/home/shrirag10/LAB3/build/imu_driver/prefix_override:/usr/lib/python3/dist-packages/colcon_core/task/python/colcon_distutils_commands:/home/shrirag10/LAB3/install/imu_driver/lib/python3.10/site-packages:${PYTHONPATH} /usr/bin/python3 -W ignore:setup.py install is deprecated setup.py egg_info --egg-base ../../build/imu_driver build --build-base /home/shrirag10/LAB3/build/imu_driver/build install --record /home/shrirag10/LAB3/build/imu_driver/install.log --single-version-externally-managed install_data
[0.943s] Level 1:colcon.colcon_core.environment:checking '/home/shrirag10/LAB3/install/imu_driver' for CMake config files
[0.943s] Level 1:colcon.colcon_core.environment:checking '/home/shrirag10/LAB3/install/imu_driver/lib'
[0.943s] Level 1:colcon.colcon_core.environment:checking '/home/shrirag10/LAB3/install/imu_driver/bin'
[0.943s] Level 1:colcon.colcon_core.environment:checking '/home/shrirag10/LAB3/install/imu_driver/lib/pkgconfig/imu_driver.pc'
[0.943s] Level 1:colcon.colcon_core.environment:checking '/home/shrirag10/LAB3/install/imu_driver/lib/python3.10/site-packages'
[0.944s] Level 1:colcon.colcon_core.shell:create_environment_hook('imu_driver', 'pythonpath')
[0.944s] INFO:colcon.colcon_core.shell:Creating environment hook '/home/shrirag10/LAB3/install/imu_driver/share/imu_driver/hook/pythonpath.ps1'
[0.944s] INFO:colcon.colcon_core.shell:Creating environment descriptor '/home/shrirag10/LAB3/install/imu_driver/share/imu_driver/hook/pythonpath.dsv'
[0.944s] INFO:colcon.colcon_core.shell:Creating environment hook '/home/shrirag10/LAB3/install/imu_driver/share/imu_driver/hook/pythonpath.sh'
[0.945s] Level 1:colcon.colcon_core.environment:checking '/home/shrirag10/LAB3/install/imu_driver/bin'
[0.945s] Level 1:colcon.colcon_core.environment:create_environment_scripts_only(imu_driver)
[0.945s] INFO:colcon.colcon_core.shell:Creating package script '/home/shrirag10/LAB3/install/imu_driver/share/imu_driver/package.ps1'
[0.945s] INFO:colcon.colcon_core.shell:Creating package descriptor '/home/shrirag10/LAB3/install/imu_driver/share/imu_driver/package.dsv'
[0.945s] INFO:colcon.colcon_core.shell:Creating package script '/home/shrirag10/LAB3/install/imu_driver/share/imu_driver/package.sh'
[0.946s] INFO:colcon.colcon_core.shell:Creating package script '/home/shrirag10/LAB3/install/imu_driver/share/imu_driver/package.bash'
[0.946s] INFO:colcon.colcon_core.shell:Creating package script '/home/shrirag10/LAB3/install/imu_driver/share/imu_driver/package.zsh'
[0.946s] Level 1:colcon.colcon_core.environment:create_file_with_runtime_dependencies(/home/shrirag10/LAB3/install/imu_driver/share/colcon-core/packages/imu_driver)
[0.957s] Level 1:colcon.colcon_core.environment:create_environment_scripts_only(imu_msgs)
[0.957s] Level 1:colcon.colcon_core.environment:checking '/home/shrirag10/LAB3/install/imu_msgs' for CMake module files
[0.957s] Level 1:colcon.colcon_core.environment:checking '/home/shrirag10/LAB3/install/imu_msgs' for CMake config files
[0.958s] Level 1:colcon.colcon_core.shell:create_environment_hook('imu_msgs', 'cmake_prefix_path')
[0.958s] INFO:colcon.colcon_core.shell:Creating environment hook '/home/shrirag10/LAB3/install/imu_msgs/share/imu_msgs/hook/cmake_prefix_path.ps1'
[0.958s] INFO:colcon.colcon_core.shell:Creating environment descriptor '/home/shrirag10/LAB3/install/imu_msgs/share/imu_msgs/hook/cmake_prefix_path.dsv'
[0.958s] INFO:colcon.colcon_core.shell:Creating environment hook '/home/shrirag10/LAB3/install/imu_msgs/share/imu_msgs/hook/cmake_prefix_path.sh'
[0.959s] Level 1:colcon.colcon_core.environment:checking '/home/shrirag10/LAB3/install/imu_msgs/lib'
[0.959s] Level 1:colcon.colcon_core.shell:create_environment_hook('imu_msgs', 'ld_library_path_lib')
[0.959s] INFO:colcon.colcon_core.shell:Creating environment hook '/home/shrirag10/LAB3/install/imu_msgs/share/imu_msgs/hook/ld_library_path_lib.ps1'
[0.959s] INFO:colcon.colcon_core.shell:Creating environment descriptor '/home/shrirag10/LAB3/install/imu_msgs/share/imu_msgs/hook/ld_library_path_lib.dsv'
[0.960s] INFO:colcon.colcon_core.shell:Creating environment hook '/home/shrirag10/LAB3/install/imu_msgs/share/imu_msgs/hook/ld_library_path_lib.sh'
[0.960s] Level 1:colcon.colcon_core.environment:checking '/home/shrirag10/LAB3/install/imu_msgs/bin'
[0.960s] Level 1:colcon.colcon_core.environment:checking '/home/shrirag10/LAB3/install/imu_msgs/lib/pkgconfig/imu_msgs.pc'
[0.960s] Level 1:colcon.colcon_core.environment:checking '/home/shrirag10/LAB3/install/imu_msgs/lib/python3.10/site-packages'
[0.960s] Level 1:colcon.colcon_core.environment:checking '/home/shrirag10/LAB3/install/imu_msgs/bin'
[0.961s] INFO:colcon.colcon_core.shell:Creating package script '/home/shrirag10/LAB3/install/imu_msgs/share/imu_msgs/package.ps1'
[0.961s] INFO:colcon.colcon_core.shell:Creating package descriptor '/home/shrirag10/LAB3/install/imu_msgs/share/imu_msgs/package.dsv'
[0.962s] INFO:colcon.colcon_core.shell:Creating package script '/home/shrirag10/LAB3/install/imu_msgs/share/imu_msgs/package.sh'
[0.962s] INFO:colcon.colcon_core.shell:Creating package script '/home/shrirag10/LAB3/install/imu_msgs/share/imu_msgs/package.bash'
[0.962s] INFO:colcon.colcon_core.shell:Creating package script '/home/shrirag10/LAB3/install/imu_msgs/share/imu_msgs/package.zsh'
[0.963s] Level 1:colcon.colcon_core.environment:create_file_with_runtime_dependencies(/home/shrirag10/LAB3/install/imu_msgs/share/colcon-core/packages/imu_msgs)
[0.963s] DEBUG:colcon.colcon_parallel_executor.executor.parallel:closing loop
[0.963s] DEBUG:colcon.colcon_parallel_executor.executor.parallel:loop closed
[0.963s] DEBUG:colcon.colcon_parallel_executor.executor.parallel:run_until_complete finished with '0'
[0.963s] DEBUG:colcon.colcon_core.event_reactor:joining thread
[0.971s] INFO:colcon.colcon_core.plugin_system:Skipping extension 'colcon_notification.desktop_notification.terminal_notifier': Not used on non-Darwin systems
[0.971s] INFO:colcon.colcon_core.plugin_system:Skipping extension 'colcon_notification.desktop_notification.win32': Not used on non-Windows systems
[0.971s] INFO:colcon.colcon_notification.desktop_notification:Sending desktop notification using 'notify2'
[0.997s] DEBUG:colcon.colcon_core.event_reactor:joined thread
[0.997s] INFO:colcon.colcon_core.shell:Creating prefix script '/home/shrirag10/LAB3/install/local_setup.ps1'
[0.998s] INFO:colcon.colcon_core.shell:Creating prefix util module '/home/shrirag10/LAB3/install/_local_setup_util_ps1.py'
[0.999s] INFO:colcon.colcon_core.shell:Creating prefix chain script '/home/shrirag10/LAB3/install/setup.ps1'
[1.000s] INFO:colcon.colcon_core.shell:Creating prefix script '/home/shrirag10/LAB3/install/local_setup.sh'
[1.000s] INFO:colcon.colcon_core.shell:Creating prefix util module '/home/shrirag10/LAB3/install/_local_setup_util_sh.py'
[1.001s] INFO:colcon.colcon_core.shell:Creating prefix chain script '/home/shrirag10/LAB3/install/setup.sh'
[1.001s] INFO:colcon.colcon_core.shell:Creating prefix script '/home/shrirag10/LAB3/install/local_setup.bash'
[1.002s] INFO:colcon.colcon_core.shell:Creating prefix chain script '/home/shrirag10/LAB3/install/setup.bash'
[1.002s] INFO:colcon.colcon_core.shell:Creating prefix script '/home/shrirag10/LAB3/install/local_setup.zsh'
[1.003s] INFO:colcon.colcon_core.shell:Creating prefix chain script '/home/shrirag10/LAB3/install/setup.zsh'
