[0.154s] DEBUG:colcon:Command line arguments: ['/usr/bin/colcon', 'build']
[0.154s] DEBUG:colcon:Parsed command line arguments: Namespace(log_base=None, log_level=None, verb_name='build', build_base='build', install_base='install', merge_install=False, symlink_install=False, test_result_base=None, continue_on_error=False, executor='parallel', parallel_workers=16, event_handlers=None, ignore_user_meta=False, metas=['./colcon.meta'], base_paths=['.'], packages_ignore=None, packages_ignore_regex=None, paths=None, packages_up_to=None, packages_up_to_regex=None, packages_above=None, packages_above_and_dependencies=None, packages_above_depth=None, packages_select_by_dep=None, packages_skip_by_dep=None, packages_skip_up_to=None, packages_select_build_failed=False, packages_skip_build_finished=False, packages_select_test_failures=False, packages_skip_test_passed=False, packages_select=None, packages_skip=None, packages_select_regex=None, packages_skip_regex=None, packages_start=None, packages_end=None, allow_overriding=[], cmake_args=None, cmake_target=None, cmake_target_skip_unavailable=False, cmake_clean_cache=False, cmake_clean_first=False, cmake_force_configure=False, ament_cmake_args=None, catkin_cmake_args=None, catkin_skip_building_tests=False, verb_parser=<colcon_defaults.argument_parser.defaults.DefaultArgumentsDecorator object at 0x7e8285554040>, verb_extension=<colcon_core.verb.build.BuildVerb object at 0x7e82855171c0>, main=<bound method BuildVerb.main of <colcon_core.verb.build.BuildVerb object at 0x7e82855171c0>>)
[0.293s] Level 1:colcon.colcon_core.package_discovery:discover_packages(colcon_meta) check parameters
[0.293s] Level 1:colcon.colcon_core.package_discovery:discover_packages(recursive) check parameters
[0.293s] Level 1:colcon.colcon_core.package_discovery:discover_packages(ignore) check parameters
[0.293s] Level 1:colcon.colcon_core.package_discovery:discover_packages(path) check parameters
[0.293s] Level 1:colcon.colcon_core.package_discovery:discover_packages(colcon_meta) discover
[0.293s] Level 1:colcon.colcon_core.package_discovery:discover_packages(recursive) discover
[0.293s] INFO:colcon.colcon_core.package_discovery:Crawling recursively for packages in '/home/shrirag10/LAB3'
[0.293s] Level 1:colcon.colcon_core.package_identification:_identify(.) by extensions ['ignore', 'ignore_ament_install']
[0.294s] Level 1:colcon.colcon_core.package_identification:_identify(.) by extension 'ignore'
[0.294s] Level 1:colcon.colcon_core.package_identification:_identify(.) by extension 'ignore_ament_install'
[0.294s] Level 1:colcon.colcon_core.package_identification:_identify(.) by extensions ['colcon_pkg']
[0.294s] Level 1:colcon.colcon_core.package_identification:_identify(.) by extension 'colcon_pkg'
[0.294s] Level 1:colcon.colcon_core.package_identification:_identify(.) by extensions ['colcon_meta']
[0.294s] Level 1:colcon.colcon_core.package_identification:_identify(.) by extension 'colcon_meta'
[0.294s] Level 1:colcon.colcon_core.package_identification:_identify(.) by extensions ['ros']
[0.294s] Level 1:colcon.colcon_core.package_identification:_identify(.) by extension 'ros'
[0.303s] Level 1:colcon.colcon_core.package_identification:_identify(.) by extensions ['cmake', 'python']
[0.303s] Level 1:colcon.colcon_core.package_identification:_identify(.) by extension 'cmake'
[0.303s] Level 1:colcon.colcon_core.package_identification:_identify(.) by extension 'python'
[0.303s] Level 1:colcon.colcon_core.package_identification:_identify(.) by extensions ['python_setup_py']
[0.303s] Level 1:colcon.colcon_core.package_identification:_identify(.) by extension 'python_setup_py'
[0.304s] Level 1:colcon.colcon_core.package_identification:_identify(analysis) by extensions ['ignore', 'ignore_ament_install']
[0.304s] Level 1:colcon.colcon_core.package_identification:_identify(analysis) by extension 'ignore'
[0.304s] Level 1:colcon.colcon_core.package_identification:_identify(analysis) by extension 'ignore_ament_install'
[0.304s] Level 1:colcon.colcon_core.package_identification:_identify(analysis) by extensions ['colcon_pkg']
[0.304s] Level 1:colcon.colcon_core.package_identification:_identify(analysis) by extension 'colcon_pkg'
[0.304s] Level 1:colcon.colcon_core.package_identification:_identify(analysis) by extensions ['colcon_meta']
[0.304s] Level 1:colcon.colcon_core.package_identification:_identify(analysis) by extension 'colcon_meta'
[0.304s] Level 1:colcon.colcon_core.package_identification:_identify(analysis) by extensions ['ros']
[0.304s] Level 1:colcon.colcon_core.package_identification:_identify(analysis) by extension 'ros'
[0.304s] Level 1:colcon.colcon_core.package_identification:_identify(analysis) by extensions ['cmake', 'python']
[0.304s] Level 1:colcon.colcon_core.package_identification:_identify(analysis) by extension 'cmake'
[0.304s] Level 1:colcon.colcon_core.package_identification:_identify(analysis) by extension 'python'
[0.304s] Level 1:colcon.colcon_core.package_identification:_identify(analysis) by extensions ['python_setup_py']
[0.304s] Level 1:colcon.colcon_core.package_identification:_identify(analysis) by extension 'python_setup_py'
[0.304s] Level 1:colcon.colcon_core.package_identification:_identify(build) by extensions ['ignore', 'ignore_ament_install']
[0.304s] Level 1:colcon.colcon_core.package_identification:_identify(build) by extension 'ignore'
[0.304s] Level 1:colcon.colcon_core.package_identification:_identify(build) ignored
[0.304s] Level 1:colcon.colcon_core.package_identification:_identify(data) by extensions ['ignore', 'ignore_ament_install']
[0.304s] Level 1:colcon.colcon_core.package_identification:_identify(data) by extension 'ignore'
[0.304s] Level 1:colcon.colcon_core.package_identification:_identify(data) by extension 'ignore_ament_install'
[0.304s] Level 1:colcon.colcon_core.package_identification:_identify(data) by extensions ['colcon_pkg']
[0.304s] Level 1:colcon.colcon_core.package_identification:_identify(data) by extension 'colcon_pkg'
[0.304s] Level 1:colcon.colcon_core.package_identification:_identify(data) by extensions ['colcon_meta']
[0.304s] Level 1:colcon.colcon_core.package_identification:_identify(data) by extension 'colcon_meta'
[0.304s] Level 1:colcon.colcon_core.package_identification:_identify(data) by extensions ['ros']
[0.304s] Level 1:colcon.colcon_core.package_identification:_identify(data) by extension 'ros'
[0.305s] Level 1:colcon.colcon_core.package_identification:_identify(data) by extensions ['cmake', 'python']
[0.305s] Level 1:colcon.colcon_core.package_identification:_identify(data) by extension 'cmake'
[0.305s] Level 1:colcon.colcon_core.package_identification:_identify(data) by extension 'python'
[0.305s] Level 1:colcon.colcon_core.package_identification:_identify(data) by extensions ['python_setup_py']
[0.305s] Level 1:colcon.colcon_core.package_identification:_identify(data) by extension 'python_setup_py'
[0.305s] Level 1:colcon.colcon_core.package_identification:_identify(data/emulator.bag) by extensions ['ignore', 'ignore_ament_install']
[0.305s] Level 1:colcon.colcon_core.package_identification:_identify(data/emulator.bag) by extension 'ignore'
[0.305s] Level 1:colcon.colcon_core.package_identification:_identify(data/emulator.bag) by extension 'ignore_ament_install'
[0.305s] Level 1:colcon.colcon_core.package_identification:_identify(data/emulator.bag) by extensions ['colcon_pkg']
[0.305s] Level 1:colcon.colcon_core.package_identification:_identify(data/emulator.bag) by extension 'colcon_pkg'
[0.305s] Level 1:colcon.colcon_core.package_identification:_identify(data/emulator.bag) by extensions ['colcon_meta']
[0.305s] Level 1:colcon.colcon_core.package_identification:_identify(data/emulator.bag) by extension 'colcon_meta'
[0.305s] Level 1:colcon.colcon_core.package_identification:_identify(data/emulator.bag) by extensions ['ros']
[0.305s] Level 1:colcon.colcon_core.package_identification:_identify(data/emulator.bag) by extension 'ros'
[0.305s] Level 1:colcon.colcon_core.package_identification:_identify(data/emulator.bag) by extensions ['cmake', 'python']
[0.305s] Level 1:colcon.colcon_core.package_identification:_identify(data/emulator.bag) by extension 'cmake'
[0.305s] Level 1:colcon.colcon_core.package_identification:_identify(data/emulator.bag) by extension 'python'
[0.305s] Level 1:colcon.colcon_core.package_identification:_identify(data/emulator.bag) by extensions ['python_setup_py']
[0.305s] Level 1:colcon.colcon_core.package_identification:_identify(data/emulator.bag) by extension 'python_setup_py'
[0.305s] Level 1:colcon.colcon_core.package_identification:_identify(data/fivehour1data.bag) by extensions ['ignore', 'ignore_ament_install']
[0.305s] Level 1:colcon.colcon_core.package_identification:_identify(data/fivehour1data.bag) by extension 'ignore'
[0.305s] Level 1:colcon.colcon_core.package_identification:_identify(data/fivehour1data.bag) by extension 'ignore_ament_install'
[0.305s] Level 1:colcon.colcon_core.package_identification:_identify(data/fivehour1data.bag) by extensions ['colcon_pkg']
[0.305s] Level 1:colcon.colcon_core.package_identification:_identify(data/fivehour1data.bag) by extension 'colcon_pkg'
[0.305s] Level 1:colcon.colcon_core.package_identification:_identify(data/fivehour1data.bag) by extensions ['colcon_meta']
[0.305s] Level 1:colcon.colcon_core.package_identification:_identify(data/fivehour1data.bag) by extension 'colcon_meta'
[0.305s] Level 1:colcon.colcon_core.package_identification:_identify(data/fivehour1data.bag) by extensions ['ros']
[0.305s] Level 1:colcon.colcon_core.package_identification:_identify(data/fivehour1data.bag) by extension 'ros'
[0.305s] Level 1:colcon.colcon_core.package_identification:_identify(data/fivehour1data.bag) by extensions ['cmake', 'python']
[0.305s] Level 1:colcon.colcon_core.package_identification:_identify(data/fivehour1data.bag) by extension 'cmake'
[0.306s] Level 1:colcon.colcon_core.package_identification:_identify(data/fivehour1data.bag) by extension 'python'
[0.306s] Level 1:colcon.colcon_core.package_identification:_identify(data/fivehour1data.bag) by extensions ['python_setup_py']
[0.306s] Level 1:colcon.colcon_core.package_identification:_identify(data/fivehour1data.bag) by extension 'python_setup_py'
[0.306s] Level 1:colcon.colcon_core.package_identification:_identify(data/fivehourdata.bag) by extensions ['ignore', 'ignore_ament_install']
[0.306s] Level 1:colcon.colcon_core.package_identification:_identify(data/fivehourdata.bag) by extension 'ignore'
[0.306s] Level 1:colcon.colcon_core.package_identification:_identify(data/fivehourdata.bag) by extension 'ignore_ament_install'
[0.306s] Level 1:colcon.colcon_core.package_identification:_identify(data/fivehourdata.bag) by extensions ['colcon_pkg']
[0.306s] Level 1:colcon.colcon_core.package_identification:_identify(data/fivehourdata.bag) by extension 'colcon_pkg'
[0.306s] Level 1:colcon.colcon_core.package_identification:_identify(data/fivehourdata.bag) by extensions ['colcon_meta']
[0.306s] Level 1:colcon.colcon_core.package_identification:_identify(data/fivehourdata.bag) by extension 'colcon_meta'
[0.306s] Level 1:colcon.colcon_core.package_identification:_identify(data/fivehourdata.bag) by extensions ['ros']
[0.306s] Level 1:colcon.colcon_core.package_identification:_identify(data/fivehourdata.bag) by extension 'ros'
[0.306s] Level 1:colcon.colcon_core.package_identification:_identify(data/fivehourdata.bag) by extensions ['cmake', 'python']
[0.306s] Level 1:colcon.colcon_core.package_identification:_identify(data/fivehourdata.bag) by extension 'cmake'
[0.306s] Level 1:colcon.colcon_core.package_identification:_identify(data/fivehourdata.bag) by extension 'python'
[0.306s] Level 1:colcon.colcon_core.package_identification:_identify(data/fivehourdata.bag) by extensions ['python_setup_py']
[0.306s] Level 1:colcon.colcon_core.package_identification:_identify(data/fivehourdata.bag) by extension 'python_setup_py'
[0.306s] Level 1:colcon.colcon_core.package_identification:_identify(data/stationarydata.bag) by extensions ['ignore', 'ignore_ament_install']
[0.306s] Level 1:colcon.colcon_core.package_identification:_identify(data/stationarydata.bag) by extension 'ignore'
[0.306s] Level 1:colcon.colcon_core.package_identification:_identify(data/stationarydata.bag) by extension 'ignore_ament_install'
[0.306s] Level 1:colcon.colcon_core.package_identification:_identify(data/stationarydata.bag) by extensions ['colcon_pkg']
[0.306s] Level 1:colcon.colcon_core.package_identification:_identify(data/stationarydata.bag) by extension 'colcon_pkg'
[0.306s] Level 1:colcon.colcon_core.package_identification:_identify(data/stationarydata.bag) by extensions ['colcon_meta']
[0.306s] Level 1:colcon.colcon_core.package_identification:_identify(data/stationarydata.bag) by extension 'colcon_meta'
[0.306s] Level 1:colcon.colcon_core.package_identification:_identify(data/stationarydata.bag) by extensions ['ros']
[0.306s] Level 1:colcon.colcon_core.package_identification:_identify(data/stationarydata.bag) by extension 'ros'
[0.306s] Level 1:colcon.colcon_core.package_identification:_identify(data/stationarydata.bag) by extensions ['cmake', 'python']
[0.306s] Level 1:colcon.colcon_core.package_identification:_identify(data/stationarydata.bag) by extension 'cmake'
[0.306s] Level 1:colcon.colcon_core.package_identification:_identify(data/stationarydata.bag) by extension 'python'
[0.306s] Level 1:colcon.colcon_core.package_identification:_identify(data/stationarydata.bag) by extensions ['python_setup_py']
[0.306s] Level 1:colcon.colcon_core.package_identification:_identify(data/stationarydata.bag) by extension 'python_setup_py'
[0.306s] Level 1:colcon.colcon_core.package_identification:_identify(install) by extensions ['ignore', 'ignore_ament_install']
[0.306s] Level 1:colcon.colcon_core.package_identification:_identify(install) by extension 'ignore'
[0.307s] Level 1:colcon.colcon_core.package_identification:_identify(install) ignored
[0.307s] Level 1:colcon.colcon_core.package_identification:_identify(log) by extensions ['ignore', 'ignore_ament_install']
[0.307s] Level 1:colcon.colcon_core.package_identification:_identify(log) by extension 'ignore'
[0.307s] Level 1:colcon.colcon_core.package_identification:_identify(log) ignored
[0.307s] Level 1:colcon.colcon_core.package_identification:_identify(src) by extensions ['ignore', 'ignore_ament_install']
[0.307s] Level 1:colcon.colcon_core.package_identification:_identify(src) by extension 'ignore'
[0.307s] Level 1:colcon.colcon_core.package_identification:_identify(src) by extension 'ignore_ament_install'
[0.307s] Level 1:colcon.colcon_core.package_identification:_identify(src) by extensions ['colcon_pkg']
[0.307s] Level 1:colcon.colcon_core.package_identification:_identify(src) by extension 'colcon_pkg'
[0.307s] Level 1:colcon.colcon_core.package_identification:_identify(src) by extensions ['colcon_meta']
[0.307s] Level 1:colcon.colcon_core.package_identification:_identify(src) by extension 'colcon_meta'
[0.307s] Level 1:colcon.colcon_core.package_identification:_identify(src) by extensions ['ros']
[0.307s] Level 1:colcon.colcon_core.package_identification:_identify(src) by extension 'ros'
[0.307s] Level 1:colcon.colcon_core.package_identification:_identify(src) by extensions ['cmake', 'python']
[0.307s] Level 1:colcon.colcon_core.package_identification:_identify(src) by extension 'cmake'
[0.307s] Level 1:colcon.colcon_core.package_identification:_identify(src) by extension 'python'
[0.307s] Level 1:colcon.colcon_core.package_identification:_identify(src) by extensions ['python_setup_py']
[0.307s] Level 1:colcon.colcon_core.package_identification:_identify(src) by extension 'python_setup_py'
[0.307s] Level 1:colcon.colcon_core.package_identification:_identify(src/imu_driver) by extensions ['ignore', 'ignore_ament_install']
[0.307s] Level 1:colcon.colcon_core.package_identification:_identify(src/imu_driver) by extension 'ignore'
[0.307s] Level 1:colcon.colcon_core.package_identification:_identify(src/imu_driver) by extension 'ignore_ament_install'
[0.307s] Level 1:colcon.colcon_core.package_identification:_identify(src/imu_driver) by extensions ['colcon_pkg']
[0.307s] Level 1:colcon.colcon_core.package_identification:_identify(src/imu_driver) by extension 'colcon_pkg'
[0.307s] Level 1:colcon.colcon_core.package_identification:_identify(src/imu_driver) by extensions ['colcon_meta']
[0.307s] Level 1:colcon.colcon_core.package_identification:_identify(src/imu_driver) by extension 'colcon_meta'
[0.307s] Level 1:colcon.colcon_core.package_identification:_identify(src/imu_driver) by extensions ['ros']
[0.307s] Level 1:colcon.colcon_core.package_identification:_identify(src/imu_driver) by extension 'ros'
[0.309s] DEBUG:colcon.colcon_core.package_identification:Package 'src/imu_driver' with type 'ros.ament_python' and name 'imu_driver'
[0.310s] Level 1:colcon.colcon_core.package_identification:_identify(src/imu_msgs) by extensions ['ignore', 'ignore_ament_install']
[0.310s] Level 1:colcon.colcon_core.package_identification:_identify(src/imu_msgs) by extension 'ignore'
[0.310s] Level 1:colcon.colcon_core.package_identification:_identify(src/imu_msgs) by extension 'ignore_ament_install'
[0.310s] Level 1:colcon.colcon_core.package_identification:_identify(src/imu_msgs) by extensions ['colcon_pkg']
[0.310s] Level 1:colcon.colcon_core.package_identification:_identify(src/imu_msgs) by extension 'colcon_pkg'
[0.310s] Level 1:colcon.colcon_core.package_identification:_identify(src/imu_msgs) by extensions ['colcon_meta']
[0.310s] Level 1:colcon.colcon_core.package_identification:_identify(src/imu_msgs) by extension 'colcon_meta'
[0.310s] Level 1:colcon.colcon_core.package_identification:_identify(src/imu_msgs) by extensions ['ros']
[0.310s] Level 1:colcon.colcon_core.package_identification:_identify(src/imu_msgs) by extension 'ros'
[0.311s] DEBUG:colcon.colcon_core.package_identification:Package 'src/imu_msgs' with type 'ros.ament_cmake' and name 'imu_msgs'
[0.311s] Level 1:colcon.colcon_core.package_discovery:discover_packages(recursive) using defaults
[0.311s] Level 1:colcon.colcon_core.package_discovery:discover_packages(ignore) discover
[0.311s] Level 1:colcon.colcon_core.package_discovery:discover_packages(ignore) using defaults
[0.311s] Level 1:colcon.colcon_core.package_discovery:discover_packages(path) discover
[0.311s] Level 1:colcon.colcon_core.package_discovery:discover_packages(path) using defaults
[0.330s] Level 1:colcon.colcon_core.package_discovery:discover_packages(prefix_path) check parameters
[0.330s] Level 1:colcon.colcon_core.package_discovery:discover_packages(prefix_path) discover
[0.332s] DEBUG:colcon.colcon_installed_package_information.package_discovery:Found 271 installed packages in /opt/ros/humble
[0.333s] Level 1:colcon.colcon_core.package_discovery:discover_packages(prefix_path) using defaults
[0.360s] Level 5:colcon.colcon_core.verb:set package 'imu_driver' build argument 'cmake_args' from command line to 'None'
[0.360s] Level 5:colcon.colcon_core.verb:set package 'imu_driver' build argument 'cmake_target' from command line to 'None'
[0.360s] Level 5:colcon.colcon_core.verb:set package 'imu_driver' build argument 'cmake_target_skip_unavailable' from command line to 'False'
[0.360s] Level 5:colcon.colcon_core.verb:set package 'imu_driver' build argument 'cmake_clean_cache' from command line to 'False'
[0.360s] Level 5:colcon.colcon_core.verb:set package 'imu_driver' build argument 'cmake_clean_first' from command line to 'False'
[0.360s] Level 5:colcon.colcon_core.verb:set package 'imu_driver' build argument 'cmake_force_configure' from command line to 'False'
[0.360s] Level 5:colcon.colcon_core.verb:set package 'imu_driver' build argument 'ament_cmake_args' from command line to 'None'
[0.360s] Level 5:colcon.colcon_core.verb:set package 'imu_driver' build argument 'catkin_cmake_args' from command line to 'None'
[0.360s] Level 5:colcon.colcon_core.verb:set package 'imu_driver' build argument 'catkin_skip_building_tests' from command line to 'False'
[0.360s] DEBUG:colcon.colcon_core.verb:Building package 'imu_driver' with the following arguments: {'ament_cmake_args': None, 'build_base': '/home/shrirag10/LAB3/build/imu_driver', 'catkin_cmake_args': None, 'catkin_skip_building_tests': False, 'cmake_args': None, 'cmake_clean_cache': False, 'cmake_clean_first': False, 'cmake_force_configure': False, 'cmake_target': None, 'cmake_target_skip_unavailable': False, 'install_base': '/home/shrirag10/LAB3/install/imu_driver', 'merge_install': False, 'path': '/home/shrirag10/LAB3/src/imu_driver', 'symlink_install': False, 'test_result_base': None}
[0.360s] Level 5:colcon.colcon_core.verb:set package 'imu_msgs' build argument 'cmake_args' from command line to 'None'
[0.360s] Level 5:colcon.colcon_core.verb:set package 'imu_msgs' build argument 'cmake_target' from command line to 'None'
[0.360s] Level 5:colcon.colcon_core.verb:set package 'imu_msgs' build argument 'cmake_target_skip_unavailable' from command line to 'False'
[0.360s] Level 5:colcon.colcon_core.verb:set package 'imu_msgs' build argument 'cmake_clean_cache' from command line to 'False'
[0.360s] Level 5:colcon.colcon_core.verb:set package 'imu_msgs' build argument 'cmake_clean_first' from command line to 'False'
[0.360s] Level 5:colcon.colcon_core.verb:set package 'imu_msgs' build argument 'cmake_force_configure' from command line to 'False'
[0.360s] Level 5:colcon.colcon_core.verb:set package 'imu_msgs' build argument 'ament_cmake_args' from command line to 'None'
[0.360s] Level 5:colcon.colcon_core.verb:set package 'imu_msgs' build argument 'catkin_cmake_args' from command line to 'None'
[0.360s] Level 5:colcon.colcon_core.verb:set package 'imu_msgs' build argument 'catkin_skip_building_tests' from command line to 'False'
[0.360s] DEBUG:colcon.colcon_core.verb:Building package 'imu_msgs' with the following arguments: {'ament_cmake_args': None, 'build_base': '/home/shrirag10/LAB3/build/imu_msgs', 'catkin_cmake_args': None, 'catkin_skip_building_tests': False, 'cmake_args': None, 'cmake_clean_cache': False, 'cmake_clean_first': False, 'cmake_force_configure': False, 'cmake_target': None, 'cmake_target_skip_unavailable': False, 'install_base': '/home/shrirag10/LAB3/install/imu_msgs', 'merge_install': False, 'path': '/home/shrirag10/LAB3/src/imu_msgs', 'symlink_install': False, 'test_result_base': None}
[0.360s] INFO:colcon.colcon_core.executor:Executing jobs using 'parallel' executor
[0.361s] DEBUG:colcon.colcon_parallel_executor.executor.parallel:run_until_complete
[0.361s] INFO:colcon.colcon_ros.task.ament_python.build:Building ROS package in '/home/shrirag10/LAB3/src/imu_driver' with build type 'ament_python'
[0.361s] Level 1:colcon.colcon_core.shell:create_environment_hook('imu_driver', 'ament_prefix_path')
[0.364s] INFO:colcon.colcon_core.plugin_system:Skipping extension 'colcon_core.shell.bat': Not used on non-Windows systems
[0.364s] INFO:colcon.colcon_core.shell:Creating environment hook '/home/shrirag10/LAB3/install/imu_driver/share/imu_driver/hook/ament_prefix_path.ps1'
[0.365s] INFO:colcon.colcon_core.shell:Creating environment descriptor '/home/shrirag10/LAB3/install/imu_driver/share/imu_driver/hook/ament_prefix_path.dsv'
[0.365s] INFO:colcon.colcon_core.shell:Creating environment hook '/home/shrirag10/LAB3/install/imu_driver/share/imu_driver/hook/ament_prefix_path.sh'
[0.366s] INFO:colcon.colcon_core.shell:Skip shell extension 'powershell' for command environment: Not usable outside of PowerShell
[0.366s] DEBUG:colcon.colcon_core.shell:Skip shell extension 'dsv' for command environment
[0.367s] INFO:colcon.colcon_ros.task.ament_cmake.build:Building ROS package in '/home/shrirag10/LAB3/src/imu_msgs' with build type 'ament_cmake'
[0.367s] INFO:colcon.colcon_cmake.task.cmake.build:Building CMake package in '/home/shrirag10/LAB3/src/imu_msgs'
[0.368s] INFO:colcon.colcon_core.shell:Skip shell extension 'powershell' for command environment: Not usable outside of PowerShell
[0.368s] DEBUG:colcon.colcon_core.shell:Skip shell extension 'dsv' for command environment
[0.514s] INFO:colcon.colcon_core.task.python.build:Building Python package in '/home/shrirag10/LAB3/src/imu_driver'
[0.514s] INFO:colcon.colcon_core.shell:Skip shell extension 'powershell' for command environment: Not usable outside of PowerShell
[0.514s] DEBUG:colcon.colcon_core.shell:Skip shell extension 'dsv' for command environment
[0.521s] DEBUG:colcon.colcon_core.event_handler.log_command:Invoking command in '/home/shrirag10/LAB3/build/imu_msgs': CMAKE_PREFIX_PATH=/opt/ros/humble /usr/bin/cmake --build /home/shrirag10/LAB3/build/imu_msgs -- -j16 -l16
[0.741s] DEBUG:colcon.colcon_core.event_handler.log_command:Invoking command in '/home/shrirag10/LAB3/src/imu_driver': PYTHONPATH=/home/shrirag10/LAB3/build/imu_driver/prefix_override:/usr/lib/python3/dist-packages/colcon_core/task/python/colcon_distutils_commands:/home/shrirag10/LAB3/install/imu_driver/lib/python3.10/site-packages:${PYTHONPATH} /usr/bin/python3 -W ignore:setup.py install is deprecated setup.py egg_info --egg-base ../../build/imu_driver build --build-base /home/shrirag10/LAB3/build/imu_driver/build install --record /home/shrirag10/LAB3/build/imu_driver/install.log --single-version-externally-managed install_data
[0.758s] DEBUG:colcon.colcon_core.event_handler.log_command:Invoked command in '/home/shrirag10/LAB3/build/imu_msgs' returned '0': CMAKE_PREFIX_PATH=/opt/ros/humble /usr/bin/cmake --build /home/shrirag10/LAB3/build/imu_msgs -- -j16 -l16
[0.810s] DEBUG:colcon.colcon_core.event_handler.log_command:Invoking command in '/home/shrirag10/LAB3/build/imu_msgs': CMAKE_PREFIX_PATH=/opt/ros/humble /usr/bin/cmake --install /home/shrirag10/LAB3/build/imu_msgs
[0.851s] Level 1:colcon.colcon_core.environment:create_environment_scripts_only(imu_msgs)
[0.851s] DEBUG:colcon.colcon_core.event_handler.log_command:Invoked command in '/home/shrirag10/LAB3/build/imu_msgs' returned '0': CMAKE_PREFIX_PATH=/opt/ros/humble /usr/bin/cmake --install /home/shrirag10/LAB3/build/imu_msgs
[0.854s] Level 1:colcon.colcon_core.environment:checking '/home/shrirag10/LAB3/install/imu_msgs' for CMake module files
[0.854s] Level 1:colcon.colcon_core.environment:checking '/home/shrirag10/LAB3/install/imu_msgs' for CMake config files
[0.854s] Level 1:colcon.colcon_core.shell:create_environment_hook('imu_msgs', 'cmake_prefix_path')
[0.855s] INFO:colcon.colcon_core.shell:Creating environment hook '/home/shrirag10/LAB3/install/imu_msgs/share/imu_msgs/hook/cmake_prefix_path.ps1'
[0.855s] INFO:colcon.colcon_core.shell:Creating environment descriptor '/home/shrirag10/LAB3/install/imu_msgs/share/imu_msgs/hook/cmake_prefix_path.dsv'
[0.855s] INFO:colcon.colcon_core.shell:Creating environment hook '/home/shrirag10/LAB3/install/imu_msgs/share/imu_msgs/hook/cmake_prefix_path.sh'
[0.855s] Level 1:colcon.colcon_core.environment:checking '/home/shrirag10/LAB3/install/imu_msgs/lib'
[0.856s] Level 1:colcon.colcon_core.shell:create_environment_hook('imu_msgs', 'ld_library_path_lib')
[0.856s] INFO:colcon.colcon_core.shell:Creating environment hook '/home/shrirag10/LAB3/install/imu_msgs/share/imu_msgs/hook/ld_library_path_lib.ps1'
[0.856s] INFO:colcon.colcon_core.shell:Creating environment descriptor '/home/shrirag10/LAB3/install/imu_msgs/share/imu_msgs/hook/ld_library_path_lib.dsv'
[0.856s] INFO:colcon.colcon_core.shell:Creating environment hook '/home/shrirag10/LAB3/install/imu_msgs/share/imu_msgs/hook/ld_library_path_lib.sh'
[0.856s] Level 1:colcon.colcon_core.environment:checking '/home/shrirag10/LAB3/install/imu_msgs/bin'
[0.856s] Level 1:colcon.colcon_core.environment:checking '/home/shrirag10/LAB3/install/imu_msgs/lib/pkgconfig/imu_msgs.pc'
[0.857s] Level 1:colcon.colcon_core.environment:checking '/home/shrirag10/LAB3/install/imu_msgs/lib/python3.10/site-packages'
[0.857s] Level 1:colcon.colcon_core.environment:checking '/home/shrirag10/LAB3/install/imu_msgs/bin'
[0.857s] INFO:colcon.colcon_core.shell:Creating package script '/home/shrirag10/LAB3/install/imu_msgs/share/imu_msgs/package.ps1'
[0.857s] INFO:colcon.colcon_core.shell:Creating package descriptor '/home/shrirag10/LAB3/install/imu_msgs/share/imu_msgs/package.dsv'
[0.858s] INFO:colcon.colcon_core.shell:Creating package script '/home/shrirag10/LAB3/install/imu_msgs/share/imu_msgs/package.sh'
[0.858s] INFO:colcon.colcon_core.shell:Creating package script '/home/shrirag10/LAB3/install/imu_msgs/share/imu_msgs/package.bash'
[0.859s] INFO:colcon.colcon_core.shell:Creating package script '/home/shrirag10/LAB3/install/imu_msgs/share/imu_msgs/package.zsh'
[0.860s] Level 1:colcon.colcon_core.environment:create_file_with_runtime_dependencies(/home/shrirag10/LAB3/install/imu_msgs/share/colcon-core/packages/imu_msgs)
[0.906s] Level 1:colcon.colcon_core.environment:checking '/home/shrirag10/LAB3/install/imu_driver' for CMake module files
[0.906s] DEBUG:colcon.colcon_core.event_handler.log_command:Invoked command in '/home/shrirag10/LAB3/src/imu_driver' returned '0': PYTHONPATH=/home/shrirag10/LAB3/build/imu_driver/prefix_override:/usr/lib/python3/dist-packages/colcon_core/task/python/colcon_distutils_commands:/home/shrirag10/LAB3/install/imu_driver/lib/python3.10/site-packages:${PYTHONPATH} /usr/bin/python3 -W ignore:setup.py install is deprecated setup.py egg_info --egg-base ../../build/imu_driver build --build-base /home/shrirag10/LAB3/build/imu_driver/build install --record /home/shrirag10/LAB3/build/imu_driver/install.log --single-version-externally-managed install_data
[0.906s] Level 1:colcon.colcon_core.environment:checking '/home/shrirag10/LAB3/install/imu_driver' for CMake config files
[0.907s] Level 1:colcon.colcon_core.environment:checking '/home/shrirag10/LAB3/install/imu_driver/lib'
[0.907s] Level 1:colcon.colcon_core.environment:checking '/home/shrirag10/LAB3/install/imu_driver/bin'
[0.907s] Level 1:colcon.colcon_core.environment:checking '/home/shrirag10/LAB3/install/imu_driver/lib/pkgconfig/imu_driver.pc'
[0.907s] Level 1:colcon.colcon_core.environment:checking '/home/shrirag10/LAB3/install/imu_driver/lib/python3.10/site-packages'
[0.907s] Level 1:colcon.colcon_core.shell:create_environment_hook('imu_driver', 'pythonpath')
[0.907s] INFO:colcon.colcon_core.shell:Creating environment hook '/home/shrirag10/LAB3/install/imu_driver/share/imu_driver/hook/pythonpath.ps1'
[0.907s] INFO:colcon.colcon_core.shell:Creating environment descriptor '/home/shrirag10/LAB3/install/imu_driver/share/imu_driver/hook/pythonpath.dsv'
[0.907s] INFO:colcon.colcon_core.shell:Creating environment hook '/home/shrirag10/LAB3/install/imu_driver/share/imu_driver/hook/pythonpath.sh'
[0.908s] Level 1:colcon.colcon_core.environment:checking '/home/shrirag10/LAB3/install/imu_driver/bin'
[0.908s] Level 1:colcon.colcon_core.environment:create_environment_scripts_only(imu_driver)
[0.908s] INFO:colcon.colcon_core.shell:Creating package script '/home/shrirag10/LAB3/install/imu_driver/share/imu_driver/package.ps1'
[0.908s] INFO:colcon.colcon_core.shell:Creating package descriptor '/home/shrirag10/LAB3/install/imu_driver/share/imu_driver/package.dsv'
[0.909s] INFO:colcon.colcon_core.shell:Creating package script '/home/shrirag10/LAB3/install/imu_driver/share/imu_driver/package.sh'
[0.909s] INFO:colcon.colcon_core.shell:Creating package script '/home/shrirag10/LAB3/install/imu_driver/share/imu_driver/package.bash'
[0.909s] INFO:colcon.colcon_core.shell:Creating package script '/home/shrirag10/LAB3/install/imu_driver/share/imu_driver/package.zsh'
[0.909s] Level 1:colcon.colcon_core.environment:create_file_with_runtime_dependencies(/home/shrirag10/LAB3/install/imu_driver/share/colcon-core/packages/imu_driver)
[0.910s] Level 1:colcon.colcon_core.environment:create_environment_scripts_only(imu_msgs)
[0.910s] Level 1:colcon.colcon_core.environment:checking '/home/shrirag10/LAB3/install/imu_msgs' for CMake module files
[0.910s] Level 1:colcon.colcon_core.environment:checking '/home/shrirag10/LAB3/install/imu_msgs' for CMake config files
[0.910s] Level 1:colcon.colcon_core.shell:create_environment_hook('imu_msgs', 'cmake_prefix_path')
[0.911s] INFO:colcon.colcon_core.shell:Creating environment hook '/home/shrirag10/LAB3/install/imu_msgs/share/imu_msgs/hook/cmake_prefix_path.ps1'
[0.911s] INFO:colcon.colcon_core.shell:Creating environment descriptor '/home/shrirag10/LAB3/install/imu_msgs/share/imu_msgs/hook/cmake_prefix_path.dsv'
[0.911s] INFO:colcon.colcon_core.shell:Creating environment hook '/home/shrirag10/LAB3/install/imu_msgs/share/imu_msgs/hook/cmake_prefix_path.sh'
[0.911s] Level 1:colcon.colcon_core.environment:checking '/home/shrirag10/LAB3/install/imu_msgs/lib'
[0.911s] Level 1:colcon.colcon_core.shell:create_environment_hook('imu_msgs', 'ld_library_path_lib')
[0.911s] INFO:colcon.colcon_core.shell:Creating environment hook '/home/shrirag10/LAB3/install/imu_msgs/share/imu_msgs/hook/ld_library_path_lib.ps1'
[0.912s] INFO:colcon.colcon_core.shell:Creating environment descriptor '/home/shrirag10/LAB3/install/imu_msgs/share/imu_msgs/hook/ld_library_path_lib.dsv'
[0.912s] INFO:colcon.colcon_core.shell:Creating environment hook '/home/shrirag10/LAB3/install/imu_msgs/share/imu_msgs/hook/ld_library_path_lib.sh'
[0.912s] Level 1:colcon.colcon_core.environment:checking '/home/shrirag10/LAB3/install/imu_msgs/bin'
[0.912s] Level 1:colcon.colcon_core.environment:checking '/home/shrirag10/LAB3/install/imu_msgs/lib/pkgconfig/imu_msgs.pc'
[0.912s] Level 1:colcon.colcon_core.environment:checking '/home/shrirag10/LAB3/install/imu_msgs/lib/python3.10/site-packages'
[0.912s] Level 1:colcon.colcon_core.environment:checking '/home/shrirag10/LAB3/install/imu_msgs/bin'
[0.912s] INFO:colcon.colcon_core.shell:Creating package script '/home/shrirag10/LAB3/install/imu_msgs/share/imu_msgs/package.ps1'
[0.913s] INFO:colcon.colcon_core.shell:Creating package descriptor '/home/shrirag10/LAB3/install/imu_msgs/share/imu_msgs/package.dsv'
[0.913s] INFO:colcon.colcon_core.shell:Creating package script '/home/shrirag10/LAB3/install/imu_msgs/share/imu_msgs/package.sh'
[0.913s] INFO:colcon.colcon_core.shell:Creating package script '/home/shrirag10/LAB3/install/imu_msgs/share/imu_msgs/package.bash'
[0.913s] INFO:colcon.colcon_core.shell:Creating package script '/home/shrirag10/LAB3/install/imu_msgs/share/imu_msgs/package.zsh'
[0.914s] Level 1:colcon.colcon_core.environment:create_file_with_runtime_dependencies(/home/shrirag10/LAB3/install/imu_msgs/share/colcon-core/packages/imu_msgs)
[0.914s] DEBUG:colcon.colcon_parallel_executor.executor.parallel:closing loop
[0.914s] DEBUG:colcon.colcon_parallel_executor.executor.parallel:loop closed
[0.914s] DEBUG:colcon.colcon_parallel_executor.executor.parallel:run_until_complete finished with '0'
[0.914s] DEBUG:colcon.colcon_core.event_reactor:joining thread
[0.918s] INFO:colcon.colcon_core.plugin_system:Skipping extension 'colcon_notification.desktop_notification.terminal_notifier': Not used on non-Darwin systems
[0.918s] INFO:colcon.colcon_core.plugin_system:Skipping extension 'colcon_notification.desktop_notification.win32': Not used on non-Windows systems
[0.918s] INFO:colcon.colcon_notification.desktop_notification:Sending desktop notification using 'notify2'
[0.942s] DEBUG:colcon.colcon_core.event_reactor:joined thread
[0.942s] INFO:colcon.colcon_core.shell:Creating prefix script '/home/shrirag10/LAB3/install/local_setup.ps1'
[0.943s] INFO:colcon.colcon_core.shell:Creating prefix util module '/home/shrirag10/LAB3/install/_local_setup_util_ps1.py'
[0.944s] INFO:colcon.colcon_core.shell:Creating prefix chain script '/home/shrirag10/LAB3/install/setup.ps1'
[0.944s] INFO:colcon.colcon_core.shell:Creating prefix script '/home/shrirag10/LAB3/install/local_setup.sh'
[0.945s] INFO:colcon.colcon_core.shell:Creating prefix util module '/home/shrirag10/LAB3/install/_local_setup_util_sh.py'
[0.945s] INFO:colcon.colcon_core.shell:Creating prefix chain script '/home/shrirag10/LAB3/install/setup.sh'
[0.946s] INFO:colcon.colcon_core.shell:Creating prefix script '/home/shrirag10/LAB3/install/local_setup.bash'
[0.946s] INFO:colcon.colcon_core.shell:Creating prefix chain script '/home/shrirag10/LAB3/install/setup.bash'
[0.947s] INFO:colcon.colcon_core.shell:Creating prefix script '/home/shrirag10/LAB3/install/local_setup.zsh'
[0.947s] INFO:colcon.colcon_core.shell:Creating prefix chain script '/home/shrirag10/LAB3/install/setup.zsh'
