-- The C compiler identification is GNU 11.4.0
-- The CXX compiler identification is GNU 11.4.0
-- Detecting C compiler ABI info
-- Detecting C compiler ABI info - done
-- Check for working C compiler: /usr/bin/cc - skipped
-- Detecting C compile features
-- Detecting C compile features - done
-- Detecting CXX compiler ABI info
-- Detecting CXX compiler ABI info - done
-- Check for working CXX compiler: /usr/bin/c++ - skipped
-- Detecting CXX compile features
-- Detecting CXX compile features - done
-- Found ament_cmake: 1.3.10 (/opt/ros/humble/share/ament_cmake/cmake)
-- Found Python3: /usr/bin/python3 (found version "3.10.12") found components: Interpreter 
-- Found rosidl_default_generators: 1.2.0 (/opt/ros/humble/share/rosidl_default_generators/cmake)
-- Using all available rosidl_typesupport_c: rosidl_typesupport_fastrtps_c;rosidl_typesupport_introspection_c
-- Found rosidl_adapter: 3.1.5 (/opt/ros/humble/share/rosidl_adapter/cmake)
-- Using all available rosidl_typesupport_cpp: rosidl_typesupport_fastrtps_cpp;rosidl_typesupport_introspection_cpp
-- Found std_msgs: 4.2.4 (/opt/ros/humble/share/std_msgs/cmake)
-- Found ament_cmake_ros: 0.10.0 (/opt/ros/humble/share/ament_cmake_ros/cmake)
-- Using all available rosidl_typesupport_c: rosidl_typesupport_fastrtps_c;rosidl_typesupport_introspection_c
-- Using all available rosidl_typesupport_cpp: rosidl_typesupport_fastrtps_cpp;rosidl_typesupport_introspection_cpp
-- Found PythonInterp: /usr/bin/python3 (found suitable version "3.10.12", minimum required is "3.6") 
-- Found python_cmake_module: 0.10.0 (/opt/ros/humble/share/python_cmake_module/cmake)
-- Found PythonLibs: /usr/lib/x86_64-linux-gnu/libpython3.10.so (found suitable version "3.10.12", minimum required is "3.5") 
-- Using PYTHON_EXECUTABLE: /usr/bin/python3
-- Using PYTHON_INCLUDE_DIRS: /usr/include/python3.10
-- Using PYTHON_LIBRARIES: /usr/lib/x86_64-linux-gnu/libpython3.10.so
-- Found PythonExtra: .so  
-- Configuring done
-- Generating done
-- Build files have been written to: /home/shrirag10/LAB4/build/gps_msgs
[  3%] [34m[1mGenerating C code for ROS interfaces[0m
[  6%] [34m[1mGenerating C++ code for ROS interfaces[0m
[  6%] Built target ament_cmake_python_copy_gps_msgs
running egg_info
creating gps_msgs.egg-info
writing gps_msgs.egg-info/PKG-INFO
writing dependency_links to gps_msgs.egg-info/dependency_links.txt
writing top-level names to gps_msgs.egg-info/top_level.txt
writing manifest file 'gps_msgs.egg-info/SOURCES.txt'
reading manifest file 'gps_msgs.egg-info/SOURCES.txt'
writing manifest file 'gps_msgs.egg-info/SOURCES.txt'
[  6%] Built target gps_msgs__cpp
[  9%] [32mBuilding C object CMakeFiles/gps_msgs__rosidl_generator_c.dir/rosidl_generator_c/gps_msgs/msg/detail/gp_smsg__functions.c.o[0m
[  9%] Built target ament_cmake_python_build_gps_msgs_egg
[ 12%] [34m[1mGenerating C++ introspection for ROS interfaces[0m
[ 16%] [34m[1mGenerating C++ type support dispatch for ROS interfaces[0m
[ 19%] [34m[1mGenerating C++ type support for eProsima Fast-RTPS[0m
[ 22%] [32m[1mLinking C shared library libgps_msgs__rosidl_generator_c.so[0m
[ 22%] Built target gps_msgs__rosidl_generator_c
[ 25%] [34m[1mGenerating C introspection for ROS interfaces[0m
[ 32%] [34m[1mGenerating C type support dispatch for ROS interfaces[0m
[ 32%] [34m[1mGenerating C type support for eProsima Fast-RTPS[0m
[ 35%] [32mBuilding CXX object CMakeFiles/gps_msgs__rosidl_typesupport_cpp.dir/rosidl_typesupport_cpp/gps_msgs/msg/gp_smsg__type_support.cpp.o[0m
[ 38%] [32mBuilding CXX object CMakeFiles/gps_msgs__rosidl_typesupport_introspection_cpp.dir/rosidl_typesupport_introspection_cpp/gps_msgs/msg/detail/gp_smsg__type_support.cpp.o[0m
[ 41%] [32mBuilding CXX object CMakeFiles/gps_msgs__rosidl_typesupport_fastrtps_cpp.dir/rosidl_typesupport_fastrtps_cpp/gps_msgs/msg/detail/dds_fastrtps/gp_smsg__type_support.cpp.o[0m
[ 45%] [32mBuilding C object CMakeFiles/gps_msgs__rosidl_typesupport_introspection_c.dir/rosidl_typesupport_introspection_c/gps_msgs/msg/detail/gp_smsg__type_support.c.o[0m
[ 48%] [32mBuilding CXX object CMakeFiles/gps_msgs__rosidl_typesupport_fastrtps_c.dir/rosidl_typesupport_fastrtps_c/gps_msgs/msg/detail/gp_smsg__type_support_c.cpp.o[0m
[ 51%] [32m[1mLinking C shared library libgps_msgs__rosidl_typesupport_introspection_c.so[0m
[ 51%] Built target gps_msgs__rosidl_typesupport_introspection_c
[ 54%] [32m[1mLinking CXX shared library libgps_msgs__rosidl_typesupport_cpp.so[0m
[ 58%] [32mBuilding CXX object CMakeFiles/gps_msgs__rosidl_typesupport_c.dir/rosidl_typesupport_c/gps_msgs/msg/gp_smsg__type_support.cpp.o[0m
[ 58%] Built target gps_msgs__rosidl_typesupport_cpp
[ 61%] [32m[1mLinking CXX shared library libgps_msgs__rosidl_typesupport_c.so[0m
[ 64%] [32m[1mLinking CXX shared library libgps_msgs__rosidl_typesupport_introspection_cpp.so[0m
[ 64%] Built target gps_msgs__rosidl_typesupport_c
[ 67%] [32m[1mLinking CXX shared library libgps_msgs__rosidl_typesupport_fastrtps_cpp.so[0m
[ 70%] [32m[1mLinking CXX shared library libgps_msgs__rosidl_typesupport_fastrtps_c.so[0m
[ 70%] Built target gps_msgs__rosidl_typesupport_introspection_cpp
[ 70%] Built target gps_msgs__rosidl_typesupport_fastrtps_cpp
[ 70%] Built target gps_msgs__rosidl_typesupport_fastrtps_c
[ 70%] Built target gps_msgs
[ 74%] [34m[1mGenerating Python code for ROS interfaces[0m
[ 74%] Built target gps_msgs__py
[ 77%] [32mBuilding C object CMakeFiles/gps_msgs__rosidl_generator_py.dir/rosidl_generator_py/gps_msgs/msg/_gp_smsg_s.c.o[0m
[ 80%] [32m[1mLinking C shared library rosidl_generator_py/gps_msgs/libgps_msgs__rosidl_generator_py.so[0m
[ 80%] Built target gps_msgs__rosidl_generator_py
[ 83%] [32mBuilding C object CMakeFiles/gps_msgs__rosidl_typesupport_introspection_c__pyext.dir/rosidl_generator_py/gps_msgs/_gps_msgs_s.ep.rosidl_typesupport_introspection_c.c.o[0m
[ 87%] [32mBuilding C object CMakeFiles/gps_msgs__rosidl_typesupport_c__pyext.dir/rosidl_generator_py/gps_msgs/_gps_msgs_s.ep.rosidl_typesupport_c.c.o[0m
[ 90%] [32mBuilding C object CMakeFiles/gps_msgs__rosidl_typesupport_fastrtps_c__pyext.dir/rosidl_generator_py/gps_msgs/_gps_msgs_s.ep.rosidl_typesupport_fastrtps_c.c.o[0m
[ 93%] [32m[1mLinking C shared library rosidl_generator_py/gps_msgs/gps_msgs_s__rosidl_typesupport_introspection_c.cpython-310-x86_64-linux-gnu.so[0m
[ 96%] [32m[1mLinking C shared library rosidl_generator_py/gps_msgs/gps_msgs_s__rosidl_typesupport_c.cpython-310-x86_64-linux-gnu.so[0m
[100%] [32m[1mLinking C shared library rosidl_generator_py/gps_msgs/gps_msgs_s__rosidl_typesupport_fastrtps_c.cpython-310-x86_64-linux-gnu.so[0m
[100%] Built target gps_msgs__rosidl_typesupport_c__pyext
[100%] Built target gps_msgs__rosidl_typesupport_introspection_c__pyext
[100%] Built target gps_msgs__rosidl_typesupport_fastrtps_c__pyext
-- Install configuration: ""
-- Installing: /home/shrirag10/LAB4/install/gps_msgs/share/ament_index/resource_index/rosidl_interfaces/gps_msgs
-- Installing: /home/shrirag10/LAB4/install/gps_msgs/include/gps_msgs/gps_msgs
-- Installing: /home/shrirag10/LAB4/install/gps_msgs/include/gps_msgs/gps_msgs/msg
-- Installing: /home/shrirag10/LAB4/install/gps_msgs/include/gps_msgs/gps_msgs/msg/detail
-- Installing: /home/shrirag10/LAB4/install/gps_msgs/include/gps_msgs/gps_msgs/msg/detail/gp_smsg__struct.h
-- Installing: /home/shrirag10/LAB4/install/gps_msgs/include/gps_msgs/gps_msgs/msg/detail/gp_smsg__functions.h
-- Installing: /home/shrirag10/LAB4/install/gps_msgs/include/gps_msgs/gps_msgs/msg/detail/gp_smsg__functions.c
-- Installing: /home/shrirag10/LAB4/install/gps_msgs/include/gps_msgs/gps_msgs/msg/detail/gp_smsg__type_support.h
-- Installing: /home/shrirag10/LAB4/install/gps_msgs/include/gps_msgs/gps_msgs/msg/gp_smsg.h
-- Installing: /home/shrirag10/LAB4/install/gps_msgs/include/gps_msgs/gps_msgs/msg/rosidl_generator_c__visibility_control.h
-- Installing: /home/shrirag10/LAB4/install/gps_msgs/share/gps_msgs/environment/library_path.sh
-- Installing: /home/shrirag10/LAB4/install/gps_msgs/share/gps_msgs/environment/library_path.dsv
-- Installing: /home/shrirag10/LAB4/install/gps_msgs/lib/libgps_msgs__rosidl_generator_c.so
-- Set runtime path of "/home/shrirag10/LAB4/install/gps_msgs/lib/libgps_msgs__rosidl_generator_c.so" to ""
-- Up-to-date: /home/shrirag10/LAB4/install/gps_msgs/include/gps_msgs/gps_msgs
-- Up-to-date: /home/shrirag10/LAB4/install/gps_msgs/include/gps_msgs/gps_msgs/msg
-- Up-to-date: /home/shrirag10/LAB4/install/gps_msgs/include/gps_msgs/gps_msgs/msg/detail
-- Installing: /home/shrirag10/LAB4/install/gps_msgs/include/gps_msgs/gps_msgs/msg/detail/gp_smsg__rosidl_typesupport_fastrtps_c.h
-- Installing: /home/shrirag10/LAB4/install/gps_msgs/include/gps_msgs/gps_msgs/msg/rosidl_typesupport_fastrtps_c__visibility_control.h
-- Installing: /home/shrirag10/LAB4/install/gps_msgs/lib/libgps_msgs__rosidl_typesupport_fastrtps_c.so
-- Set runtime path of "/home/shrirag10/LAB4/install/gps_msgs/lib/libgps_msgs__rosidl_typesupport_fastrtps_c.so" to ""
-- Up-to-date: /home/shrirag10/LAB4/install/gps_msgs/include/gps_msgs/gps_msgs
-- Up-to-date: /home/shrirag10/LAB4/install/gps_msgs/include/gps_msgs/gps_msgs/msg
-- Up-to-date: /home/shrirag10/LAB4/install/gps_msgs/include/gps_msgs/gps_msgs/msg/detail
-- Installing: /home/shrirag10/LAB4/install/gps_msgs/include/gps_msgs/gps_msgs/msg/detail/gp_smsg__type_support.c
-- Installing: /home/shrirag10/LAB4/install/gps_msgs/include/gps_msgs/gps_msgs/msg/detail/gp_smsg__rosidl_typesupport_introspection_c.h
-- Installing: /home/shrirag10/LAB4/install/gps_msgs/include/gps_msgs/gps_msgs/msg/rosidl_typesupport_introspection_c__visibility_control.h
-- Installing: /home/shrirag10/LAB4/install/gps_msgs/lib/libgps_msgs__rosidl_typesupport_introspection_c.so
-- Set runtime path of "/home/shrirag10/LAB4/install/gps_msgs/lib/libgps_msgs__rosidl_typesupport_introspection_c.so" to ""
-- Installing: /home/shrirag10/LAB4/install/gps_msgs/lib/libgps_msgs__rosidl_typesupport_c.so
-- Set runtime path of "/home/shrirag10/LAB4/install/gps_msgs/lib/libgps_msgs__rosidl_typesupport_c.so" to ""
-- Up-to-date: /home/shrirag10/LAB4/install/gps_msgs/include/gps_msgs/gps_msgs
-- Up-to-date: /home/shrirag10/LAB4/install/gps_msgs/include/gps_msgs/gps_msgs/msg
-- Up-to-date: /home/shrirag10/LAB4/install/gps_msgs/include/gps_msgs/gps_msgs/msg/detail
-- Installing: /home/shrirag10/LAB4/install/gps_msgs/include/gps_msgs/gps_msgs/msg/detail/gp_smsg__traits.hpp
-- Installing: /home/shrirag10/LAB4/install/gps_msgs/include/gps_msgs/gps_msgs/msg/detail/gp_smsg__struct.hpp
-- Installing: /home/shrirag10/LAB4/install/gps_msgs/include/gps_msgs/gps_msgs/msg/detail/gp_smsg__builder.hpp
-- Installing: /home/shrirag10/LAB4/install/gps_msgs/include/gps_msgs/gps_msgs/msg/gp_smsg.hpp
-- Up-to-date: /home/shrirag10/LAB4/install/gps_msgs/include/gps_msgs/gps_msgs
-- Up-to-date: /home/shrirag10/LAB4/install/gps_msgs/include/gps_msgs/gps_msgs/msg
-- Up-to-date: /home/shrirag10/LAB4/install/gps_msgs/include/gps_msgs/gps_msgs/msg/detail
-- Installing: /home/shrirag10/LAB4/install/gps_msgs/include/gps_msgs/gps_msgs/msg/detail/dds_fastrtps
-- Installing: /home/shrirag10/LAB4/install/gps_msgs/include/gps_msgs/gps_msgs/msg/detail/gp_smsg__rosidl_typesupport_fastrtps_cpp.hpp
-- Installing: /home/shrirag10/LAB4/install/gps_msgs/include/gps_msgs/gps_msgs/msg/rosidl_typesupport_fastrtps_cpp__visibility_control.h
-- Installing: /home/shrirag10/LAB4/install/gps_msgs/lib/libgps_msgs__rosidl_typesupport_fastrtps_cpp.so
-- Set runtime path of "/home/shrirag10/LAB4/install/gps_msgs/lib/libgps_msgs__rosidl_typesupport_fastrtps_cpp.so" to ""
-- Up-to-date: /home/shrirag10/LAB4/install/gps_msgs/include/gps_msgs/gps_msgs
-- Up-to-date: /home/shrirag10/LAB4/install/gps_msgs/include/gps_msgs/gps_msgs/msg
-- Up-to-date: /home/shrirag10/LAB4/install/gps_msgs/include/gps_msgs/gps_msgs/msg/detail
-- Installing: /home/shrirag10/LAB4/install/gps_msgs/include/gps_msgs/gps_msgs/msg/detail/gp_smsg__type_support.cpp
-- Installing: /home/shrirag10/LAB4/install/gps_msgs/include/gps_msgs/gps_msgs/msg/detail/gp_smsg__rosidl_typesupport_introspection_cpp.hpp
-- Installing: /home/shrirag10/LAB4/install/gps_msgs/lib/libgps_msgs__rosidl_typesupport_introspection_cpp.so
-- Set runtime path of "/home/shrirag10/LAB4/install/gps_msgs/lib/libgps_msgs__rosidl_typesupport_introspection_cpp.so" to ""
-- Installing: /home/shrirag10/LAB4/install/gps_msgs/lib/libgps_msgs__rosidl_typesupport_cpp.so
-- Set runtime path of "/home/shrirag10/LAB4/install/gps_msgs/lib/libgps_msgs__rosidl_typesupport_cpp.so" to ""
-- Installing: /home/shrirag10/LAB4/install/gps_msgs/share/gps_msgs/environment/pythonpath.sh
-- Installing: /home/shrirag10/LAB4/install/gps_msgs/share/gps_msgs/environment/pythonpath.dsv
-- Installing: /home/shrirag10/LAB4/install/gps_msgs/local/lib/python3.10/dist-packages/gps_msgs-0.0.1-py3.10.egg-info
-- Installing: /home/shrirag10/LAB4/install/gps_msgs/local/lib/python3.10/dist-packages/gps_msgs-0.0.1-py3.10.egg-info/top_level.txt
-- Installing: /home/shrirag10/LAB4/install/gps_msgs/local/lib/python3.10/dist-packages/gps_msgs-0.0.1-py3.10.egg-info/PKG-INFO
-- Installing: /home/shrirag10/LAB4/install/gps_msgs/local/lib/python3.10/dist-packages/gps_msgs-0.0.1-py3.10.egg-info/SOURCES.txt
-- Installing: /home/shrirag10/LAB4/install/gps_msgs/local/lib/python3.10/dist-packages/gps_msgs-0.0.1-py3.10.egg-info/dependency_links.txt
-- Installing: /home/shrirag10/LAB4/install/gps_msgs/local/lib/python3.10/dist-packages/gps_msgs
-- Installing: /home/shrirag10/LAB4/install/gps_msgs/local/lib/python3.10/dist-packages/gps_msgs/gps_msgs_s__rosidl_typesupport_c.cpython-310-x86_64-linux-gnu.so
-- Installing: /home/shrirag10/LAB4/install/gps_msgs/local/lib/python3.10/dist-packages/gps_msgs/_gps_msgs_s.ep.rosidl_typesupport_introspection_c.c
-- Installing: /home/shrirag10/LAB4/install/gps_msgs/local/lib/python3.10/dist-packages/gps_msgs/__init__.py
-- Installing: /home/shrirag10/LAB4/install/gps_msgs/local/lib/python3.10/dist-packages/gps_msgs/msg
-- Installing: /home/shrirag10/LAB4/install/gps_msgs/local/lib/python3.10/dist-packages/gps_msgs/msg/__init__.py
-- Installing: /home/shrirag10/LAB4/install/gps_msgs/local/lib/python3.10/dist-packages/gps_msgs/msg/_gp_smsg_s.c
-- Installing: /home/shrirag10/LAB4/install/gps_msgs/local/lib/python3.10/dist-packages/gps_msgs/msg/_gp_smsg.py
-- Installing: /home/shrirag10/LAB4/install/gps_msgs/local/lib/python3.10/dist-packages/gps_msgs/_gps_msgs_s.ep.rosidl_typesupport_fastrtps_c.c
-- Installing: /home/shrirag10/LAB4/install/gps_msgs/local/lib/python3.10/dist-packages/gps_msgs/libgps_msgs__rosidl_generator_py.so
-- Installing: /home/shrirag10/LAB4/install/gps_msgs/local/lib/python3.10/dist-packages/gps_msgs/_gps_msgs_s.ep.rosidl_typesupport_c.c
-- Installing: /home/shrirag10/LAB4/install/gps_msgs/local/lib/python3.10/dist-packages/gps_msgs/gps_msgs_s__rosidl_typesupport_fastrtps_c.cpython-310-x86_64-linux-gnu.so
-- Installing: /home/shrirag10/LAB4/install/gps_msgs/local/lib/python3.10/dist-packages/gps_msgs/gps_msgs_s__rosidl_typesupport_introspection_c.cpython-310-x86_64-linux-gnu.so
Listing '/home/shrirag10/LAB4/install/gps_msgs/local/lib/python3.10/dist-packages/gps_msgs'...
Compiling '/home/shrirag10/LAB4/install/gps_msgs/local/lib/python3.10/dist-packages/gps_msgs/__init__.py'...
Listing '/home/shrirag10/LAB4/install/gps_msgs/local/lib/python3.10/dist-packages/gps_msgs/msg'...
Compiling '/home/shrirag10/LAB4/install/gps_msgs/local/lib/python3.10/dist-packages/gps_msgs/msg/__init__.py'...
Compiling '/home/shrirag10/LAB4/install/gps_msgs/local/lib/python3.10/dist-packages/gps_msgs/msg/_gp_smsg.py'...
-- Installing: /home/shrirag10/LAB4/install/gps_msgs/local/lib/python3.10/dist-packages/gps_msgs/gps_msgs_s__rosidl_typesupport_fastrtps_c.cpython-310-x86_64-linux-gnu.so
-- Set runtime path of "/home/shrirag10/LAB4/install/gps_msgs/local/lib/python3.10/dist-packages/gps_msgs/gps_msgs_s__rosidl_typesupport_fastrtps_c.cpython-310-x86_64-linux-gnu.so" to ""
-- Installing: /home/shrirag10/LAB4/install/gps_msgs/local/lib/python3.10/dist-packages/gps_msgs/gps_msgs_s__rosidl_typesupport_introspection_c.cpython-310-x86_64-linux-gnu.so
-- Set runtime path of "/home/shrirag10/LAB4/install/gps_msgs/local/lib/python3.10/dist-packages/gps_msgs/gps_msgs_s__rosidl_typesupport_introspection_c.cpython-310-x86_64-linux-gnu.so" to ""
-- Installing: /home/shrirag10/LAB4/install/gps_msgs/local/lib/python3.10/dist-packages/gps_msgs/gps_msgs_s__rosidl_typesupport_c.cpython-310-x86_64-linux-gnu.so
-- Set runtime path of "/home/shrirag10/LAB4/install/gps_msgs/local/lib/python3.10/dist-packages/gps_msgs/gps_msgs_s__rosidl_typesupport_c.cpython-310-x86_64-linux-gnu.so" to ""
-- Installing: /home/shrirag10/LAB4/install/gps_msgs/lib/libgps_msgs__rosidl_generator_py.so
-- Set runtime path of "/home/shrirag10/LAB4/install/gps_msgs/lib/libgps_msgs__rosidl_generator_py.so" to ""
-- Installing: /home/shrirag10/LAB4/install/gps_msgs/share/gps_msgs/msg/GPSmsg.idl
-- Installing: /home/shrirag10/LAB4/install/gps_msgs/share/gps_msgs/msg/GPSmsg.msg
-- Installing: /home/shrirag10/LAB4/install/gps_msgs/share/ament_index/resource_index/package_run_dependencies/gps_msgs
-- Installing: /home/shrirag10/LAB4/install/gps_msgs/share/ament_index/resource_index/parent_prefix_path/gps_msgs
-- Installing: /home/shrirag10/LAB4/install/gps_msgs/share/gps_msgs/environment/ament_prefix_path.sh
-- Installing: /home/shrirag10/LAB4/install/gps_msgs/share/gps_msgs/environment/ament_prefix_path.dsv
-- Installing: /home/shrirag10/LAB4/install/gps_msgs/share/gps_msgs/environment/path.sh
-- Installing: /home/shrirag10/LAB4/install/gps_msgs/share/gps_msgs/environment/path.dsv
-- Installing: /home/shrirag10/LAB4/install/gps_msgs/share/gps_msgs/local_setup.bash
-- Installing: /home/shrirag10/LAB4/install/gps_msgs/share/gps_msgs/local_setup.sh
-- Installing: /home/shrirag10/LAB4/install/gps_msgs/share/gps_msgs/local_setup.zsh
-- Installing: /home/shrirag10/LAB4/install/gps_msgs/share/gps_msgs/local_setup.dsv
-- Installing: /home/shrirag10/LAB4/install/gps_msgs/share/gps_msgs/package.dsv
-- Installing: /home/shrirag10/LAB4/install/gps_msgs/share/ament_index/resource_index/packages/gps_msgs
-- Installing: /home/shrirag10/LAB4/install/gps_msgs/share/gps_msgs/cmake/export_gps_msgs__rosidl_generator_cExport.cmake
-- Installing: /home/shrirag10/LAB4/install/gps_msgs/share/gps_msgs/cmake/export_gps_msgs__rosidl_generator_cExport-noconfig.cmake
-- Installing: /home/shrirag10/LAB4/install/gps_msgs/share/gps_msgs/cmake/export_gps_msgs__rosidl_typesupport_fastrtps_cExport.cmake
-- Installing: /home/shrirag10/LAB4/install/gps_msgs/share/gps_msgs/cmake/export_gps_msgs__rosidl_typesupport_fastrtps_cExport-noconfig.cmake
-- Installing: /home/shrirag10/LAB4/install/gps_msgs/share/gps_msgs/cmake/gps_msgs__rosidl_typesupport_introspection_cExport.cmake
-- Installing: /home/shrirag10/LAB4/install/gps_msgs/share/gps_msgs/cmake/gps_msgs__rosidl_typesupport_introspection_cExport-noconfig.cmake
-- Installing: /home/shrirag10/LAB4/install/gps_msgs/share/gps_msgs/cmake/gps_msgs__rosidl_typesupport_cExport.cmake
-- Installing: /home/shrirag10/LAB4/install/gps_msgs/share/gps_msgs/cmake/gps_msgs__rosidl_typesupport_cExport-noconfig.cmake
-- Installing: /home/shrirag10/LAB4/install/gps_msgs/share/gps_msgs/cmake/export_gps_msgs__rosidl_generator_cppExport.cmake
-- Installing: /home/shrirag10/LAB4/install/gps_msgs/share/gps_msgs/cmake/export_gps_msgs__rosidl_typesupport_fastrtps_cppExport.cmake
-- Installing: /home/shrirag10/LAB4/install/gps_msgs/share/gps_msgs/cmake/export_gps_msgs__rosidl_typesupport_fastrtps_cppExport-noconfig.cmake
-- Installing: /home/shrirag10/LAB4/install/gps_msgs/share/gps_msgs/cmake/gps_msgs__rosidl_typesupport_introspection_cppExport.cmake
-- Installing: /home/shrirag10/LAB4/install/gps_msgs/share/gps_msgs/cmake/gps_msgs__rosidl_typesupport_introspection_cppExport-noconfig.cmake
-- Installing: /home/shrirag10/LAB4/install/gps_msgs/share/gps_msgs/cmake/gps_msgs__rosidl_typesupport_cppExport.cmake
-- Installing: /home/shrirag10/LAB4/install/gps_msgs/share/gps_msgs/cmake/gps_msgs__rosidl_typesupport_cppExport-noconfig.cmake
-- Installing: /home/shrirag10/LAB4/install/gps_msgs/share/gps_msgs/cmake/export_gps_msgs__rosidl_generator_pyExport.cmake
-- Installing: /home/shrirag10/LAB4/install/gps_msgs/share/gps_msgs/cmake/export_gps_msgs__rosidl_generator_pyExport-noconfig.cmake
-- Installing: /home/shrirag10/LAB4/install/gps_msgs/share/gps_msgs/cmake/rosidl_cmake-extras.cmake
-- Installing: /home/shrirag10/LAB4/install/gps_msgs/share/gps_msgs/cmake/ament_cmake_export_dependencies-extras.cmake
-- Installing: /home/shrirag10/LAB4/install/gps_msgs/share/gps_msgs/cmake/ament_cmake_export_include_directories-extras.cmake
-- Installing: /home/shrirag10/LAB4/install/gps_msgs/share/gps_msgs/cmake/ament_cmake_export_libraries-extras.cmake
-- Installing: /home/shrirag10/LAB4/install/gps_msgs/share/gps_msgs/cmake/ament_cmake_export_targets-extras.cmake
-- Installing: /home/shrirag10/LAB4/install/gps_msgs/share/gps_msgs/cmake/rosidl_cmake_export_typesupport_targets-extras.cmake
-- Installing: /home/shrirag10/LAB4/install/gps_msgs/share/gps_msgs/cmake/rosidl_cmake_export_typesupport_libraries-extras.cmake
-- Installing: /home/shrirag10/LAB4/install/gps_msgs/share/gps_msgs/cmake/gps_msgsConfig.cmake
-- Installing: /home/shrirag10/LAB4/install/gps_msgs/share/gps_msgs/cmake/gps_msgsConfig-version.cmake
-- Installing: /home/shrirag10/LAB4/install/gps_msgs/share/gps_msgs/package.xml
-- Installing: /home/shrirag10/LAB4/install/gps_msgs/share/gps_msgs/msg/msg
-- Installing: /home/shrirag10/LAB4/install/gps_msgs/share/gps_msgs/msg/msg/GPSmsg.msg
