[0.010s] Invoking command in '/home/shrirag10/LAB4/build/gps_msgs': CMAKE_PREFIX_PATH=/opt/ros/humble /usr/bin/cmake /home/shrirag10/LAB4/src/gps_msgs -DCMAKE_INSTALL_PREFIX=/home/shrirag10/LAB4/install/gps_msgs
[0.157s] -- The C compiler identification is GNU 11.4.0
[0.157s] -- The CXX compiler identification is GNU 11.4.0
[0.157s] -- Detecting C compiler ABI info
[0.157s] -- Detecting C compiler ABI info - done
[0.158s] -- Check for working C compiler: /usr/bin/cc - skipped
[0.158s] -- Detecting C compile features
[0.158s] -- Detecting C compile features - done
[0.160s] -- Detecting CXX compiler ABI info
[0.220s] -- Detecting CXX compiler ABI info - done
[0.225s] -- Check for working CXX compiler: /usr/bin/c++ - skipped
[0.225s] -- Detecting CXX compile features
[0.226s] -- Detecting CXX compile features - done
[0.227s] -- Found ament_cmake: 1.3.10 (/opt/ros/humble/share/ament_cmake/cmake)
[0.337s] -- Found Python3: /usr/bin/python3 (found version "3.10.12") found components: Interpreter 
[0.390s] -- Found rosidl_default_generators: 1.2.0 (/opt/ros/humble/share/rosidl_default_generators/cmake)
[0.392s] -- Using all available rosidl_typesupport_c: rosidl_typesupport_fastrtps_c;rosidl_typesupport_introspection_c
[0.395s] -- Found rosidl_adapter: 3.1.5 (/opt/ros/humble/share/rosidl_adapter/cmake)
[0.418s] -- Using all available rosidl_typesupport_cpp: rosidl_typesupport_fastrtps_cpp;rosidl_typesupport_introspection_cpp
[0.437s] -- Found std_msgs: 4.2.4 (/opt/ros/humble/share/std_msgs/cmake)
[0.634s] -- Found ament_cmake_ros: 0.10.0 (/opt/ros/humble/share/ament_cmake_ros/cmake)
[0.781s] -- Using all available rosidl_typesupport_c: rosidl_typesupport_fastrtps_c;rosidl_typesupport_introspection_c
[0.971s] -- Using all available rosidl_typesupport_cpp: rosidl_typesupport_fastrtps_cpp;rosidl_typesupport_introspection_cpp
[0.986s] -- Found PythonInterp: /usr/bin/python3 (found suitable version "3.10.12", minimum required is "3.6") 
[0.986s] -- Found python_cmake_module: 0.10.0 (/opt/ros/humble/share/python_cmake_module/cmake)
[1.004s] -- Found PythonLibs: /usr/lib/x86_64-linux-gnu/libpython3.10.so (found suitable version "3.10.12", minimum required is "3.5") 
[1.004s] -- Using PYTHON_EXECUTABLE: /usr/bin/python3
[1.004s] -- Using PYTHON_INCLUDE_DIRS: /usr/include/python3.10
[1.004s] -- Using PYTHON_LIBRARIES: /usr/lib/x86_64-linux-gnu/libpython3.10.so
[1.018s] -- Found PythonExtra: .so  
[1.050s] -- Configuring done
[1.066s] -- Generating done
[1.067s] -- Build files have been written to: /home/shrirag10/LAB4/build/gps_msgs
[1.072s] Invoked command in '/home/shrirag10/LAB4/build/gps_msgs' returned '0': CMAKE_PREFIX_PATH=/opt/ros/humble /usr/bin/cmake /home/shrirag10/LAB4/src/gps_msgs -DCMAKE_INSTALL_PREFIX=/home/shrirag10/LAB4/install/gps_msgs
[1.073s] Invoking command in '/home/shrirag10/LAB4/build/gps_msgs': CMAKE_PREFIX_PATH=/opt/ros/humble /usr/bin/cmake --build /home/shrirag10/LAB4/build/gps_msgs -- -j16 -l16
[1.102s] [  3%] [34m[1mGenerating C code for ROS interfaces[0m
[1.108s] [  6%] [34m[1mGenerating C++ code for ROS interfaces[0m
[1.111s] [  6%] Built target ament_cmake_python_copy_gps_msgs
[1.248s] running egg_info
[1.248s] creating gps_msgs.egg-info
[1.248s] writing gps_msgs.egg-info/PKG-INFO
[1.249s] writing dependency_links to gps_msgs.egg-info/dependency_links.txt
[1.249s] writing top-level names to gps_msgs.egg-info/top_level.txt
[1.249s] writing manifest file 'gps_msgs.egg-info/SOURCES.txt'
[1.250s] reading manifest file 'gps_msgs.egg-info/SOURCES.txt'
[1.250s] writing manifest file 'gps_msgs.egg-info/SOURCES.txt'
[1.265s] [  6%] Built target gps_msgs__cpp
[1.265s] [  9%] [32mBuilding C object CMakeFiles/gps_msgs__rosidl_generator_c.dir/rosidl_generator_c/gps_msgs/msg/detail/gp_smsg__functions.c.o[0m
[1.269s] [  9%] Built target ament_cmake_python_build_gps_msgs_egg
[1.270s] [ 12%] [34m[1mGenerating C++ introspection for ROS interfaces[0m
[1.270s] [ 16%] [34m[1mGenerating C++ type support dispatch for ROS interfaces[0m
[1.273s] [ 19%] [34m[1mGenerating C++ type support for eProsima Fast-RTPS[0m
[1.298s] [ 22%] [32m[1mLinking C shared library libgps_msgs__rosidl_generator_c.so[0m
[1.325s] [ 22%] Built target gps_msgs__rosidl_generator_c
[1.332s] [ 25%] [34m[1mGenerating C introspection for ROS interfaces[0m
[1.336s] [ 32%] [34m[1mGenerating C type support dispatch for ROS interfaces[0m
[1.336s] [ 32%] [34m[1mGenerating C type support for eProsima Fast-RTPS[0m
[1.415s] [ 35%] [32mBuilding CXX object CMakeFiles/gps_msgs__rosidl_typesupport_cpp.dir/rosidl_typesupport_cpp/gps_msgs/msg/gp_smsg__type_support.cpp.o[0m
[1.417s] [ 38%] [32mBuilding CXX object CMakeFiles/gps_msgs__rosidl_typesupport_introspection_cpp.dir/rosidl_typesupport_introspection_cpp/gps_msgs/msg/detail/gp_smsg__type_support.cpp.o[0m
[1.426s] [ 41%] [32mBuilding CXX object CMakeFiles/gps_msgs__rosidl_typesupport_fastrtps_cpp.dir/rosidl_typesupport_fastrtps_cpp/gps_msgs/msg/detail/dds_fastrtps/gp_smsg__type_support.cpp.o[0m
[1.486s] [ 45%] [32mBuilding C object CMakeFiles/gps_msgs__rosidl_typesupport_introspection_c.dir/rosidl_typesupport_introspection_c/gps_msgs/msg/detail/gp_smsg__type_support.c.o[0m
[1.490s] [ 48%] [32mBuilding CXX object CMakeFiles/gps_msgs__rosidl_typesupport_fastrtps_c.dir/rosidl_typesupport_fastrtps_c/gps_msgs/msg/detail/gp_smsg__type_support_c.cpp.o[0m
[1.509s] [ 51%] [32m[1mLinking C shared library libgps_msgs__rosidl_typesupport_introspection_c.so[0m
[1.527s] [ 51%] Built target gps_msgs__rosidl_typesupport_introspection_c
[1.572s] [ 54%] [32m[1mLinking CXX shared library libgps_msgs__rosidl_typesupport_cpp.so[0m
[1.591s] [ 58%] [32mBuilding CXX object CMakeFiles/gps_msgs__rosidl_typesupport_c.dir/rosidl_typesupport_c/gps_msgs/msg/gp_smsg__type_support.cpp.o[0m
[1.615s] [ 58%] Built target gps_msgs__rosidl_typesupport_cpp
[1.623s] [ 61%] [32m[1mLinking CXX shared library libgps_msgs__rosidl_typesupport_c.so[0m
[1.645s] [ 64%] [32m[1mLinking CXX shared library libgps_msgs__rosidl_typesupport_introspection_cpp.so[0m
[1.653s] [ 64%] Built target gps_msgs__rosidl_typesupport_c
[1.669s] [ 67%] [32m[1mLinking CXX shared library libgps_msgs__rosidl_typesupport_fastrtps_cpp.so[0m
[1.690s] [ 70%] [32m[1mLinking CXX shared library libgps_msgs__rosidl_typesupport_fastrtps_c.so[0m
[1.693s] [ 70%] Built target gps_msgs__rosidl_typesupport_introspection_cpp
[1.720s] [ 70%] Built target gps_msgs__rosidl_typesupport_fastrtps_cpp
[1.743s] [ 70%] Built target gps_msgs__rosidl_typesupport_fastrtps_c
[1.763s] [ 70%] Built target gps_msgs
[1.780s] [ 74%] [34m[1mGenerating Python code for ROS interfaces[0m
[1.994s] [ 74%] Built target gps_msgs__py
[2.014s] [ 77%] [32mBuilding C object CMakeFiles/gps_msgs__rosidl_generator_py.dir/rosidl_generator_py/gps_msgs/msg/_gp_smsg_s.c.o[0m
[2.085s] [ 80%] [32m[1mLinking C shared library rosidl_generator_py/gps_msgs/libgps_msgs__rosidl_generator_py.so[0m
[2.121s] [ 80%] Built target gps_msgs__rosidl_generator_py
[2.132s] [ 83%] [32mBuilding C object CMakeFiles/gps_msgs__rosidl_typesupport_introspection_c__pyext.dir/rosidl_generator_py/gps_msgs/_gps_msgs_s.ep.rosidl_typesupport_introspection_c.c.o[0m
[2.136s] [ 87%] [32mBuilding C object CMakeFiles/gps_msgs__rosidl_typesupport_c__pyext.dir/rosidl_generator_py/gps_msgs/_gps_msgs_s.ep.rosidl_typesupport_c.c.o[0m
[2.138s] [ 90%] [32mBuilding C object CMakeFiles/gps_msgs__rosidl_typesupport_fastrtps_c__pyext.dir/rosidl_generator_py/gps_msgs/_gps_msgs_s.ep.rosidl_typesupport_fastrtps_c.c.o[0m
[2.190s] [ 93%] [32m[1mLinking C shared library rosidl_generator_py/gps_msgs/gps_msgs_s__rosidl_typesupport_introspection_c.cpython-310-x86_64-linux-gnu.so[0m
[2.193s] [ 96%] [32m[1mLinking C shared library rosidl_generator_py/gps_msgs/gps_msgs_s__rosidl_typesupport_c.cpython-310-x86_64-linux-gnu.so[0m
[2.196s] [100%] [32m[1mLinking C shared library rosidl_generator_py/gps_msgs/gps_msgs_s__rosidl_typesupport_fastrtps_c.cpython-310-x86_64-linux-gnu.so[0m
[2.216s] [100%] Built target gps_msgs__rosidl_typesupport_c__pyext
[2.216s] [100%] Built target gps_msgs__rosidl_typesupport_introspection_c__pyext
[2.227s] [100%] Built target gps_msgs__rosidl_typesupport_fastrtps_c__pyext
[2.234s] Invoked command in '/home/shrirag10/LAB4/build/gps_msgs' returned '0': CMAKE_PREFIX_PATH=/opt/ros/humble /usr/bin/cmake --build /home/shrirag10/LAB4/build/gps_msgs -- -j16 -l16
[2.290s] Invoking command in '/home/shrirag10/LAB4/build/gps_msgs': CMAKE_PREFIX_PATH=/opt/ros/humble /usr/bin/cmake --install /home/shrirag10/LAB4/build/gps_msgs
[2.296s] -- Install configuration: ""
[2.296s] -- Installing: /home/shrirag10/LAB4/install/gps_msgs/share/ament_index/resource_index/rosidl_interfaces/gps_msgs
[2.296s] -- Installing: /home/shrirag10/LAB4/install/gps_msgs/include/gps_msgs/gps_msgs
[2.296s] -- Installing: /home/shrirag10/LAB4/install/gps_msgs/include/gps_msgs/gps_msgs/msg
[2.296s] -- Installing: /home/shrirag10/LAB4/install/gps_msgs/include/gps_msgs/gps_msgs/msg/detail
[2.296s] -- Installing: /home/shrirag10/LAB4/install/gps_msgs/include/gps_msgs/gps_msgs/msg/detail/gp_smsg__struct.h
[2.296s] -- Installing: /home/shrirag10/LAB4/install/gps_msgs/include/gps_msgs/gps_msgs/msg/detail/gp_smsg__functions.h
[2.297s] -- Installing: /home/shrirag10/LAB4/install/gps_msgs/include/gps_msgs/gps_msgs/msg/detail/gp_smsg__functions.c
[2.297s] -- Installing: /home/shrirag10/LAB4/install/gps_msgs/include/gps_msgs/gps_msgs/msg/detail/gp_smsg__type_support.h
[2.297s] -- Installing: /home/shrirag10/LAB4/install/gps_msgs/include/gps_msgs/gps_msgs/msg/gp_smsg.h
[2.297s] -- Installing: /home/shrirag10/LAB4/install/gps_msgs/include/gps_msgs/gps_msgs/msg/rosidl_generator_c__visibility_control.h
[2.297s] -- Installing: /home/shrirag10/LAB4/install/gps_msgs/share/gps_msgs/environment/library_path.sh
[2.297s] -- Installing: /home/shrirag10/LAB4/install/gps_msgs/share/gps_msgs/environment/library_path.dsv
[2.297s] -- Installing: /home/shrirag10/LAB4/install/gps_msgs/lib/libgps_msgs__rosidl_generator_c.so
[2.297s] -- Set runtime path of "/home/shrirag10/LAB4/install/gps_msgs/lib/libgps_msgs__rosidl_generator_c.so" to ""
[2.297s] -- Up-to-date: /home/shrirag10/LAB4/install/gps_msgs/include/gps_msgs/gps_msgs
[2.297s] -- Up-to-date: /home/shrirag10/LAB4/install/gps_msgs/include/gps_msgs/gps_msgs/msg
[2.297s] -- Up-to-date: /home/shrirag10/LAB4/install/gps_msgs/include/gps_msgs/gps_msgs/msg/detail
[2.297s] -- Installing: /home/shrirag10/LAB4/install/gps_msgs/include/gps_msgs/gps_msgs/msg/detail/gp_smsg__rosidl_typesupport_fastrtps_c.h
[2.297s] -- Installing: /home/shrirag10/LAB4/install/gps_msgs/include/gps_msgs/gps_msgs/msg/rosidl_typesupport_fastrtps_c__visibility_control.h
[2.297s] -- Installing: /home/shrirag10/LAB4/install/gps_msgs/lib/libgps_msgs__rosidl_typesupport_fastrtps_c.so
[2.297s] -- Set runtime path of "/home/shrirag10/LAB4/install/gps_msgs/lib/libgps_msgs__rosidl_typesupport_fastrtps_c.so" to ""
[2.297s] -- Up-to-date: /home/shrirag10/LAB4/install/gps_msgs/include/gps_msgs/gps_msgs
[2.297s] -- Up-to-date: /home/shrirag10/LAB4/install/gps_msgs/include/gps_msgs/gps_msgs/msg
[2.297s] -- Up-to-date: /home/shrirag10/LAB4/install/gps_msgs/include/gps_msgs/gps_msgs/msg/detail
[2.297s] -- Installing: /home/shrirag10/LAB4/install/gps_msgs/include/gps_msgs/gps_msgs/msg/detail/gp_smsg__type_support.c
[2.297s] -- Installing: /home/shrirag10/LAB4/install/gps_msgs/include/gps_msgs/gps_msgs/msg/detail/gp_smsg__rosidl_typesupport_introspection_c.h
[2.297s] -- Installing: /home/shrirag10/LAB4/install/gps_msgs/include/gps_msgs/gps_msgs/msg/rosidl_typesupport_introspection_c__visibility_control.h
[2.297s] -- Installing: /home/shrirag10/LAB4/install/gps_msgs/lib/libgps_msgs__rosidl_typesupport_introspection_c.so
[2.297s] -- Set runtime path of "/home/shrirag10/LAB4/install/gps_msgs/lib/libgps_msgs__rosidl_typesupport_introspection_c.so" to ""
[2.297s] -- Installing: /home/shrirag10/LAB4/install/gps_msgs/lib/libgps_msgs__rosidl_typesupport_c.so
[2.298s] -- Set runtime path of "/home/shrirag10/LAB4/install/gps_msgs/lib/libgps_msgs__rosidl_typesupport_c.so" to ""
[2.298s] -- Up-to-date: /home/shrirag10/LAB4/install/gps_msgs/include/gps_msgs/gps_msgs
[2.298s] -- Up-to-date: /home/shrirag10/LAB4/install/gps_msgs/include/gps_msgs/gps_msgs/msg
[2.298s] -- Up-to-date: /home/shrirag10/LAB4/install/gps_msgs/include/gps_msgs/gps_msgs/msg/detail
[2.298s] -- Installing: /home/shrirag10/LAB4/install/gps_msgs/include/gps_msgs/gps_msgs/msg/detail/gp_smsg__traits.hpp
[2.298s] -- Installing: /home/shrirag10/LAB4/install/gps_msgs/include/gps_msgs/gps_msgs/msg/detail/gp_smsg__struct.hpp
[2.298s] -- Installing: /home/shrirag10/LAB4/install/gps_msgs/include/gps_msgs/gps_msgs/msg/detail/gp_smsg__builder.hpp
[2.298s] -- Installing: /home/shrirag10/LAB4/install/gps_msgs/include/gps_msgs/gps_msgs/msg/gp_smsg.hpp
[2.298s] -- Up-to-date: /home/shrirag10/LAB4/install/gps_msgs/include/gps_msgs/gps_msgs
[2.298s] -- Up-to-date: /home/shrirag10/LAB4/install/gps_msgs/include/gps_msgs/gps_msgs/msg
[2.298s] -- Up-to-date: /home/shrirag10/LAB4/install/gps_msgs/include/gps_msgs/gps_msgs/msg/detail
[2.298s] -- Installing: /home/shrirag10/LAB4/install/gps_msgs/include/gps_msgs/gps_msgs/msg/detail/dds_fastrtps
[2.298s] -- Installing: /home/shrirag10/LAB4/install/gps_msgs/include/gps_msgs/gps_msgs/msg/detail/gp_smsg__rosidl_typesupport_fastrtps_cpp.hpp
[2.298s] -- Installing: /home/shrirag10/LAB4/install/gps_msgs/include/gps_msgs/gps_msgs/msg/rosidl_typesupport_fastrtps_cpp__visibility_control.h
[2.298s] -- Installing: /home/shrirag10/LAB4/install/gps_msgs/lib/libgps_msgs__rosidl_typesupport_fastrtps_cpp.so
[2.298s] -- Set runtime path of "/home/shrirag10/LAB4/install/gps_msgs/lib/libgps_msgs__rosidl_typesupport_fastrtps_cpp.so" to ""
[2.298s] -- Up-to-date: /home/shrirag10/LAB4/install/gps_msgs/include/gps_msgs/gps_msgs
[2.298s] -- Up-to-date: /home/shrirag10/LAB4/install/gps_msgs/include/gps_msgs/gps_msgs/msg
[2.298s] -- Up-to-date: /home/shrirag10/LAB4/install/gps_msgs/include/gps_msgs/gps_msgs/msg/detail
[2.298s] -- Installing: /home/shrirag10/LAB4/install/gps_msgs/include/gps_msgs/gps_msgs/msg/detail/gp_smsg__type_support.cpp
[2.298s] -- Installing: /home/shrirag10/LAB4/install/gps_msgs/include/gps_msgs/gps_msgs/msg/detail/gp_smsg__rosidl_typesupport_introspection_cpp.hpp
[2.298s] -- Installing: /home/shrirag10/LAB4/install/gps_msgs/lib/libgps_msgs__rosidl_typesupport_introspection_cpp.so
[2.298s] -- Set runtime path of "/home/shrirag10/LAB4/install/gps_msgs/lib/libgps_msgs__rosidl_typesupport_introspection_cpp.so" to ""
[2.298s] -- Installing: /home/shrirag10/LAB4/install/gps_msgs/lib/libgps_msgs__rosidl_typesupport_cpp.so
[2.298s] -- Set runtime path of "/home/shrirag10/LAB4/install/gps_msgs/lib/libgps_msgs__rosidl_typesupport_cpp.so" to ""
[2.298s] -- Installing: /home/shrirag10/LAB4/install/gps_msgs/share/gps_msgs/environment/pythonpath.sh
[2.298s] -- Installing: /home/shrirag10/LAB4/install/gps_msgs/share/gps_msgs/environment/pythonpath.dsv
[2.299s] -- Installing: /home/shrirag10/LAB4/install/gps_msgs/local/lib/python3.10/dist-packages/gps_msgs-0.0.1-py3.10.egg-info
[2.299s] -- Installing: /home/shrirag10/LAB4/install/gps_msgs/local/lib/python3.10/dist-packages/gps_msgs-0.0.1-py3.10.egg-info/top_level.txt
[2.299s] -- Installing: /home/shrirag10/LAB4/install/gps_msgs/local/lib/python3.10/dist-packages/gps_msgs-0.0.1-py3.10.egg-info/PKG-INFO
[2.299s] -- Installing: /home/shrirag10/LAB4/install/gps_msgs/local/lib/python3.10/dist-packages/gps_msgs-0.0.1-py3.10.egg-info/SOURCES.txt
[2.299s] -- Installing: /home/shrirag10/LAB4/install/gps_msgs/local/lib/python3.10/dist-packages/gps_msgs-0.0.1-py3.10.egg-info/dependency_links.txt
[2.299s] -- Installing: /home/shrirag10/LAB4/install/gps_msgs/local/lib/python3.10/dist-packages/gps_msgs
[2.299s] -- Installing: /home/shrirag10/LAB4/install/gps_msgs/local/lib/python3.10/dist-packages/gps_msgs/gps_msgs_s__rosidl_typesupport_c.cpython-310-x86_64-linux-gnu.so
[2.299s] -- Installing: /home/shrirag10/LAB4/install/gps_msgs/local/lib/python3.10/dist-packages/gps_msgs/_gps_msgs_s.ep.rosidl_typesupport_introspection_c.c
[2.299s] -- Installing: /home/shrirag10/LAB4/install/gps_msgs/local/lib/python3.10/dist-packages/gps_msgs/__init__.py
[2.299s] -- Installing: /home/shrirag10/LAB4/install/gps_msgs/local/lib/python3.10/dist-packages/gps_msgs/msg
[2.299s] -- Installing: /home/shrirag10/LAB4/install/gps_msgs/local/lib/python3.10/dist-packages/gps_msgs/msg/__init__.py
[2.299s] -- Installing: /home/shrirag10/LAB4/install/gps_msgs/local/lib/python3.10/dist-packages/gps_msgs/msg/_gp_smsg_s.c
[2.299s] -- Installing: /home/shrirag10/LAB4/install/gps_msgs/local/lib/python3.10/dist-packages/gps_msgs/msg/_gp_smsg.py
[2.299s] -- Installing: /home/shrirag10/LAB4/install/gps_msgs/local/lib/python3.10/dist-packages/gps_msgs/_gps_msgs_s.ep.rosidl_typesupport_fastrtps_c.c
[2.299s] -- Installing: /home/shrirag10/LAB4/install/gps_msgs/local/lib/python3.10/dist-packages/gps_msgs/libgps_msgs__rosidl_generator_py.so
[2.299s] -- Installing: /home/shrirag10/LAB4/install/gps_msgs/local/lib/python3.10/dist-packages/gps_msgs/_gps_msgs_s.ep.rosidl_typesupport_c.c
[2.299s] -- Installing: /home/shrirag10/LAB4/install/gps_msgs/local/lib/python3.10/dist-packages/gps_msgs/gps_msgs_s__rosidl_typesupport_fastrtps_c.cpython-310-x86_64-linux-gnu.so
[2.299s] -- Installing: /home/shrirag10/LAB4/install/gps_msgs/local/lib/python3.10/dist-packages/gps_msgs/gps_msgs_s__rosidl_typesupport_introspection_c.cpython-310-x86_64-linux-gnu.so
[2.320s] Listing '/home/shrirag10/LAB4/install/gps_msgs/local/lib/python3.10/dist-packages/gps_msgs'...
[2.320s] Compiling '/home/shrirag10/LAB4/install/gps_msgs/local/lib/python3.10/dist-packages/gps_msgs/__init__.py'...
[2.320s] Listing '/home/shrirag10/LAB4/install/gps_msgs/local/lib/python3.10/dist-packages/gps_msgs/msg'...
[2.321s] Compiling '/home/shrirag10/LAB4/install/gps_msgs/local/lib/python3.10/dist-packages/gps_msgs/msg/__init__.py'...
[2.321s] Compiling '/home/shrirag10/LAB4/install/gps_msgs/local/lib/python3.10/dist-packages/gps_msgs/msg/_gp_smsg.py'...
[2.323s] -- Installing: /home/shrirag10/LAB4/install/gps_msgs/local/lib/python3.10/dist-packages/gps_msgs/gps_msgs_s__rosidl_typesupport_fastrtps_c.cpython-310-x86_64-linux-gnu.so
[2.323s] -- Set runtime path of "/home/shrirag10/LAB4/install/gps_msgs/local/lib/python3.10/dist-packages/gps_msgs/gps_msgs_s__rosidl_typesupport_fastrtps_c.cpython-310-x86_64-linux-gnu.so" to ""
[2.323s] -- Installing: /home/shrirag10/LAB4/install/gps_msgs/local/lib/python3.10/dist-packages/gps_msgs/gps_msgs_s__rosidl_typesupport_introspection_c.cpython-310-x86_64-linux-gnu.so
[2.324s] -- Set runtime path of "/home/shrirag10/LAB4/install/gps_msgs/local/lib/python3.10/dist-packages/gps_msgs/gps_msgs_s__rosidl_typesupport_introspection_c.cpython-310-x86_64-linux-gnu.so" to ""
[2.324s] -- Installing: /home/shrirag10/LAB4/install/gps_msgs/local/lib/python3.10/dist-packages/gps_msgs/gps_msgs_s__rosidl_typesupport_c.cpython-310-x86_64-linux-gnu.so
[2.324s] -- Set runtime path of "/home/shrirag10/LAB4/install/gps_msgs/local/lib/python3.10/dist-packages/gps_msgs/gps_msgs_s__rosidl_typesupport_c.cpython-310-x86_64-linux-gnu.so" to ""
[2.324s] -- Installing: /home/shrirag10/LAB4/install/gps_msgs/lib/libgps_msgs__rosidl_generator_py.so
[2.324s] -- Set runtime path of "/home/shrirag10/LAB4/install/gps_msgs/lib/libgps_msgs__rosidl_generator_py.so" to ""
[2.324s] -- Installing: /home/shrirag10/LAB4/install/gps_msgs/share/gps_msgs/msg/GPSmsg.idl
[2.324s] -- Installing: /home/shrirag10/LAB4/install/gps_msgs/share/gps_msgs/msg/GPSmsg.msg
[2.324s] -- Installing: /home/shrirag10/LAB4/install/gps_msgs/share/ament_index/resource_index/package_run_dependencies/gps_msgs
[2.324s] -- Installing: /home/shrirag10/LAB4/install/gps_msgs/share/ament_index/resource_index/parent_prefix_path/gps_msgs
[2.324s] -- Installing: /home/shrirag10/LAB4/install/gps_msgs/share/gps_msgs/environment/ament_prefix_path.sh
[2.324s] -- Installing: /home/shrirag10/LAB4/install/gps_msgs/share/gps_msgs/environment/ament_prefix_path.dsv
[2.324s] -- Installing: /home/shrirag10/LAB4/install/gps_msgs/share/gps_msgs/environment/path.sh
[2.324s] -- Installing: /home/shrirag10/LAB4/install/gps_msgs/share/gps_msgs/environment/path.dsv
[2.324s] -- Installing: /home/shrirag10/LAB4/install/gps_msgs/share/gps_msgs/local_setup.bash
[2.324s] -- Installing: /home/shrirag10/LAB4/install/gps_msgs/share/gps_msgs/local_setup.sh
[2.325s] -- Installing: /home/shrirag10/LAB4/install/gps_msgs/share/gps_msgs/local_setup.zsh
[2.325s] -- Installing: /home/shrirag10/LAB4/install/gps_msgs/share/gps_msgs/local_setup.dsv
[2.325s] -- Installing: /home/shrirag10/LAB4/install/gps_msgs/share/gps_msgs/package.dsv
[2.325s] -- Installing: /home/shrirag10/LAB4/install/gps_msgs/share/ament_index/resource_index/packages/gps_msgs
[2.325s] -- Installing: /home/shrirag10/LAB4/install/gps_msgs/share/gps_msgs/cmake/export_gps_msgs__rosidl_generator_cExport.cmake
[2.325s] -- Installing: /home/shrirag10/LAB4/install/gps_msgs/share/gps_msgs/cmake/export_gps_msgs__rosidl_generator_cExport-noconfig.cmake
[2.325s] -- Installing: /home/shrirag10/LAB4/install/gps_msgs/share/gps_msgs/cmake/export_gps_msgs__rosidl_typesupport_fastrtps_cExport.cmake
[2.325s] -- Installing: /home/shrirag10/LAB4/install/gps_msgs/share/gps_msgs/cmake/export_gps_msgs__rosidl_typesupport_fastrtps_cExport-noconfig.cmake
[2.325s] -- Installing: /home/shrirag10/LAB4/install/gps_msgs/share/gps_msgs/cmake/gps_msgs__rosidl_typesupport_introspection_cExport.cmake
[2.325s] -- Installing: /home/shrirag10/LAB4/install/gps_msgs/share/gps_msgs/cmake/gps_msgs__rosidl_typesupport_introspection_cExport-noconfig.cmake
[2.325s] -- Installing: /home/shrirag10/LAB4/install/gps_msgs/share/gps_msgs/cmake/gps_msgs__rosidl_typesupport_cExport.cmake
[2.325s] -- Installing: /home/shrirag10/LAB4/install/gps_msgs/share/gps_msgs/cmake/gps_msgs__rosidl_typesupport_cExport-noconfig.cmake
[2.325s] -- Installing: /home/shrirag10/LAB4/install/gps_msgs/share/gps_msgs/cmake/export_gps_msgs__rosidl_generator_cppExport.cmake
[2.325s] -- Installing: /home/shrirag10/LAB4/install/gps_msgs/share/gps_msgs/cmake/export_gps_msgs__rosidl_typesupport_fastrtps_cppExport.cmake
[2.325s] -- Installing: /home/shrirag10/LAB4/install/gps_msgs/share/gps_msgs/cmake/export_gps_msgs__rosidl_typesupport_fastrtps_cppExport-noconfig.cmake
[2.325s] -- Installing: /home/shrirag10/LAB4/install/gps_msgs/share/gps_msgs/cmake/gps_msgs__rosidl_typesupport_introspection_cppExport.cmake
[2.325s] -- Installing: /home/shrirag10/LAB4/install/gps_msgs/share/gps_msgs/cmake/gps_msgs__rosidl_typesupport_introspection_cppExport-noconfig.cmake
[2.325s] -- Installing: /home/shrirag10/LAB4/install/gps_msgs/share/gps_msgs/cmake/gps_msgs__rosidl_typesupport_cppExport.cmake
[2.325s] -- Installing: /home/shrirag10/LAB4/install/gps_msgs/share/gps_msgs/cmake/gps_msgs__rosidl_typesupport_cppExport-noconfig.cmake
[2.326s] -- Installing: /home/shrirag10/LAB4/install/gps_msgs/share/gps_msgs/cmake/export_gps_msgs__rosidl_generator_pyExport.cmake
[2.326s] -- Installing: /home/shrirag10/LAB4/install/gps_msgs/share/gps_msgs/cmake/export_gps_msgs__rosidl_generator_pyExport-noconfig.cmake
[2.326s] -- Installing: /home/shrirag10/LAB4/install/gps_msgs/share/gps_msgs/cmake/rosidl_cmake-extras.cmake
[2.326s] -- Installing: /home/shrirag10/LAB4/install/gps_msgs/share/gps_msgs/cmake/ament_cmake_export_dependencies-extras.cmake
[2.326s] -- Installing: /home/shrirag10/LAB4/install/gps_msgs/share/gps_msgs/cmake/ament_cmake_export_include_directories-extras.cmake
[2.326s] -- Installing: /home/shrirag10/LAB4/install/gps_msgs/share/gps_msgs/cmake/ament_cmake_export_libraries-extras.cmake
[2.326s] -- Installing: /home/shrirag10/LAB4/install/gps_msgs/share/gps_msgs/cmake/ament_cmake_export_targets-extras.cmake
[2.326s] -- Installing: /home/shrirag10/LAB4/install/gps_msgs/share/gps_msgs/cmake/rosidl_cmake_export_typesupport_targets-extras.cmake
[2.326s] -- Installing: /home/shrirag10/LAB4/install/gps_msgs/share/gps_msgs/cmake/rosidl_cmake_export_typesupport_libraries-extras.cmake
[2.326s] -- Installing: /home/shrirag10/LAB4/install/gps_msgs/share/gps_msgs/cmake/gps_msgsConfig.cmake
[2.326s] -- Installing: /home/shrirag10/LAB4/install/gps_msgs/share/gps_msgs/cmake/gps_msgsConfig-version.cmake
[2.326s] -- Installing: /home/shrirag10/LAB4/install/gps_msgs/share/gps_msgs/package.xml
[2.326s] -- Installing: /home/shrirag10/LAB4/install/gps_msgs/share/gps_msgs/msg/msg
[2.326s] -- Installing: /home/shrirag10/LAB4/install/gps_msgs/share/gps_msgs/msg/msg/GPSmsg.msg
[2.328s] Invoked command in '/home/shrirag10/LAB4/build/gps_msgs' returned '0': CMAKE_PREFIX_PATH=/opt/ros/humble /usr/bin/cmake --install /home/shrirag10/LAB4/build/gps_msgs
