[0.061s] DEBUG:colcon:Command line arguments: ['/usr/bin/colcon', 'build']
[0.061s] DEBUG:colcon:Parsed command line arguments: Namespace(log_base=None, log_level=None, verb_name='build', build_base='build', install_base='install', merge_install=False, symlink_install=False, test_result_base=None, continue_on_error=False, executor='parallel', parallel_workers=16, event_handlers=None, ignore_user_meta=False, metas=['./colcon.meta'], base_paths=['.'], packages_ignore=None, packages_ignore_regex=None, paths=None, packages_up_to=None, packages_up_to_regex=None, packages_above=None, packages_above_and_dependencies=None, packages_above_depth=None, packages_select_by_dep=None, packages_skip_by_dep=None, packages_skip_up_to=None, packages_select_build_failed=False, packages_skip_build_finished=False, packages_select_test_failures=False, packages_skip_test_passed=False, packages_select=None, packages_skip=None, packages_select_regex=None, packages_skip_regex=None, packages_start=None, packages_end=None, allow_overriding=[], cmake_args=None, cmake_target=None, cmake_target_skip_unavailable=False, cmake_clean_cache=False, cmake_clean_first=False, cmake_force_configure=False, ament_cmake_args=None, catkin_cmake_args=None, catkin_skip_building_tests=False, verb_parser=<colcon_defaults.argument_parser.defaults.DefaultArgumentsDecorator object at 0x7f2d34545cc0>, verb_extension=<colcon_core.verb.build.BuildVerb object at 0x7f2d34544e80>, main=<bound method BuildVerb.main of <colcon_core.verb.build.BuildVerb object at 0x7f2d34544e80>>)
[0.150s] Level 1:colcon.colcon_core.package_discovery:discover_packages(colcon_meta) check parameters
[0.150s] Level 1:colcon.colcon_core.package_discovery:discover_packages(recursive) check parameters
[0.150s] Level 1:colcon.colcon_core.package_discovery:discover_packages(ignore) check parameters
[0.150s] Level 1:colcon.colcon_core.package_discovery:discover_packages(path) check parameters
[0.150s] Level 1:colcon.colcon_core.package_discovery:discover_packages(colcon_meta) discover
[0.150s] Level 1:colcon.colcon_core.package_discovery:discover_packages(recursive) discover
[0.150s] INFO:colcon.colcon_core.package_discovery:Crawling recursively for packages in '/home/shrirag10/LAB3'
[0.150s] Level 1:colcon.colcon_core.package_identification:_identify(.) by extensions ['ignore', 'ignore_ament_install']
[0.150s] Level 1:colcon.colcon_core.package_identification:_identify(.) by extension 'ignore'
[0.150s] Level 1:colcon.colcon_core.package_identification:_identify(.) by extension 'ignore_ament_install'
[0.150s] Level 1:colcon.colcon_core.package_identification:_identify(.) by extensions ['colcon_pkg']
[0.150s] Level 1:colcon.colcon_core.package_identification:_identify(.) by extension 'colcon_pkg'
[0.150s] Level 1:colcon.colcon_core.package_identification:_identify(.) by extensions ['colcon_meta']
[0.150s] Level 1:colcon.colcon_core.package_identification:_identify(.) by extension 'colcon_meta'
[0.150s] Level 1:colcon.colcon_core.package_identification:_identify(.) by extensions ['ros']
[0.150s] Level 1:colcon.colcon_core.package_identification:_identify(.) by extension 'ros'
[0.158s] Level 1:colcon.colcon_core.package_identification:_identify(.) by extensions ['cmake', 'python']
[0.158s] Level 1:colcon.colcon_core.package_identification:_identify(.) by extension 'cmake'
[0.158s] Level 1:colcon.colcon_core.package_identification:_identify(.) by extension 'python'
[0.158s] Level 1:colcon.colcon_core.package_identification:_identify(.) by extensions ['python_setup_py']
[0.158s] Level 1:colcon.colcon_core.package_identification:_identify(.) by extension 'python_setup_py'
[0.158s] Level 1:colcon.colcon_core.package_identification:_identify(analysis) by extensions ['ignore', 'ignore_ament_install']
[0.158s] Level 1:colcon.colcon_core.package_identification:_identify(analysis) by extension 'ignore'
[0.158s] Level 1:colcon.colcon_core.package_identification:_identify(analysis) by extension 'ignore_ament_install'
[0.158s] Level 1:colcon.colcon_core.package_identification:_identify(analysis) by extensions ['colcon_pkg']
[0.158s] Level 1:colcon.colcon_core.package_identification:_identify(analysis) by extension 'colcon_pkg'
[0.158s] Level 1:colcon.colcon_core.package_identification:_identify(analysis) by extensions ['colcon_meta']
[0.158s] Level 1:colcon.colcon_core.package_identification:_identify(analysis) by extension 'colcon_meta'
[0.158s] Level 1:colcon.colcon_core.package_identification:_identify(analysis) by extensions ['ros']
[0.158s] Level 1:colcon.colcon_core.package_identification:_identify(analysis) by extension 'ros'
[0.158s] Level 1:colcon.colcon_core.package_identification:_identify(analysis) by extensions ['cmake', 'python']
[0.158s] Level 1:colcon.colcon_core.package_identification:_identify(analysis) by extension 'cmake'
[0.158s] Level 1:colcon.colcon_core.package_identification:_identify(analysis) by extension 'python'
[0.158s] Level 1:colcon.colcon_core.package_identification:_identify(analysis) by extensions ['python_setup_py']
[0.158s] Level 1:colcon.colcon_core.package_identification:_identify(analysis) by extension 'python_setup_py'
[0.158s] Level 1:colcon.colcon_core.package_identification:_identify(build) by extensions ['ignore', 'ignore_ament_install']
[0.159s] Level 1:colcon.colcon_core.package_identification:_identify(build) by extension 'ignore'
[0.159s] Level 1:colcon.colcon_core.package_identification:_identify(build) ignored
[0.159s] Level 1:colcon.colcon_core.package_identification:_identify(data) by extensions ['ignore', 'ignore_ament_install']
[0.159s] Level 1:colcon.colcon_core.package_identification:_identify(data) by extension 'ignore'
[0.159s] Level 1:colcon.colcon_core.package_identification:_identify(data) by extension 'ignore_ament_install'
[0.159s] Level 1:colcon.colcon_core.package_identification:_identify(data) by extensions ['colcon_pkg']
[0.159s] Level 1:colcon.colcon_core.package_identification:_identify(data) by extension 'colcon_pkg'
[0.159s] Level 1:colcon.colcon_core.package_identification:_identify(data) by extensions ['colcon_meta']
[0.159s] Level 1:colcon.colcon_core.package_identification:_identify(data) by extension 'colcon_meta'
[0.159s] Level 1:colcon.colcon_core.package_identification:_identify(data) by extensions ['ros']
[0.159s] Level 1:colcon.colcon_core.package_identification:_identify(data) by extension 'ros'
[0.159s] Level 1:colcon.colcon_core.package_identification:_identify(data) by extensions ['cmake', 'python']
[0.159s] Level 1:colcon.colcon_core.package_identification:_identify(data) by extension 'cmake'
[0.159s] Level 1:colcon.colcon_core.package_identification:_identify(data) by extension 'python'
[0.159s] Level 1:colcon.colcon_core.package_identification:_identify(data) by extensions ['python_setup_py']
[0.159s] Level 1:colcon.colcon_core.package_identification:_identify(data) by extension 'python_setup_py'
[0.159s] Level 1:colcon.colcon_core.package_identification:_identify(data/emulator.bag) by extensions ['ignore', 'ignore_ament_install']
[0.159s] Level 1:colcon.colcon_core.package_identification:_identify(data/emulator.bag) by extension 'ignore'
[0.159s] Level 1:colcon.colcon_core.package_identification:_identify(data/emulator.bag) by extension 'ignore_ament_install'
[0.159s] Level 1:colcon.colcon_core.package_identification:_identify(data/emulator.bag) by extensions ['colcon_pkg']
[0.159s] Level 1:colcon.colcon_core.package_identification:_identify(data/emulator.bag) by extension 'colcon_pkg'
[0.159s] Level 1:colcon.colcon_core.package_identification:_identify(data/emulator.bag) by extensions ['colcon_meta']
[0.159s] Level 1:colcon.colcon_core.package_identification:_identify(data/emulator.bag) by extension 'colcon_meta'
[0.159s] Level 1:colcon.colcon_core.package_identification:_identify(data/emulator.bag) by extensions ['ros']
[0.159s] Level 1:colcon.colcon_core.package_identification:_identify(data/emulator.bag) by extension 'ros'
[0.159s] Level 1:colcon.colcon_core.package_identification:_identify(data/emulator.bag) by extensions ['cmake', 'python']
[0.159s] Level 1:colcon.colcon_core.package_identification:_identify(data/emulator.bag) by extension 'cmake'
[0.159s] Level 1:colcon.colcon_core.package_identification:_identify(data/emulator.bag) by extension 'python'
[0.159s] Level 1:colcon.colcon_core.package_identification:_identify(data/emulator.bag) by extensions ['python_setup_py']
[0.159s] Level 1:colcon.colcon_core.package_identification:_identify(data/emulator.bag) by extension 'python_setup_py'
[0.159s] Level 1:colcon.colcon_core.package_identification:_identify(data/fivehour1data.bag) by extensions ['ignore', 'ignore_ament_install']
[0.159s] Level 1:colcon.colcon_core.package_identification:_identify(data/fivehour1data.bag) by extension 'ignore'
[0.159s] Level 1:colcon.colcon_core.package_identification:_identify(data/fivehour1data.bag) by extension 'ignore_ament_install'
[0.159s] Level 1:colcon.colcon_core.package_identification:_identify(data/fivehour1data.bag) by extensions ['colcon_pkg']
[0.159s] Level 1:colcon.colcon_core.package_identification:_identify(data/fivehour1data.bag) by extension 'colcon_pkg'
[0.159s] Level 1:colcon.colcon_core.package_identification:_identify(data/fivehour1data.bag) by extensions ['colcon_meta']
[0.159s] Level 1:colcon.colcon_core.package_identification:_identify(data/fivehour1data.bag) by extension 'colcon_meta'
[0.159s] Level 1:colcon.colcon_core.package_identification:_identify(data/fivehour1data.bag) by extensions ['ros']
[0.159s] Level 1:colcon.colcon_core.package_identification:_identify(data/fivehour1data.bag) by extension 'ros'
[0.159s] Level 1:colcon.colcon_core.package_identification:_identify(data/fivehour1data.bag) by extensions ['cmake', 'python']
[0.160s] Level 1:colcon.colcon_core.package_identification:_identify(data/fivehour1data.bag) by extension 'cmake'
[0.160s] Level 1:colcon.colcon_core.package_identification:_identify(data/fivehour1data.bag) by extension 'python'
[0.160s] Level 1:colcon.colcon_core.package_identification:_identify(data/fivehour1data.bag) by extensions ['python_setup_py']
[0.160s] Level 1:colcon.colcon_core.package_identification:_identify(data/fivehour1data.bag) by extension 'python_setup_py'
[0.160s] Level 1:colcon.colcon_core.package_identification:_identify(data/fivehourdata.bag) by extensions ['ignore', 'ignore_ament_install']
[0.160s] Level 1:colcon.colcon_core.package_identification:_identify(data/fivehourdata.bag) by extension 'ignore'
[0.160s] Level 1:colcon.colcon_core.package_identification:_identify(data/fivehourdata.bag) by extension 'ignore_ament_install'
[0.160s] Level 1:colcon.colcon_core.package_identification:_identify(data/fivehourdata.bag) by extensions ['colcon_pkg']
[0.160s] Level 1:colcon.colcon_core.package_identification:_identify(data/fivehourdata.bag) by extension 'colcon_pkg'
[0.160s] Level 1:colcon.colcon_core.package_identification:_identify(data/fivehourdata.bag) by extensions ['colcon_meta']
[0.160s] Level 1:colcon.colcon_core.package_identification:_identify(data/fivehourdata.bag) by extension 'colcon_meta'
[0.160s] Level 1:colcon.colcon_core.package_identification:_identify(data/fivehourdata.bag) by extensions ['ros']
[0.160s] Level 1:colcon.colcon_core.package_identification:_identify(data/fivehourdata.bag) by extension 'ros'
[0.160s] Level 1:colcon.colcon_core.package_identification:_identify(data/fivehourdata.bag) by extensions ['cmake', 'python']
[0.160s] Level 1:colcon.colcon_core.package_identification:_identify(data/fivehourdata.bag) by extension 'cmake'
[0.160s] Level 1:colcon.colcon_core.package_identification:_identify(data/fivehourdata.bag) by extension 'python'
[0.160s] Level 1:colcon.colcon_core.package_identification:_identify(data/fivehourdata.bag) by extensions ['python_setup_py']
[0.160s] Level 1:colcon.colcon_core.package_identification:_identify(data/fivehourdata.bag) by extension 'python_setup_py'
[0.160s] Level 1:colcon.colcon_core.package_identification:_identify(install) by extensions ['ignore', 'ignore_ament_install']
[0.160s] Level 1:colcon.colcon_core.package_identification:_identify(install) by extension 'ignore'
[0.160s] Level 1:colcon.colcon_core.package_identification:_identify(install) ignored
[0.160s] Level 1:colcon.colcon_core.package_identification:_identify(log) by extensions ['ignore', 'ignore_ament_install']
[0.160s] Level 1:colcon.colcon_core.package_identification:_identify(log) by extension 'ignore'
[0.160s] Level 1:colcon.colcon_core.package_identification:_identify(log) ignored
[0.160s] Level 1:colcon.colcon_core.package_identification:_identify(src) by extensions ['ignore', 'ignore_ament_install']
[0.160s] Level 1:colcon.colcon_core.package_identification:_identify(src) by extension 'ignore'
[0.160s] Level 1:colcon.colcon_core.package_identification:_identify(src) by extension 'ignore_ament_install'
[0.160s] Level 1:colcon.colcon_core.package_identification:_identify(src) by extensions ['colcon_pkg']
[0.160s] Level 1:colcon.colcon_core.package_identification:_identify(src) by extension 'colcon_pkg'
[0.160s] Level 1:colcon.colcon_core.package_identification:_identify(src) by extensions ['colcon_meta']
[0.160s] Level 1:colcon.colcon_core.package_identification:_identify(src) by extension 'colcon_meta'
[0.160s] Level 1:colcon.colcon_core.package_identification:_identify(src) by extensions ['ros']
[0.160s] Level 1:colcon.colcon_core.package_identification:_identify(src) by extension 'ros'
[0.160s] Level 1:colcon.colcon_core.package_identification:_identify(src) by extensions ['cmake', 'python']
[0.160s] Level 1:colcon.colcon_core.package_identification:_identify(src) by extension 'cmake'
[0.160s] Level 1:colcon.colcon_core.package_identification:_identify(src) by extension 'python'
[0.160s] Level 1:colcon.colcon_core.package_identification:_identify(src) by extensions ['python_setup_py']
[0.160s] Level 1:colcon.colcon_core.package_identification:_identify(src) by extension 'python_setup_py'
[0.160s] Level 1:colcon.colcon_core.package_identification:_identify(src/imu_driver) by extensions ['ignore', 'ignore_ament_install']
[0.161s] Level 1:colcon.colcon_core.package_identification:_identify(src/imu_driver) by extension 'ignore'
[0.161s] Level 1:colcon.colcon_core.package_identification:_identify(src/imu_driver) by extension 'ignore_ament_install'
[0.161s] Level 1:colcon.colcon_core.package_identification:_identify(src/imu_driver) by extensions ['colcon_pkg']
[0.161s] Level 1:colcon.colcon_core.package_identification:_identify(src/imu_driver) by extension 'colcon_pkg'
[0.161s] Level 1:colcon.colcon_core.package_identification:_identify(src/imu_driver) by extensions ['colcon_meta']
[0.161s] Level 1:colcon.colcon_core.package_identification:_identify(src/imu_driver) by extension 'colcon_meta'
[0.161s] Level 1:colcon.colcon_core.package_identification:_identify(src/imu_driver) by extensions ['ros']
[0.161s] Level 1:colcon.colcon_core.package_identification:_identify(src/imu_driver) by extension 'ros'
[0.162s] DEBUG:colcon.colcon_core.package_identification:Package 'src/imu_driver' with type 'ros.ament_python' and name 'imu_driver'
[0.162s] Level 1:colcon.colcon_core.package_identification:_identify(src/imu_msgs) by extensions ['ignore', 'ignore_ament_install']
[0.162s] Level 1:colcon.colcon_core.package_identification:_identify(src/imu_msgs) by extension 'ignore'
[0.162s] Level 1:colcon.colcon_core.package_identification:_identify(src/imu_msgs) by extension 'ignore_ament_install'
[0.162s] Level 1:colcon.colcon_core.package_identification:_identify(src/imu_msgs) by extensions ['colcon_pkg']
[0.162s] Level 1:colcon.colcon_core.package_identification:_identify(src/imu_msgs) by extension 'colcon_pkg'
[0.162s] Level 1:colcon.colcon_core.package_identification:_identify(src/imu_msgs) by extensions ['colcon_meta']
[0.162s] Level 1:colcon.colcon_core.package_identification:_identify(src/imu_msgs) by extension 'colcon_meta'
[0.162s] Level 1:colcon.colcon_core.package_identification:_identify(src/imu_msgs) by extensions ['ros']
[0.162s] Level 1:colcon.colcon_core.package_identification:_identify(src/imu_msgs) by extension 'ros'
[0.163s] DEBUG:colcon.colcon_core.package_identification:Package 'src/imu_msgs' with type 'ros.ament_cmake' and name 'imu_msgs'
[0.163s] Level 1:colcon.colcon_core.package_discovery:discover_packages(recursive) using defaults
[0.163s] Level 1:colcon.colcon_core.package_discovery:discover_packages(ignore) discover
[0.163s] Level 1:colcon.colcon_core.package_discovery:discover_packages(ignore) using defaults
[0.163s] Level 1:colcon.colcon_core.package_discovery:discover_packages(path) discover
[0.163s] Level 1:colcon.colcon_core.package_discovery:discover_packages(path) using defaults
[0.175s] Level 1:colcon.colcon_core.package_discovery:discover_packages(prefix_path) check parameters
[0.175s] Level 1:colcon.colcon_core.package_discovery:discover_packages(prefix_path) discover
[0.176s] WARNING:colcon.colcon_core.prefix_path.colcon:The path '/home/shrirag10/LAB3/src/install' in the environment variable COLCON_PREFIX_PATH doesn't exist
[0.176s] WARNING:colcon.colcon_core.prefix_path.colcon:The path '/home/shrirag10/LAB3-bear/install' in the environment variable COLCON_PREFIX_PATH doesn't exist
[0.176s] WARNING:colcon.colcon_ros.prefix_path.ament:The path '/home/shrirag10/LAB3/install/imu_msgs' in the environment variable AMENT_PREFIX_PATH doesn't exist
[0.176s] WARNING:colcon.colcon_ros.prefix_path.ament:The path '/home/shrirag10/LAB3/install/imu_driver' in the environment variable AMENT_PREFIX_PATH doesn't exist
[0.176s] WARNING:colcon.colcon_ros.prefix_path.ament:The path '/home/shrirag10/LAB3/src/install/imu_msgs' in the environment variable AMENT_PREFIX_PATH doesn't exist
[0.176s] WARNING:colcon.colcon_ros.prefix_path.ament:The path '/home/shrirag10/LAB3/src/install/imu_driver' in the environment variable AMENT_PREFIX_PATH doesn't exist
[0.176s] WARNING:colcon.colcon_ros.prefix_path.ament:The path '/home/shrirag10/LAB3-bear/install/imu_msgs' in the environment variable AMENT_PREFIX_PATH doesn't exist
[0.176s] WARNING:colcon.colcon_ros.prefix_path.ament:The path '/home/shrirag10/LAB3-bear/install/imu_driver' in the environment variable AMENT_PREFIX_PATH doesn't exist
[0.176s] WARNING:colcon.colcon_ros.prefix_path.ament:The path '/home/shrirag10/LAB3-bear/install/imu_interfaces' in the environment variable AMENT_PREFIX_PATH doesn't exist
[0.176s] WARNING:colcon.colcon_ros.prefix_path.ament:The path '/home/shrirag10/LAB3-bear/install/gps_driver' in the environment variable AMENT_PREFIX_PATH doesn't exist
[0.176s] WARNING:colcon.colcon_ros.prefix_path.ament:The path '/home/shrirag10/LAB3-bear/install/gps_interfaces' in the environment variable AMENT_PREFIX_PATH doesn't exist
[0.176s] WARNING:colcon.colcon_ros.prefix_path.catkin:The path '/home/shrirag10/LAB3/install/imu_msgs' in the environment variable CMAKE_PREFIX_PATH doesn't exist
[0.176s] WARNING:colcon.colcon_ros.prefix_path.catkin:The path '/home/shrirag10/LAB3/src/install/imu_msgs' in the environment variable CMAKE_PREFIX_PATH doesn't exist
[0.176s] WARNING:colcon.colcon_ros.prefix_path.catkin:The path '/home/shrirag10/LAB3-bear/install/imu_msgs' in the environment variable CMAKE_PREFIX_PATH doesn't exist
[0.176s] WARNING:colcon.colcon_ros.prefix_path.catkin:The path '/home/shrirag10/LAB3-bear/install/imu_interfaces' in the environment variable CMAKE_PREFIX_PATH doesn't exist
[0.176s] WARNING:colcon.colcon_ros.prefix_path.catkin:The path '/home/shrirag10/LAB3-bear/install/gps_interfaces' in the environment variable CMAKE_PREFIX_PATH doesn't exist
[0.176s] DEBUG:colcon.colcon_installed_package_information.package_discovery:Found 0 installed packages in /home/shrirag10/LAB3/install
[0.177s] DEBUG:colcon.colcon_installed_package_information.package_discovery:Found 271 installed packages in /opt/ros/humble
[0.178s] Level 1:colcon.colcon_core.package_discovery:discover_packages(prefix_path) using defaults
[0.204s] Level 5:colcon.colcon_core.verb:set package 'imu_driver' build argument 'cmake_args' from command line to 'None'
[0.204s] Level 5:colcon.colcon_core.verb:set package 'imu_driver' build argument 'cmake_target' from command line to 'None'
[0.204s] Level 5:colcon.colcon_core.verb:set package 'imu_driver' build argument 'cmake_target_skip_unavailable' from command line to 'False'
[0.204s] Level 5:colcon.colcon_core.verb:set package 'imu_driver' build argument 'cmake_clean_cache' from command line to 'False'
[0.204s] Level 5:colcon.colcon_core.verb:set package 'imu_driver' build argument 'cmake_clean_first' from command line to 'False'
[0.204s] Level 5:colcon.colcon_core.verb:set package 'imu_driver' build argument 'cmake_force_configure' from command line to 'False'
[0.204s] Level 5:colcon.colcon_core.verb:set package 'imu_driver' build argument 'ament_cmake_args' from command line to 'None'
[0.204s] Level 5:colcon.colcon_core.verb:set package 'imu_driver' build argument 'catkin_cmake_args' from command line to 'None'
[0.204s] Level 5:colcon.colcon_core.verb:set package 'imu_driver' build argument 'catkin_skip_building_tests' from command line to 'False'
[0.204s] DEBUG:colcon.colcon_core.verb:Building package 'imu_driver' with the following arguments: {'ament_cmake_args': None, 'build_base': '/home/shrirag10/LAB3/build/imu_driver', 'catkin_cmake_args': None, 'catkin_skip_building_tests': False, 'cmake_args': None, 'cmake_clean_cache': False, 'cmake_clean_first': False, 'cmake_force_configure': False, 'cmake_target': None, 'cmake_target_skip_unavailable': False, 'install_base': '/home/shrirag10/LAB3/install/imu_driver', 'merge_install': False, 'path': '/home/shrirag10/LAB3/src/imu_driver', 'symlink_install': False, 'test_result_base': None}
[0.204s] Level 5:colcon.colcon_core.verb:set package 'imu_msgs' build argument 'cmake_args' from command line to 'None'
[0.204s] Level 5:colcon.colcon_core.verb:set package 'imu_msgs' build argument 'cmake_target' from command line to 'None'
[0.204s] Level 5:colcon.colcon_core.verb:set package 'imu_msgs' build argument 'cmake_target_skip_unavailable' from command line to 'False'
[0.204s] Level 5:colcon.colcon_core.verb:set package 'imu_msgs' build argument 'cmake_clean_cache' from command line to 'False'
[0.204s] Level 5:colcon.colcon_core.verb:set package 'imu_msgs' build argument 'cmake_clean_first' from command line to 'False'
[0.205s] Level 5:colcon.colcon_core.verb:set package 'imu_msgs' build argument 'cmake_force_configure' from command line to 'False'
[0.205s] Level 5:colcon.colcon_core.verb:set package 'imu_msgs' build argument 'ament_cmake_args' from command line to 'None'
[0.205s] Level 5:colcon.colcon_core.verb:set package 'imu_msgs' build argument 'catkin_cmake_args' from command line to 'None'
[0.205s] Level 5:colcon.colcon_core.verb:set package 'imu_msgs' build argument 'catkin_skip_building_tests' from command line to 'False'
[0.205s] DEBUG:colcon.colcon_core.verb:Building package 'imu_msgs' with the following arguments: {'ament_cmake_args': None, 'build_base': '/home/shrirag10/LAB3/build/imu_msgs', 'catkin_cmake_args': None, 'catkin_skip_building_tests': False, 'cmake_args': None, 'cmake_clean_cache': False, 'cmake_clean_first': False, 'cmake_force_configure': False, 'cmake_target': None, 'cmake_target_skip_unavailable': False, 'install_base': '/home/shrirag10/LAB3/install/imu_msgs', 'merge_install': False, 'path': '/home/shrirag10/LAB3/src/imu_msgs', 'symlink_install': False, 'test_result_base': None}
[0.205s] INFO:colcon.colcon_core.executor:Executing jobs using 'parallel' executor
[0.206s] DEBUG:colcon.colcon_parallel_executor.executor.parallel:run_until_complete
[0.206s] INFO:colcon.colcon_ros.task.ament_python.build:Building ROS package in '/home/shrirag10/LAB3/src/imu_driver' with build type 'ament_python'
[0.206s] Level 1:colcon.colcon_core.shell:create_environment_hook('imu_driver', 'ament_prefix_path')
[0.207s] INFO:colcon.colcon_core.plugin_system:Skipping extension 'colcon_core.shell.bat': Not used on non-Windows systems
[0.207s] INFO:colcon.colcon_core.shell:Creating environment hook '/home/shrirag10/LAB3/install/imu_driver/share/imu_driver/hook/ament_prefix_path.ps1'
[0.208s] INFO:colcon.colcon_core.shell:Creating environment descriptor '/home/shrirag10/LAB3/install/imu_driver/share/imu_driver/hook/ament_prefix_path.dsv'
[0.208s] INFO:colcon.colcon_core.shell:Creating environment hook '/home/shrirag10/LAB3/install/imu_driver/share/imu_driver/hook/ament_prefix_path.sh'
[0.208s] INFO:colcon.colcon_core.shell:Skip shell extension 'powershell' for command environment: Not usable outside of PowerShell
[0.209s] DEBUG:colcon.colcon_core.shell:Skip shell extension 'dsv' for command environment
[0.210s] INFO:colcon.colcon_ros.task.ament_cmake.build:Building ROS package in '/home/shrirag10/LAB3/src/imu_msgs' with build type 'ament_cmake'
[0.210s] INFO:colcon.colcon_cmake.task.cmake.build:Building CMake package in '/home/shrirag10/LAB3/src/imu_msgs'
[0.211s] INFO:colcon.colcon_core.shell:Skip shell extension 'powershell' for command environment: Not usable outside of PowerShell
[0.211s] DEBUG:colcon.colcon_core.shell:Skip shell extension 'dsv' for command environment
[0.351s] INFO:colcon.colcon_core.task.python.build:Building Python package in '/home/shrirag10/LAB3/src/imu_driver'
[0.352s] INFO:colcon.colcon_core.shell:Skip shell extension 'powershell' for command environment: Not usable outside of PowerShell
[0.352s] DEBUG:colcon.colcon_core.shell:Skip shell extension 'dsv' for command environment
[0.356s] DEBUG:colcon.colcon_core.event_handler.log_command:Invoking command in '/home/shrirag10/LAB3/build/imu_msgs': CMAKE_PREFIX_PATH=${CMAKE_PREFIX_PATH}:/home/shrirag10/LAB3/install/imu_driver:/home/shrirag10/LAB3/src/install/imu_driver:/home/shrirag10/LAB3-bear/install/imu_driver:/home/shrirag10/LAB3-bear/install/gps_driver:/opt/ros/humble /usr/bin/cmake /home/shrirag10/LAB3/src/imu_msgs -DCMAKE_INSTALL_PREFIX=/home/shrirag10/LAB3/install/imu_msgs
[0.556s] DEBUG:colcon.colcon_core.event_handler.log_command:Invoking command in '/home/shrirag10/LAB3/src/imu_driver': PYTHONPATH=/home/shrirag10/LAB3/build/imu_driver/prefix_override:/usr/lib/python3/dist-packages/colcon_core/task/python/colcon_distutils_commands:/home/shrirag10/LAB3/install/imu_driver/lib/python3.10/site-packages:${PYTHONPATH} /usr/bin/python3 -W ignore:setup.py install is deprecated setup.py egg_info --egg-base ../../build/imu_driver build --build-base /home/shrirag10/LAB3/build/imu_driver/build install --record /home/shrirag10/LAB3/build/imu_driver/install.log --single-version-externally-managed install_data
[0.729s] DEBUG:colcon.colcon_core.event_handler.log_command:Invoked command in '/home/shrirag10/LAB3/src/imu_driver' returned '0': PYTHONPATH=/home/shrirag10/LAB3/build/imu_driver/prefix_override:/usr/lib/python3/dist-packages/colcon_core/task/python/colcon_distutils_commands:/home/shrirag10/LAB3/install/imu_driver/lib/python3.10/site-packages:${PYTHONPATH} /usr/bin/python3 -W ignore:setup.py install is deprecated setup.py egg_info --egg-base ../../build/imu_driver build --build-base /home/shrirag10/LAB3/build/imu_driver/build install --record /home/shrirag10/LAB3/build/imu_driver/install.log --single-version-externally-managed install_data
[0.730s] Level 1:colcon.colcon_core.environment:checking '/home/shrirag10/LAB3/install/imu_driver' for CMake module files
[0.731s] Level 1:colcon.colcon_core.environment:checking '/home/shrirag10/LAB3/install/imu_driver' for CMake config files
[0.731s] Level 1:colcon.colcon_core.environment:checking '/home/shrirag10/LAB3/install/imu_driver/lib'
[0.731s] Level 1:colcon.colcon_core.environment:checking '/home/shrirag10/LAB3/install/imu_driver/bin'
[0.731s] Level 1:colcon.colcon_core.environment:checking '/home/shrirag10/LAB3/install/imu_driver/lib/pkgconfig/imu_driver.pc'
[0.731s] Level 1:colcon.colcon_core.environment:checking '/home/shrirag10/LAB3/install/imu_driver/lib/python3.10/site-packages'
[0.732s] Level 1:colcon.colcon_core.shell:create_environment_hook('imu_driver', 'pythonpath')
[0.732s] INFO:colcon.colcon_core.shell:Creating environment hook '/home/shrirag10/LAB3/install/imu_driver/share/imu_driver/hook/pythonpath.ps1'
[0.732s] INFO:colcon.colcon_core.shell:Creating environment descriptor '/home/shrirag10/LAB3/install/imu_driver/share/imu_driver/hook/pythonpath.dsv'
[0.732s] INFO:colcon.colcon_core.shell:Creating environment hook '/home/shrirag10/LAB3/install/imu_driver/share/imu_driver/hook/pythonpath.sh'
[0.732s] Level 1:colcon.colcon_core.environment:checking '/home/shrirag10/LAB3/install/imu_driver/bin'
[0.732s] Level 1:colcon.colcon_core.environment:create_environment_scripts_only(imu_driver)
[0.733s] INFO:colcon.colcon_core.shell:Creating package script '/home/shrirag10/LAB3/install/imu_driver/share/imu_driver/package.ps1'
[0.733s] INFO:colcon.colcon_core.shell:Creating package descriptor '/home/shrirag10/LAB3/install/imu_driver/share/imu_driver/package.dsv'
[0.733s] INFO:colcon.colcon_core.shell:Creating package script '/home/shrirag10/LAB3/install/imu_driver/share/imu_driver/package.sh'
[0.734s] INFO:colcon.colcon_core.shell:Creating package script '/home/shrirag10/LAB3/install/imu_driver/share/imu_driver/package.bash'
[0.734s] INFO:colcon.colcon_core.shell:Creating package script '/home/shrirag10/LAB3/install/imu_driver/share/imu_driver/package.zsh'
[0.735s] Level 1:colcon.colcon_core.environment:create_file_with_runtime_dependencies(/home/shrirag10/LAB3/install/imu_driver/share/colcon-core/packages/imu_driver)
[1.733s] DEBUG:colcon.colcon_core.event_handler.log_command:Invoked command in '/home/shrirag10/LAB3/build/imu_msgs' returned '0': CMAKE_PREFIX_PATH=${CMAKE_PREFIX_PATH}:/home/shrirag10/LAB3/install/imu_driver:/home/shrirag10/LAB3/src/install/imu_driver:/home/shrirag10/LAB3-bear/install/imu_driver:/home/shrirag10/LAB3-bear/install/gps_driver:/opt/ros/humble /usr/bin/cmake /home/shrirag10/LAB3/src/imu_msgs -DCMAKE_INSTALL_PREFIX=/home/shrirag10/LAB3/install/imu_msgs
[1.735s] DEBUG:colcon.colcon_core.event_handler.log_command:Invoking command in '/home/shrirag10/LAB3/build/imu_msgs': CMAKE_PREFIX_PATH=${CMAKE_PREFIX_PATH}:/home/shrirag10/LAB3/install/imu_driver:/home/shrirag10/LAB3/src/install/imu_driver:/home/shrirag10/LAB3-bear/install/imu_driver:/home/shrirag10/LAB3-bear/install/gps_driver:/opt/ros/humble /usr/bin/cmake --build /home/shrirag10/LAB3/build/imu_msgs -- -j16 -l16
[2.952s] DEBUG:colcon.colcon_core.event_handler.log_command:Invoked command in '/home/shrirag10/LAB3/build/imu_msgs' returned '0': CMAKE_PREFIX_PATH=${CMAKE_PREFIX_PATH}:/home/shrirag10/LAB3/install/imu_driver:/home/shrirag10/LAB3/src/install/imu_driver:/home/shrirag10/LAB3-bear/install/imu_driver:/home/shrirag10/LAB3-bear/install/gps_driver:/opt/ros/humble /usr/bin/cmake --build /home/shrirag10/LAB3/build/imu_msgs -- -j16 -l16
[3.026s] DEBUG:colcon.colcon_core.event_handler.log_command:Invoking command in '/home/shrirag10/LAB3/build/imu_msgs': CMAKE_PREFIX_PATH=${CMAKE_PREFIX_PATH}:/home/shrirag10/LAB3/install/imu_driver:/home/shrirag10/LAB3/src/install/imu_driver:/home/shrirag10/LAB3-bear/install/imu_driver:/home/shrirag10/LAB3-bear/install/gps_driver:/opt/ros/humble /usr/bin/cmake --install /home/shrirag10/LAB3/build/imu_msgs
[3.068s] Level 1:colcon.colcon_core.environment:create_environment_scripts_only(imu_msgs)
[3.068s] Level 1:colcon.colcon_core.environment:checking '/home/shrirag10/LAB3/install/imu_msgs' for CMake module files
[3.068s] DEBUG:colcon.colcon_core.event_handler.log_command:Invoked command in '/home/shrirag10/LAB3/build/imu_msgs' returned '0': CMAKE_PREFIX_PATH=${CMAKE_PREFIX_PATH}:/home/shrirag10/LAB3/install/imu_driver:/home/shrirag10/LAB3/src/install/imu_driver:/home/shrirag10/LAB3-bear/install/imu_driver:/home/shrirag10/LAB3-bear/install/gps_driver:/opt/ros/humble /usr/bin/cmake --install /home/shrirag10/LAB3/build/imu_msgs
[3.069s] Level 1:colcon.colcon_core.environment:checking '/home/shrirag10/LAB3/install/imu_msgs' for CMake config files
[3.069s] Level 1:colcon.colcon_core.shell:create_environment_hook('imu_msgs', 'cmake_prefix_path')
[3.069s] INFO:colcon.colcon_core.shell:Creating environment hook '/home/shrirag10/LAB3/install/imu_msgs/share/imu_msgs/hook/cmake_prefix_path.ps1'
[3.069s] INFO:colcon.colcon_core.shell:Creating environment descriptor '/home/shrirag10/LAB3/install/imu_msgs/share/imu_msgs/hook/cmake_prefix_path.dsv'
[3.070s] INFO:colcon.colcon_core.shell:Creating environment hook '/home/shrirag10/LAB3/install/imu_msgs/share/imu_msgs/hook/cmake_prefix_path.sh'
[3.070s] Level 1:colcon.colcon_core.environment:checking '/home/shrirag10/LAB3/install/imu_msgs/lib'
[3.070s] Level 1:colcon.colcon_core.shell:create_environment_hook('imu_msgs', 'ld_library_path_lib')
[3.070s] INFO:colcon.colcon_core.shell:Creating environment hook '/home/shrirag10/LAB3/install/imu_msgs/share/imu_msgs/hook/ld_library_path_lib.ps1'
[3.070s] INFO:colcon.colcon_core.shell:Creating environment descriptor '/home/shrirag10/LAB3/install/imu_msgs/share/imu_msgs/hook/ld_library_path_lib.dsv'
[3.071s] INFO:colcon.colcon_core.shell:Creating environment hook '/home/shrirag10/LAB3/install/imu_msgs/share/imu_msgs/hook/ld_library_path_lib.sh'
[3.071s] Level 1:colcon.colcon_core.environment:checking '/home/shrirag10/LAB3/install/imu_msgs/bin'
[3.071s] Level 1:colcon.colcon_core.environment:checking '/home/shrirag10/LAB3/install/imu_msgs/lib/pkgconfig/imu_msgs.pc'
[3.071s] Level 1:colcon.colcon_core.environment:checking '/home/shrirag10/LAB3/install/imu_msgs/lib/python3.10/site-packages'
[3.071s] Level 1:colcon.colcon_core.environment:checking '/home/shrirag10/LAB3/install/imu_msgs/bin'
[3.071s] INFO:colcon.colcon_core.shell:Creating package script '/home/shrirag10/LAB3/install/imu_msgs/share/imu_msgs/package.ps1'
[3.072s] INFO:colcon.colcon_core.shell:Creating package descriptor '/home/shrirag10/LAB3/install/imu_msgs/share/imu_msgs/package.dsv'
[3.072s] INFO:colcon.colcon_core.shell:Creating package script '/home/shrirag10/LAB3/install/imu_msgs/share/imu_msgs/package.sh'
[3.072s] INFO:colcon.colcon_core.shell:Creating package script '/home/shrirag10/LAB3/install/imu_msgs/share/imu_msgs/package.bash'
[3.072s] INFO:colcon.colcon_core.shell:Creating package script '/home/shrirag10/LAB3/install/imu_msgs/share/imu_msgs/package.zsh'
[3.072s] Level 1:colcon.colcon_core.environment:create_file_with_runtime_dependencies(/home/shrirag10/LAB3/install/imu_msgs/share/colcon-core/packages/imu_msgs)
[3.146s] Level 1:colcon.colcon_core.environment:create_environment_scripts_only(imu_msgs)
[3.146s] Level 1:colcon.colcon_core.environment:checking '/home/shrirag10/LAB3/install/imu_msgs' for CMake module files
[3.147s] Level 1:colcon.colcon_core.environment:checking '/home/shrirag10/LAB3/install/imu_msgs' for CMake config files
[3.148s] Level 1:colcon.colcon_core.shell:create_environment_hook('imu_msgs', 'cmake_prefix_path')
[3.148s] INFO:colcon.colcon_core.shell:Creating environment hook '/home/shrirag10/LAB3/install/imu_msgs/share/imu_msgs/hook/cmake_prefix_path.ps1'
[3.149s] INFO:colcon.colcon_core.shell:Creating environment descriptor '/home/shrirag10/LAB3/install/imu_msgs/share/imu_msgs/hook/cmake_prefix_path.dsv'
[3.149s] INFO:colcon.colcon_core.shell:Creating environment hook '/home/shrirag10/LAB3/install/imu_msgs/share/imu_msgs/hook/cmake_prefix_path.sh'
[3.150s] Level 1:colcon.colcon_core.environment:checking '/home/shrirag10/LAB3/install/imu_msgs/lib'
[3.150s] Level 1:colcon.colcon_core.shell:create_environment_hook('imu_msgs', 'ld_library_path_lib')
[3.150s] INFO:colcon.colcon_core.shell:Creating environment hook '/home/shrirag10/LAB3/install/imu_msgs/share/imu_msgs/hook/ld_library_path_lib.ps1'
[3.151s] INFO:colcon.colcon_core.shell:Creating environment descriptor '/home/shrirag10/LAB3/install/imu_msgs/share/imu_msgs/hook/ld_library_path_lib.dsv'
[3.151s] INFO:colcon.colcon_core.shell:Creating environment hook '/home/shrirag10/LAB3/install/imu_msgs/share/imu_msgs/hook/ld_library_path_lib.sh'
[3.152s] Level 1:colcon.colcon_core.environment:checking '/home/shrirag10/LAB3/install/imu_msgs/bin'
[3.152s] Level 1:colcon.colcon_core.environment:checking '/home/shrirag10/LAB3/install/imu_msgs/lib/pkgconfig/imu_msgs.pc'
[3.152s] Level 1:colcon.colcon_core.environment:checking '/home/shrirag10/LAB3/install/imu_msgs/lib/python3.10/site-packages'
[3.152s] Level 1:colcon.colcon_core.environment:checking '/home/shrirag10/LAB3/install/imu_msgs/bin'
[3.153s] INFO:colcon.colcon_core.shell:Creating package script '/home/shrirag10/LAB3/install/imu_msgs/share/imu_msgs/package.ps1'
[3.154s] INFO:colcon.colcon_core.shell:Creating package descriptor '/home/shrirag10/LAB3/install/imu_msgs/share/imu_msgs/package.dsv'
[3.154s] INFO:colcon.colcon_core.shell:Creating package script '/home/shrirag10/LAB3/install/imu_msgs/share/imu_msgs/package.sh'
[3.155s] INFO:colcon.colcon_core.shell:Creating package script '/home/shrirag10/LAB3/install/imu_msgs/share/imu_msgs/package.bash'
[3.155s] INFO:colcon.colcon_core.shell:Creating package script '/home/shrirag10/LAB3/install/imu_msgs/share/imu_msgs/package.zsh'
[3.155s] Level 1:colcon.colcon_core.environment:create_file_with_runtime_dependencies(/home/shrirag10/LAB3/install/imu_msgs/share/colcon-core/packages/imu_msgs)
[3.156s] DEBUG:colcon.colcon_parallel_executor.executor.parallel:closing loop
[3.156s] DEBUG:colcon.colcon_parallel_executor.executor.parallel:loop closed
[3.156s] DEBUG:colcon.colcon_parallel_executor.executor.parallel:run_until_complete finished with '0'
[3.156s] DEBUG:colcon.colcon_core.event_reactor:joining thread
[3.163s] INFO:colcon.colcon_core.plugin_system:Skipping extension 'colcon_notification.desktop_notification.terminal_notifier': Not used on non-Darwin systems
[3.163s] INFO:colcon.colcon_core.plugin_system:Skipping extension 'colcon_notification.desktop_notification.win32': Not used on non-Windows systems
[3.163s] INFO:colcon.colcon_notification.desktop_notification:Sending desktop notification using 'notify2'
[3.177s] DEBUG:colcon.colcon_core.event_reactor:joined thread
[3.177s] INFO:colcon.colcon_core.shell:Creating prefix script '/home/shrirag10/LAB3/install/local_setup.ps1'
[3.178s] INFO:colcon.colcon_core.shell:Creating prefix util module '/home/shrirag10/LAB3/install/_local_setup_util_ps1.py'
[3.179s] INFO:colcon.colcon_core.shell:Creating prefix chain script '/home/shrirag10/LAB3/install/setup.ps1'
[3.180s] INFO:colcon.colcon_core.shell:Creating prefix script '/home/shrirag10/LAB3/install/local_setup.sh'
[3.180s] INFO:colcon.colcon_core.shell:Creating prefix util module '/home/shrirag10/LAB3/install/_local_setup_util_sh.py'
[3.180s] INFO:colcon.colcon_core.shell:Creating prefix chain script '/home/shrirag10/LAB3/install/setup.sh'
[3.181s] INFO:colcon.colcon_core.shell:Creating prefix script '/home/shrirag10/LAB3/install/local_setup.bash'
[3.181s] INFO:colcon.colcon_core.shell:Creating prefix chain script '/home/shrirag10/LAB3/install/setup.bash'
[3.182s] INFO:colcon.colcon_core.shell:Creating prefix script '/home/shrirag10/LAB3/install/local_setup.zsh'
[3.182s] INFO:colcon.colcon_core.shell:Creating prefix chain script '/home/shrirag10/LAB3/install/setup.zsh'
