[0.357s] Invoking command in '/home/shrirag10/LAB4/src/gps_driver': AMENT_PREFIX_PATH=/home/shrirag10/LAB4/install/gps_msgs:${AMENT_PREFIX_PATH} CMAKE_PREFIX_PATH=/home/shrirag10/LAB4/install/gps_msgs LD_LIBRARY_PATH=/home/shrirag10/LAB4/install/gps_msgs/lib:${LD_LIBRARY_PATH} PYTHONPATH=/home/shrirag10/LAB4/build/gps_driver/prefix_override:/usr/lib/python3/dist-packages/colcon_core/task/python/colcon_distutils_commands:/home/shrirag10/LAB4/install/gps_driver/lib/python3.10/site-packages:/home/shrirag10/LAB4/install/gps_msgs/local/lib/python3.10/dist-packages:${PYTHONPATH} /usr/bin/python3 -W ignore:setup.py install is deprecated setup.py egg_info --egg-base ../../build/gps_driver build --build-base /home/shrirag10/LAB4/build/gps_driver/build install --record /home/shrirag10/LAB4/build/gps_driver/install.log --single-version-externally-managed install_data
[0.489s] running egg_info
[0.490s] creating ../../build/gps_driver/gps_driver.egg-info
[0.490s] writing ../../build/gps_driver/gps_driver.egg-info/PKG-INFO
[0.490s] writing dependency_links to ../../build/gps_driver/gps_driver.egg-info/dependency_links.txt
[0.490s] writing entry points to ../../build/gps_driver/gps_driver.egg-info/entry_points.txt
[0.490s] writing requirements to ../../build/gps_driver/gps_driver.egg-info/requires.txt
[0.490s] writing top-level names to ../../build/gps_driver/gps_driver.egg-info/top_level.txt
[0.490s] writing manifest file '../../build/gps_driver/gps_driver.egg-info/SOURCES.txt'
[0.491s] reading manifest file '../../build/gps_driver/gps_driver.egg-info/SOURCES.txt'
[0.491s] writing manifest file '../../build/gps_driver/gps_driver.egg-info/SOURCES.txt'
[0.491s] running build
[0.491s] running build_py
[0.491s] creating /home/shrirag10/LAB4/build/gps_driver/build
[0.492s] creating /home/shrirag10/LAB4/build/gps_driver/build/lib
[0.492s] creating /home/shrirag10/LAB4/build/gps_driver/build/lib/gps_driver
[0.492s] copying gps_driver/__init__.py -> /home/shrirag10/LAB4/build/gps_driver/build/lib/gps_driver
[0.492s] copying gps_driver/driver.py -> /home/shrirag10/LAB4/build/gps_driver/build/lib/gps_driver
[0.492s] running install
[0.492s] running install_lib
[0.492s] creating /home/shrirag10/LAB4/install/gps_driver/lib/python3.10/site-packages/gps_driver
[0.492s] copying /home/shrirag10/LAB4/build/gps_driver/build/lib/gps_driver/__init__.py -> /home/shrirag10/LAB4/install/gps_driver/lib/python3.10/site-packages/gps_driver
[0.492s] copying /home/shrirag10/LAB4/build/gps_driver/build/lib/gps_driver/driver.py -> /home/shrirag10/LAB4/install/gps_driver/lib/python3.10/site-packages/gps_driver
[0.493s] byte-compiling /home/shrirag10/LAB4/install/gps_driver/lib/python3.10/site-packages/gps_driver/__init__.py to __init__.cpython-310.pyc
[0.493s] byte-compiling /home/shrirag10/LAB4/install/gps_driver/lib/python3.10/site-packages/gps_driver/driver.py to driver.cpython-310.pyc
[0.493s] running install_data
[0.493s] creating /home/shrirag10/LAB4/install/gps_driver/share/ament_index
[0.494s] creating /home/shrirag10/LAB4/install/gps_driver/share/ament_index/resource_index
[0.494s] creating /home/shrirag10/LAB4/install/gps_driver/share/ament_index/resource_index/packages
[0.494s] copying resource/gps_driver -> /home/shrirag10/LAB4/install/gps_driver/share/ament_index/resource_index/packages
[0.494s] copying package.xml -> /home/shrirag10/LAB4/install/gps_driver/share/gps_driver
[0.494s] creating /home/shrirag10/LAB4/install/gps_driver/share/gps_driver/launch
[0.494s] copying launch/gps_launch.py -> /home/shrirag10/LAB4/install/gps_driver/share/gps_driver/launch
[0.494s] running install_egg_info
[0.495s] Copying ../../build/gps_driver/gps_driver.egg-info to /home/shrirag10/LAB4/install/gps_driver/lib/python3.10/site-packages/gps_driver-0.0.1-py3.10.egg-info
[0.495s] running install_scripts
[0.508s] Installing driver script to /home/shrirag10/LAB4/install/gps_driver/lib/gps_driver
[0.508s] writing list of installed files to '/home/shrirag10/LAB4/build/gps_driver/install.log'
[0.521s] Invoked command in '/home/shrirag10/LAB4/src/gps_driver' returned '0': AMENT_PREFIX_PATH=/home/shrirag10/LAB4/install/gps_msgs:${AMENT_PREFIX_PATH} CMAKE_PREFIX_PATH=/home/shrirag10/LAB4/install/gps_msgs LD_LIBRARY_PATH=/home/shrirag10/LAB4/install/gps_msgs/lib:${LD_LIBRARY_PATH} PYTHONPATH=/home/shrirag10/LAB4/build/gps_driver/prefix_override:/usr/lib/python3/dist-packages/colcon_core/task/python/colcon_distutils_commands:/home/shrirag10/LAB4/install/gps_driver/lib/python3.10/site-packages:/home/shrirag10/LAB4/install/gps_msgs/local/lib/python3.10/dist-packages:${PYTHONPATH} /usr/bin/python3 -W ignore:setup.py install is deprecated setup.py egg_info --egg-base ../../build/gps_driver build --build-base /home/shrirag10/LAB4/build/gps_driver/build install --record /home/shrirag10/LAB4/build/gps_driver/install.log --single-version-externally-managed install_data
