[0.152s] Invoking command in '/home/shrirag10/LAB4/src/build/imu_msgs': CMAKE_PREFIX_PATH=/opt/ros/humble /usr/bin/cmake /home/shrirag10/LAB4/src/imu_msgs -DCMAKE_INSTALL_PREFIX=/home/shrirag10/LAB4/src/install/imu_msgs
[0.192s] -- The C compiler identification is GNU 11.4.0
[0.230s] -- The CXX compiler identification is GNU 11.4.0
[0.235s] -- Detecting C compiler ABI info
[0.286s] -- Detecting C compiler ABI info - done
[0.293s] -- Check for working C compiler: /usr/bin/cc - skipped
[0.294s] -- Detecting C compile features
[0.294s] -- Detecting C compile features - done
[0.296s] -- Detecting CXX compiler ABI info
[0.359s] -- Detecting CXX compiler ABI info - done
[0.364s] -- Check for working CXX compiler: /usr/bin/c++ - skipped
[0.364s] -- Detecting CXX compile features
[0.365s] -- Detecting CXX compile features - done
[0.366s] -- Found ament_cmake: 1.3.10 (/opt/ros/humble/share/ament_cmake/cmake)
[0.467s] -- Found Python3: /usr/bin/python3 (found version "3.10.12") found components: Interpreter 
[0.520s] -- Found rosidl_default_generators: 1.2.0 (/opt/ros/humble/share/rosidl_default_generators/cmake)
[0.523s] -- Using all available rosidl_typesupport_c: rosidl_typesupport_fastrtps_c;rosidl_typesupport_introspection_c
[0.526s] -- Found rosidl_adapter: 3.1.5 (/opt/ros/humble/share/rosidl_adapter/cmake)
[0.549s] -- Using all available rosidl_typesupport_cpp: rosidl_typesupport_fastrtps_cpp;rosidl_typesupport_introspection_cpp
[0.568s] -- Found std_msgs: 4.2.4 (/opt/ros/humble/share/std_msgs/cmake)
[0.584s] -- Found sensor_msgs: 4.2.4 (/opt/ros/humble/share/sensor_msgs/cmake)
[0.798s] -- Found ament_cmake_ros: 0.10.0 (/opt/ros/humble/share/ament_cmake_ros/cmake)
[0.980s] -- Using all available rosidl_typesupport_c: rosidl_typesupport_fastrtps_c;rosidl_typesupport_introspection_c
[1.219s] -- Using all available rosidl_typesupport_cpp: rosidl_typesupport_fastrtps_cpp;rosidl_typesupport_introspection_cpp
[1.235s] -- Found PythonInterp: /usr/bin/python3 (found suitable version "3.10.12", minimum required is "3.6") 
[1.235s] -- Found python_cmake_module: 0.10.0 (/opt/ros/humble/share/python_cmake_module/cmake)
[1.252s] -- Found PythonLibs: /usr/lib/x86_64-linux-gnu/libpython3.10.so (found suitable version "3.10.12", minimum required is "3.5") 
[1.253s] -- Using PYTHON_EXECUTABLE: /usr/bin/python3
[1.253s] -- Using PYTHON_INCLUDE_DIRS: /usr/include/python3.10
[1.253s] -- Using PYTHON_LIBRARIES: /usr/lib/x86_64-linux-gnu/libpython3.10.so
[1.270s] -- Found PythonExtra: .so  
[1.315s] -- Found ament_lint_auto: 0.12.11 (/opt/ros/humble/share/ament_lint_auto/cmake)
[1.348s] -- Added test 'cppcheck' to perform static code analysis on C / C++ code
[1.348s] -- Configured cppcheck include dirs: 
[1.348s] -- Configured cppcheck exclude dirs and/or files: 
[1.351s] -- Added test 'flake8' to check Python code syntax and style conventions
[1.356s] -- Added test 'lint_cmake' to check CMake code style
[1.359s] -- Added test 'pep257' to check Python code against some of the docstring style conventions in PEP 257
[1.380s] -- Added test 'uncrustify' to check C / C++ code style
[1.380s] -- Configured uncrustify additional arguments: 
[1.383s] -- Added test 'xmllint' to check XML markup files
[1.384s] -- Configuring done
[1.405s] -- Generating done
[1.406s] -- Build files have been written to: /home/shrirag10/LAB4/src/build/imu_msgs
[1.413s] Invoked command in '/home/shrirag10/LAB4/src/build/imu_msgs' returned '0': CMAKE_PREFIX_PATH=/opt/ros/humble /usr/bin/cmake /home/shrirag10/LAB4/src/imu_msgs -DCMAKE_INSTALL_PREFIX=/home/shrirag10/LAB4/src/install/imu_msgs
[1.414s] Invoking command in '/home/shrirag10/LAB4/src/build/imu_msgs': CMAKE_PREFIX_PATH=/opt/ros/humble /usr/bin/cmake --build /home/shrirag10/LAB4/src/build/imu_msgs -- -j16 -l16
[1.439s] [  3%] [34m[1mGenerating C code for ROS interfaces[0m
[1.453s] [  6%] [34m[1mGenerating C++ code for ROS interfaces[0m
[1.453s] [  6%] Built target ament_cmake_python_copy_imu_msgs
[1.601s] [  9%] [32mBuilding C object CMakeFiles/imu_msgs__rosidl_generator_c.dir/rosidl_generator_c/imu_msgs/msg/detail/im_umsg__functions.c.o[0m
[1.624s] running egg_info
[1.625s] creating imu_msgs.egg-info
[1.625s] writing imu_msgs.egg-info/PKG-INFO
[1.625s] writing dependency_links to imu_msgs.egg-info/dependency_links.txt
[1.625s] writing top-level names to imu_msgs.egg-info/top_level.txt
[1.625s] writing manifest file 'imu_msgs.egg-info/SOURCES.txt'
[1.626s] reading manifest file 'imu_msgs.egg-info/SOURCES.txt'
[1.626s] writing manifest file 'imu_msgs.egg-info/SOURCES.txt'
[1.643s] [  9%] Built target ament_cmake_python_build_imu_msgs_egg
[1.644s] [ 12%] [32m[1mLinking C shared library libimu_msgs__rosidl_generator_c.so[0m
[1.673s] [ 12%] Built target imu_msgs__rosidl_generator_c
[1.680s] [ 19%] [34m[1mGenerating C type support dispatch for ROS interfaces[0m
[1.680s] [ 19%] [34m[1mGenerating C introspection for ROS interfaces[0m
[1.680s] [ 22%] [34m[1mGenerating C type support for eProsima Fast-RTPS[0m
[1.685s] [ 22%] Built target imu_msgs__cpp
[1.695s] [ 25%] [34m[1mGenerating C++ type support dispatch for ROS interfaces[0m
[1.698s] [ 29%] [34m[1mGenerating C++ type support for eProsima Fast-RTPS[0m
[1.700s] [ 32%] [34m[1mGenerating C++ introspection for ROS interfaces[0m
[1.819s] [ 35%] [32mBuilding CXX object CMakeFiles/imu_msgs__rosidl_typesupport_c.dir/rosidl_typesupport_c/imu_msgs/msg/im_umsg__type_support.cpp.o[0m
[1.837s] [ 38%] [32mBuilding C object CMakeFiles/imu_msgs__rosidl_typesupport_introspection_c.dir/rosidl_typesupport_introspection_c/imu_msgs/msg/detail/im_umsg__type_support.c.o[0m
[1.838s] [ 41%] [32m[1mLinking CXX shared library libimu_msgs__rosidl_typesupport_c.so[0m
[1.844s] [ 45%] [32mBuilding CXX object CMakeFiles/imu_msgs__rosidl_typesupport_fastrtps_c.dir/rosidl_typesupport_fastrtps_c/imu_msgs/msg/detail/im_umsg__type_support_c.cpp.o[0m
[1.859s] [ 48%] [32mBuilding CXX object CMakeFiles/imu_msgs__rosidl_typesupport_fastrtps_cpp.dir/rosidl_typesupport_fastrtps_cpp/imu_msgs/msg/detail/dds_fastrtps/im_umsg__type_support.cpp.o[0m
[1.864s] [ 51%] [32m[1mLinking C shared library libimu_msgs__rosidl_typesupport_introspection_c.so[0m
[1.864s] [ 51%] Built target imu_msgs__rosidl_typesupport_c
[1.870s] [ 54%] [32mBuilding CXX object CMakeFiles/imu_msgs__rosidl_typesupport_cpp.dir/rosidl_typesupport_cpp/imu_msgs/msg/im_umsg__type_support.cpp.o[0m
[1.885s] [ 54%] Built target imu_msgs__rosidl_typesupport_introspection_c
[1.971s] [ 58%] [32mBuilding CXX object CMakeFiles/imu_msgs__rosidl_typesupport_introspection_cpp.dir/rosidl_typesupport_introspection_cpp/imu_msgs/msg/detail/im_umsg__type_support.cpp.o[0m
[2.029s] [ 61%] [32m[1mLinking CXX shared library libimu_msgs__rosidl_typesupport_cpp.so[0m
[2.045s] [ 64%] [32m[1mLinking CXX shared library libimu_msgs__rosidl_typesupport_fastrtps_c.so[0m
[2.062s] [ 64%] Built target imu_msgs__rosidl_typesupport_cpp
[2.098s] [ 67%] [32m[1mLinking CXX shared library libimu_msgs__rosidl_typesupport_fastrtps_cpp.so[0m
[2.100s] [ 67%] Built target imu_msgs__rosidl_typesupport_fastrtps_c
[2.148s] [ 67%] Built target imu_msgs__rosidl_typesupport_fastrtps_cpp
[2.210s] [ 70%] [32m[1mLinking CXX shared library libimu_msgs__rosidl_typesupport_introspection_cpp.so[0m
[2.260s] [ 70%] Built target imu_msgs__rosidl_typesupport_introspection_cpp
[2.280s] [ 70%] Built target imu_msgs
[2.301s] [ 74%] [34m[1mGenerating Python code for ROS interfaces[0m
[2.485s] [ 74%] Built target imu_msgs__py
[2.501s] [ 77%] [32mBuilding C object CMakeFiles/imu_msgs__rosidl_generator_py.dir/rosidl_generator_py/imu_msgs/msg/_im_umsg_s.c.o[0m
[2.568s] [ 80%] [32m[1mLinking C shared library rosidl_generator_py/imu_msgs/libimu_msgs__rosidl_generator_py.so[0m
[2.615s] [ 80%] Built target imu_msgs__rosidl_generator_py
[2.626s] [ 83%] [32mBuilding C object CMakeFiles/imu_msgs__rosidl_typesupport_c__pyext.dir/rosidl_generator_py/imu_msgs/_imu_msgs_s.ep.rosidl_typesupport_c.c.o[0m
[2.629s] [ 87%] [32mBuilding C object CMakeFiles/imu_msgs__rosidl_typesupport_fastrtps_c__pyext.dir/rosidl_generator_py/imu_msgs/_imu_msgs_s.ep.rosidl_typesupport_fastrtps_c.c.o[0m
[2.631s] [ 90%] [32mBuilding C object CMakeFiles/imu_msgs__rosidl_typesupport_introspection_c__pyext.dir/rosidl_generator_py/imu_msgs/_imu_msgs_s.ep.rosidl_typesupport_introspection_c.c.o[0m
[2.686s] [ 93%] [32m[1mLinking C shared library rosidl_generator_py/imu_msgs/imu_msgs_s__rosidl_typesupport_fastrtps_c.cpython-310-x86_64-linux-gnu.so[0m
[2.688s] [ 96%] [32m[1mLinking C shared library rosidl_generator_py/imu_msgs/imu_msgs_s__rosidl_typesupport_introspection_c.cpython-310-x86_64-linux-gnu.so[0m
[2.688s] [100%] [32m[1mLinking C shared library rosidl_generator_py/imu_msgs/imu_msgs_s__rosidl_typesupport_c.cpython-310-x86_64-linux-gnu.so[0m
[2.714s] [100%] Built target imu_msgs__rosidl_typesupport_fastrtps_c__pyext
[2.717s] [100%] Built target imu_msgs__rosidl_typesupport_c__pyext
[2.723s] [100%] Built target imu_msgs__rosidl_typesupport_introspection_c__pyext
[2.838s] Invoked command in '/home/shrirag10/LAB4/src/build/imu_msgs' returned '0': CMAKE_PREFIX_PATH=/opt/ros/humble /usr/bin/cmake --build /home/shrirag10/LAB4/src/build/imu_msgs -- -j16 -l16
[2.885s] Invoking command in '/home/shrirag10/LAB4/src/build/imu_msgs': CMAKE_PREFIX_PATH=/opt/ros/humble /usr/bin/cmake --install /home/shrirag10/LAB4/src/build/imu_msgs
[2.890s] -- Install configuration: ""
[2.890s] -- Installing: /home/shrirag10/LAB4/src/install/imu_msgs/share/ament_index/resource_index/rosidl_interfaces/imu_msgs
[2.890s] -- Installing: /home/shrirag10/LAB4/src/install/imu_msgs/include/imu_msgs/imu_msgs
[2.890s] -- Installing: /home/shrirag10/LAB4/src/install/imu_msgs/include/imu_msgs/imu_msgs/msg
[2.890s] -- Installing: /home/shrirag10/LAB4/src/install/imu_msgs/include/imu_msgs/imu_msgs/msg/detail
[2.890s] -- Installing: /home/shrirag10/LAB4/src/install/imu_msgs/include/imu_msgs/imu_msgs/msg/detail/im_umsg__type_support.h
[2.890s] -- Installing: /home/shrirag10/LAB4/src/install/imu_msgs/include/imu_msgs/imu_msgs/msg/detail/im_umsg__struct.h
[2.890s] -- Installing: /home/shrirag10/LAB4/src/install/imu_msgs/include/imu_msgs/imu_msgs/msg/detail/im_umsg__functions.c
[2.890s] -- Installing: /home/shrirag10/LAB4/src/install/imu_msgs/include/imu_msgs/imu_msgs/msg/detail/im_umsg__functions.h
[2.890s] -- Installing: /home/shrirag10/LAB4/src/install/imu_msgs/include/imu_msgs/imu_msgs/msg/rosidl_generator_c__visibility_control.h
[2.891s] -- Installing: /home/shrirag10/LAB4/src/install/imu_msgs/include/imu_msgs/imu_msgs/msg/im_umsg.h
[2.891s] -- Installing: /home/shrirag10/LAB4/src/install/imu_msgs/share/imu_msgs/environment/library_path.sh
[2.891s] -- Installing: /home/shrirag10/LAB4/src/install/imu_msgs/share/imu_msgs/environment/library_path.dsv
[2.891s] -- Installing: /home/shrirag10/LAB4/src/install/imu_msgs/lib/libimu_msgs__rosidl_generator_c.so
[2.891s] -- Set runtime path of "/home/shrirag10/LAB4/src/install/imu_msgs/lib/libimu_msgs__rosidl_generator_c.so" to ""
[2.891s] -- Up-to-date: /home/shrirag10/LAB4/src/install/imu_msgs/include/imu_msgs/imu_msgs
[2.891s] -- Up-to-date: /home/shrirag10/LAB4/src/install/imu_msgs/include/imu_msgs/imu_msgs/msg
[2.891s] -- Up-to-date: /home/shrirag10/LAB4/src/install/imu_msgs/include/imu_msgs/imu_msgs/msg/detail
[2.891s] -- Installing: /home/shrirag10/LAB4/src/install/imu_msgs/include/imu_msgs/imu_msgs/msg/detail/im_umsg__rosidl_typesupport_fastrtps_c.h
[2.891s] -- Installing: /home/shrirag10/LAB4/src/install/imu_msgs/include/imu_msgs/imu_msgs/msg/rosidl_typesupport_fastrtps_c__visibility_control.h
[2.891s] -- Installing: /home/shrirag10/LAB4/src/install/imu_msgs/lib/libimu_msgs__rosidl_typesupport_fastrtps_c.so
[2.891s] -- Set runtime path of "/home/shrirag10/LAB4/src/install/imu_msgs/lib/libimu_msgs__rosidl_typesupport_fastrtps_c.so" to ""
[2.891s] -- Up-to-date: /home/shrirag10/LAB4/src/install/imu_msgs/include/imu_msgs/imu_msgs
[2.891s] -- Up-to-date: /home/shrirag10/LAB4/src/install/imu_msgs/include/imu_msgs/imu_msgs/msg
[2.891s] -- Up-to-date: /home/shrirag10/LAB4/src/install/imu_msgs/include/imu_msgs/imu_msgs/msg/detail
[2.892s] -- Installing: /home/shrirag10/LAB4/src/install/imu_msgs/include/imu_msgs/imu_msgs/msg/detail/im_umsg__type_support.c
[2.892s] -- Installing: /home/shrirag10/LAB4/src/install/imu_msgs/include/imu_msgs/imu_msgs/msg/detail/im_umsg__rosidl_typesupport_introspection_c.h
[2.892s] -- Installing: /home/shrirag10/LAB4/src/install/imu_msgs/include/imu_msgs/imu_msgs/msg/rosidl_typesupport_introspection_c__visibility_control.h
[2.892s] -- Installing: /home/shrirag10/LAB4/src/install/imu_msgs/lib/libimu_msgs__rosidl_typesupport_introspection_c.so
[2.892s] -- Set runtime path of "/home/shrirag10/LAB4/src/install/imu_msgs/lib/libimu_msgs__rosidl_typesupport_introspection_c.so" to ""
[2.892s] -- Installing: /home/shrirag10/LAB4/src/install/imu_msgs/lib/libimu_msgs__rosidl_typesupport_c.so
[2.892s] -- Set runtime path of "/home/shrirag10/LAB4/src/install/imu_msgs/lib/libimu_msgs__rosidl_typesupport_c.so" to ""
[2.892s] -- Up-to-date: /home/shrirag10/LAB4/src/install/imu_msgs/include/imu_msgs/imu_msgs
[2.892s] -- Up-to-date: /home/shrirag10/LAB4/src/install/imu_msgs/include/imu_msgs/imu_msgs/msg
[2.892s] -- Up-to-date: /home/shrirag10/LAB4/src/install/imu_msgs/include/imu_msgs/imu_msgs/msg/detail
[2.892s] -- Installing: /home/shrirag10/LAB4/src/install/imu_msgs/include/imu_msgs/imu_msgs/msg/detail/im_umsg__traits.hpp
[2.892s] -- Installing: /home/shrirag10/LAB4/src/install/imu_msgs/include/imu_msgs/imu_msgs/msg/detail/im_umsg__builder.hpp
[2.892s] -- Installing: /home/shrirag10/LAB4/src/install/imu_msgs/include/imu_msgs/imu_msgs/msg/detail/im_umsg__struct.hpp
[2.892s] -- Installing: /home/shrirag10/LAB4/src/install/imu_msgs/include/imu_msgs/imu_msgs/msg/im_umsg.hpp
[2.892s] -- Up-to-date: /home/shrirag10/LAB4/src/install/imu_msgs/include/imu_msgs/imu_msgs
[2.892s] -- Up-to-date: /home/shrirag10/LAB4/src/install/imu_msgs/include/imu_msgs/imu_msgs/msg
[2.893s] -- Up-to-date: /home/shrirag10/LAB4/src/install/imu_msgs/include/imu_msgs/imu_msgs/msg/detail
[2.893s] -- Installing: /home/shrirag10/LAB4/src/install/imu_msgs/include/imu_msgs/imu_msgs/msg/detail/dds_fastrtps
[2.893s] -- Installing: /home/shrirag10/LAB4/src/install/imu_msgs/include/imu_msgs/imu_msgs/msg/detail/im_umsg__rosidl_typesupport_fastrtps_cpp.hpp
[2.893s] -- Installing: /home/shrirag10/LAB4/src/install/imu_msgs/include/imu_msgs/imu_msgs/msg/rosidl_typesupport_fastrtps_cpp__visibility_control.h
[2.893s] -- Installing: /home/shrirag10/LAB4/src/install/imu_msgs/lib/libimu_msgs__rosidl_typesupport_fastrtps_cpp.so
[2.893s] -- Set runtime path of "/home/shrirag10/LAB4/src/install/imu_msgs/lib/libimu_msgs__rosidl_typesupport_fastrtps_cpp.so" to ""
[2.893s] -- Up-to-date: /home/shrirag10/LAB4/src/install/imu_msgs/include/imu_msgs/imu_msgs
[2.893s] -- Up-to-date: /home/shrirag10/LAB4/src/install/imu_msgs/include/imu_msgs/imu_msgs/msg
[2.893s] -- Up-to-date: /home/shrirag10/LAB4/src/install/imu_msgs/include/imu_msgs/imu_msgs/msg/detail
[2.893s] -- Installing: /home/shrirag10/LAB4/src/install/imu_msgs/include/imu_msgs/imu_msgs/msg/detail/im_umsg__type_support.cpp
[2.893s] -- Installing: /home/shrirag10/LAB4/src/install/imu_msgs/include/imu_msgs/imu_msgs/msg/detail/im_umsg__rosidl_typesupport_introspection_cpp.hpp
[2.893s] -- Installing: /home/shrirag10/LAB4/src/install/imu_msgs/lib/libimu_msgs__rosidl_typesupport_introspection_cpp.so
[2.893s] -- Set runtime path of "/home/shrirag10/LAB4/src/install/imu_msgs/lib/libimu_msgs__rosidl_typesupport_introspection_cpp.so" to ""
[2.893s] -- Installing: /home/shrirag10/LAB4/src/install/imu_msgs/lib/libimu_msgs__rosidl_typesupport_cpp.so
[2.894s] -- Set runtime path of "/home/shrirag10/LAB4/src/install/imu_msgs/lib/libimu_msgs__rosidl_typesupport_cpp.so" to ""
[2.894s] -- Installing: /home/shrirag10/LAB4/src/install/imu_msgs/share/imu_msgs/environment/pythonpath.sh
[2.894s] -- Installing: /home/shrirag10/LAB4/src/install/imu_msgs/share/imu_msgs/environment/pythonpath.dsv
[2.894s] -- Installing: /home/shrirag10/LAB4/src/install/imu_msgs/local/lib/python3.10/dist-packages/imu_msgs-0.0.0-py3.10.egg-info
[2.894s] -- Installing: /home/shrirag10/LAB4/src/install/imu_msgs/local/lib/python3.10/dist-packages/imu_msgs-0.0.0-py3.10.egg-info/top_level.txt
[2.894s] -- Installing: /home/shrirag10/LAB4/src/install/imu_msgs/local/lib/python3.10/dist-packages/imu_msgs-0.0.0-py3.10.egg-info/PKG-INFO
[2.894s] -- Installing: /home/shrirag10/LAB4/src/install/imu_msgs/local/lib/python3.10/dist-packages/imu_msgs-0.0.0-py3.10.egg-info/SOURCES.txt
[2.894s] -- Installing: /home/shrirag10/LAB4/src/install/imu_msgs/local/lib/python3.10/dist-packages/imu_msgs-0.0.0-py3.10.egg-info/dependency_links.txt
[2.894s] -- Installing: /home/shrirag10/LAB4/src/install/imu_msgs/local/lib/python3.10/dist-packages/imu_msgs
[2.894s] -- Installing: /home/shrirag10/LAB4/src/install/imu_msgs/local/lib/python3.10/dist-packages/imu_msgs/__init__.py
[2.894s] -- Installing: /home/shrirag10/LAB4/src/install/imu_msgs/local/lib/python3.10/dist-packages/imu_msgs/imu_msgs_s__rosidl_typesupport_c.cpython-310-x86_64-linux-gnu.so
[2.894s] -- Installing: /home/shrirag10/LAB4/src/install/imu_msgs/local/lib/python3.10/dist-packages/imu_msgs/msg
[2.894s] -- Installing: /home/shrirag10/LAB4/src/install/imu_msgs/local/lib/python3.10/dist-packages/imu_msgs/msg/__init__.py
[2.895s] -- Installing: /home/shrirag10/LAB4/src/install/imu_msgs/local/lib/python3.10/dist-packages/imu_msgs/msg/_im_umsg_s.c
[2.895s] -- Installing: /home/shrirag10/LAB4/src/install/imu_msgs/local/lib/python3.10/dist-packages/imu_msgs/msg/_im_umsg.py
[2.895s] -- Installing: /home/shrirag10/LAB4/src/install/imu_msgs/local/lib/python3.10/dist-packages/imu_msgs/_imu_msgs_s.ep.rosidl_typesupport_fastrtps_c.c
[2.895s] -- Installing: /home/shrirag10/LAB4/src/install/imu_msgs/local/lib/python3.10/dist-packages/imu_msgs/libimu_msgs__rosidl_generator_py.so
[2.895s] -- Installing: /home/shrirag10/LAB4/src/install/imu_msgs/local/lib/python3.10/dist-packages/imu_msgs/_imu_msgs_s.ep.rosidl_typesupport_introspection_c.c
[2.895s] -- Installing: /home/shrirag10/LAB4/src/install/imu_msgs/local/lib/python3.10/dist-packages/imu_msgs/imu_msgs_s__rosidl_typesupport_fastrtps_c.cpython-310-x86_64-linux-gnu.so
[2.895s] -- Installing: /home/shrirag10/LAB4/src/install/imu_msgs/local/lib/python3.10/dist-packages/imu_msgs/imu_msgs_s__rosidl_typesupport_introspection_c.cpython-310-x86_64-linux-gnu.so
[2.895s] -- Installing: /home/shrirag10/LAB4/src/install/imu_msgs/local/lib/python3.10/dist-packages/imu_msgs/_imu_msgs_s.ep.rosidl_typesupport_c.c
[2.914s] Listing '/home/shrirag10/LAB4/src/install/imu_msgs/local/lib/python3.10/dist-packages/imu_msgs'...
[2.914s] Compiling '/home/shrirag10/LAB4/src/install/imu_msgs/local/lib/python3.10/dist-packages/imu_msgs/__init__.py'...
[2.914s] Listing '/home/shrirag10/LAB4/src/install/imu_msgs/local/lib/python3.10/dist-packages/imu_msgs/msg'...
[2.914s] Compiling '/home/shrirag10/LAB4/src/install/imu_msgs/local/lib/python3.10/dist-packages/imu_msgs/msg/__init__.py'...
[2.914s] Compiling '/home/shrirag10/LAB4/src/install/imu_msgs/local/lib/python3.10/dist-packages/imu_msgs/msg/_im_umsg.py'...
[2.917s] -- Installing: /home/shrirag10/LAB4/src/install/imu_msgs/local/lib/python3.10/dist-packages/imu_msgs/imu_msgs_s__rosidl_typesupport_fastrtps_c.cpython-310-x86_64-linux-gnu.so
[2.917s] -- Set runtime path of "/home/shrirag10/LAB4/src/install/imu_msgs/local/lib/python3.10/dist-packages/imu_msgs/imu_msgs_s__rosidl_typesupport_fastrtps_c.cpython-310-x86_64-linux-gnu.so" to ""
[2.917s] -- Installing: /home/shrirag10/LAB4/src/install/imu_msgs/local/lib/python3.10/dist-packages/imu_msgs/imu_msgs_s__rosidl_typesupport_introspection_c.cpython-310-x86_64-linux-gnu.so
[2.917s] -- Set runtime path of "/home/shrirag10/LAB4/src/install/imu_msgs/local/lib/python3.10/dist-packages/imu_msgs/imu_msgs_s__rosidl_typesupport_introspection_c.cpython-310-x86_64-linux-gnu.so" to ""
[2.917s] -- Installing: /home/shrirag10/LAB4/src/install/imu_msgs/local/lib/python3.10/dist-packages/imu_msgs/imu_msgs_s__rosidl_typesupport_c.cpython-310-x86_64-linux-gnu.so
[2.917s] -- Set runtime path of "/home/shrirag10/LAB4/src/install/imu_msgs/local/lib/python3.10/dist-packages/imu_msgs/imu_msgs_s__rosidl_typesupport_c.cpython-310-x86_64-linux-gnu.so" to ""
[2.917s] -- Installing: /home/shrirag10/LAB4/src/install/imu_msgs/lib/libimu_msgs__rosidl_generator_py.so
[2.917s] -- Set runtime path of "/home/shrirag10/LAB4/src/install/imu_msgs/lib/libimu_msgs__rosidl_generator_py.so" to ""
[2.917s] -- Installing: /home/shrirag10/LAB4/src/install/imu_msgs/share/imu_msgs/msg/IMUmsg.idl
[2.918s] -- Installing: /home/shrirag10/LAB4/src/install/imu_msgs/share/imu_msgs/msg/IMUmsg.msg
[2.918s] -- Installing: /home/shrirag10/LAB4/src/install/imu_msgs/share/ament_index/resource_index/package_run_dependencies/imu_msgs
[2.918s] -- Installing: /home/shrirag10/LAB4/src/install/imu_msgs/share/ament_index/resource_index/parent_prefix_path/imu_msgs
[2.918s] -- Installing: /home/shrirag10/LAB4/src/install/imu_msgs/share/imu_msgs/environment/ament_prefix_path.sh
[2.918s] -- Installing: /home/shrirag10/LAB4/src/install/imu_msgs/share/imu_msgs/environment/ament_prefix_path.dsv
[2.918s] -- Installing: /home/shrirag10/LAB4/src/install/imu_msgs/share/imu_msgs/environment/path.sh
[2.918s] -- Installing: /home/shrirag10/LAB4/src/install/imu_msgs/share/imu_msgs/environment/path.dsv
[2.918s] -- Installing: /home/shrirag10/LAB4/src/install/imu_msgs/share/imu_msgs/local_setup.bash
[2.918s] -- Installing: /home/shrirag10/LAB4/src/install/imu_msgs/share/imu_msgs/local_setup.sh
[2.918s] -- Installing: /home/shrirag10/LAB4/src/install/imu_msgs/share/imu_msgs/local_setup.zsh
[2.918s] -- Installing: /home/shrirag10/LAB4/src/install/imu_msgs/share/imu_msgs/local_setup.dsv
[2.918s] -- Installing: /home/shrirag10/LAB4/src/install/imu_msgs/share/imu_msgs/package.dsv
[2.918s] -- Installing: /home/shrirag10/LAB4/src/install/imu_msgs/share/ament_index/resource_index/packages/imu_msgs
[2.918s] -- Installing: /home/shrirag10/LAB4/src/install/imu_msgs/share/imu_msgs/cmake/export_imu_msgs__rosidl_generator_cExport.cmake
[2.918s] -- Installing: /home/shrirag10/LAB4/src/install/imu_msgs/share/imu_msgs/cmake/export_imu_msgs__rosidl_generator_cExport-noconfig.cmake
[2.918s] -- Installing: /home/shrirag10/LAB4/src/install/imu_msgs/share/imu_msgs/cmake/export_imu_msgs__rosidl_typesupport_fastrtps_cExport.cmake
[2.918s] -- Installing: /home/shrirag10/LAB4/src/install/imu_msgs/share/imu_msgs/cmake/export_imu_msgs__rosidl_typesupport_fastrtps_cExport-noconfig.cmake
[2.918s] -- Installing: /home/shrirag10/LAB4/src/install/imu_msgs/share/imu_msgs/cmake/imu_msgs__rosidl_typesupport_introspection_cExport.cmake
[2.918s] -- Installing: /home/shrirag10/LAB4/src/install/imu_msgs/share/imu_msgs/cmake/imu_msgs__rosidl_typesupport_introspection_cExport-noconfig.cmake
[2.918s] -- Installing: /home/shrirag10/LAB4/src/install/imu_msgs/share/imu_msgs/cmake/imu_msgs__rosidl_typesupport_cExport.cmake
[2.918s] -- Installing: /home/shrirag10/LAB4/src/install/imu_msgs/share/imu_msgs/cmake/imu_msgs__rosidl_typesupport_cExport-noconfig.cmake
[2.919s] -- Installing: /home/shrirag10/LAB4/src/install/imu_msgs/share/imu_msgs/cmake/export_imu_msgs__rosidl_generator_cppExport.cmake
[2.919s] -- Installing: /home/shrirag10/LAB4/src/install/imu_msgs/share/imu_msgs/cmake/export_imu_msgs__rosidl_typesupport_fastrtps_cppExport.cmake
[2.919s] -- Installing: /home/shrirag10/LAB4/src/install/imu_msgs/share/imu_msgs/cmake/export_imu_msgs__rosidl_typesupport_fastrtps_cppExport-noconfig.cmake
[2.919s] -- Installing: /home/shrirag10/LAB4/src/install/imu_msgs/share/imu_msgs/cmake/imu_msgs__rosidl_typesupport_introspection_cppExport.cmake
[2.919s] -- Installing: /home/shrirag10/LAB4/src/install/imu_msgs/share/imu_msgs/cmake/imu_msgs__rosidl_typesupport_introspection_cppExport-noconfig.cmake
[2.919s] -- Installing: /home/shrirag10/LAB4/src/install/imu_msgs/share/imu_msgs/cmake/imu_msgs__rosidl_typesupport_cppExport.cmake
[2.919s] -- Installing: /home/shrirag10/LAB4/src/install/imu_msgs/share/imu_msgs/cmake/imu_msgs__rosidl_typesupport_cppExport-noconfig.cmake
[2.919s] -- Installing: /home/shrirag10/LAB4/src/install/imu_msgs/share/imu_msgs/cmake/export_imu_msgs__rosidl_generator_pyExport.cmake
[2.919s] -- Installing: /home/shrirag10/LAB4/src/install/imu_msgs/share/imu_msgs/cmake/export_imu_msgs__rosidl_generator_pyExport-noconfig.cmake
[2.919s] -- Installing: /home/shrirag10/LAB4/src/install/imu_msgs/share/imu_msgs/cmake/rosidl_cmake-extras.cmake
[2.919s] -- Installing: /home/shrirag10/LAB4/src/install/imu_msgs/share/imu_msgs/cmake/ament_cmake_export_dependencies-extras.cmake
[2.919s] -- Installing: /home/shrirag10/LAB4/src/install/imu_msgs/share/imu_msgs/cmake/ament_cmake_export_include_directories-extras.cmake
[2.919s] -- Installing: /home/shrirag10/LAB4/src/install/imu_msgs/share/imu_msgs/cmake/ament_cmake_export_libraries-extras.cmake
[2.919s] -- Installing: /home/shrirag10/LAB4/src/install/imu_msgs/share/imu_msgs/cmake/ament_cmake_export_targets-extras.cmake
[2.919s] -- Installing: /home/shrirag10/LAB4/src/install/imu_msgs/share/imu_msgs/cmake/rosidl_cmake_export_typesupport_targets-extras.cmake
[2.919s] -- Installing: /home/shrirag10/LAB4/src/install/imu_msgs/share/imu_msgs/cmake/rosidl_cmake_export_typesupport_libraries-extras.cmake
[2.919s] -- Installing: /home/shrirag10/LAB4/src/install/imu_msgs/share/imu_msgs/cmake/imu_msgsConfig.cmake
[2.919s] -- Installing: /home/shrirag10/LAB4/src/install/imu_msgs/share/imu_msgs/cmake/imu_msgsConfig-version.cmake
[2.919s] -- Installing: /home/shrirag10/LAB4/src/install/imu_msgs/share/imu_msgs/package.xml
[2.921s] Invoked command in '/home/shrirag10/LAB4/src/build/imu_msgs' returned '0': CMAKE_PREFIX_PATH=/opt/ros/humble /usr/bin/cmake --install /home/shrirag10/LAB4/src/build/imu_msgs
